,,,,,,,,,,,"'{5770385f-c22a-43e0-bf4c-06f5698ffbd9}'",,,,,,,,,,,,,,,,,,"'Microsoft-Windows-Sysmon'",,,,,,,,,"'3768'",,,,,,"'2024-10-22T23:04:14.2967193Z'",,"'4756'",,"'S-1-5-18'",,,"<Event xmlns='http://schemas.microsoft.com/win/2004/08/events/event'><System><Provider Name='Microsoft-Windows-Sysmon' Guid='{5770385f-c22a-43e0-bf4c-06f5698ffbd9}'/><EventID>13</EventID><Version>2</Version><Level>4</Level><Task>13</Task><Opcode>0</Opcode><Keywords>0x8000000000000000</Keywords><TimeCreated SystemTime='2024-10-22T23:04:14.2967193Z'/><EventRecordID>94538</EventRecordID><Correlation/><Execution ProcessID='3768' ThreadID='4756'/><Channel>Microsoft-Windows-Sysmon/Operational</Channel><Computer>target-PC.furkan.local</Computer><Security UserID='S-1-5-18'/></System><EventData><Data Name='RuleName'>-</Data><Data Name='EventType'>SetValue</Data><Data Name='UtcTime'>2024-10-22 23:04:14.293</Data><Data Name='ProcessGuid'>{d65c0252-1212-6718-b807-000000002400}</Data><Data Name='ProcessId'>8476</Data><Data Name='Image'>C:\Program Files (x86)\Microsoft\Edge\Application\msedge.exe</Data><Data Name='TargetObject'>HKLM\System\CurrentControlSet\Services\bam\State\UserSettings\S-1-5-21-1320782582-4191448823-1366989374-1104\\Device\HarddiskVolume2\Program Files (x86)\Microsoft\Edge\Application\msedge.exe</Data><Data Name='Details'>Binary Data</Data><Data Name='User'>FURKAN\bsever</Data></EventData></Event>","2024-10-22T23:04:14.000+0000",,,"TARGET-PC",endpoint,1,,,"<_='://../////'><><_='--'_='{----}'/><></><></><><","XmlWinEventLog:Microsoft-Windows-Sysmon/Operational","XmlWinEventLog:Microsoft-Windows-Sysmon/Operational",splunk,,,,,"'http://schemas.microsoft.com/win/2004/08/events/event'",,,,
,,,,,,,"target-PC.furkan.local",,4634,0,,"S-1-5-21-1320782582-4191448823-1366989374-1104",,,,bsever,FURKAN,,,,,"Denetleme Başarısı",,,,Security,,"Bir hesabın oturumu kapatıldı.

Konu:
	Güvenlik Kimliği:		S-1-5-21-1320782582-4191448823-1366989374-1104
	Hesap Adı:		bsever
	Hesap Etki Alanı:		FURKAN
	Oturum Açma Kimliği:		0x2D2D474

Oturum Türü:			7

Bu olay bir oturum yokedildiğinde oluşturulur. Oturum Açma Kimliği kullanılarak bir oturum açma olayıyla ilişkilendirilebilir. Oturum açma kimlikleri aynı bilgisayarda yalnızca yeniden başlatmalar arasında benzersizdir.",,,Bilgi,,0x2D2D474,,,7,,,20071,,,,"Microsoft Windows security auditing.",,Logoff,,Bilgi,,,,"10/23/2024 02:03:45 AM
LogName=Security
EventCode=4634
EventType=0
ComputerName=target-PC.furkan.local
SourceName=Microsoft Windows security auditing.
Type=Bilgi
RecordNumber=20071
Keywords=Denetleme Başarısı
TaskCategory=Logoff
OpCode=Bilgi
Message=Bir hesabın oturumu kapatıldı.

Konu:
	Güvenlik Kimliği:		S-1-5-21-1320782582-4191448823-1366989374-1104
	Hesap Adı:		bsever
	Hesap Etki Alanı:		FURKAN
	Oturum Açma Kimliği:		0x2D2D474

Oturum Türü:			7

Bu olay bir oturum yokedildiğinde oluşturulur. Oturum Açma Kimliği kullanılarak bir oturum açma olayıyla ilişkilendirilebilir. Oturum açma kimlikleri aynı bilgisayarda yalnızca yeniden başlatmalar arasında benzersizdir.","2024-10-22T23:03:45.000+0000",,,"TARGET-PC",endpoint,22,,,"//_::_====-..=___.===_===___.\r\r:\rt_:tt-------\rt_:t","WinEventLog:Security","WinEventLog:Security",splunk,,,,,,,,,
,,,,,,,"target-PC.furkan.local",,4634,0,,"S-1-5-21-1320782582-4191448823-1366989374-1104",,,,bsever,FURKAN,,,,,"Denetleme Başarısı",,,,Security,,"Bir hesabın oturumu kapatıldı.

Konu:
	Güvenlik Kimliği:		S-1-5-21-1320782582-4191448823-1366989374-1104
	Hesap Adı:		bsever
	Hesap Etki Alanı:		FURKAN
	Oturum Açma Kimliği:		0x2D2D3CA

Oturum Türü:			2

Bu olay bir oturum yokedildiğinde oluşturulur. Oturum Açma Kimliği kullanılarak bir oturum açma olayıyla ilişkilendirilebilir. Oturum açma kimlikleri aynı bilgisayarda yalnızca yeniden başlatmalar arasında benzersizdir.",,,Bilgi,,0x2D2D3CA,,,2,,,20070,,,,"Microsoft Windows security auditing.",,Logoff,,Bilgi,,,,"10/23/2024 02:03:45 AM
LogName=Security
EventCode=4634
EventType=0
ComputerName=target-PC.furkan.local
SourceName=Microsoft Windows security auditing.
Type=Bilgi
RecordNumber=20070
Keywords=Denetleme Başarısı
TaskCategory=Logoff
OpCode=Bilgi
Message=Bir hesabın oturumu kapatıldı.

Konu:
	Güvenlik Kimliği:		S-1-5-21-1320782582-4191448823-1366989374-1104
	Hesap Adı:		bsever
	Hesap Etki Alanı:		FURKAN
	Oturum Açma Kimliği:		0x2D2D3CA

Oturum Türü:			2

Bu olay bir oturum yokedildiğinde oluşturulur. Oturum Açma Kimliği kullanılarak bir oturum açma olayıyla ilişkilendirilebilir. Oturum açma kimlikleri aynı bilgisayarda yalnızca yeniden başlatmalar arasında benzersizdir.","2024-10-22T23:03:45.000+0000",,,"TARGET-PC",endpoint,22,,,"//_::_====-..=___.===_===___.\r\r:\rt_:tt-------\rt_:t","WinEventLog:Security","WinEventLog:Security",splunk,,,,,,,,,
"-",0,,"-","-",,0x0,"target-PC.furkan.local",,4624,0,,"S-1-5-18
S-1-5-21-1320782582-4191448823-1366989374-1104",,,,"TARGET-PC$
bsever","FURKAN
FURKAN",,,"-","-","Denetleme Başarısı",Negotiate,"Kimliğe Bürünme","-",Security,,"Bir hesapta başarılı bir şekilde oturum açıldı.

Konu:
	Güvenlik Kimliği:		S-1-5-18
	Hesap Adı:		TARGET-PC$
	Hesap Etki Alanı:		FURKAN
	Oturum Açma Kimliği:		0x3E7

Oturum Açma Bilgileri:
	Oturum Açma Türü:		7
	Kısıtlanmış Yönetici Modu:	-
	Sanal Hesap:		Hayır
	Yükseltilmiş Belirteç:		Hayır

Kimliğe Bürünme Düzeyi:		Kimliğe Bürünme

Yeni Oturum:
	Güvenlik Kimliği:		S-1-5-21-1320782582-4191448823-1366989374-1104
	Hesap Adı:		bsever
	Hesap Etki Alanı:		FURKAN
	Oturum Açma Kimliği:		0x2D2D474
	Bağlantılı Oturum Açma Kimliği:		0x0
	Ağ Hesap Adı:	-
	Ağ Hesap Etki Alanı:	-
	Oturum Açma GUID'si:		{02c0fdd6-b10c-2589-4255-d095b5bbf32d}

İşlem Bilgileri:
	İşlem Kimliği:		0x320
	İşlem Adı:		C:\Windows\System32\lsass.exe

Ağ Bilgileri:
	İş İstasyonu Adı:	TARGET-PC
	Kaynak Ağ Adresi:	-
	Kaynak Bağlantı Noktası:		-

Ayrıntılı Kimlik Doğrulama Bilgileri:
	Oturum Açma İşlemi:		Negotiat
	Kimlik Doğrulama Paketi:	Negotiate
	Aktarılan Hizmetler:	-
	Paket Adı (yalnızca NTLM):	-
	Anahtar Uzunluğu:		0

Bu olay bir oturum açıldığında oluşturulur. Erişilen bilgisayarda oluşturulur.

Konu alanları oturum açmayı isteyen yerel sistemdeki hesabı belirtir. Bu genellikle Sunucu hizmeti gibi bir hizmet ya da Winlogon.exe veya Services.exe gibi yerel bir işlemdir.

Oturum Türü alanı gerçekleşen oturum açma türünü gösterir. En çok kullanılan türler 2 (etkileşimli) ve 3'tür (ağ).

Yeni Oturum alanları adına yeni oturum oluşturulan hesabı, yani oturum açılan hesabı gösterir.

Ağ alanları uzaktan oturum açma isteğinin kaynağını gösterir. İş istasyonu adı her zaman yoktur ve bazı durumlarda boş olabilir.

Kimliğe bürünme düzeyi alanı oturum açma oturumundaki işlemin kimliğe bürünebilme boyutunu gösterir.

Kimlik doğrulama bilgisi alanları bu oturum açma isteğine özel ayrıntılı bilgiler sağlar.
	- Oturum Açma GUID'si, bu olayı bir KDC olayıyla ilişkilendirmek için kullanılabilen benzersiz bir tanımlayıcıdır.
	- Aktarılan Hizmetler, bu oturum açma isteğine katılan ara hizmetleri gösterir.
	- Paket adı, NTLM protokolleri arasında hangi alt protokolün kullanıldığını gösterir.
	- Anahtar uzunluğu, oluşturulan oturum anahtarının uzunluğunu gösterir. Oturum anahtarı istenmediyse bu değer 0 olur.",,,Bilgi,"{02c0fdd6-b10c-2589-4255-d095b5bbf32d}","0x3E7
0x2D2D474",7,Negotiat,,"-",,20069,,,"Hayır","Microsoft Windows security auditing.",,Logon,,Bilgi,,"Hayır",,"10/23/2024 02:03:45 AM
LogName=Security
EventCode=4624
EventType=0
ComputerName=target-PC.furkan.local
SourceName=Microsoft Windows security auditing.
Type=Bilgi
RecordNumber=20069
Keywords=Denetleme Başarısı
TaskCategory=Logon
OpCode=Bilgi
Message=Bir hesapta başarılı bir şekilde oturum açıldı.

Konu:
	Güvenlik Kimliği:		S-1-5-18
	Hesap Adı:		TARGET-PC$
	Hesap Etki Alanı:		FURKAN
	Oturum Açma Kimliği:		0x3E7

Oturum Açma Bilgileri:
	Oturum Açma Türü:		7
	Kısıtlanmış Yönetici Modu:	-
	Sanal Hesap:		Hayır
	Yükseltilmiş Belirteç:		Hayır

Kimliğe Bürünme Düzeyi:		Kimliğe Bürünme

Yeni Oturum:
	Güvenlik Kimliği:		S-1-5-21-1320782582-4191448823-1366989374-1104
	Hesap Adı:		bsever
	Hesap Etki Alanı:		FURKAN
	Oturum Açma Kimliği:		0x2D2D474
	Bağlantılı Oturum Açma Kimliği:		0x0
	Ağ Hesap Adı:	-
	Ağ Hesap Etki Alanı:	-
	Oturum Açma GUID'si:		{02c0fdd6-b10c-2589-4255-d095b5bbf32d}

İşlem Bilgileri:
	İşlem Kimliği:		0x320
	İşlem Adı:		C:\Windows\System32\lsass.exe

Ağ Bilgileri:
	İş İstasyonu Adı:	TARGET-PC
	Kaynak Ağ Adresi:	-
	Kaynak Bağlantı Noktası:		-

Ayrıntılı Kimlik Doğrulama Bilgileri:
	Oturum Açma İşlemi:		Negotiat
	Kimlik Doğrulama Paketi:	Negotiate
	Aktarılan Hizmetler:	-
	Paket Adı (yalnızca NTLM):	-
	Anahtar Uzunluğu:		0

Bu olay bir oturum açıldığında oluşturulur. Erişilen bilgisayarda oluşturulur.

Konu alanları oturum açmayı isteyen yerel sistemdeki hesabı belirtir. Bu genellikle Sunucu hizmeti gibi bir hizmet ya da Winlogon.exe veya Services.exe gibi yerel bir işlemdir.

Oturum Türü alanı gerçekleşen oturum açma türünü gösterir. En çok kullanılan türler 2 (etkileşimli) ve 3'tür (ağ).

Yeni Oturum alanları adına yeni oturum oluşturulan hesabı, yani oturum açılan hesabı gösterir.

Ağ alanları uzaktan oturum açma isteğinin kaynağını gösterir. İş istasyonu adı her zaman yoktur ve bazı durumlarda boş olabilir.

Kimliğe bürünme düzeyi alanı oturum açma oturumundaki işlemin kimliğe bürünebilme boyutunu gösterir.

Kimlik doğrulama bilgisi alanları bu oturum açma isteğine özel ayrıntılı bilgiler sağlar.
	- Oturum Açma GUID'si, bu olayı bir KDC olayıyla ilişkilendirmek için kullanılabilen benzersiz bir tanımlayıcıdır.
	- Aktarılan Hizmetler, bu oturum açma isteğine katılan ara hizmetleri gösterir.
	- Paket adı, NTLM protokolleri arasında hangi alt protokolün kullanıldığını gösterir.
	- Anahtar uzunluğu, oluşturulan oturum anahtarının uzunluğunu gösterir. Oturum anahtarı istenmediyse bu değer 0 olur.","2024-10-22T23:03:45.000+0000",,,"TARGET-PC",endpoint,70,,,"//_::_====-..=___.===_===______.\r\r:\rt_:tt---\rt_:tt","WinEventLog:Security","WinEventLog:Security",splunk,,,,,,,"TARGET-PC","C:\Windows\System32\lsass.exe",0x320
,,"-",,,"-",,"target-PC.furkan.local",localhost,4648,0,,"S-1-5-18",,,localhost,"TARGET-PC$
bsever","FURKAN
FURKAN",,,,,"Denetleme Başarısı",,,,Security,,"Açık kimlik bilgileri kullanılarak oturum açılmaya çalışıldı.

Konu:
	Güvenlik Kimliği:		S-1-5-18
	Hesap Adı:		TARGET-PC$
	Hesap Etki Alanı:		FURKAN
	Oturum Açma Kimliği:		0x3E7
	Oturum Açma GUID'si:		{00000000-0000-0000-0000-000000000000}

Kimlik Bilgileri Kullanılan Hesap:
	Hesap Adı:		bsever
	Hesap Etki Alanı:		FURKAN
	Oturum Açma GUID'si:		{02c0fdd6-b10c-2589-4255-d095b5bbf32d}

Hedef Sunucu:
	Hedef Sunucu Adı:	localhost
	Ek Bilgi:	localhost

İşlem Bilgileri:
	İşlem Kimliği:		0x320
	İşlem Adı:		C:\Windows\System32\lsass.exe

Ağ Bilgileri:
	Ağ Adresi:	-
	Bağlantı Noktası:			-

Bu olay, bir işlem açıkça bir hesabın kimlik bilgilerini belirterek hesapta oturum açmayı denediğinde oluşturulur. Bu genellikle zamanlanan görevler gibi toplu işlem türü yapılandırmalarda veya RUNAS komutu kullanıldığında oluşur.",,,Bilgi,"{00000000-0000-0000-0000-000000000000}
{02c0fdd6-b10c-2589-4255-d095b5bbf32d}",0x3E7,,,,,,20068,,,,"Microsoft Windows security auditing.",,Logon,,Bilgi,,,,"10/23/2024 02:03:45 AM
LogName=Security
EventCode=4648
EventType=0
ComputerName=target-PC.furkan.local
SourceName=Microsoft Windows security auditing.
Type=Bilgi
RecordNumber=20068
Keywords=Denetleme Başarısı
TaskCategory=Logon
OpCode=Bilgi
Message=Açık kimlik bilgileri kullanılarak oturum açılmaya çalışıldı.

Konu:
	Güvenlik Kimliği:		S-1-5-18
	Hesap Adı:		TARGET-PC$
	Hesap Etki Alanı:		FURKAN
	Oturum Açma Kimliği:		0x3E7
	Oturum Açma GUID'si:		{00000000-0000-0000-0000-000000000000}

Kimlik Bilgileri Kullanılan Hesap:
	Hesap Adı:		bsever
	Hesap Etki Alanı:		FURKAN
	Oturum Açma GUID'si:		{02c0fdd6-b10c-2589-4255-d095b5bbf32d}

Hedef Sunucu:
	Hedef Sunucu Adı:	localhost
	Ek Bilgi:	localhost

İşlem Bilgileri:
	İşlem Kimliği:		0x320
	İşlem Adı:		C:\Windows\System32\lsass.exe

Ağ Bilgileri:
	Ağ Adresi:	-
	Bağlantı Noktası:			-

Bu olay, bir işlem açıkça bir hesabın kimlik bilgilerini belirterek hesapta oturum açmayı denediğinde oluşturulur. Bu genellikle zamanlanan görevler gibi toplu işlem türü yapılandırmalarda veya RUNAS komutu kullanıldığında oluşur.","2024-10-22T23:03:45.000+0000",,,"TARGET-PC",endpoint,38,,,"//_::_====-..=___.===_===______.\r\r:\rt_:tt---\rt_:tt","WinEventLog:Security","WinEventLog:Security",splunk,,,,,,,,"C:\Windows\System32\lsass.exe",0x320
"-",0,,"-","-",,0x0,"target-PC.furkan.local",,4624,0,,"S-1-5-18
S-1-5-21-1320782582-4191448823-1366989374-1104",,,,"TARGET-PC$
bsever","FURKAN
FURKAN",,,"127.0.0.1",0,"Denetleme Başarısı",Negotiate,"Kimliğe Bürünme","-",Security,,"Bir hesapta başarılı bir şekilde oturum açıldı.

Konu:
	Güvenlik Kimliği:		S-1-5-18
	Hesap Adı:		TARGET-PC$
	Hesap Etki Alanı:		FURKAN
	Oturum Açma Kimliği:		0x3E7

Oturum Açma Bilgileri:
	Oturum Açma Türü:		11
	Kısıtlanmış Yönetici Modu:	-
	Sanal Hesap:		Hayır
	Yükseltilmiş Belirteç:		Hayır

Kimliğe Bürünme Düzeyi:		Kimliğe Bürünme

Yeni Oturum:
	Güvenlik Kimliği:		S-1-5-21-1320782582-4191448823-1366989374-1104
	Hesap Adı:		bsever
	Hesap Etki Alanı:		FURKAN
	Oturum Açma Kimliği:		0x2D2D3CA
	Bağlantılı Oturum Açma Kimliği:		0x0
	Ağ Hesap Adı:	-
	Ağ Hesap Etki Alanı:	-
	Oturum Açma GUID'si:		{00000000-0000-0000-0000-000000000000}

İşlem Bilgileri:
	İşlem Kimliği:		0x680
	İşlem Adı:		C:\Windows\System32\svchost.exe

Ağ Bilgileri:
	İş İstasyonu Adı:	TARGET-PC
	Kaynak Ağ Adresi:	127.0.0.1
	Kaynak Bağlantı Noktası:		0

Ayrıntılı Kimlik Doğrulama Bilgileri:
	Oturum Açma İşlemi:		User32 
	Kimlik Doğrulama Paketi:	Negotiate
	Aktarılan Hizmetler:	-
	Paket Adı (yalnızca NTLM):	-
	Anahtar Uzunluğu:		0

Bu olay bir oturum açıldığında oluşturulur. Erişilen bilgisayarda oluşturulur.

Konu alanları oturum açmayı isteyen yerel sistemdeki hesabı belirtir. Bu genellikle Sunucu hizmeti gibi bir hizmet ya da Winlogon.exe veya Services.exe gibi yerel bir işlemdir.

Oturum Türü alanı gerçekleşen oturum açma türünü gösterir. En çok kullanılan türler 2 (etkileşimli) ve 3'tür (ağ).

Yeni Oturum alanları adına yeni oturum oluşturulan hesabı, yani oturum açılan hesabı gösterir.

Ağ alanları uzaktan oturum açma isteğinin kaynağını gösterir. İş istasyonu adı her zaman yoktur ve bazı durumlarda boş olabilir.

Kimliğe bürünme düzeyi alanı oturum açma oturumundaki işlemin kimliğe bürünebilme boyutunu gösterir.

Kimlik doğrulama bilgisi alanları bu oturum açma isteğine özel ayrıntılı bilgiler sağlar.
	- Oturum Açma GUID'si, bu olayı bir KDC olayıyla ilişkilendirmek için kullanılabilen benzersiz bir tanımlayıcıdır.
	- Aktarılan Hizmetler, bu oturum açma isteğine katılan ara hizmetleri gösterir.
	- Paket adı, NTLM protokolleri arasında hangi alt protokolün kullanıldığını gösterir.
	- Anahtar uzunluğu, oluşturulan oturum anahtarının uzunluğunu gösterir. Oturum anahtarı istenmediyse bu değer 0 olur.",,,Bilgi,"{00000000-0000-0000-0000-000000000000}","0x3E7
0x2D2D3CA",11,User32,,"-",,20067,,,"Hayır","Microsoft Windows security auditing.",,Logon,,Bilgi,,"Hayır",,"10/23/2024 02:03:45 AM
LogName=Security
EventCode=4624
EventType=0
ComputerName=target-PC.furkan.local
SourceName=Microsoft Windows security auditing.
Type=Bilgi
RecordNumber=20067
Keywords=Denetleme Başarısı
TaskCategory=Logon
OpCode=Bilgi
Message=Bir hesapta başarılı bir şekilde oturum açıldı.

Konu:
	Güvenlik Kimliği:		S-1-5-18
	Hesap Adı:		TARGET-PC$
	Hesap Etki Alanı:		FURKAN
	Oturum Açma Kimliği:		0x3E7

Oturum Açma Bilgileri:
	Oturum Açma Türü:		11
	Kısıtlanmış Yönetici Modu:	-
	Sanal Hesap:		Hayır
	Yükseltilmiş Belirteç:		Hayır

Kimliğe Bürünme Düzeyi:		Kimliğe Bürünme

Yeni Oturum:
	Güvenlik Kimliği:		S-1-5-21-1320782582-4191448823-1366989374-1104
	Hesap Adı:		bsever
	Hesap Etki Alanı:		FURKAN
	Oturum Açma Kimliği:		0x2D2D3CA
	Bağlantılı Oturum Açma Kimliği:		0x0
	Ağ Hesap Adı:	-
	Ağ Hesap Etki Alanı:	-
	Oturum Açma GUID'si:		{00000000-0000-0000-0000-000000000000}

İşlem Bilgileri:
	İşlem Kimliği:		0x680
	İşlem Adı:		C:\Windows\System32\svchost.exe

Ağ Bilgileri:
	İş İstasyonu Adı:	TARGET-PC
	Kaynak Ağ Adresi:	127.0.0.1
	Kaynak Bağlantı Noktası:		0

Ayrıntılı Kimlik Doğrulama Bilgileri:
	Oturum Açma İşlemi:		User32 
	Kimlik Doğrulama Paketi:	Negotiate
	Aktarılan Hizmetler:	-
	Paket Adı (yalnızca NTLM):	-
	Anahtar Uzunluğu:		0

Bu olay bir oturum açıldığında oluşturulur. Erişilen bilgisayarda oluşturulur.

Konu alanları oturum açmayı isteyen yerel sistemdeki hesabı belirtir. Bu genellikle Sunucu hizmeti gibi bir hizmet ya da Winlogon.exe veya Services.exe gibi yerel bir işlemdir.

Oturum Türü alanı gerçekleşen oturum açma türünü gösterir. En çok kullanılan türler 2 (etkileşimli) ve 3'tür (ağ).

Yeni Oturum alanları adına yeni oturum oluşturulan hesabı, yani oturum açılan hesabı gösterir.

Ağ alanları uzaktan oturum açma isteğinin kaynağını gösterir. İş istasyonu adı her zaman yoktur ve bazı durumlarda boş olabilir.

Kimliğe bürünme düzeyi alanı oturum açma oturumundaki işlemin kimliğe bürünebilme boyutunu gösterir.

Kimlik doğrulama bilgisi alanları bu oturum açma isteğine özel ayrıntılı bilgiler sağlar.
	- Oturum Açma GUID'si, bu olayı bir KDC olayıyla ilişkilendirmek için kullanılabilen benzersiz bir tanımlayıcıdır.
	- Aktarılan Hizmetler, bu oturum açma isteğine katılan ara hizmetleri gösterir.
	- Paket adı, NTLM protokolleri arasında hangi alt protokolün kullanıldığını gösterir.
	- Anahtar uzunluğu, oluşturulan oturum anahtarının uzunluğunu gösterir. Oturum anahtarı istenmediyse bu değer 0 olur.","2024-10-22T23:03:45.000+0000",,,"TARGET-PC",endpoint,70,,,"//_::_====-..=___.===_===______.\r\r:\rt_:tt---\rt_:tt","WinEventLog:Security","WinEventLog:Security",splunk,,,,,,,"TARGET-PC","C:\Windows\System32\svchost.exe",0x680
,,"127.0.0.1",,,0,,"target-PC.furkan.local",localhost,4648,0,,"S-1-5-18",,,localhost,"TARGET-PC$
bsever","FURKAN
FURKAN",,,,,"Denetleme Başarısı",,,,Security,,"Açık kimlik bilgileri kullanılarak oturum açılmaya çalışıldı.

Konu:
	Güvenlik Kimliği:		S-1-5-18
	Hesap Adı:		TARGET-PC$
	Hesap Etki Alanı:		FURKAN
	Oturum Açma Kimliği:		0x3E7
	Oturum Açma GUID'si:		{00000000-0000-0000-0000-000000000000}

Kimlik Bilgileri Kullanılan Hesap:
	Hesap Adı:		bsever
	Hesap Etki Alanı:		FURKAN
	Oturum Açma GUID'si:		{00000000-0000-0000-0000-000000000000}

Hedef Sunucu:
	Hedef Sunucu Adı:	localhost
	Ek Bilgi:	localhost

İşlem Bilgileri:
	İşlem Kimliği:		0x680
	İşlem Adı:		C:\Windows\System32\svchost.exe

Ağ Bilgileri:
	Ağ Adresi:	127.0.0.1
	Bağlantı Noktası:			0

Bu olay, bir işlem açıkça bir hesabın kimlik bilgilerini belirterek hesapta oturum açmayı denediğinde oluşturulur. Bu genellikle zamanlanan görevler gibi toplu işlem türü yapılandırmalarda veya RUNAS komutu kullanıldığında oluşur.",,,Bilgi,"{00000000-0000-0000-0000-000000000000}
{00000000-0000-0000-0000-000000000000}",0x3E7,,,,,,20066,,,,"Microsoft Windows security auditing.",,Logon,,Bilgi,,,,"10/23/2024 02:03:45 AM
LogName=Security
EventCode=4648
EventType=0
ComputerName=target-PC.furkan.local
SourceName=Microsoft Windows security auditing.
Type=Bilgi
RecordNumber=20066
Keywords=Denetleme Başarısı
TaskCategory=Logon
OpCode=Bilgi
Message=Açık kimlik bilgileri kullanılarak oturum açılmaya çalışıldı.

Konu:
	Güvenlik Kimliği:		S-1-5-18
	Hesap Adı:		TARGET-PC$
	Hesap Etki Alanı:		FURKAN
	Oturum Açma Kimliği:		0x3E7
	Oturum Açma GUID'si:		{00000000-0000-0000-0000-000000000000}

Kimlik Bilgileri Kullanılan Hesap:
	Hesap Adı:		bsever
	Hesap Etki Alanı:		FURKAN
	Oturum Açma GUID'si:		{00000000-0000-0000-0000-000000000000}

Hedef Sunucu:
	Hedef Sunucu Adı:	localhost
	Ek Bilgi:	localhost

İşlem Bilgileri:
	İşlem Kimliği:		0x680
	İşlem Adı:		C:\Windows\System32\svchost.exe

Ağ Bilgileri:
	Ağ Adresi:	127.0.0.1
	Bağlantı Noktası:			0

Bu olay, bir işlem açıkça bir hesabın kimlik bilgilerini belirterek hesapta oturum açmayı denediğinde oluşturulur. Bu genellikle zamanlanan görevler gibi toplu işlem türü yapılandırmalarda veya RUNAS komutu kullanıldığında oluşur.","2024-10-22T23:03:45.000+0000",,,"TARGET-PC",endpoint,38,,,"//_::_====-..=___.===_===______.\r\r:\rt_:tt---\rt_:tt","WinEventLog:Security","WinEventLog:Security",splunk,,,,,,,,"C:\Windows\System32\svchost.exe",0x680
,,,,,,,,,,,"'{5770385f-c22a-43e0-bf4c-06f5698ffbd9}'",,,,,,,,,,,,,,,,,,"'Microsoft-Windows-Sysmon'",,,,,,,,,"'3768'",,,,,,"'2024-10-22T23:03:43.4438654Z'",,"'4080'",,"'S-1-5-18'",,,"<Event xmlns='http://schemas.microsoft.com/win/2004/08/events/event'><System><Provider Name='Microsoft-Windows-Sysmon' Guid='{5770385f-c22a-43e0-bf4c-06f5698ffbd9}'/><EventID>22</EventID><Version>5</Version><Level>4</Level><Task>22</Task><Opcode>0</Opcode><Keywords>0x8000000000000000</Keywords><TimeCreated SystemTime='2024-10-22T23:03:43.4438654Z'/><EventRecordID>94537</EventRecordID><Correlation/><Execution ProcessID='3768' ThreadID='4080'/><Channel>Microsoft-Windows-Sysmon/Operational</Channel><Computer>target-PC.furkan.local</Computer><Security UserID='S-1-5-18'/></System><EventData><Data Name='RuleName'>-</Data><Data Name='UtcTime'>2024-10-22 23:03:40.857</Data><Data Name='ProcessGuid'>{00000000-0000-0000-0000-000000000000}</Data><Data Name='ProcessId'>10632</Data><Data Name='QueryName'>ADDC01.furkan.local</Data><Data Name='QueryStatus'>0</Data><Data Name='QueryResults'>::ffff:192.168.10.7;</Data><Data Name='Image'>&lt;unknown process&gt;</Data><Data Name='User'>FURKAN\bsever</Data></EventData></Event>","2024-10-22T23:03:43.000+0000",,,"TARGET-PC",endpoint,1,,,"<_='://../////'><><_='--'_='{----}'/><></><></><><","XmlWinEventLog:Microsoft-Windows-Sysmon/Operational","XmlWinEventLog:Microsoft-Windows-Sysmon/Operational",splunk,,,,,"'http://schemas.microsoft.com/win/2004/08/events/event'",,,,
,,,,,,,,,,,"'{5770385f-c22a-43e0-bf4c-06f5698ffbd9}'",,,,,,,,"22019FF0DD6B140CC5C75C9E26641C22</Data><Data Name='Signed'>true</Data><Data Name='Signature'>Microsoft",,,,,,,,B4826ABFB7EA0D3F4F6D6BB9EF6BD420,,"'Microsoft-Windows-Sysmon'",,,,,,,,,"'3768'",,D79447E28B131505B29B00A7E2CFDE43351BECAF,1318F1E47221367D55DA458AA2776233A78F30722DD5B02BC7CAC9828F212330,,,"'2024-10-22T23:03:41.7237930Z'",,"'4756'",,"'S-1-5-18'",,,"<Event xmlns='http://schemas.microsoft.com/win/2004/08/events/event'><System><Provider Name='Microsoft-Windows-Sysmon' Guid='{5770385f-c22a-43e0-bf4c-06f5698ffbd9}'/><EventID>7</EventID><Version>3</Version><Level>4</Level><Task>7</Task><Opcode>0</Opcode><Keywords>0x8000000000000000</Keywords><TimeCreated SystemTime='2024-10-22T23:03:41.7237930Z'/><EventRecordID>94536</EventRecordID><Correlation/><Execution ProcessID='3768' ThreadID='4756'/><Channel>Microsoft-Windows-Sysmon/Operational</Channel><Computer>target-PC.furkan.local</Computer><Security UserID='S-1-5-18'/></System><EventData><Data Name='RuleName'>-</Data><Data Name='UtcTime'>2024-10-22 23:03:41.722</Data><Data Name='ProcessGuid'>{d65c0252-2f4c-6718-d20b-000000002400}</Data><Data Name='ProcessId'>10632</Data><Data Name='Image'>C:\Windows\System32\backgroundTaskHost.exe</Data><Data Name='ImageLoaded'>C:\Windows\System32\urlmon.dll</Data><Data Name='FileVersion'>11.00.19041.4894 (WinBuild.160101.0800)</Data><Data Name='Description'>OLE32 Extensions for Win32</Data><Data Name='Product'>Internet Explorer</Data><Data Name='Company'>Microsoft Corporation</Data><Data Name='OriginalFileName'>UrlMon.dll</Data><Data Name='Hashes'>SHA1=D79447E28B131505B29B00A7E2CFDE43351BECAF,MD5=B4826ABFB7EA0D3F4F6D6BB9EF6BD420,SHA256=1318F1E47221367D55DA458AA2776233A78F30722DD5B02BC7CAC9828F212330,IMPHASH=22019FF0DD6B140CC5C75C9E26641C22</Data><Data Name='Signed'>true</Data><Data Name='Signature'>Microsoft Windows</Data><Data Name='SignatureStatus'>Valid</Data><Data Name='User'>FURKAN\bsever</Data></EventData></Event>","2024-10-22T23:03:41.000+0000",,,"TARGET-PC",endpoint,1,,,"<_='://../////'><><_='--'_='{----}'/><></><></><><","XmlWinEventLog:Microsoft-Windows-Sysmon/Operational","XmlWinEventLog:Microsoft-Windows-Sysmon/Operational",splunk,,,,,"'http://schemas.microsoft.com/win/2004/08/events/event'",,,,
,,,,,,,,,,,"'{5770385f-c22a-43e0-bf4c-06f5698ffbd9}'",,,,,,,,"B7A4477FA36E2E5287EE76AC4AFCB05B</Data><Data Name='Signed'>true</Data><Data Name='Signature'>Microsoft",,,,,,,,84F942C1A4BD60C94EBEC6643E0216C9,,"'Microsoft-Windows-Sysmon'",,,,,,,,,"'3768'",,633C92F5A5000CDE3235C7FDC306B2B04C501C48,BBE733452E6CE871D5D2064948847AAB2A71F7FEDA2C962BA4002F64E2D198F2,,,"'2024-10-22T22:58:54.7783767Z'",,"'4756'",,"'S-1-5-18'",,,"<Event xmlns='http://schemas.microsoft.com/win/2004/08/events/event'><System><Provider Name='Microsoft-Windows-Sysmon' Guid='{5770385f-c22a-43e0-bf4c-06f5698ffbd9}'/><EventID>7</EventID><Version>3</Version><Level>4</Level><Task>7</Task><Opcode>0</Opcode><Keywords>0x8000000000000000</Keywords><TimeCreated SystemTime='2024-10-22T22:58:54.7783767Z'/><EventRecordID>94513</EventRecordID><Correlation/><Execution ProcessID='3768' ThreadID='4756'/><Channel>Microsoft-Windows-Sysmon/Operational</Channel><Computer>target-PC.furkan.local</Computer><Security UserID='S-1-5-18'/></System><EventData><Data Name='RuleName'>technique_id=T1053,technique_name=Scheduled Task</Data><Data Name='UtcTime'>2024-10-22 22:58:54.776</Data><Data Name='ProcessGuid'>{d65c0252-2e2c-6718-ae0b-000000002400}</Data><Data Name='ProcessId'>8888</Data><Data Name='Image'>C:\Windows\System32\taskhostw.exe</Data><Data Name='ImageLoaded'>C:\Windows\System32\taskschd.dll</Data><Data Name='FileVersion'>10.0.19041.3636 (WinBuild.160101.0800)</Data><Data Name='Description'>Task Scheduler COM API</Data><Data Name='Product'>Microsoft® Windows® Operating System</Data><Data Name='Company'>Microsoft Corporation</Data><Data Name='OriginalFileName'>taskschd.dll</Data><Data Name='Hashes'>SHA1=633C92F5A5000CDE3235C7FDC306B2B04C501C48,MD5=84F942C1A4BD60C94EBEC6643E0216C9,SHA256=BBE733452E6CE871D5D2064948847AAB2A71F7FEDA2C962BA4002F64E2D198F2,IMPHASH=B7A4477FA36E2E5287EE76AC4AFCB05B</Data><Data Name='Signed'>true</Data><Data Name='Signature'>Microsoft Windows</Data><Data Name='SignatureStatus'>Valid</Data><Data Name='User'>FURKAN\bsever</Data></EventData></Event>","2024-10-22T22:58:54.000+0000",,,"TARGET-PC",endpoint,1,,,"<_='://../////'><><_='--'_='{----}'/><></><></><><","XmlWinEventLog:Microsoft-Windows-Sysmon/Operational","XmlWinEventLog:Microsoft-Windows-Sysmon/Operational",splunk,,T1053,Scheduled,,"'http://schemas.microsoft.com/win/2004/08/events/event'",,,,
,,,,,,,,,,,"'{5770385f-c22a-43e0-bf4c-06f5698ffbd9}'",,,,,,,,"22019FF0DD6B140CC5C75C9E26641C22</Data><Data Name='Signed'>true</Data><Data Name='Signature'>Microsoft",,,,,,,,B4826ABFB7EA0D3F4F6D6BB9EF6BD420,,"'Microsoft-Windows-Sysmon'",,,,,,,,,"'3768'",,D79447E28B131505B29B00A7E2CFDE43351BECAF,1318F1E47221367D55DA458AA2776233A78F30722DD5B02BC7CAC9828F212330,,,"'2024-10-22T22:57:57.0489252Z'",,"'4756'",,"'S-1-5-18'",,,"<Event xmlns='http://schemas.microsoft.com/win/2004/08/events/event'><System><Provider Name='Microsoft-Windows-Sysmon' Guid='{5770385f-c22a-43e0-bf4c-06f5698ffbd9}'/><EventID>7</EventID><Version>3</Version><Level>4</Level><Task>7</Task><Opcode>0</Opcode><Keywords>0x8000000000000000</Keywords><TimeCreated SystemTime='2024-10-22T22:57:57.0489252Z'/><EventRecordID>94512</EventRecordID><Correlation/><Execution ProcessID='3768' ThreadID='4756'/><Channel>Microsoft-Windows-Sysmon/Operational</Channel><Computer>target-PC.furkan.local</Computer><Security UserID='S-1-5-18'/></System><EventData><Data Name='RuleName'>-</Data><Data Name='UtcTime'>2024-10-22 22:57:57.046</Data><Data Name='ProcessGuid'>{d65c0252-2df1-6718-a50b-000000002400}</Data><Data Name='ProcessId'>9856</Data><Data Name='Image'>C:\Windows\System32\backgroundTaskHost.exe</Data><Data Name='ImageLoaded'>C:\Windows\System32\urlmon.dll</Data><Data Name='FileVersion'>11.00.19041.4894 (WinBuild.160101.0800)</Data><Data Name='Description'>OLE32 Extensions for Win32</Data><Data Name='Product'>Internet Explorer</Data><Data Name='Company'>Microsoft Corporation</Data><Data Name='OriginalFileName'>UrlMon.dll</Data><Data Name='Hashes'>SHA1=D79447E28B131505B29B00A7E2CFDE43351BECAF,MD5=B4826ABFB7EA0D3F4F6D6BB9EF6BD420,SHA256=1318F1E47221367D55DA458AA2776233A78F30722DD5B02BC7CAC9828F212330,IMPHASH=22019FF0DD6B140CC5C75C9E26641C22</Data><Data Name='Signed'>true</Data><Data Name='Signature'>Microsoft Windows</Data><Data Name='SignatureStatus'>Valid</Data><Data Name='User'>FURKAN\bsever</Data></EventData></Event>","2024-10-22T22:57:57.000+0000",,,"TARGET-PC",endpoint,1,,,"<_='://../////'><><_='--'_='{----}'/><></><></><><","XmlWinEventLog:Microsoft-Windows-Sysmon/Operational","XmlWinEventLog:Microsoft-Windows-Sysmon/Operational",splunk,,,,,"'http://schemas.microsoft.com/win/2004/08/events/event'",,,,
,,,,,,,,,,,"'{5770385f-c22a-43e0-bf4c-06f5698ffbd9}'",,,,,,,,"22019FF0DD6B140CC5C75C9E26641C22</Data><Data Name='Signed'>true</Data><Data Name='Signature'>Microsoft",,,,,,,,B4826ABFB7EA0D3F4F6D6BB9EF6BD420,,"'Microsoft-Windows-Sysmon'",,,,,,,,,"'3768'",,D79447E28B131505B29B00A7E2CFDE43351BECAF,1318F1E47221367D55DA458AA2776233A78F30722DD5B02BC7CAC9828F212330,,,"'2024-10-22T22:57:53.7704642Z'",,"'4756'",,"'S-1-5-18'",,,"<Event xmlns='http://schemas.microsoft.com/win/2004/08/events/event'><System><Provider Name='Microsoft-Windows-Sysmon' Guid='{5770385f-c22a-43e0-bf4c-06f5698ffbd9}'/><EventID>7</EventID><Version>3</Version><Level>4</Level><Task>7</Task><Opcode>0</Opcode><Keywords>0x8000000000000000</Keywords><TimeCreated SystemTime='2024-10-22T22:57:53.7704642Z'/><EventRecordID>94511</EventRecordID><Correlation/><Execution ProcessID='3768' ThreadID='4756'/><Channel>Microsoft-Windows-Sysmon/Operational</Channel><Computer>target-PC.furkan.local</Computer><Security UserID='S-1-5-18'/></System><EventData><Data Name='RuleName'>-</Data><Data Name='UtcTime'>2024-10-22 22:57:53.748</Data><Data Name='ProcessGuid'>{d65c0252-098a-6718-9006-000000002400}</Data><Data Name='ProcessId'>9108</Data><Data Name='Image'>C:\Windows\System32\RuntimeBroker.exe</Data><Data Name='ImageLoaded'>C:\Windows\System32\urlmon.dll</Data><Data Name='FileVersion'>11.00.19041.4894 (WinBuild.160101.0800)</Data><Data Name='Description'>OLE32 Extensions for Win32</Data><Data Name='Product'>Internet Explorer</Data><Data Name='Company'>Microsoft Corporation</Data><Data Name='OriginalFileName'>UrlMon.dll</Data><Data Name='Hashes'>SHA1=D79447E28B131505B29B00A7E2CFDE43351BECAF,MD5=B4826ABFB7EA0D3F4F6D6BB9EF6BD420,SHA256=1318F1E47221367D55DA458AA2776233A78F30722DD5B02BC7CAC9828F212330,IMPHASH=22019FF0DD6B140CC5C75C9E26641C22</Data><Data Name='Signed'>true</Data><Data Name='Signature'>Microsoft Windows</Data><Data Name='SignatureStatus'>Valid</Data><Data Name='User'>FURKAN\bsever</Data></EventData></Event>","2024-10-22T22:57:53.000+0000",,,"TARGET-PC",endpoint,1,,,"<_='://../////'><><_='--'_='{----}'/><></><></><><","XmlWinEventLog:Microsoft-Windows-Sysmon/Operational","XmlWinEventLog:Microsoft-Windows-Sysmon/Operational",splunk,,,,,"'http://schemas.microsoft.com/win/2004/08/events/event'",,,,
,,,,,,,"target-PC.furkan.local",,5379,0,,"S-1-5-21-1320782582-4191448823-1366989374-1104",,,,bsever,FURKAN,,,,,"Denetleme Başarısı",,,,Security,,"Kimlik Bilgileri Yöneticisi kimlik bilgileri okunmuş.

Konu:
	Güvenlik Kimliği:		S-1-5-21-1320782582-4191448823-1366989374-1104
	Hesap Adı:		bsever
	Hesap Etki Alanı:		FURKAN
	Oturum Açma Kimliği		0x1391CE5
	Okuma İşlemi:		Kimlik Bilgilerini Listelendir

Bu olay, bir kullanıcı Kimlik Bilgileri Yöneticisi'nde depolanan kimlik bilgilerinde okuma işlemi gerçekleştirdiğinde oluşur.",,"Kimlik Bilgilerini Listelendir",Bilgi,,,,,,,,20053,,,,"Microsoft Windows security auditing.",,"User Account Management",,Bilgi,,,,"10/23/2024 01:55:35 AM
LogName=Security
EventCode=5379
EventType=0
ComputerName=target-PC.furkan.local
SourceName=Microsoft Windows security auditing.
Type=Bilgi
RecordNumber=20053
Keywords=Denetleme Başarısı
TaskCategory=User Account Management
OpCode=Bilgi
Message=Kimlik Bilgileri Yöneticisi kimlik bilgileri okunmuş.

Konu:
	Güvenlik Kimliği:		S-1-5-21-1320782582-4191448823-1366989374-1104
	Hesap Adı:		bsever
	Hesap Etki Alanı:		FURKAN
	Oturum Açma Kimliği		0x1391CE5
	Okuma İşlemi:		Kimlik Bilgilerini Listelendir

Bu olay, bir kullanıcı Kimlik Bilgileri Yöneticisi'nde depolanan kimlik bilgilerinde okuma işlemi gerçekleştirdiğinde oluşur.","2024-10-22T22:55:35.000+0000",,,"TARGET-PC",endpoint,21,,,"//_::_====-..=___.===_=__==_____.\r\r:\rt_:tt-------\r","WinEventLog:Security","WinEventLog:Security",splunk,,,,,,,,,
,,,,,,,"target-PC.furkan.local",,5379,0,,"S-1-5-21-1320782582-4191448823-1366989374-1104",,,,bsever,FURKAN,,,,,"Denetleme Başarısı",,,,Security,,"Kimlik Bilgileri Yöneticisi kimlik bilgileri okunmuş.

Konu:
	Güvenlik Kimliği:		S-1-5-21-1320782582-4191448823-1366989374-1104
	Hesap Adı:		bsever
	Hesap Etki Alanı:		FURKAN
	Oturum Açma Kimliği		0x1391CE5
	Okuma İşlemi:		Kimlik Bilgilerini Listelendir

Bu olay, bir kullanıcı Kimlik Bilgileri Yöneticisi'nde depolanan kimlik bilgilerinde okuma işlemi gerçekleştirdiğinde oluşur.",,"Kimlik Bilgilerini Listelendir",Bilgi,,,,,,,,20052,,,,"Microsoft Windows security auditing.",,"User Account Management",,Bilgi,,,,"10/23/2024 01:55:35 AM
LogName=Security
EventCode=5379
EventType=0
ComputerName=target-PC.furkan.local
SourceName=Microsoft Windows security auditing.
Type=Bilgi
RecordNumber=20052
Keywords=Denetleme Başarısı
TaskCategory=User Account Management
OpCode=Bilgi
Message=Kimlik Bilgileri Yöneticisi kimlik bilgileri okunmuş.

Konu:
	Güvenlik Kimliği:		S-1-5-21-1320782582-4191448823-1366989374-1104
	Hesap Adı:		bsever
	Hesap Etki Alanı:		FURKAN
	Oturum Açma Kimliği		0x1391CE5
	Okuma İşlemi:		Kimlik Bilgilerini Listelendir

Bu olay, bir kullanıcı Kimlik Bilgileri Yöneticisi'nde depolanan kimlik bilgilerinde okuma işlemi gerçekleştirdiğinde oluşur.","2024-10-22T22:55:35.000+0000",,,"TARGET-PC",endpoint,21,,,"//_::_====-..=___.===_=__==_____.\r\r:\rt_:tt-------\r","WinEventLog:Security","WinEventLog:Security",splunk,,,,,,,,,
,,,,,,,"target-PC.furkan.local",,5379,0,,"S-1-5-21-1320782582-4191448823-1366989374-1104",,,,bsever,FURKAN,,,,,"Denetleme Başarısı",,,,Security,,"Kimlik Bilgileri Yöneticisi kimlik bilgileri okunmuş.

Konu:
	Güvenlik Kimliği:		S-1-5-21-1320782582-4191448823-1366989374-1104
	Hesap Adı:		bsever
	Hesap Etki Alanı:		FURKAN
	Oturum Açma Kimliği		0x1391CE5
	Okuma İşlemi:		Kimlik Bilgilerini Listelendir

Bu olay, bir kullanıcı Kimlik Bilgileri Yöneticisi'nde depolanan kimlik bilgilerinde okuma işlemi gerçekleştirdiğinde oluşur.",,"Kimlik Bilgilerini Listelendir",Bilgi,,,,,,,,20051,,,,"Microsoft Windows security auditing.",,"User Account Management",,Bilgi,,,,"10/23/2024 01:55:35 AM
LogName=Security
EventCode=5379
EventType=0
ComputerName=target-PC.furkan.local
SourceName=Microsoft Windows security auditing.
Type=Bilgi
RecordNumber=20051
Keywords=Denetleme Başarısı
TaskCategory=User Account Management
OpCode=Bilgi
Message=Kimlik Bilgileri Yöneticisi kimlik bilgileri okunmuş.

Konu:
	Güvenlik Kimliği:		S-1-5-21-1320782582-4191448823-1366989374-1104
	Hesap Adı:		bsever
	Hesap Etki Alanı:		FURKAN
	Oturum Açma Kimliği		0x1391CE5
	Okuma İşlemi:		Kimlik Bilgilerini Listelendir

Bu olay, bir kullanıcı Kimlik Bilgileri Yöneticisi'nde depolanan kimlik bilgilerinde okuma işlemi gerçekleştirdiğinde oluşur.","2024-10-22T22:55:35.000+0000",,,"TARGET-PC",endpoint,21,,,"//_::_====-..=___.===_=__==_____.\r\r:\rt_:tt-------\r","WinEventLog:Security","WinEventLog:Security",splunk,,,,,,,,,
,,,,,,,,,,,"'{5770385f-c22a-43e0-bf4c-06f5698ffbd9}'",,,,,,,,"B7A4477FA36E2E5287EE76AC4AFCB05B</Data><Data Name='Signed'>true</Data><Data Name='Signature'>Microsoft",,,,,,,,84F942C1A4BD60C94EBEC6643E0216C9,,"'Microsoft-Windows-Sysmon'",,,,,,,,,"'3768'",,633C92F5A5000CDE3235C7FDC306B2B04C501C48,BBE733452E6CE871D5D2064948847AAB2A71F7FEDA2C962BA4002F64E2D198F2,,,"'2024-10-22T22:52:04.0215217Z'",,"'4756'",,"'S-1-5-18'",,,"<Event xmlns='http://schemas.microsoft.com/win/2004/08/events/event'><System><Provider Name='Microsoft-Windows-Sysmon' Guid='{5770385f-c22a-43e0-bf4c-06f5698ffbd9}'/><EventID>7</EventID><Version>3</Version><Level>4</Level><Task>7</Task><Opcode>0</Opcode><Keywords>0x8000000000000000</Keywords><TimeCreated SystemTime='2024-10-22T22:52:04.0215217Z'/><EventRecordID>94489</EventRecordID><Correlation/><Execution ProcessID='3768' ThreadID='4756'/><Channel>Microsoft-Windows-Sysmon/Operational</Channel><Computer>target-PC.furkan.local</Computer><Security UserID='S-1-5-18'/></System><EventData><Data Name='RuleName'>technique_id=T1053,technique_name=Scheduled Task</Data><Data Name='UtcTime'>2024-10-22 22:52:04.020</Data><Data Name='ProcessGuid'>{d65c0252-2c93-6718-760b-000000002400}</Data><Data Name='ProcessId'>9796</Data><Data Name='Image'>C:\Windows\System32\taskhostw.exe</Data><Data Name='ImageLoaded'>C:\Windows\System32\taskschd.dll</Data><Data Name='FileVersion'>10.0.19041.3636 (WinBuild.160101.0800)</Data><Data Name='Description'>Task Scheduler COM API</Data><Data Name='Product'>Microsoft® Windows® Operating System</Data><Data Name='Company'>Microsoft Corporation</Data><Data Name='OriginalFileName'>taskschd.dll</Data><Data Name='Hashes'>SHA1=633C92F5A5000CDE3235C7FDC306B2B04C501C48,MD5=84F942C1A4BD60C94EBEC6643E0216C9,SHA256=BBE733452E6CE871D5D2064948847AAB2A71F7FEDA2C962BA4002F64E2D198F2,IMPHASH=B7A4477FA36E2E5287EE76AC4AFCB05B</Data><Data Name='Signed'>true</Data><Data Name='Signature'>Microsoft Windows</Data><Data Name='SignatureStatus'>Valid</Data><Data Name='User'>FURKAN\bsever</Data></EventData></Event>","2024-10-22T22:52:04.000+0000",,,"TARGET-PC",endpoint,1,,,"<_='://../////'><><_='--'_='{----}'/><></><></><><","XmlWinEventLog:Microsoft-Windows-Sysmon/Operational","XmlWinEventLog:Microsoft-Windows-Sysmon/Operational",splunk,,T1053,Scheduled,,"'http://schemas.microsoft.com/win/2004/08/events/event'",,,,
,,,,,,,,,,,"'{5770385f-c22a-43e0-bf4c-06f5698ffbd9}'",,,,,,,,,,,,,,,,,,"'Microsoft-Windows-Sysmon'",,,,,,,,,"'3768'",,,,,,"'2024-10-22T22:50:02.0019790Z'",,"'4756'",,"'S-1-5-18'",,,"<Event xmlns='http://schemas.microsoft.com/win/2004/08/events/event'><System><Provider Name='Microsoft-Windows-Sysmon' Guid='{5770385f-c22a-43e0-bf4c-06f5698ffbd9}'/><EventID>13</EventID><Version>2</Version><Level>4</Level><Task>13</Task><Opcode>0</Opcode><Keywords>0x8000000000000000</Keywords><TimeCreated SystemTime='2024-10-22T22:50:02.0019790Z'/><EventRecordID>94482</EventRecordID><Correlation/><Execution ProcessID='3768' ThreadID='4756'/><Channel>Microsoft-Windows-Sysmon/Operational</Channel><Computer>target-PC.furkan.local</Computer><Security UserID='S-1-5-18'/></System><EventData><Data Name='RuleName'>-</Data><Data Name='EventType'>SetValue</Data><Data Name='UtcTime'>2024-10-22 22:50:02.001</Data><Data Name='ProcessGuid'>{d65c0252-2c0e-6718-580b-000000002400}</Data><Data Name='ProcessId'>8176</Data><Data Name='Image'>C:\Program Files (x86)\Microsoft\Edge\Application\msedge.exe</Data><Data Name='TargetObject'>HKLM\System\CurrentControlSet\Services\bam\State\UserSettings\S-1-5-21-1320782582-4191448823-1366989374-1104\\Device\HarddiskVolume2\Program Files (x86)\Microsoft\Edge\Application\msedge.exe</Data><Data Name='Details'>Binary Data</Data><Data Name='User'>FURKAN\bsever</Data></EventData></Event>","2024-10-22T22:50:02.000+0000",,,"TARGET-PC",endpoint,1,,,"<_='://../////'><><_='--'_='{----}'/><></><></><><","XmlWinEventLog:Microsoft-Windows-Sysmon/Operational","XmlWinEventLog:Microsoft-Windows-Sysmon/Operational",splunk,,,,,"'http://schemas.microsoft.com/win/2004/08/events/event'",,,,
,,,,,,,,,,,"'{5770385f-c22a-43e0-bf4c-06f5698ffbd9}'",,,,,,,,,,,,,,,,,,"'Microsoft-Windows-Sysmon'",,,,,,,,,"'3768'",,,,,,"'2024-10-22T22:49:56.9976029Z'",,"'4756'",,"'S-1-5-18'",,,"<Event xmlns='http://schemas.microsoft.com/win/2004/08/events/event'><System><Provider Name='Microsoft-Windows-Sysmon' Guid='{5770385f-c22a-43e0-bf4c-06f5698ffbd9}'/><EventID>13</EventID><Version>2</Version><Level>4</Level><Task>13</Task><Opcode>0</Opcode><Keywords>0x8000000000000000</Keywords><TimeCreated SystemTime='2024-10-22T22:49:56.9976029Z'/><EventRecordID>94481</EventRecordID><Correlation/><Execution ProcessID='3768' ThreadID='4756'/><Channel>Microsoft-Windows-Sysmon/Operational</Channel><Computer>target-PC.furkan.local</Computer><Security UserID='S-1-5-18'/></System><EventData><Data Name='RuleName'>-</Data><Data Name='EventType'>SetValue</Data><Data Name='UtcTime'>2024-10-22 22:49:56.996</Data><Data Name='ProcessGuid'>{d65c0252-2c12-6718-5a0b-000000002400}</Data><Data Name='ProcessId'>4060</Data><Data Name='Image'>C:\Program Files (x86)\Microsoft\Edge\Application\msedge.exe</Data><Data Name='TargetObject'>HKLM\System\CurrentControlSet\Services\bam\State\UserSettings\S-1-5-21-1320782582-4191448823-1366989374-1104\\Device\HarddiskVolume2\Program Files (x86)\Microsoft\Edge\Application\msedge.exe</Data><Data Name='Details'>Binary Data</Data><Data Name='User'>FURKAN\bsever</Data></EventData></Event>","2024-10-22T22:49:56.000+0000",,,"TARGET-PC",endpoint,1,,,"<_='://../////'><><_='--'_='{----}'/><></><></><><","XmlWinEventLog:Microsoft-Windows-Sysmon/Operational","XmlWinEventLog:Microsoft-Windows-Sysmon/Operational",splunk,,,,,"'http://schemas.microsoft.com/win/2004/08/events/event'",,,,
,,,,,,,,,,,"'{5770385f-c22a-43e0-bf4c-06f5698ffbd9}'",,,,,,,,,,,,,,,,,,"'Microsoft-Windows-Sysmon'",,,,,,,,,"'3768'",,,,,,"'2024-10-22T22:49:56.5305554Z'",,"'4756'",,"'S-1-5-18'",,,"<Event xmlns='http://schemas.microsoft.com/win/2004/08/events/event'><System><Provider Name='Microsoft-Windows-Sysmon' Guid='{5770385f-c22a-43e0-bf4c-06f5698ffbd9}'/><EventID>13</EventID><Version>2</Version><Level>4</Level><Task>13</Task><Opcode>0</Opcode><Keywords>0x8000000000000000</Keywords><TimeCreated SystemTime='2024-10-22T22:49:56.5305554Z'/><EventRecordID>94480</EventRecordID><Correlation/><Execution ProcessID='3768' ThreadID='4756'/><Channel>Microsoft-Windows-Sysmon/Operational</Channel><Computer>target-PC.furkan.local</Computer><Security UserID='S-1-5-18'/></System><EventData><Data Name='RuleName'>-</Data><Data Name='EventType'>SetValue</Data><Data Name='UtcTime'>2024-10-22 22:49:56.527</Data><Data Name='ProcessGuid'>{d65c0252-1212-6718-b807-000000002400}</Data><Data Name='ProcessId'>8476</Data><Data Name='Image'>C:\Program Files (x86)\Microsoft\Edge\Application\msedge.exe</Data><Data Name='TargetObject'>HKLM\System\CurrentControlSet\Services\bam\State\UserSettings\S-1-5-21-1320782582-4191448823-1366989374-1104\\Device\HarddiskVolume2\Program Files (x86)\Microsoft\Edge\Application\msedge.exe</Data><Data Name='Details'>Binary Data</Data><Data Name='User'>FURKAN\bsever</Data></EventData></Event>","2024-10-22T22:49:56.000+0000",,,"TARGET-PC",endpoint,1,,,"<_='://../////'><><_='--'_='{----}'/><></><></><><","XmlWinEventLog:Microsoft-Windows-Sysmon/Operational","XmlWinEventLog:Microsoft-Windows-Sysmon/Operational",splunk,,,,,"'http://schemas.microsoft.com/win/2004/08/events/event'",,,,
,,,,,,,,,,,"'{5770385f-c22a-43e0-bf4c-06f5698ffbd9}'",,,,,,,,,,,,,,,,,,"'Microsoft-Windows-Sysmon'",,,,,,,,,"'3768'",,,,,,"'2024-10-22T22:49:55.0789115Z'",,"'4756'",,"'S-1-5-18'",,,"<Event xmlns='http://schemas.microsoft.com/win/2004/08/events/event'><System><Provider Name='Microsoft-Windows-Sysmon' Guid='{5770385f-c22a-43e0-bf4c-06f5698ffbd9}'/><EventID>13</EventID><Version>2</Version><Level>4</Level><Task>13</Task><Opcode>0</Opcode><Keywords>0x8000000000000000</Keywords><TimeCreated SystemTime='2024-10-22T22:49:55.0789115Z'/><EventRecordID>94479</EventRecordID><Correlation/><Execution ProcessID='3768' ThreadID='4756'/><Channel>Microsoft-Windows-Sysmon/Operational</Channel><Computer>target-PC.furkan.local</Computer><Security UserID='S-1-5-18'/></System><EventData><Data Name='RuleName'>-</Data><Data Name='EventType'>SetValue</Data><Data Name='UtcTime'>2024-10-22 22:49:55.075</Data><Data Name='ProcessGuid'>{d65c0252-1ff4-6718-460a-000000002400}</Data><Data Name='ProcessId'>7372</Data><Data Name='Image'>C:\Program Files (x86)\Microsoft\Edge\Application\msedge.exe</Data><Data Name='TargetObject'>HKLM\System\CurrentControlSet\Services\bam\State\UserSettings\S-1-5-21-1320782582-4191448823-1366989374-1104\\Device\HarddiskVolume2\Program Files (x86)\Microsoft\Edge\Application\msedge.exe</Data><Data Name='Details'>Binary Data</Data><Data Name='User'>FURKAN\bsever</Data></EventData></Event>","2024-10-22T22:49:55.000+0000",,,"TARGET-PC",endpoint,1,,,"<_='://../////'><><_='--'_='{----}'/><></><></><><","XmlWinEventLog:Microsoft-Windows-Sysmon/Operational","XmlWinEventLog:Microsoft-Windows-Sysmon/Operational",splunk,,,,,"'http://schemas.microsoft.com/win/2004/08/events/event'",,,,
,,,,,,,,,,,"'{5770385f-c22a-43e0-bf4c-06f5698ffbd9}'",,,,,,,,,,,,,,,,,,"'Microsoft-Windows-Sysmon'",,,,,,,,,"'3768'",,,,,,"'2024-10-22T22:49:54.2466678Z'",,"'4756'",,"'S-1-5-18'",,,"<Event xmlns='http://schemas.microsoft.com/win/2004/08/events/event'><System><Provider Name='Microsoft-Windows-Sysmon' Guid='{5770385f-c22a-43e0-bf4c-06f5698ffbd9}'/><EventID>13</EventID><Version>2</Version><Level>4</Level><Task>13</Task><Opcode>0</Opcode><Keywords>0x8000000000000000</Keywords><TimeCreated SystemTime='2024-10-22T22:49:54.2466678Z'/><EventRecordID>94478</EventRecordID><Correlation/><Execution ProcessID='3768' ThreadID='4756'/><Channel>Microsoft-Windows-Sysmon/Operational</Channel><Computer>target-PC.furkan.local</Computer><Security UserID='S-1-5-18'/></System><EventData><Data Name='RuleName'>-</Data><Data Name='EventType'>SetValue</Data><Data Name='UtcTime'>2024-10-22 22:49:54.242</Data><Data Name='ProcessGuid'>{d65c0252-1212-6718-b807-000000002400}</Data><Data Name='ProcessId'>8476</Data><Data Name='Image'>C:\Program Files (x86)\Microsoft\Edge\Application\msedge.exe</Data><Data Name='TargetObject'>HKLM\System\CurrentControlSet\Services\bam\State\UserSettings\S-1-5-21-1320782582-4191448823-1366989374-1104\\Device\HarddiskVolume2\Program Files (x86)\Microsoft\Edge\Application\msedge.exe</Data><Data Name='Details'>Binary Data</Data><Data Name='User'>FURKAN\bsever</Data></EventData></Event>","2024-10-22T22:49:54.000+0000",,,"TARGET-PC",endpoint,1,,,"<_='://../////'><><_='--'_='{----}'/><></><></><><","XmlWinEventLog:Microsoft-Windows-Sysmon/Operational","XmlWinEventLog:Microsoft-Windows-Sysmon/Operational",splunk,,,,,"'http://schemas.microsoft.com/win/2004/08/events/event'",,,,
,,,,,,,,,,,"'{5770385f-c22a-43e0-bf4c-06f5698ffbd9}'",,,,,,,,,,,,,,,,,,"'Microsoft-Windows-Sysmon'",,,,,,,,,"'3768'",,,,,,"'2024-10-22T22:49:50.9459071Z'",,"'4756'",,"'S-1-5-18'",,,"<Event xmlns='http://schemas.microsoft.com/win/2004/08/events/event'><System><Provider Name='Microsoft-Windows-Sysmon' Guid='{5770385f-c22a-43e0-bf4c-06f5698ffbd9}'/><EventID>13</EventID><Version>2</Version><Level>4</Level><Task>13</Task><Opcode>0</Opcode><Keywords>0x8000000000000000</Keywords><TimeCreated SystemTime='2024-10-22T22:49:50.9459071Z'/><EventRecordID>94477</EventRecordID><Correlation/><Execution ProcessID='3768' ThreadID='4756'/><Channel>Microsoft-Windows-Sysmon/Operational</Channel><Computer>target-PC.furkan.local</Computer><Security UserID='S-1-5-18'/></System><EventData><Data Name='RuleName'>-</Data><Data Name='EventType'>SetValue</Data><Data Name='UtcTime'>2024-10-22 22:49:50.942</Data><Data Name='ProcessGuid'>{d65c0252-1212-6718-b807-000000002400}</Data><Data Name='ProcessId'>8476</Data><Data Name='Image'>C:\Program Files (x86)\Microsoft\Edge\Application\msedge.exe</Data><Data Name='TargetObject'>HKLM\System\CurrentControlSet\Services\bam\State\UserSettings\S-1-5-21-1320782582-4191448823-1366989374-1104\\Device\HarddiskVolume2\Program Files (x86)\Microsoft\Edge\Application\msedge.exe</Data><Data Name='Details'>Binary Data</Data><Data Name='User'>FURKAN\bsever</Data></EventData></Event>","2024-10-22T22:49:50.000+0000",,,"TARGET-PC",endpoint,1,,,"<_='://../////'><><_='--'_='{----}'/><></><></><><","XmlWinEventLog:Microsoft-Windows-Sysmon/Operational","XmlWinEventLog:Microsoft-Windows-Sysmon/Operational",splunk,,,,,"'http://schemas.microsoft.com/win/2004/08/events/event'",,,,
,,,,,,,,,,,"'{5770385f-c22a-43e0-bf4c-06f5698ffbd9}'",,,,,,,,,,,,,,,,,,"'Microsoft-Windows-Sysmon'",,,,,,,,,"'3768'",,,,,,"'2024-10-22T22:49:44.3353359Z'",,"'4756'",,"'S-1-5-18'",,,"<Event xmlns='http://schemas.microsoft.com/win/2004/08/events/event'><System><Provider Name='Microsoft-Windows-Sysmon' Guid='{5770385f-c22a-43e0-bf4c-06f5698ffbd9}'/><EventID>13</EventID><Version>2</Version><Level>4</Level><Task>13</Task><Opcode>0</Opcode><Keywords>0x8000000000000000</Keywords><TimeCreated SystemTime='2024-10-22T22:49:44.3353359Z'/><EventRecordID>94475</EventRecordID><Correlation/><Execution ProcessID='3768' ThreadID='4756'/><Channel>Microsoft-Windows-Sysmon/Operational</Channel><Computer>target-PC.furkan.local</Computer><Security UserID='S-1-5-18'/></System><EventData><Data Name='RuleName'>-</Data><Data Name='EventType'>SetValue</Data><Data Name='UtcTime'>2024-10-22 22:49:44.330</Data><Data Name='ProcessGuid'>{d65c0252-1212-6718-b807-000000002400}</Data><Data Name='ProcessId'>8476</Data><Data Name='Image'>C:\Program Files (x86)\Microsoft\Edge\Application\msedge.exe</Data><Data Name='TargetObject'>HKLM\System\CurrentControlSet\Services\bam\State\UserSettings\S-1-5-21-1320782582-4191448823-1366989374-1104\\Device\HarddiskVolume2\Program Files (x86)\Microsoft\Edge\Application\msedge.exe</Data><Data Name='Details'>Binary Data</Data><Data Name='User'>FURKAN\bsever</Data></EventData></Event>","2024-10-22T22:49:44.000+0000",,,"TARGET-PC",endpoint,1,,,"<_='://../////'><><_='--'_='{----}'/><></><></><><","XmlWinEventLog:Microsoft-Windows-Sysmon/Operational","XmlWinEventLog:Microsoft-Windows-Sysmon/Operational",splunk,,,,,"'http://schemas.microsoft.com/win/2004/08/events/event'",,,,
