,,,,,,,,,,,"'{5770385f-c22a-43e0-bf4c-06f5698ffbd9}'",,,,,,,,"55475F47C26D26F649793B0C03A84660</Data><Data Name='Signed'>true</Data><Data Name='Signature'>Microsoft",,,,,,,,54BD72E214F26EEAECD9E986F15F9994,,"'Microsoft-Windows-Sysmon'",,,,,,,,,"'3768'",,AE860428579C4E075FC6A9D4B4BB720E4A9885A2,69CF8493C2BE8DB9D61A9CCCF81956F4F4FFEC5299360C8983F7F1BA8BA66F80,,,"'2024-10-22T23:31:56.8603270Z'",,"'4764'",,"'S-1-5-18'",,,"<Event xmlns='http://schemas.microsoft.com/win/2004/08/events/event'><System><Provider Name='Microsoft-Windows-Sysmon' Guid='{5770385f-c22a-43e0-bf4c-06f5698ffbd9}'/><EventID>7</EventID><Version>3</Version><Level>4</Level><Task>7</Task><Opcode>0</Opcode><Keywords>0x8000000000000000</Keywords><TimeCreated SystemTime='2024-10-22T23:31:56.8603270Z'/><EventRecordID>94623</EventRecordID><Correlation/><Execution ProcessID='3768' ThreadID='4764'/><Channel>Microsoft-Windows-Sysmon/Operational</Channel><Computer>target-PC.furkan.local</Computer><Security UserID='S-1-5-18'/></System><EventData><Data Name='RuleName'>technique_id=T1574.002,technique_name=DLL Side-Loading</Data><Data Name='UtcTime'>2024-10-22 23:31:56.849</Data><Data Name='ProcessGuid'>{d65c0252-02b8-6718-7b04-000000002400}</Data><Data Name='ProcessId'>2800</Data><Data Name='Image'>C:\Windows\explorer.exe</Data><Data Name='ImageLoaded'>C:\Users\bsever\AppData\Local\Microsoft\OneDrive\21.220.1024.0005\amd64\FileSyncShell64.dll</Data><Data Name='FileVersion'>21.220.1024.0005</Data><Data Name='Description'>Microsoft OneDrive Shell Extension</Data><Data Name='Product'>Microsoft OneDrive</Data><Data Name='Company'>Microsoft Corporation</Data><Data Name='OriginalFileName'>FileSyncShell64.dll</Data><Data Name='Hashes'>SHA1=AE860428579C4E075FC6A9D4B4BB720E4A9885A2,MD5=54BD72E214F26EEAECD9E986F15F9994,SHA256=69CF8493C2BE8DB9D61A9CCCF81956F4F4FFEC5299360C8983F7F1BA8BA66F80,IMPHASH=55475F47C26D26F649793B0C03A84660</Data><Data Name='Signed'>true</Data><Data Name='Signature'>Microsoft Corporation</Data><Data Name='SignatureStatus'>Valid</Data><Data Name='User'>FURKAN\bsever</Data></EventData></Event>","2024-10-22T23:31:56.000+0000",,,"TARGET-PC",endpoint,1,,,"<_='://../////'><><_='--'_='{----}'/><></><></><><","XmlWinEventLog:Microsoft-Windows-Sysmon/Operational","XmlWinEventLog:Microsoft-Windows-Sysmon/Operational",splunk,,"T1574.002",DLL,,"'http://schemas.microsoft.com/win/2004/08/events/event'",,,,
,,,,,,,,,,,"'{5770385f-c22a-43e0-bf4c-06f5698ffbd9}'",,,,,,,,"B7A4477FA36E2E5287EE76AC4AFCB05B</Data><Data Name='Signed'>true</Data><Data Name='Signature'>Microsoft",,,,,,,,84F942C1A4BD60C94EBEC6643E0216C9,,"'Microsoft-Windows-Sysmon'",,,,,,,,,"'3768'",,633C92F5A5000CDE3235C7FDC306B2B04C501C48,BBE733452E6CE871D5D2064948847AAB2A71F7FEDA2C962BA4002F64E2D198F2,,,"'2024-10-22T23:26:09.4098088Z'",,"'4756'",,"'S-1-5-18'",,,"<Event xmlns='http://schemas.microsoft.com/win/2004/08/events/event'><System><Provider Name='Microsoft-Windows-Sysmon' Guid='{5770385f-c22a-43e0-bf4c-06f5698ffbd9}'/><EventID>7</EventID><Version>3</Version><Level>4</Level><Task>7</Task><Opcode>0</Opcode><Keywords>0x8000000000000000</Keywords><TimeCreated SystemTime='2024-10-22T23:26:09.4098088Z'/><EventRecordID>94592</EventRecordID><Correlation/><Execution ProcessID='3768' ThreadID='4756'/><Channel>Microsoft-Windows-Sysmon/Operational</Channel><Computer>target-PC.furkan.local</Computer><Security UserID='S-1-5-18'/></System><EventData><Data Name='RuleName'>technique_id=T1053,technique_name=Scheduled Task</Data><Data Name='UtcTime'>2024-10-22 23:26:09.407</Data><Data Name='ProcessGuid'>{d65c0252-348f-6718-830c-000000002400}</Data><Data Name='ProcessId'>4740</Data><Data Name='Image'>C:\Windows\System32\taskhostw.exe</Data><Data Name='ImageLoaded'>C:\Windows\System32\taskschd.dll</Data><Data Name='FileVersion'>10.0.19041.3636 (WinBuild.160101.0800)</Data><Data Name='Description'>Task Scheduler COM API</Data><Data Name='Product'>Microsoft® Windows® Operating System</Data><Data Name='Company'>Microsoft Corporation</Data><Data Name='OriginalFileName'>taskschd.dll</Data><Data Name='Hashes'>SHA1=633C92F5A5000CDE3235C7FDC306B2B04C501C48,MD5=84F942C1A4BD60C94EBEC6643E0216C9,SHA256=BBE733452E6CE871D5D2064948847AAB2A71F7FEDA2C962BA4002F64E2D198F2,IMPHASH=B7A4477FA36E2E5287EE76AC4AFCB05B</Data><Data Name='Signed'>true</Data><Data Name='Signature'>Microsoft Windows</Data><Data Name='SignatureStatus'>Valid</Data><Data Name='User'>FURKAN\bsever</Data></EventData></Event>","2024-10-22T23:26:09.000+0000",,,"TARGET-PC",endpoint,1,,,"<_='://../////'><><_='--'_='{----}'/><></><></><><","XmlWinEventLog:Microsoft-Windows-Sysmon/Operational","XmlWinEventLog:Microsoft-Windows-Sysmon/Operational",splunk,,T1053,Scheduled,,"'http://schemas.microsoft.com/win/2004/08/events/event'",,,,
,,,,,,,,,,,"'{5770385f-c22a-43e0-bf4c-06f5698ffbd9}'",,,,,,,,"22019FF0DD6B140CC5C75C9E26641C22</Data><Data Name='Signed'>true</Data><Data Name='Signature'>Microsoft",,,,,,,,B4826ABFB7EA0D3F4F6D6BB9EF6BD420,,"'Microsoft-Windows-Sysmon'",,,,,,,,,"'3768'",,D79447E28B131505B29B00A7E2CFDE43351BECAF,1318F1E47221367D55DA458AA2776233A78F30722DD5B02BC7CAC9828F212330,,,"'2024-10-22T23:22:22.0752017Z'",,"'4756'",,"'S-1-5-18'",,,"<Event xmlns='http://schemas.microsoft.com/win/2004/08/events/event'><System><Provider Name='Microsoft-Windows-Sysmon' Guid='{5770385f-c22a-43e0-bf4c-06f5698ffbd9}'/><EventID>7</EventID><Version>3</Version><Level>4</Level><Task>7</Task><Opcode>0</Opcode><Keywords>0x8000000000000000</Keywords><TimeCreated SystemTime='2024-10-22T23:22:22.0752017Z'/><EventRecordID>94584</EventRecordID><Correlation/><Execution ProcessID='3768' ThreadID='4756'/><Channel>Microsoft-Windows-Sysmon/Operational</Channel><Computer>target-PC.furkan.local</Computer><Security UserID='S-1-5-18'/></System><EventData><Data Name='RuleName'>-</Data><Data Name='UtcTime'>2024-10-22 23:22:22.073</Data><Data Name='ProcessGuid'>{d65c0252-33ad-6718-650c-000000002400}</Data><Data Name='ProcessId'>8908</Data><Data Name='Image'>C:\Windows\System32\backgroundTaskHost.exe</Data><Data Name='ImageLoaded'>C:\Windows\System32\urlmon.dll</Data><Data Name='FileVersion'>11.00.19041.4894 (WinBuild.160101.0800)</Data><Data Name='Description'>OLE32 Extensions for Win32</Data><Data Name='Product'>Internet Explorer</Data><Data Name='Company'>Microsoft Corporation</Data><Data Name='OriginalFileName'>UrlMon.dll</Data><Data Name='Hashes'>SHA1=D79447E28B131505B29B00A7E2CFDE43351BECAF,MD5=B4826ABFB7EA0D3F4F6D6BB9EF6BD420,SHA256=1318F1E47221367D55DA458AA2776233A78F30722DD5B02BC7CAC9828F212330,IMPHASH=22019FF0DD6B140CC5C75C9E26641C22</Data><Data Name='Signed'>true</Data><Data Name='Signature'>Microsoft Windows</Data><Data Name='SignatureStatus'>Valid</Data><Data Name='User'>FURKAN\bsever</Data></EventData></Event>","2024-10-22T23:22:22.000+0000",,,"TARGET-PC",endpoint,1,,,"<_='://../////'><><_='--'_='{----}'/><></><></><><","XmlWinEventLog:Microsoft-Windows-Sysmon/Operational","XmlWinEventLog:Microsoft-Windows-Sysmon/Operational",splunk,,,,,"'http://schemas.microsoft.com/win/2004/08/events/event'",,,,
,,,,,,,,,,,"'{5770385f-c22a-43e0-bf4c-06f5698ffbd9}'",,,,,,,,,,,,,,,,,,"'Microsoft-Windows-Sysmon'",,,,,,,,,"'3768'",,,,,,"'2024-10-22T23:16:57.0110457Z'",,"'4756'",,"'S-1-5-18'",,,"<Event xmlns='http://schemas.microsoft.com/win/2004/08/events/event'><System><Provider Name='Microsoft-Windows-Sysmon' Guid='{5770385f-c22a-43e0-bf4c-06f5698ffbd9}'/><EventID>13</EventID><Version>2</Version><Level>4</Level><Task>13</Task><Opcode>0</Opcode><Keywords>0x8000000000000000</Keywords><TimeCreated SystemTime='2024-10-22T23:16:57.0110457Z'/><EventRecordID>94567</EventRecordID><Correlation/><Execution ProcessID='3768' ThreadID='4756'/><Channel>Microsoft-Windows-Sysmon/Operational</Channel><Computer>target-PC.furkan.local</Computer><Security UserID='S-1-5-18'/></System><EventData><Data Name='RuleName'>-</Data><Data Name='EventType'>SetValue</Data><Data Name='UtcTime'>2024-10-22 23:16:57.010</Data><Data Name='ProcessGuid'>{d65c0252-3263-6718-3e0c-000000002400}</Data><Data Name='ProcessId'>5416</Data><Data Name='Image'>C:\Program Files (x86)\Microsoft\Edge\Application\msedge.exe</Data><Data Name='TargetObject'>HKLM\System\CurrentControlSet\Services\bam\State\UserSettings\S-1-5-21-1320782582-4191448823-1366989374-1104\\Device\HarddiskVolume2\Program Files (x86)\Microsoft\Edge\Application\msedge.exe</Data><Data Name='Details'>Binary Data</Data><Data Name='User'>FURKAN\bsever</Data></EventData></Event>","2024-10-22T23:16:57.000+0000",,,"TARGET-PC",endpoint,1,,,"<_='://../////'><><_='--'_='{----}'/><></><></><><","XmlWinEventLog:Microsoft-Windows-Sysmon/Operational","XmlWinEventLog:Microsoft-Windows-Sysmon/Operational",splunk,,,,,"'http://schemas.microsoft.com/win/2004/08/events/event'",,,,
,,,,,,,,,,,"'{5770385f-c22a-43e0-bf4c-06f5698ffbd9}'",,,,,,,,,,,,,,,,,,"'Microsoft-Windows-Sysmon'",,,,,,,,,"'3768'",,,,,,"'2024-10-22T23:16:51.2240142Z'",,"'4756'",,"'S-1-5-18'",,,"<Event xmlns='http://schemas.microsoft.com/win/2004/08/events/event'><System><Provider Name='Microsoft-Windows-Sysmon' Guid='{5770385f-c22a-43e0-bf4c-06f5698ffbd9}'/><EventID>13</EventID><Version>2</Version><Level>4</Level><Task>13</Task><Opcode>0</Opcode><Keywords>0x8000000000000000</Keywords><TimeCreated SystemTime='2024-10-22T23:16:51.2240142Z'/><EventRecordID>94566</EventRecordID><Correlation/><Execution ProcessID='3768' ThreadID='4756'/><Channel>Microsoft-Windows-Sysmon/Operational</Channel><Computer>target-PC.furkan.local</Computer><Security UserID='S-1-5-18'/></System><EventData><Data Name='RuleName'>-</Data><Data Name='EventType'>SetValue</Data><Data Name='UtcTime'>2024-10-22 23:16:51.219</Data><Data Name='ProcessGuid'>{d65c0252-1212-6718-b807-000000002400}</Data><Data Name='ProcessId'>8476</Data><Data Name='Image'>C:\Program Files (x86)\Microsoft\Edge\Application\msedge.exe</Data><Data Name='TargetObject'>HKLM\System\CurrentControlSet\Services\bam\State\UserSettings\S-1-5-21-1320782582-4191448823-1366989374-1104\\Device\HarddiskVolume2\Program Files (x86)\Microsoft\Edge\Application\msedge.exe</Data><Data Name='Details'>Binary Data</Data><Data Name='User'>FURKAN\bsever</Data></EventData></Event>","2024-10-22T23:16:51.000+0000",,,"TARGET-PC",endpoint,1,,,"<_='://../////'><><_='--'_='{----}'/><></><></><><","XmlWinEventLog:Microsoft-Windows-Sysmon/Operational","XmlWinEventLog:Microsoft-Windows-Sysmon/Operational",splunk,,,,,"'http://schemas.microsoft.com/win/2004/08/events/event'",,,,
,,,,,,,,,,,"'{5770385f-c22a-43e0-bf4c-06f5698ffbd9}'",,,,,,,,,,,,,,,,,,"'Microsoft-Windows-Sysmon'",,,,,,,,,"'3768'",,,,,,"'2024-10-22T23:16:34.4901457Z'",,"'4756'",,"'S-1-5-18'",,,"<Event xmlns='http://schemas.microsoft.com/win/2004/08/events/event'><System><Provider Name='Microsoft-Windows-Sysmon' Guid='{5770385f-c22a-43e0-bf4c-06f5698ffbd9}'/><EventID>13</EventID><Version>2</Version><Level>4</Level><Task>13</Task><Opcode>0</Opcode><Keywords>0x8000000000000000</Keywords><TimeCreated SystemTime='2024-10-22T23:16:34.4901457Z'/><EventRecordID>94565</EventRecordID><Correlation/><Execution ProcessID='3768' ThreadID='4756'/><Channel>Microsoft-Windows-Sysmon/Operational</Channel><Computer>target-PC.furkan.local</Computer><Security UserID='S-1-5-18'/></System><EventData><Data Name='RuleName'>-</Data><Data Name='EventType'>SetValue</Data><Data Name='UtcTime'>2024-10-22 23:16:34.489</Data><Data Name='ProcessGuid'>{d65c0252-324d-6718-3a0c-000000002400}</Data><Data Name='ProcessId'>6608</Data><Data Name='Image'>C:\Program Files (x86)\Microsoft\Edge\Application\msedge.exe</Data><Data Name='TargetObject'>HKLM\System\CurrentControlSet\Services\bam\State\UserSettings\S-1-5-21-1320782582-4191448823-1366989374-1104\\Device\HarddiskVolume2\Program Files (x86)\Microsoft\Edge\Application\msedge.exe</Data><Data Name='Details'>Binary Data</Data><Data Name='User'>FURKAN\bsever</Data></EventData></Event>","2024-10-22T23:16:34.000+0000",,,"TARGET-PC",endpoint,1,,,"<_='://../////'><><_='--'_='{----}'/><></><></><><","XmlWinEventLog:Microsoft-Windows-Sysmon/Operational","XmlWinEventLog:Microsoft-Windows-Sysmon/Operational",splunk,,,,,"'http://schemas.microsoft.com/win/2004/08/events/event'",,,,
,,,,,,,,,,,"'{5770385f-c22a-43e0-bf4c-06f5698ffbd9}'",,,,,,,,,,,,,,,,,,"'Microsoft-Windows-Sysmon'",,,,,,,,,"'3768'",,,,,,"'2024-10-22T23:16:29.3064153Z'",,"'4756'",,"'S-1-5-18'",,,"<Event xmlns='http://schemas.microsoft.com/win/2004/08/events/event'><System><Provider Name='Microsoft-Windows-Sysmon' Guid='{5770385f-c22a-43e0-bf4c-06f5698ffbd9}'/><EventID>13</EventID><Version>2</Version><Level>4</Level><Task>13</Task><Opcode>0</Opcode><Keywords>0x8000000000000000</Keywords><TimeCreated SystemTime='2024-10-22T23:16:29.3064153Z'/><EventRecordID>94564</EventRecordID><Correlation/><Execution ProcessID='3768' ThreadID='4756'/><Channel>Microsoft-Windows-Sysmon/Operational</Channel><Computer>target-PC.furkan.local</Computer><Security UserID='S-1-5-18'/></System><EventData><Data Name='RuleName'>-</Data><Data Name='EventType'>SetValue</Data><Data Name='UtcTime'>2024-10-22 23:16:29.304</Data><Data Name='ProcessGuid'>{d65c0252-1212-6718-b807-000000002400}</Data><Data Name='ProcessId'>8476</Data><Data Name='Image'>C:\Program Files (x86)\Microsoft\Edge\Application\msedge.exe</Data><Data Name='TargetObject'>HKLM\System\CurrentControlSet\Services\bam\State\UserSettings\S-1-5-21-1320782582-4191448823-1366989374-1104\\Device\HarddiskVolume2\Program Files (x86)\Microsoft\Edge\Application\msedge.exe</Data><Data Name='Details'>Binary Data</Data><Data Name='User'>FURKAN\bsever</Data></EventData></Event>","2024-10-22T23:16:29.000+0000",,,"TARGET-PC",endpoint,1,,,"<_='://../////'><><_='--'_='{----}'/><></><></><><","XmlWinEventLog:Microsoft-Windows-Sysmon/Operational","XmlWinEventLog:Microsoft-Windows-Sysmon/Operational",splunk,,,,,"'http://schemas.microsoft.com/win/2004/08/events/event'",,,,
,,,,,,,,,,,"'{5770385f-c22a-43e0-bf4c-06f5698ffbd9}'",,,,,,,,,,,,,,,,,,"'Microsoft-Windows-Sysmon'",,,,,,,,,"'3768'",,,,,,"'2024-10-22T23:16:27.5309596Z'",,"'4756'",,"'S-1-5-18'",,,"<Event xmlns='http://schemas.microsoft.com/win/2004/08/events/event'><System><Provider Name='Microsoft-Windows-Sysmon' Guid='{5770385f-c22a-43e0-bf4c-06f5698ffbd9}'/><EventID>13</EventID><Version>2</Version><Level>4</Level><Task>13</Task><Opcode>0</Opcode><Keywords>0x8000000000000000</Keywords><TimeCreated SystemTime='2024-10-22T23:16:27.5309596Z'/><EventRecordID>94563</EventRecordID><Correlation/><Execution ProcessID='3768' ThreadID='4756'/><Channel>Microsoft-Windows-Sysmon/Operational</Channel><Computer>target-PC.furkan.local</Computer><Security UserID='S-1-5-18'/></System><EventData><Data Name='RuleName'>-</Data><Data Name='EventType'>SetValue</Data><Data Name='UtcTime'>2024-10-22 23:16:27.529</Data><Data Name='ProcessGuid'>{d65c0252-1212-6718-b807-000000002400}</Data><Data Name='ProcessId'>8476</Data><Data Name='Image'>C:\Program Files (x86)\Microsoft\Edge\Application\msedge.exe</Data><Data Name='TargetObject'>HKLM\System\CurrentControlSet\Services\bam\State\UserSettings\S-1-5-21-1320782582-4191448823-1366989374-1104\\Device\HarddiskVolume2\Program Files (x86)\Microsoft\Edge\Application\msedge.exe</Data><Data Name='Details'>Binary Data</Data><Data Name='User'>FURKAN\bsever</Data></EventData></Event>","2024-10-22T23:16:27.000+0000",,,"TARGET-PC",endpoint,1,,,"<_='://../////'><><_='--'_='{----}'/><></><></><><","XmlWinEventLog:Microsoft-Windows-Sysmon/Operational","XmlWinEventLog:Microsoft-Windows-Sysmon/Operational",splunk,,,,,"'http://schemas.microsoft.com/win/2004/08/events/event'",,,,
,,,,,,,,,,,"'{5770385f-c22a-43e0-bf4c-06f5698ffbd9}'",,,,,,,,,,,,,,,,,,"'Microsoft-Windows-Sysmon'",,,,,,,,,"'3768'",,,,,,"'2024-10-22T23:16:26.0833495Z'",,"'4756'",,"'S-1-5-18'",,,"<Event xmlns='http://schemas.microsoft.com/win/2004/08/events/event'><System><Provider Name='Microsoft-Windows-Sysmon' Guid='{5770385f-c22a-43e0-bf4c-06f5698ffbd9}'/><EventID>13</EventID><Version>2</Version><Level>4</Level><Task>13</Task><Opcode>0</Opcode><Keywords>0x8000000000000000</Keywords><TimeCreated SystemTime='2024-10-22T23:16:26.0833495Z'/><EventRecordID>94562</EventRecordID><Correlation/><Execution ProcessID='3768' ThreadID='4756'/><Channel>Microsoft-Windows-Sysmon/Operational</Channel><Computer>target-PC.furkan.local</Computer><Security UserID='S-1-5-18'/></System><EventData><Data Name='RuleName'>-</Data><Data Name='EventType'>SetValue</Data><Data Name='UtcTime'>2024-10-22 23:16:26.080</Data><Data Name='ProcessGuid'>{d65c0252-1212-6718-b807-000000002400}</Data><Data Name='ProcessId'>8476</Data><Data Name='Image'>C:\Program Files (x86)\Microsoft\Edge\Application\msedge.exe</Data><Data Name='TargetObject'>HKLM\System\CurrentControlSet\Services\bam\State\UserSettings\S-1-5-21-1320782582-4191448823-1366989374-1104\\Device\HarddiskVolume2\Program Files (x86)\Microsoft\Edge\Application\msedge.exe</Data><Data Name='Details'>Binary Data</Data><Data Name='User'>FURKAN\bsever</Data></EventData></Event>","2024-10-22T23:16:26.000+0000",,,"TARGET-PC",endpoint,1,,,"<_='://../////'><><_='--'_='{----}'/><></><></><><","XmlWinEventLog:Microsoft-Windows-Sysmon/Operational","XmlWinEventLog:Microsoft-Windows-Sysmon/Operational",splunk,,,,,"'http://schemas.microsoft.com/win/2004/08/events/event'",,,,
,,,,,,,,,,,"'{5770385f-c22a-43e0-bf4c-06f5698ffbd9}'",,,,,,,,,,,,,,,,,,"'Microsoft-Windows-Sysmon'",,,,,,,,,"'3768'",,,,,,"'2024-10-22T23:14:29.9743006Z'",,"'4756'",,"'S-1-5-18'",,,"<Event xmlns='http://schemas.microsoft.com/win/2004/08/events/event'><System><Provider Name='Microsoft-Windows-Sysmon' Guid='{5770385f-c22a-43e0-bf4c-06f5698ffbd9}'/><EventID>13</EventID><Version>2</Version><Level>4</Level><Task>13</Task><Opcode>0</Opcode><Keywords>0x8000000000000000</Keywords><TimeCreated SystemTime='2024-10-22T23:14:29.9743006Z'/><EventRecordID>94561</EventRecordID><Correlation/><Execution ProcessID='3768' ThreadID='4756'/><Channel>Microsoft-Windows-Sysmon/Operational</Channel><Computer>target-PC.furkan.local</Computer><Security UserID='S-1-5-18'/></System><EventData><Data Name='RuleName'>-</Data><Data Name='EventType'>SetValue</Data><Data Name='UtcTime'>2024-10-22 23:14:29.973</Data><Data Name='ProcessGuid'>{d65c0252-31d0-6718-270c-000000002400}</Data><Data Name='ProcessId'>6356</Data><Data Name='Image'>C:\Program Files (x86)\Microsoft\Edge\Application\msedge.exe</Data><Data Name='TargetObject'>HKLM\System\CurrentControlSet\Services\bam\State\UserSettings\S-1-5-21-1320782582-4191448823-1366989374-1104\\Device\HarddiskVolume2\Program Files (x86)\Microsoft\Edge\Application\msedge.exe</Data><Data Name='Details'>Binary Data</Data><Data Name='User'>FURKAN\bsever</Data></EventData></Event>","2024-10-22T23:14:29.000+0000",,,"TARGET-PC",endpoint,1,,,"<_='://../////'><><_='--'_='{----}'/><></><></><><","XmlWinEventLog:Microsoft-Windows-Sysmon/Operational","XmlWinEventLog:Microsoft-Windows-Sysmon/Operational",splunk,,,,,"'http://schemas.microsoft.com/win/2004/08/events/event'",,,,
,,,,,,,,,,,"'{5770385f-c22a-43e0-bf4c-06f5698ffbd9}'",,,,,,,,,,,,,,,,,,"'Microsoft-Windows-Sysmon'",,,,,,,,,"'3768'",,,,,,"'2024-10-22T23:14:25.7376221Z'",,"'4080'",,"'S-1-5-18'",,,"<Event xmlns='http://schemas.microsoft.com/win/2004/08/events/event'><System><Provider Name='Microsoft-Windows-Sysmon' Guid='{5770385f-c22a-43e0-bf4c-06f5698ffbd9}'/><EventID>22</EventID><Version>5</Version><Level>4</Level><Task>22</Task><Opcode>0</Opcode><Keywords>0x8000000000000000</Keywords><TimeCreated SystemTime='2024-10-22T23:14:25.7376221Z'/><EventRecordID>94560</EventRecordID><Correlation/><Execution ProcessID='3768' ThreadID='4080'/><Channel>Microsoft-Windows-Sysmon/Operational</Channel><Computer>target-PC.furkan.local</Computer><Security UserID='S-1-5-18'/></System><EventData><Data Name='RuleName'>-</Data><Data Name='UtcTime'>2024-10-22 23:14:23.545</Data><Data Name='ProcessGuid'>{d65c0252-1217-6718-bd07-000000002400}</Data><Data Name='ProcessId'>4488</Data><Data Name='QueryName'>connect.facebook.net</Data><Data Name='QueryStatus'>0</Data><Data Name='QueryResults'>type:  5 scontent.xx.fbcdn.net;185.60.218.24;</Data><Data Name='Image'>C:\Program Files (x86)\Microsoft\Edge\Application\msedge.exe</Data><Data Name='User'>FURKAN\bsever</Data></EventData></Event>","2024-10-22T23:14:25.000+0000",,,"TARGET-PC",endpoint,1,,,"<_='://../////'><><_='--'_='{----}'/><></><></><><","XmlWinEventLog:Microsoft-Windows-Sysmon/Operational","XmlWinEventLog:Microsoft-Windows-Sysmon/Operational",splunk,,,,,"'http://schemas.microsoft.com/win/2004/08/events/event'",,,,
,,,,,,,,,,,"'{5770385f-c22a-43e0-bf4c-06f5698ffbd9}'",,,,,,,,,,,,,,,,,,"'Microsoft-Windows-Sysmon'",,,,,,,,,"'3768'",,,,,,"'2024-10-22T23:14:24.7531005Z'",,"'4756'",,"'S-1-5-18'",,,"<Event xmlns='http://schemas.microsoft.com/win/2004/08/events/event'><System><Provider Name='Microsoft-Windows-Sysmon' Guid='{5770385f-c22a-43e0-bf4c-06f5698ffbd9}'/><EventID>13</EventID><Version>2</Version><Level>4</Level><Task>13</Task><Opcode>0</Opcode><Keywords>0x8000000000000000</Keywords><TimeCreated SystemTime='2024-10-22T23:14:24.7531005Z'/><EventRecordID>94559</EventRecordID><Correlation/><Execution ProcessID='3768' ThreadID='4756'/><Channel>Microsoft-Windows-Sysmon/Operational</Channel><Computer>target-PC.furkan.local</Computer><Security UserID='S-1-5-18'/></System><EventData><Data Name='RuleName'>-</Data><Data Name='EventType'>SetValue</Data><Data Name='UtcTime'>2024-10-22 23:14:24.752</Data><Data Name='ProcessGuid'>{d65c0252-1212-6718-b807-000000002400}</Data><Data Name='ProcessId'>8476</Data><Data Name='Image'>C:\Program Files (x86)\Microsoft\Edge\Application\msedge.exe</Data><Data Name='TargetObject'>HKLM\System\CurrentControlSet\Services\bam\State\UserSettings\S-1-5-21-1320782582-4191448823-1366989374-1104\\Device\HarddiskVolume2\Program Files (x86)\Microsoft\Edge\Application\msedge.exe</Data><Data Name='Details'>Binary Data</Data><Data Name='User'>FURKAN\bsever</Data></EventData></Event>","2024-10-22T23:14:24.000+0000",,,"TARGET-PC",endpoint,1,,,"<_='://../////'><><_='--'_='{----}'/><></><></><><","XmlWinEventLog:Microsoft-Windows-Sysmon/Operational","XmlWinEventLog:Microsoft-Windows-Sysmon/Operational",splunk,,,,,"'http://schemas.microsoft.com/win/2004/08/events/event'",,,,
,,,,,,,,,,,"'{5770385f-c22a-43e0-bf4c-06f5698ffbd9}'",,,,,,,,"22019FF0DD6B140CC5C75C9E26641C22</Data><Data Name='Signed'>true</Data><Data Name='Signature'>Microsoft",,,,,,,,B4826ABFB7EA0D3F4F6D6BB9EF6BD420,,"'Microsoft-Windows-Sysmon'",,,,,,,,,"'3768'",,D79447E28B131505B29B00A7E2CFDE43351BECAF,1318F1E47221367D55DA458AA2776233A78F30722DD5B02BC7CAC9828F212330,,,"'2024-10-22T23:07:21.9700187Z'",,"'4756'",,"'S-1-5-18'",,,"<Event xmlns='http://schemas.microsoft.com/win/2004/08/events/event'><System><Provider Name='Microsoft-Windows-Sysmon' Guid='{5770385f-c22a-43e0-bf4c-06f5698ffbd9}'/><EventID>7</EventID><Version>3</Version><Level>4</Level><Task>7</Task><Opcode>0</Opcode><Keywords>0x8000000000000000</Keywords><TimeCreated SystemTime='2024-10-22T23:07:21.9700187Z'/><EventRecordID>94554</EventRecordID><Correlation/><Execution ProcessID='3768' ThreadID='4756'/><Channel>Microsoft-Windows-Sysmon/Operational</Channel><Computer>target-PC.furkan.local</Computer><Security UserID='S-1-5-18'/></System><EventData><Data Name='RuleName'>-</Data><Data Name='UtcTime'>2024-10-22 23:07:21.966</Data><Data Name='ProcessGuid'>{d65c0252-3028-6718-f90b-000000002400}</Data><Data Name='ProcessId'>9176</Data><Data Name='Image'>C:\Windows\System32\backgroundTaskHost.exe</Data><Data Name='ImageLoaded'>C:\Windows\System32\urlmon.dll</Data><Data Name='FileVersion'>11.00.19041.4894 (WinBuild.160101.0800)</Data><Data Name='Description'>OLE32 Extensions for Win32</Data><Data Name='Product'>Internet Explorer</Data><Data Name='Company'>Microsoft Corporation</Data><Data Name='OriginalFileName'>UrlMon.dll</Data><Data Name='Hashes'>SHA1=D79447E28B131505B29B00A7E2CFDE43351BECAF,MD5=B4826ABFB7EA0D3F4F6D6BB9EF6BD420,SHA256=1318F1E47221367D55DA458AA2776233A78F30722DD5B02BC7CAC9828F212330,IMPHASH=22019FF0DD6B140CC5C75C9E26641C22</Data><Data Name='Signed'>true</Data><Data Name='Signature'>Microsoft Windows</Data><Data Name='SignatureStatus'>Valid</Data><Data Name='User'>FURKAN\bsever</Data></EventData></Event>","2024-10-22T23:07:21.000+0000",,,"TARGET-PC",endpoint,1,,,"<_='://../////'><><_='--'_='{----}'/><></><></><><","XmlWinEventLog:Microsoft-Windows-Sysmon/Operational","XmlWinEventLog:Microsoft-Windows-Sysmon/Operational",splunk,,,,,"'http://schemas.microsoft.com/win/2004/08/events/event'",,,,
,,,,,,,,,,,"'{5770385f-c22a-43e0-bf4c-06f5698ffbd9}'",,,,,,,,,,,,,,,,,,"'Microsoft-Windows-Sysmon'",,,,,,,,,"'3768'",,,,,,"'2024-10-22T23:06:12.2126964Z'",,"'4756'",,"'S-1-5-18'",,,"<Event xmlns='http://schemas.microsoft.com/win/2004/08/events/event'><System><Provider Name='Microsoft-Windows-Sysmon' Guid='{5770385f-c22a-43e0-bf4c-06f5698ffbd9}'/><EventID>13</EventID><Version>2</Version><Level>4</Level><Task>13</Task><Opcode>0</Opcode><Keywords>0x8000000000000000</Keywords><TimeCreated SystemTime='2024-10-22T23:06:12.2126964Z'/><EventRecordID>94552</EventRecordID><Correlation/><Execution ProcessID='3768' ThreadID='4756'/><Channel>Microsoft-Windows-Sysmon/Operational</Channel><Computer>target-PC.furkan.local</Computer><Security UserID='S-1-5-18'/></System><EventData><Data Name='RuleName'>-</Data><Data Name='EventType'>SetValue</Data><Data Name='UtcTime'>2024-10-22 23:06:12.211</Data><Data Name='ProcessGuid'>{d65c0252-2fd8-6718-ee0b-000000002400}</Data><Data Name='ProcessId'>5316</Data><Data Name='Image'>C:\Program Files (x86)\Microsoft\Edge\Application\msedge.exe</Data><Data Name='TargetObject'>HKLM\System\CurrentControlSet\Services\bam\State\UserSettings\S-1-5-21-1320782582-4191448823-1366989374-1104\\Device\HarddiskVolume2\Program Files (x86)\Microsoft\Edge\Application\msedge.exe</Data><Data Name='Details'>Binary Data</Data><Data Name='User'>FURKAN\bsever</Data></EventData></Event>","2024-10-22T23:06:12.000+0000",,,"TARGET-PC",endpoint,1,,,"<_='://../////'><><_='--'_='{----}'/><></><></><><","XmlWinEventLog:Microsoft-Windows-Sysmon/Operational","XmlWinEventLog:Microsoft-Windows-Sysmon/Operational",splunk,,,,,"'http://schemas.microsoft.com/win/2004/08/events/event'",,,,
,,,,,,,,,,,"'{5770385f-c22a-43e0-bf4c-06f5698ffbd9}'",,,,,,,,,,,,,,,,,,"'Microsoft-Windows-Sysmon'",,,,,,,,,"'3768'",,,,,,"'2024-10-22T23:06:07.1384950Z'",,"'4756'",,"'S-1-5-18'",,,"<Event xmlns='http://schemas.microsoft.com/win/2004/08/events/event'><System><Provider Name='Microsoft-Windows-Sysmon' Guid='{5770385f-c22a-43e0-bf4c-06f5698ffbd9}'/><EventID>13</EventID><Version>2</Version><Level>4</Level><Task>13</Task><Opcode>0</Opcode><Keywords>0x8000000000000000</Keywords><TimeCreated SystemTime='2024-10-22T23:06:07.1384950Z'/><EventRecordID>94551</EventRecordID><Correlation/><Execution ProcessID='3768' ThreadID='4756'/><Channel>Microsoft-Windows-Sysmon/Operational</Channel><Computer>target-PC.furkan.local</Computer><Security UserID='S-1-5-18'/></System><EventData><Data Name='RuleName'>-</Data><Data Name='EventType'>SetValue</Data><Data Name='UtcTime'>2024-10-22 23:06:07.137</Data><Data Name='ProcessGuid'>{d65c0252-1212-6718-b807-000000002400}</Data><Data Name='ProcessId'>8476</Data><Data Name='Image'>C:\Program Files (x86)\Microsoft\Edge\Application\msedge.exe</Data><Data Name='TargetObject'>HKLM\System\CurrentControlSet\Services\bam\State\UserSettings\S-1-5-21-1320782582-4191448823-1366989374-1104\\Device\HarddiskVolume2\Program Files (x86)\Microsoft\Edge\Application\msedge.exe</Data><Data Name='Details'>Binary Data</Data><Data Name='User'>FURKAN\bsever</Data></EventData></Event>","2024-10-22T23:06:07.000+0000",,,"TARGET-PC",endpoint,1,,,"<_='://../////'><><_='--'_='{----}'/><></><></><><","XmlWinEventLog:Microsoft-Windows-Sysmon/Operational","XmlWinEventLog:Microsoft-Windows-Sysmon/Operational",splunk,,,,,"'http://schemas.microsoft.com/win/2004/08/events/event'",,,,
,,,,,,,,,,,"'{5770385f-c22a-43e0-bf4c-06f5698ffbd9}'",,,,,,,,,,,,,,,,,,"'Microsoft-Windows-Sysmon'",,,,,,,,,"'3768'",,,,,,"'2024-10-22T23:06:06.9083106Z'",,"'4756'",,"'S-1-5-18'",,,"<Event xmlns='http://schemas.microsoft.com/win/2004/08/events/event'><System><Provider Name='Microsoft-Windows-Sysmon' Guid='{5770385f-c22a-43e0-bf4c-06f5698ffbd9}'/><EventID>13</EventID><Version>2</Version><Level>4</Level><Task>13</Task><Opcode>0</Opcode><Keywords>0x8000000000000000</Keywords><TimeCreated SystemTime='2024-10-22T23:06:06.9083106Z'/><EventRecordID>94550</EventRecordID><Correlation/><Execution ProcessID='3768' ThreadID='4756'/><Channel>Microsoft-Windows-Sysmon/Operational</Channel><Computer>target-PC.furkan.local</Computer><Security UserID='S-1-5-18'/></System><EventData><Data Name='RuleName'>-</Data><Data Name='EventType'>SetValue</Data><Data Name='UtcTime'>2024-10-22 23:06:06.906</Data><Data Name='ProcessGuid'>{d65c0252-1b56-6718-6c09-000000002400}</Data><Data Name='ProcessId'>7536</Data><Data Name='Image'>C:\Program Files (x86)\Microsoft\Edge\Application\msedge.exe</Data><Data Name='TargetObject'>HKLM\System\CurrentControlSet\Services\bam\State\UserSettings\S-1-5-21-1320782582-4191448823-1366989374-1104\\Device\HarddiskVolume2\Program Files (x86)\Microsoft\Edge\Application\msedge.exe</Data><Data Name='Details'>Binary Data</Data><Data Name='User'>FURKAN\bsever</Data></EventData></Event>","2024-10-22T23:06:06.000+0000",,,"TARGET-PC",endpoint,1,,,"<_='://../////'><><_='--'_='{----}'/><></><></><><","XmlWinEventLog:Microsoft-Windows-Sysmon/Operational","XmlWinEventLog:Microsoft-Windows-Sysmon/Operational",splunk,,,,,"'http://schemas.microsoft.com/win/2004/08/events/event'",,,,
,,,,,,,,,,,"'{5770385f-c22a-43e0-bf4c-06f5698ffbd9}'",,,,,,,,,,,,,,,,,,"'Microsoft-Windows-Sysmon'",,,,,,,,,"'3768'",,,,,,"'2024-10-22T23:06:00.5419187Z'",,"'4756'",,"'S-1-5-18'",,,"<Event xmlns='http://schemas.microsoft.com/win/2004/08/events/event'><System><Provider Name='Microsoft-Windows-Sysmon' Guid='{5770385f-c22a-43e0-bf4c-06f5698ffbd9}'/><EventID>13</EventID><Version>2</Version><Level>4</Level><Task>13</Task><Opcode>0</Opcode><Keywords>0x8000000000000000</Keywords><TimeCreated SystemTime='2024-10-22T23:06:00.5419187Z'/><EventRecordID>94549</EventRecordID><Correlation/><Execution ProcessID='3768' ThreadID='4756'/><Channel>Microsoft-Windows-Sysmon/Operational</Channel><Computer>target-PC.furkan.local</Computer><Security UserID='S-1-5-18'/></System><EventData><Data Name='RuleName'>-</Data><Data Name='EventType'>SetValue</Data><Data Name='UtcTime'>2024-10-22 23:06:00.541</Data><Data Name='ProcessGuid'>{d65c0252-1212-6718-b807-000000002400}</Data><Data Name='ProcessId'>8476</Data><Data Name='Image'>C:\Program Files (x86)\Microsoft\Edge\Application\msedge.exe</Data><Data Name='TargetObject'>HKLM\System\CurrentControlSet\Services\bam\State\UserSettings\S-1-5-21-1320782582-4191448823-1366989374-1104\\Device\HarddiskVolume2\Program Files (x86)\Microsoft\Edge\Application\msedge.exe</Data><Data Name='Details'>Binary Data</Data><Data Name='User'>FURKAN\bsever</Data></EventData></Event>","2024-10-22T23:06:00.000+0000",,,"TARGET-PC",endpoint,1,,,"<_='://../////'><><_='--'_='{----}'/><></><></><><","XmlWinEventLog:Microsoft-Windows-Sysmon/Operational","XmlWinEventLog:Microsoft-Windows-Sysmon/Operational",splunk,,,,,"'http://schemas.microsoft.com/win/2004/08/events/event'",,,,
,,,,,,,,,,,"'{5770385f-c22a-43e0-bf4c-06f5698ffbd9}'",,,,,,,,"22019FF0DD6B140CC5C75C9E26641C22</Data><Data Name='Signed'>true</Data><Data Name='Signature'>Microsoft",,,,,,,,B4826ABFB7EA0D3F4F6D6BB9EF6BD420,,"'Microsoft-Windows-Sysmon'",,,,,,,,,"'3768'",,D79447E28B131505B29B00A7E2CFDE43351BECAF,1318F1E47221367D55DA458AA2776233A78F30722DD5B02BC7CAC9828F212330,,,"'2024-10-22T23:05:19.6542157Z'",,"'4756'",,"'S-1-5-18'",,,"<Event xmlns='http://schemas.microsoft.com/win/2004/08/events/event'><System><Provider Name='Microsoft-Windows-Sysmon' Guid='{5770385f-c22a-43e0-bf4c-06f5698ffbd9}'/><EventID>7</EventID><Version>3</Version><Level>4</Level><Task>7</Task><Opcode>0</Opcode><Keywords>0x8000000000000000</Keywords><TimeCreated SystemTime='2024-10-22T23:05:19.6542157Z'/><EventRecordID>94548</EventRecordID><Correlation/><Execution ProcessID='3768' ThreadID='4756'/><Channel>Microsoft-Windows-Sysmon/Operational</Channel><Computer>target-PC.furkan.local</Computer><Security UserID='S-1-5-18'/></System><EventData><Data Name='RuleName'>-</Data><Data Name='UtcTime'>2024-10-22 23:05:19.653</Data><Data Name='ProcessGuid'>{d65c0252-2faf-6718-e50b-000000002400}</Data><Data Name='ProcessId'>3816</Data><Data Name='Image'>C:\Windows\System32\smartscreen.exe</Data><Data Name='ImageLoaded'>C:\Windows\System32\urlmon.dll</Data><Data Name='FileVersion'>11.00.19041.4894 (WinBuild.160101.0800)</Data><Data Name='Description'>OLE32 Extensions for Win32</Data><Data Name='Product'>Internet Explorer</Data><Data Name='Company'>Microsoft Corporation</Data><Data Name='OriginalFileName'>UrlMon.dll</Data><Data Name='Hashes'>SHA1=D79447E28B131505B29B00A7E2CFDE43351BECAF,MD5=B4826ABFB7EA0D3F4F6D6BB9EF6BD420,SHA256=1318F1E47221367D55DA458AA2776233A78F30722DD5B02BC7CAC9828F212330,IMPHASH=22019FF0DD6B140CC5C75C9E26641C22</Data><Data Name='Signed'>true</Data><Data Name='Signature'>Microsoft Windows</Data><Data Name='SignatureStatus'>Valid</Data><Data Name='User'>FURKAN\bsever</Data></EventData></Event>","2024-10-22T23:05:19.000+0000",,,"TARGET-PC",endpoint,1,,,"<_='://../////'><><_='--'_='{----}'/><></><></><><","XmlWinEventLog:Microsoft-Windows-Sysmon/Operational","XmlWinEventLog:Microsoft-Windows-Sysmon/Operational",splunk,,,,,"'http://schemas.microsoft.com/win/2004/08/events/event'",,,,
,,,,,,,,,,,"'{5770385f-c22a-43e0-bf4c-06f5698ffbd9}'",,,,,,,,,,,,,,,,,,"'Microsoft-Windows-Sysmon'",,,,,,,,,"'3768'",,,,,,"'2024-10-22T23:04:32.8531556Z'",,"'4756'",,"'S-1-5-18'",,,"<Event xmlns='http://schemas.microsoft.com/win/2004/08/events/event'><System><Provider Name='Microsoft-Windows-Sysmon' Guid='{5770385f-c22a-43e0-bf4c-06f5698ffbd9}'/><EventID>13</EventID><Version>2</Version><Level>4</Level><Task>13</Task><Opcode>0</Opcode><Keywords>0x8000000000000000</Keywords><TimeCreated SystemTime='2024-10-22T23:04:32.8531556Z'/><EventRecordID>94547</EventRecordID><Correlation/><Execution ProcessID='3768' ThreadID='4756'/><Channel>Microsoft-Windows-Sysmon/Operational</Channel><Computer>target-PC.furkan.local</Computer><Security UserID='S-1-5-18'/></System><EventData><Data Name='RuleName'>-</Data><Data Name='EventType'>SetValue</Data><Data Name='UtcTime'>2024-10-22 23:04:32.851</Data><Data Name='ProcessGuid'>{d65c0252-2f7b-6718-e10b-000000002400}</Data><Data Name='ProcessId'>868</Data><Data Name='Image'>C:\Program Files (x86)\Microsoft\Edge\Application\msedge.exe</Data><Data Name='TargetObject'>HKLM\System\CurrentControlSet\Services\bam\State\UserSettings\S-1-5-21-1320782582-4191448823-1366989374-1104\\Device\HarddiskVolume2\Program Files (x86)\Microsoft\Edge\Application\msedge.exe</Data><Data Name='Details'>Binary Data</Data><Data Name='User'>FURKAN\bsever</Data></EventData></Event>","2024-10-22T23:04:32.000+0000",,,"TARGET-PC",endpoint,1,,,"<_='://../////'><><_='--'_='{----}'/><></><></><><","XmlWinEventLog:Microsoft-Windows-Sysmon/Operational","XmlWinEventLog:Microsoft-Windows-Sysmon/Operational",splunk,,,,,"'http://schemas.microsoft.com/win/2004/08/events/event'",,,,
,,,,,,,,,,,"'{5770385f-c22a-43e0-bf4c-06f5698ffbd9}'",,,,,,,,,,,,,,,,,,"'Microsoft-Windows-Sysmon'",,,,,,,,,"'3768'",,,,,,"'2024-10-22T23:04:27.6248033Z'",,"'4756'",,"'S-1-5-18'",,,"<Event xmlns='http://schemas.microsoft.com/win/2004/08/events/event'><System><Provider Name='Microsoft-Windows-Sysmon' Guid='{5770385f-c22a-43e0-bf4c-06f5698ffbd9}'/><EventID>13</EventID><Version>2</Version><Level>4</Level><Task>13</Task><Opcode>0</Opcode><Keywords>0x8000000000000000</Keywords><TimeCreated SystemTime='2024-10-22T23:04:27.6248033Z'/><EventRecordID>94546</EventRecordID><Correlation/><Execution ProcessID='3768' ThreadID='4756'/><Channel>Microsoft-Windows-Sysmon/Operational</Channel><Computer>target-PC.furkan.local</Computer><Security UserID='S-1-5-18'/></System><EventData><Data Name='RuleName'>-</Data><Data Name='EventType'>SetValue</Data><Data Name='UtcTime'>2024-10-22 23:04:27.624</Data><Data Name='ProcessGuid'>{d65c0252-1212-6718-b807-000000002400}</Data><Data Name='ProcessId'>8476</Data><Data Name='Image'>C:\Program Files (x86)\Microsoft\Edge\Application\msedge.exe</Data><Data Name='TargetObject'>HKLM\System\CurrentControlSet\Services\bam\State\UserSettings\S-1-5-21-1320782582-4191448823-1366989374-1104\\Device\HarddiskVolume2\Program Files (x86)\Microsoft\Edge\Application\msedge.exe</Data><Data Name='Details'>Binary Data</Data><Data Name='User'>FURKAN\bsever</Data></EventData></Event>","2024-10-22T23:04:27.000+0000",,,"TARGET-PC",endpoint,1,,,"<_='://../////'><><_='--'_='{----}'/><></><></><><","XmlWinEventLog:Microsoft-Windows-Sysmon/Operational","XmlWinEventLog:Microsoft-Windows-Sysmon/Operational",splunk,,,,,"'http://schemas.microsoft.com/win/2004/08/events/event'",,,,
,,,,,,,,,,,"'{5770385f-c22a-43e0-bf4c-06f5698ffbd9}'",,,,,,,,,,,,,,,,,,"'Microsoft-Windows-Sysmon'",,,,,,,,,"'3768'",,,,,,"'2024-10-22T23:04:27.3714211Z'",,"'4756'",,"'S-1-5-18'",,,"<Event xmlns='http://schemas.microsoft.com/win/2004/08/events/event'><System><Provider Name='Microsoft-Windows-Sysmon' Guid='{5770385f-c22a-43e0-bf4c-06f5698ffbd9}'/><EventID>13</EventID><Version>2</Version><Level>4</Level><Task>13</Task><Opcode>0</Opcode><Keywords>0x8000000000000000</Keywords><TimeCreated SystemTime='2024-10-22T23:04:27.3714211Z'/><EventRecordID>94545</EventRecordID><Correlation/><Execution ProcessID='3768' ThreadID='4756'/><Channel>Microsoft-Windows-Sysmon/Operational</Channel><Computer>target-PC.furkan.local</Computer><Security UserID='S-1-5-18'/></System><EventData><Data Name='RuleName'>-</Data><Data Name='EventType'>SetValue</Data><Data Name='UtcTime'>2024-10-22 23:04:27.370</Data><Data Name='ProcessGuid'>{d65c0252-2f6f-6718-db0b-000000002400}</Data><Data Name='ProcessId'>10264</Data><Data Name='Image'>C:\Program Files (x86)\Microsoft\Edge\Application\msedge.exe</Data><Data Name='TargetObject'>HKLM\System\CurrentControlSet\Services\bam\State\UserSettings\S-1-5-21-1320782582-4191448823-1366989374-1104\\Device\HarddiskVolume2\Program Files (x86)\Microsoft\Edge\Application\msedge.exe</Data><Data Name='Details'>Binary Data</Data><Data Name='User'>FURKAN\bsever</Data></EventData></Event>","2024-10-22T23:04:27.000+0000",,,"TARGET-PC",endpoint,1,,,"<_='://../////'><><_='--'_='{----}'/><></><></><><","XmlWinEventLog:Microsoft-Windows-Sysmon/Operational","XmlWinEventLog:Microsoft-Windows-Sysmon/Operational",splunk,,,,,"'http://schemas.microsoft.com/win/2004/08/events/event'",,,,
,,,,,,,,,,,"'{5770385f-c22a-43e0-bf4c-06f5698ffbd9}'",,,,,,,,,,,,,,,,,,"'Microsoft-Windows-Sysmon'",,,,,,,,,"'3768'",,,,,,"'2024-10-22T23:04:20.2709538Z'",,"'4756'",,"'S-1-5-18'",,,"<Event xmlns='http://schemas.microsoft.com/win/2004/08/events/event'><System><Provider Name='Microsoft-Windows-Sysmon' Guid='{5770385f-c22a-43e0-bf4c-06f5698ffbd9}'/><EventID>13</EventID><Version>2</Version><Level>4</Level><Task>13</Task><Opcode>0</Opcode><Keywords>0x8000000000000000</Keywords><TimeCreated SystemTime='2024-10-22T23:04:20.2709538Z'/><EventRecordID>94544</EventRecordID><Correlation/><Execution ProcessID='3768' ThreadID='4756'/><Channel>Microsoft-Windows-Sysmon/Operational</Channel><Computer>target-PC.furkan.local</Computer><Security UserID='S-1-5-18'/></System><EventData><Data Name='RuleName'>-</Data><Data Name='EventType'>SetValue</Data><Data Name='UtcTime'>2024-10-22 23:04:20.269</Data><Data Name='ProcessGuid'>{d65c0252-2f6f-6718-dc0b-000000002400}</Data><Data Name='ProcessId'>1296</Data><Data Name='Image'>C:\Program Files (x86)\Microsoft\Edge\Application\msedge.exe</Data><Data Name='TargetObject'>HKLM\System\CurrentControlSet\Services\bam\State\UserSettings\S-1-5-21-1320782582-4191448823-1366989374-1104\\Device\HarddiskVolume2\Program Files (x86)\Microsoft\Edge\Application\msedge.exe</Data><Data Name='Details'>Binary Data</Data><Data Name='User'>FURKAN\bsever</Data></EventData></Event>","2024-10-22T23:04:20.000+0000",,,"TARGET-PC",endpoint,1,,,"<_='://../////'><><_='--'_='{----}'/><></><></><><","XmlWinEventLog:Microsoft-Windows-Sysmon/Operational","XmlWinEventLog:Microsoft-Windows-Sysmon/Operational",splunk,,,,,"'http://schemas.microsoft.com/win/2004/08/events/event'",,,,
,,,,,,,,,,,"'{5770385f-c22a-43e0-bf4c-06f5698ffbd9}'",,,,,,,,,,,,,,,,,,"'Microsoft-Windows-Sysmon'",,,,,,,,,"'3768'",,,,,,"'2024-10-22T23:04:17.2356204Z'",,"'4756'",,"'S-1-5-18'",,,"<Event xmlns='http://schemas.microsoft.com/win/2004/08/events/event'><System><Provider Name='Microsoft-Windows-Sysmon' Guid='{5770385f-c22a-43e0-bf4c-06f5698ffbd9}'/><EventID>13</EventID><Version>2</Version><Level>4</Level><Task>13</Task><Opcode>0</Opcode><Keywords>0x8000000000000000</Keywords><TimeCreated SystemTime='2024-10-22T23:04:17.2356204Z'/><EventRecordID>94543</EventRecordID><Correlation/><Execution ProcessID='3768' ThreadID='4756'/><Channel>Microsoft-Windows-Sysmon/Operational</Channel><Computer>target-PC.furkan.local</Computer><Security UserID='S-1-5-18'/></System><EventData><Data Name='RuleName'>-</Data><Data Name='EventType'>SetValue</Data><Data Name='UtcTime'>2024-10-22 23:04:17.234</Data><Data Name='ProcessGuid'>{d65c0252-1212-6718-b807-000000002400}</Data><Data Name='ProcessId'>8476</Data><Data Name='Image'>C:\Program Files (x86)\Microsoft\Edge\Application\msedge.exe</Data><Data Name='TargetObject'>HKLM\System\CurrentControlSet\Services\bam\State\UserSettings\S-1-5-21-1320782582-4191448823-1366989374-1104\\Device\HarddiskVolume2\Program Files (x86)\Microsoft\Edge\Application\msedge.exe</Data><Data Name='Details'>Binary Data</Data><Data Name='User'>FURKAN\bsever</Data></EventData></Event>","2024-10-22T23:04:17.000+0000",,,"TARGET-PC",endpoint,1,,,"<_='://../////'><><_='--'_='{----}'/><></><></><><","XmlWinEventLog:Microsoft-Windows-Sysmon/Operational","XmlWinEventLog:Microsoft-Windows-Sysmon/Operational",splunk,,,,,"'http://schemas.microsoft.com/win/2004/08/events/event'",,,,
,,,,,,,,,,,"'{5770385f-c22a-43e0-bf4c-06f5698ffbd9}'",,,,,,,,,,,,,,,,,,"'Microsoft-Windows-Sysmon'",,,,,,,,,"'3768'",,,,,,"'2024-10-22T23:04:16.5706900Z'",,"'4756'",,"'S-1-5-18'",,,"<Event xmlns='http://schemas.microsoft.com/win/2004/08/events/event'><System><Provider Name='Microsoft-Windows-Sysmon' Guid='{5770385f-c22a-43e0-bf4c-06f5698ffbd9}'/><EventID>13</EventID><Version>2</Version><Level>4</Level><Task>13</Task><Opcode>0</Opcode><Keywords>0x8000000000000000</Keywords><TimeCreated SystemTime='2024-10-22T23:04:16.5706900Z'/><EventRecordID>94542</EventRecordID><Correlation/><Execution ProcessID='3768' ThreadID='4756'/><Channel>Microsoft-Windows-Sysmon/Operational</Channel><Computer>target-PC.furkan.local</Computer><Security UserID='S-1-5-18'/></System><EventData><Data Name='RuleName'>-</Data><Data Name='EventType'>SetValue</Data><Data Name='UtcTime'>2024-10-22 23:04:16.569</Data><Data Name='ProcessGuid'>{d65c0252-2f6e-6718-da0b-000000002400}</Data><Data Name='ProcessId'>6116</Data><Data Name='Image'>C:\Program Files (x86)\Microsoft\Edge\Application\msedge.exe</Data><Data Name='TargetObject'>HKLM\System\CurrentControlSet\Services\bam\State\UserSettings\S-1-5-21-1320782582-4191448823-1366989374-1104\\Device\HarddiskVolume2\Program Files (x86)\Microsoft\Edge\Application\msedge.exe</Data><Data Name='Details'>Binary Data</Data><Data Name='User'>FURKAN\bsever</Data></EventData></Event>","2024-10-22T23:04:16.000+0000",,,"TARGET-PC",endpoint,1,,,"<_='://../////'><><_='--'_='{----}'/><></><></><><","XmlWinEventLog:Microsoft-Windows-Sysmon/Operational","XmlWinEventLog:Microsoft-Windows-Sysmon/Operational",splunk,,,,,"'http://schemas.microsoft.com/win/2004/08/events/event'",,,,
,,,,,,,,,,,"'{5770385f-c22a-43e0-bf4c-06f5698ffbd9}'",,,,,,,,,,,,,,,,,,"'Microsoft-Windows-Sysmon'",,,,,,,,,"'3768'",,,,,,"'2024-10-22T23:04:15.6565139Z'",,"'4756'",,"'S-1-5-18'",,,"<Event xmlns='http://schemas.microsoft.com/win/2004/08/events/event'><System><Provider Name='Microsoft-Windows-Sysmon' Guid='{5770385f-c22a-43e0-bf4c-06f5698ffbd9}'/><EventID>13</EventID><Version>2</Version><Level>4</Level><Task>13</Task><Opcode>0</Opcode><Keywords>0x8000000000000000</Keywords><TimeCreated SystemTime='2024-10-22T23:04:15.6565139Z'/><EventRecordID>94541</EventRecordID><Correlation/><Execution ProcessID='3768' ThreadID='4756'/><Channel>Microsoft-Windows-Sysmon/Operational</Channel><Computer>target-PC.furkan.local</Computer><Security UserID='S-1-5-18'/></System><EventData><Data Name='RuleName'>-</Data><Data Name='EventType'>SetValue</Data><Data Name='UtcTime'>2024-10-22 23:04:15.623</Data><Data Name='ProcessGuid'>{d65c0252-1212-6718-b807-000000002400}</Data><Data Name='ProcessId'>8476</Data><Data Name='Image'>C:\Program Files (x86)\Microsoft\Edge\Application\msedge.exe</Data><Data Name='TargetObject'>HKLM\System\CurrentControlSet\Services\bam\State\UserSettings\S-1-5-21-1320782582-4191448823-1366989374-1104\\Device\HarddiskVolume2\Program Files (x86)\Microsoft\Edge\Application\msedge.exe</Data><Data Name='Details'>Binary Data</Data><Data Name='User'>FURKAN\bsever</Data></EventData></Event>","2024-10-22T23:04:15.000+0000",,,"TARGET-PC",endpoint,1,,,"<_='://../////'><><_='--'_='{----}'/><></><></><><","XmlWinEventLog:Microsoft-Windows-Sysmon/Operational","XmlWinEventLog:Microsoft-Windows-Sysmon/Operational",splunk,,,,,"'http://schemas.microsoft.com/win/2004/08/events/event'",,,,
,,,,,,,,,,,"'{5770385f-c22a-43e0-bf4c-06f5698ffbd9}'",,,,,,,,,,,,,,,,,,"'Microsoft-Windows-Sysmon'",,,,,,,,,"'3768'",,,,,,"'2024-10-22T23:04:15.5837931Z'",,"'4756'",,"'S-1-5-18'",,,"<Event xmlns='http://schemas.microsoft.com/win/2004/08/events/event'><System><Provider Name='Microsoft-Windows-Sysmon' Guid='{5770385f-c22a-43e0-bf4c-06f5698ffbd9}'/><EventID>13</EventID><Version>2</Version><Level>4</Level><Task>13</Task><Opcode>0</Opcode><Keywords>0x8000000000000000</Keywords><TimeCreated SystemTime='2024-10-22T23:04:15.5837931Z'/><EventRecordID>94540</EventRecordID><Correlation/><Execution ProcessID='3768' ThreadID='4756'/><Channel>Microsoft-Windows-Sysmon/Operational</Channel><Computer>target-PC.furkan.local</Computer><Security UserID='S-1-5-18'/></System><EventData><Data Name='RuleName'>-</Data><Data Name='EventType'>SetValue</Data><Data Name='UtcTime'>2024-10-22 23:04:15.558</Data><Data Name='ProcessGuid'>{d65c0252-1212-6718-b807-000000002400}</Data><Data Name='ProcessId'>8476</Data><Data Name='Image'>C:\Program Files (x86)\Microsoft\Edge\Application\msedge.exe</Data><Data Name='TargetObject'>HKLM\System\CurrentControlSet\Services\bam\State\UserSettings\S-1-5-21-1320782582-4191448823-1366989374-1104\\Device\HarddiskVolume2\Program Files (x86)\Microsoft\Edge\Application\msedge.exe</Data><Data Name='Details'>Binary Data</Data><Data Name='User'>FURKAN\bsever</Data></EventData></Event>","2024-10-22T23:04:15.000+0000",,,"TARGET-PC",endpoint,1,,,"<_='://../////'><><_='--'_='{----}'/><></><></><><","XmlWinEventLog:Microsoft-Windows-Sysmon/Operational","XmlWinEventLog:Microsoft-Windows-Sysmon/Operational",splunk,,,,,"'http://schemas.microsoft.com/win/2004/08/events/event'",,,,
,,,,,,,,,,,"'{5770385f-c22a-43e0-bf4c-06f5698ffbd9}'",,,,,,,,,,,,,,,,,,"'Microsoft-Windows-Sysmon'",,,,,,,,,"'3768'",,,,,,"'2024-10-22T23:04:15.4425059Z'",,"'4756'",,"'S-1-5-18'",,,"<Event xmlns='http://schemas.microsoft.com/win/2004/08/events/event'><System><Provider Name='Microsoft-Windows-Sysmon' Guid='{5770385f-c22a-43e0-bf4c-06f5698ffbd9}'/><EventID>13</EventID><Version>2</Version><Level>4</Level><Task>13</Task><Opcode>0</Opcode><Keywords>0x8000000000000000</Keywords><TimeCreated SystemTime='2024-10-22T23:04:15.4425059Z'/><EventRecordID>94539</EventRecordID><Correlation/><Execution ProcessID='3768' ThreadID='4756'/><Channel>Microsoft-Windows-Sysmon/Operational</Channel><Computer>target-PC.furkan.local</Computer><Security UserID='S-1-5-18'/></System><EventData><Data Name='RuleName'>-</Data><Data Name='EventType'>SetValue</Data><Data Name='UtcTime'>2024-10-22 23:04:15.441</Data><Data Name='ProcessGuid'>{d65c0252-1218-6718-bf07-000000002400}</Data><Data Name='ProcessId'>4996</Data><Data Name='Image'>C:\Program Files (x86)\Microsoft\Edge\Application\msedge.exe</Data><Data Name='TargetObject'>HKLM\System\CurrentControlSet\Services\bam\State\UserSettings\S-1-5-21-1320782582-4191448823-1366989374-1104\\Device\HarddiskVolume2\Program Files (x86)\Microsoft\Edge\Application\msedge.exe</Data><Data Name='Details'>Binary Data</Data><Data Name='User'>FURKAN\bsever</Data></EventData></Event>","2024-10-22T23:04:15.000+0000",,,"TARGET-PC",endpoint,1,,,"<_='://../////'><><_='--'_='{----}'/><></><></><><","XmlWinEventLog:Microsoft-Windows-Sysmon/Operational","XmlWinEventLog:Microsoft-Windows-Sysmon/Operational",splunk,,,,,"'http://schemas.microsoft.com/win/2004/08/events/event'",,,,
