,,,,,,,,,,,"'{5770385f-c22a-43e0-bf4c-06f5698ffbd9}'",,,,,,,,,,,,,,,,,,"'Microsoft-Windows-Sysmon'",,,,,,,,,"'3768'",,,,,,"'2024-10-22T22:49:44.2151996Z'",,"'4756'",,"'S-1-5-18'",,,"<Event xmlns='http://schemas.microsoft.com/win/2004/08/events/event'><System><Provider Name='Microsoft-Windows-Sysmon' Guid='{5770385f-c22a-43e0-bf4c-06f5698ffbd9}'/><EventID>13</EventID><Version>2</Version><Level>4</Level><Task>13</Task><Opcode>0</Opcode><Keywords>0x8000000000000000</Keywords><TimeCreated SystemTime='2024-10-22T22:49:44.2151996Z'/><EventRecordID>94474</EventRecordID><Correlation/><Execution ProcessID='3768' ThreadID='4756'/><Channel>Microsoft-Windows-Sysmon/Operational</Channel><Computer>target-PC.furkan.local</Computer><Security UserID='S-1-5-18'/></System><EventData><Data Name='RuleName'>-</Data><Data Name='EventType'>SetValue</Data><Data Name='UtcTime'>2024-10-22 22:49:44.213</Data><Data Name='ProcessGuid'>{d65c0252-1212-6718-b807-000000002400}</Data><Data Name='ProcessId'>8476</Data><Data Name='Image'>C:\Program Files (x86)\Microsoft\Edge\Application\msedge.exe</Data><Data Name='TargetObject'>HKLM\System\CurrentControlSet\Services\bam\State\UserSettings\S-1-5-21-1320782582-4191448823-1366989374-1104\\Device\HarddiskVolume2\Program Files (x86)\Microsoft\Edge\Application\msedge.exe</Data><Data Name='Details'>Binary Data</Data><Data Name='User'>FURKAN\bsever</Data></EventData></Event>","2024-10-22T22:49:44.000+0000",,,"TARGET-PC",endpoint,1,,,"<_='://../////'><><_='--'_='{----}'/><></><></><><","XmlWinEventLog:Microsoft-Windows-Sysmon/Operational","XmlWinEventLog:Microsoft-Windows-Sysmon/Operational",splunk,,,,,"'http://schemas.microsoft.com/win/2004/08/events/event'",,,,
,,,,,,,,,,,"'{5770385f-c22a-43e0-bf4c-06f5698ffbd9}'",,,,,,,,,,,,,,,,,,"'Microsoft-Windows-Sysmon'",,,,,,,,,"'3768'",,,,,,"'2024-10-22T22:49:44.0934193Z'",,"'4756'",,"'S-1-5-18'",,,"<Event xmlns='http://schemas.microsoft.com/win/2004/08/events/event'><System><Provider Name='Microsoft-Windows-Sysmon' Guid='{5770385f-c22a-43e0-bf4c-06f5698ffbd9}'/><EventID>13</EventID><Version>2</Version><Level>4</Level><Task>13</Task><Opcode>0</Opcode><Keywords>0x8000000000000000</Keywords><TimeCreated SystemTime='2024-10-22T22:49:44.0934193Z'/><EventRecordID>94473</EventRecordID><Correlation/><Execution ProcessID='3768' ThreadID='4756'/><Channel>Microsoft-Windows-Sysmon/Operational</Channel><Computer>target-PC.furkan.local</Computer><Security UserID='S-1-5-18'/></System><EventData><Data Name='RuleName'>-</Data><Data Name='EventType'>SetValue</Data><Data Name='UtcTime'>2024-10-22 22:49:44.092</Data><Data Name='ProcessGuid'>{d65c0252-1212-6718-b807-000000002400}</Data><Data Name='ProcessId'>8476</Data><Data Name='Image'>C:\Program Files (x86)\Microsoft\Edge\Application\msedge.exe</Data><Data Name='TargetObject'>HKLM\System\CurrentControlSet\Services\bam\State\UserSettings\S-1-5-21-1320782582-4191448823-1366989374-1104\\Device\HarddiskVolume2\Program Files (x86)\Microsoft\Edge\Application\msedge.exe</Data><Data Name='Details'>Binary Data</Data><Data Name='User'>FURKAN\bsever</Data></EventData></Event>","2024-10-22T22:49:44.000+0000",,,"TARGET-PC",endpoint,1,,,"<_='://../////'><><_='--'_='{----}'/><></><></><><","XmlWinEventLog:Microsoft-Windows-Sysmon/Operational","XmlWinEventLog:Microsoft-Windows-Sysmon/Operational",splunk,,,,,"'http://schemas.microsoft.com/win/2004/08/events/event'",,,,
,,,,,,,,,,,"'{5770385f-c22a-43e0-bf4c-06f5698ffbd9}'",,,,,,,,,,,,,,,,,,"'Microsoft-Windows-Sysmon'",,,,,,,,,"'3768'",,,,,,"'2024-10-22T22:49:39.4462083Z'",,"'4756'",,"'S-1-5-18'",,,"<Event xmlns='http://schemas.microsoft.com/win/2004/08/events/event'><System><Provider Name='Microsoft-Windows-Sysmon' Guid='{5770385f-c22a-43e0-bf4c-06f5698ffbd9}'/><EventID>13</EventID><Version>2</Version><Level>4</Level><Task>13</Task><Opcode>0</Opcode><Keywords>0x8000000000000000</Keywords><TimeCreated SystemTime='2024-10-22T22:49:39.4462083Z'/><EventRecordID>94472</EventRecordID><Correlation/><Execution ProcessID='3768' ThreadID='4756'/><Channel>Microsoft-Windows-Sysmon/Operational</Channel><Computer>target-PC.furkan.local</Computer><Security UserID='S-1-5-18'/></System><EventData><Data Name='RuleName'>-</Data><Data Name='EventType'>SetValue</Data><Data Name='UtcTime'>2024-10-22 22:49:39.445</Data><Data Name='ProcessGuid'>{d65c0252-1212-6718-b807-000000002400}</Data><Data Name='ProcessId'>8476</Data><Data Name='Image'>C:\Program Files (x86)\Microsoft\Edge\Application\msedge.exe</Data><Data Name='TargetObject'>HKLM\System\CurrentControlSet\Services\bam\State\UserSettings\S-1-5-21-1320782582-4191448823-1366989374-1104\\Device\HarddiskVolume2\Program Files (x86)\Microsoft\Edge\Application\msedge.exe</Data><Data Name='Details'>Binary Data</Data><Data Name='User'>FURKAN\bsever</Data></EventData></Event>","2024-10-22T22:49:39.000+0000",,,"TARGET-PC",endpoint,1,,,"<_='://../////'><><_='--'_='{----}'/><></><></><><","XmlWinEventLog:Microsoft-Windows-Sysmon/Operational","XmlWinEventLog:Microsoft-Windows-Sysmon/Operational",splunk,,,,,"'http://schemas.microsoft.com/win/2004/08/events/event'",,,,
,,,,,,,,,,,"'{5770385f-c22a-43e0-bf4c-06f5698ffbd9}'",,,,,,,,"B7A4477FA36E2E5287EE76AC4AFCB05B</Data><Data Name='Signed'>true</Data><Data Name='Signature'>Microsoft",,,,,,,,84F942C1A4BD60C94EBEC6643E0216C9,,"'Microsoft-Windows-Sysmon'",,,,,,,,,"'3768'",,633C92F5A5000CDE3235C7FDC306B2B04C501C48,BBE733452E6CE871D5D2064948847AAB2A71F7FEDA2C962BA4002F64E2D198F2,,,"'2024-10-22T22:48:02.0625960Z'",,"'4756'",,"'S-1-5-18'",,,"<Event xmlns='http://schemas.microsoft.com/win/2004/08/events/event'><System><Provider Name='Microsoft-Windows-Sysmon' Guid='{5770385f-c22a-43e0-bf4c-06f5698ffbd9}'/><EventID>7</EventID><Version>3</Version><Level>4</Level><Task>7</Task><Opcode>0</Opcode><Keywords>0x8000000000000000</Keywords><TimeCreated SystemTime='2024-10-22T22:48:02.0625960Z'/><EventRecordID>94471</EventRecordID><Correlation/><Execution ProcessID='3768' ThreadID='4756'/><Channel>Microsoft-Windows-Sysmon/Operational</Channel><Computer>target-PC.furkan.local</Computer><Security UserID='S-1-5-18'/></System><EventData><Data Name='RuleName'>technique_id=T1053,technique_name=Scheduled Task</Data><Data Name='UtcTime'>2024-10-22 22:48:02.061</Data><Data Name='ProcessGuid'>{d65c0252-2ba0-6718-370b-000000002400}</Data><Data Name='ProcessId'>6408</Data><Data Name='Image'>C:\Windows\System32\taskhostw.exe</Data><Data Name='ImageLoaded'>C:\Windows\System32\taskschd.dll</Data><Data Name='FileVersion'>10.0.19041.3636 (WinBuild.160101.0800)</Data><Data Name='Description'>Task Scheduler COM API</Data><Data Name='Product'>Microsoft® Windows® Operating System</Data><Data Name='Company'>Microsoft Corporation</Data><Data Name='OriginalFileName'>taskschd.dll</Data><Data Name='Hashes'>SHA1=633C92F5A5000CDE3235C7FDC306B2B04C501C48,MD5=84F942C1A4BD60C94EBEC6643E0216C9,SHA256=BBE733452E6CE871D5D2064948847AAB2A71F7FEDA2C962BA4002F64E2D198F2,IMPHASH=B7A4477FA36E2E5287EE76AC4AFCB05B</Data><Data Name='Signed'>true</Data><Data Name='Signature'>Microsoft Windows</Data><Data Name='SignatureStatus'>Valid</Data><Data Name='User'>FURKAN\bsever</Data></EventData></Event>","2024-10-22T22:48:02.000+0000",,,"TARGET-PC",endpoint,1,,,"<_='://../////'><><_='--'_='{----}'/><></><></><><","XmlWinEventLog:Microsoft-Windows-Sysmon/Operational","XmlWinEventLog:Microsoft-Windows-Sysmon/Operational",splunk,,T1053,Scheduled,,"'http://schemas.microsoft.com/win/2004/08/events/event'",,,,
,,,,,,,,,,,"'{5770385f-c22a-43e0-bf4c-06f5698ffbd9}'",,,,,,,,"22019FF0DD6B140CC5C75C9E26641C22</Data><Data Name='Signed'>true</Data><Data Name='Signature'>Microsoft",,,,,,,,B4826ABFB7EA0D3F4F6D6BB9EF6BD420,,"'Microsoft-Windows-Sysmon'",,,,,,,,,"'3768'",,D79447E28B131505B29B00A7E2CFDE43351BECAF,1318F1E47221367D55DA458AA2776233A78F30722DD5B02BC7CAC9828F212330,,,"'2024-10-22T22:45:32.3209676Z'",,"'4756'",,"'S-1-5-18'",,,"<Event xmlns='http://schemas.microsoft.com/win/2004/08/events/event'><System><Provider Name='Microsoft-Windows-Sysmon' Guid='{5770385f-c22a-43e0-bf4c-06f5698ffbd9}'/><EventID>7</EventID><Version>3</Version><Level>4</Level><Task>7</Task><Opcode>0</Opcode><Keywords>0x8000000000000000</Keywords><TimeCreated SystemTime='2024-10-22T22:45:32.3209676Z'/><EventRecordID>94443</EventRecordID><Correlation/><Execution ProcessID='3768' ThreadID='4756'/><Channel>Microsoft-Windows-Sysmon/Operational</Channel><Computer>target-PC.furkan.local</Computer><Security UserID='S-1-5-18'/></System><EventData><Data Name='RuleName'>-</Data><Data Name='UtcTime'>2024-10-22 22:45:32.319</Data><Data Name='ProcessGuid'>{d65c0252-2b0c-6718-1c0b-000000002400}</Data><Data Name='ProcessId'>5396</Data><Data Name='Image'>C:\Windows\System32\smartscreen.exe</Data><Data Name='ImageLoaded'>C:\Windows\System32\urlmon.dll</Data><Data Name='FileVersion'>11.00.19041.4894 (WinBuild.160101.0800)</Data><Data Name='Description'>OLE32 Extensions for Win32</Data><Data Name='Product'>Internet Explorer</Data><Data Name='Company'>Microsoft Corporation</Data><Data Name='OriginalFileName'>UrlMon.dll</Data><Data Name='Hashes'>SHA1=D79447E28B131505B29B00A7E2CFDE43351BECAF,MD5=B4826ABFB7EA0D3F4F6D6BB9EF6BD420,SHA256=1318F1E47221367D55DA458AA2776233A78F30722DD5B02BC7CAC9828F212330,IMPHASH=22019FF0DD6B140CC5C75C9E26641C22</Data><Data Name='Signed'>true</Data><Data Name='Signature'>Microsoft Windows</Data><Data Name='SignatureStatus'>Valid</Data><Data Name='User'>FURKAN\bsever</Data></EventData></Event>","2024-10-22T22:45:32.000+0000",,,"TARGET-PC",endpoint,1,,,"<_='://../////'><><_='--'_='{----}'/><></><></><><","XmlWinEventLog:Microsoft-Windows-Sysmon/Operational","XmlWinEventLog:Microsoft-Windows-Sysmon/Operational",splunk,,,,,"'http://schemas.microsoft.com/win/2004/08/events/event'",,,,
,,,,,,,,,,,"'{5770385f-c22a-43e0-bf4c-06f5698ffbd9}'",,,,,,,,"22019FF0DD6B140CC5C75C9E26641C22</Data><Data Name='Signed'>true</Data><Data Name='Signature'>Microsoft",,,,,,,,B4826ABFB7EA0D3F4F6D6BB9EF6BD420,,"'Microsoft-Windows-Sysmon'",,,,,,,,,"'3768'",,D79447E28B131505B29B00A7E2CFDE43351BECAF,1318F1E47221367D55DA458AA2776233A78F30722DD5B02BC7CAC9828F212330,,,"'2024-10-22T22:44:40.2696317Z'",,"'4756'",,"'S-1-5-18'",,,"<Event xmlns='http://schemas.microsoft.com/win/2004/08/events/event'><System><Provider Name='Microsoft-Windows-Sysmon' Guid='{5770385f-c22a-43e0-bf4c-06f5698ffbd9}'/><EventID>7</EventID><Version>3</Version><Level>4</Level><Task>7</Task><Opcode>0</Opcode><Keywords>0x8000000000000000</Keywords><TimeCreated SystemTime='2024-10-22T22:44:40.2696317Z'/><EventRecordID>94441</EventRecordID><Correlation/><Execution ProcessID='3768' ThreadID='4756'/><Channel>Microsoft-Windows-Sysmon/Operational</Channel><Computer>target-PC.furkan.local</Computer><Security UserID='S-1-5-18'/></System><EventData><Data Name='RuleName'>-</Data><Data Name='UtcTime'>2024-10-22 22:44:40.268</Data><Data Name='ProcessGuid'>{d65c0252-2ad7-6718-0f0b-000000002400}</Data><Data Name='ProcessId'>2936</Data><Data Name='Image'>C:\Windows\System32\backgroundTaskHost.exe</Data><Data Name='ImageLoaded'>C:\Windows\System32\urlmon.dll</Data><Data Name='FileVersion'>11.00.19041.4894 (WinBuild.160101.0800)</Data><Data Name='Description'>OLE32 Extensions for Win32</Data><Data Name='Product'>Internet Explorer</Data><Data Name='Company'>Microsoft Corporation</Data><Data Name='OriginalFileName'>UrlMon.dll</Data><Data Name='Hashes'>SHA1=D79447E28B131505B29B00A7E2CFDE43351BECAF,MD5=B4826ABFB7EA0D3F4F6D6BB9EF6BD420,SHA256=1318F1E47221367D55DA458AA2776233A78F30722DD5B02BC7CAC9828F212330,IMPHASH=22019FF0DD6B140CC5C75C9E26641C22</Data><Data Name='Signed'>true</Data><Data Name='Signature'>Microsoft Windows</Data><Data Name='SignatureStatus'>Valid</Data><Data Name='User'>FURKAN\bsever</Data></EventData></Event>","2024-10-22T22:44:40.000+0000",,,"TARGET-PC",endpoint,1,,,"<_='://../////'><><_='--'_='{----}'/><></><></><><","XmlWinEventLog:Microsoft-Windows-Sysmon/Operational","XmlWinEventLog:Microsoft-Windows-Sysmon/Operational",splunk,,,,,"'http://schemas.microsoft.com/win/2004/08/events/event'",,,,
,,,,,,,"target-PC.furkan.local",,4634,0,,"S-1-5-21-1320782582-4191448823-1366989374-1104",,,,bsever,FURKAN,,,,,"Denetleme Başarısı",,,,Security,,"Bir hesabın oturumu kapatıldı.

Konu:
	Güvenlik Kimliği:		S-1-5-21-1320782582-4191448823-1366989374-1104
	Hesap Adı:		bsever
	Hesap Etki Alanı:		FURKAN
	Oturum Açma Kimliği:		0x2AF3FE0

Oturum Türü:			7

Bu olay bir oturum yokedildiğinde oluşturulur. Oturum Açma Kimliği kullanılarak bir oturum açma olayıyla ilişkilendirilebilir. Oturum açma kimlikleri aynı bilgisayarda yalnızca yeniden başlatmalar arasında benzersizdir.",,,Bilgi,,0x2AF3FE0,,,7,,,20032,,,,"Microsoft Windows security auditing.",,Logoff,,Bilgi,,,,"10/23/2024 01:44:13 AM
LogName=Security
EventCode=4634
EventType=0
ComputerName=target-PC.furkan.local
SourceName=Microsoft Windows security auditing.
Type=Bilgi
RecordNumber=20032
Keywords=Denetleme Başarısı
TaskCategory=Logoff
OpCode=Bilgi
Message=Bir hesabın oturumu kapatıldı.

Konu:
	Güvenlik Kimliği:		S-1-5-21-1320782582-4191448823-1366989374-1104
	Hesap Adı:		bsever
	Hesap Etki Alanı:		FURKAN
	Oturum Açma Kimliği:		0x2AF3FE0

Oturum Türü:			7

Bu olay bir oturum yokedildiğinde oluşturulur. Oturum Açma Kimliği kullanılarak bir oturum açma olayıyla ilişkilendirilebilir. Oturum açma kimlikleri aynı bilgisayarda yalnızca yeniden başlatmalar arasında benzersizdir.","2024-10-22T22:44:13.000+0000",,,"TARGET-PC",endpoint,22,,,"//_::_====-..=___.===_===___.\r\r:\rt_:tt-------\rt_:t","WinEventLog:Security","WinEventLog:Security",splunk,,,,,,,,,
,,,,,,,"target-PC.furkan.local",,4634,0,,"S-1-5-21-1320782582-4191448823-1366989374-1104",,,,bsever,FURKAN,,,,,"Denetleme Başarısı",,,,Security,,"Bir hesabın oturumu kapatıldı.

Konu:
	Güvenlik Kimliği:		S-1-5-21-1320782582-4191448823-1366989374-1104
	Hesap Adı:		bsever
	Hesap Etki Alanı:		FURKAN
	Oturum Açma Kimliği:		0x2AF3F5E

Oturum Türü:			2

Bu olay bir oturum yokedildiğinde oluşturulur. Oturum Açma Kimliği kullanılarak bir oturum açma olayıyla ilişkilendirilebilir. Oturum açma kimlikleri aynı bilgisayarda yalnızca yeniden başlatmalar arasında benzersizdir.",,,Bilgi,,0x2AF3F5E,,,2,,,20031,,,,"Microsoft Windows security auditing.",,Logoff,,Bilgi,,,,"10/23/2024 01:44:13 AM
LogName=Security
EventCode=4634
EventType=0
ComputerName=target-PC.furkan.local
SourceName=Microsoft Windows security auditing.
Type=Bilgi
RecordNumber=20031
Keywords=Denetleme Başarısı
TaskCategory=Logoff
OpCode=Bilgi
Message=Bir hesabın oturumu kapatıldı.

Konu:
	Güvenlik Kimliği:		S-1-5-21-1320782582-4191448823-1366989374-1104
	Hesap Adı:		bsever
	Hesap Etki Alanı:		FURKAN
	Oturum Açma Kimliği:		0x2AF3F5E

Oturum Türü:			2

Bu olay bir oturum yokedildiğinde oluşturulur. Oturum Açma Kimliği kullanılarak bir oturum açma olayıyla ilişkilendirilebilir. Oturum açma kimlikleri aynı bilgisayarda yalnızca yeniden başlatmalar arasında benzersizdir.","2024-10-22T22:44:13.000+0000",,,"TARGET-PC",endpoint,22,,,"//_::_====-..=___.===_===___.\r\r:\rt_:tt-------\rt_:t","WinEventLog:Security","WinEventLog:Security",splunk,,,,,,,,,
"-",0,,"-","-",,0x0,"target-PC.furkan.local",,4624,0,,"S-1-5-18
S-1-5-21-1320782582-4191448823-1366989374-1104",,,,"TARGET-PC$
bsever","FURKAN
FURKAN",,,"-","-","Denetleme Başarısı",Negotiate,"Kimliğe Bürünme","-",Security,,"Bir hesapta başarılı bir şekilde oturum açıldı.

Konu:
	Güvenlik Kimliği:		S-1-5-18
	Hesap Adı:		TARGET-PC$
	Hesap Etki Alanı:		FURKAN
	Oturum Açma Kimliği:		0x3E7

Oturum Açma Bilgileri:
	Oturum Açma Türü:		7
	Kısıtlanmış Yönetici Modu:	-
	Sanal Hesap:		Hayır
	Yükseltilmiş Belirteç:		Hayır

Kimliğe Bürünme Düzeyi:		Kimliğe Bürünme

Yeni Oturum:
	Güvenlik Kimliği:		S-1-5-21-1320782582-4191448823-1366989374-1104
	Hesap Adı:		bsever
	Hesap Etki Alanı:		FURKAN
	Oturum Açma Kimliği:		0x2AF3FE0
	Bağlantılı Oturum Açma Kimliği:		0x0
	Ağ Hesap Adı:	-
	Ağ Hesap Etki Alanı:	-
	Oturum Açma GUID'si:		{e003a52f-d72e-30ee-c7aa-95df0f9a245a}

İşlem Bilgileri:
	İşlem Kimliği:		0x320
	İşlem Adı:		C:\Windows\System32\lsass.exe

Ağ Bilgileri:
	İş İstasyonu Adı:	TARGET-PC
	Kaynak Ağ Adresi:	-
	Kaynak Bağlantı Noktası:		-

Ayrıntılı Kimlik Doğrulama Bilgileri:
	Oturum Açma İşlemi:		Negotiat
	Kimlik Doğrulama Paketi:	Negotiate
	Aktarılan Hizmetler:	-
	Paket Adı (yalnızca NTLM):	-
	Anahtar Uzunluğu:		0

Bu olay bir oturum açıldığında oluşturulur. Erişilen bilgisayarda oluşturulur.

Konu alanları oturum açmayı isteyen yerel sistemdeki hesabı belirtir. Bu genellikle Sunucu hizmeti gibi bir hizmet ya da Winlogon.exe veya Services.exe gibi yerel bir işlemdir.

Oturum Türü alanı gerçekleşen oturum açma türünü gösterir. En çok kullanılan türler 2 (etkileşimli) ve 3'tür (ağ).

Yeni Oturum alanları adına yeni oturum oluşturulan hesabı, yani oturum açılan hesabı gösterir.

Ağ alanları uzaktan oturum açma isteğinin kaynağını gösterir. İş istasyonu adı her zaman yoktur ve bazı durumlarda boş olabilir.

Kimliğe bürünme düzeyi alanı oturum açma oturumundaki işlemin kimliğe bürünebilme boyutunu gösterir.

Kimlik doğrulama bilgisi alanları bu oturum açma isteğine özel ayrıntılı bilgiler sağlar.
	- Oturum Açma GUID'si, bu olayı bir KDC olayıyla ilişkilendirmek için kullanılabilen benzersiz bir tanımlayıcıdır.
	- Aktarılan Hizmetler, bu oturum açma isteğine katılan ara hizmetleri gösterir.
	- Paket adı, NTLM protokolleri arasında hangi alt protokolün kullanıldığını gösterir.
	- Anahtar uzunluğu, oluşturulan oturum anahtarının uzunluğunu gösterir. Oturum anahtarı istenmediyse bu değer 0 olur.",,,Bilgi,"{e003a52f-d72e-30ee-c7aa-95df0f9a245a}","0x3E7
0x2AF3FE0",7,Negotiat,,"-",,20030,,,"Hayır","Microsoft Windows security auditing.",,Logon,,Bilgi,,"Hayır",,"10/23/2024 01:44:13 AM
LogName=Security
EventCode=4624
EventType=0
ComputerName=target-PC.furkan.local
SourceName=Microsoft Windows security auditing.
Type=Bilgi
RecordNumber=20030
Keywords=Denetleme Başarısı
TaskCategory=Logon
OpCode=Bilgi
Message=Bir hesapta başarılı bir şekilde oturum açıldı.

Konu:
	Güvenlik Kimliği:		S-1-5-18
	Hesap Adı:		TARGET-PC$
	Hesap Etki Alanı:		FURKAN
	Oturum Açma Kimliği:		0x3E7

Oturum Açma Bilgileri:
	Oturum Açma Türü:		7
	Kısıtlanmış Yönetici Modu:	-
	Sanal Hesap:		Hayır
	Yükseltilmiş Belirteç:		Hayır

Kimliğe Bürünme Düzeyi:		Kimliğe Bürünme

Yeni Oturum:
	Güvenlik Kimliği:		S-1-5-21-1320782582-4191448823-1366989374-1104
	Hesap Adı:		bsever
	Hesap Etki Alanı:		FURKAN
	Oturum Açma Kimliği:		0x2AF3FE0
	Bağlantılı Oturum Açma Kimliği:		0x0
	Ağ Hesap Adı:	-
	Ağ Hesap Etki Alanı:	-
	Oturum Açma GUID'si:		{e003a52f-d72e-30ee-c7aa-95df0f9a245a}

İşlem Bilgileri:
	İşlem Kimliği:		0x320
	İşlem Adı:		C:\Windows\System32\lsass.exe

Ağ Bilgileri:
	İş İstasyonu Adı:	TARGET-PC
	Kaynak Ağ Adresi:	-
	Kaynak Bağlantı Noktası:		-

Ayrıntılı Kimlik Doğrulama Bilgileri:
	Oturum Açma İşlemi:		Negotiat
	Kimlik Doğrulama Paketi:	Negotiate
	Aktarılan Hizmetler:	-
	Paket Adı (yalnızca NTLM):	-
	Anahtar Uzunluğu:		0

Bu olay bir oturum açıldığında oluşturulur. Erişilen bilgisayarda oluşturulur.

Konu alanları oturum açmayı isteyen yerel sistemdeki hesabı belirtir. Bu genellikle Sunucu hizmeti gibi bir hizmet ya da Winlogon.exe veya Services.exe gibi yerel bir işlemdir.

Oturum Türü alanı gerçekleşen oturum açma türünü gösterir. En çok kullanılan türler 2 (etkileşimli) ve 3'tür (ağ).

Yeni Oturum alanları adına yeni oturum oluşturulan hesabı, yani oturum açılan hesabı gösterir.

Ağ alanları uzaktan oturum açma isteğinin kaynağını gösterir. İş istasyonu adı her zaman yoktur ve bazı durumlarda boş olabilir.

Kimliğe bürünme düzeyi alanı oturum açma oturumundaki işlemin kimliğe bürünebilme boyutunu gösterir.

Kimlik doğrulama bilgisi alanları bu oturum açma isteğine özel ayrıntılı bilgiler sağlar.
	- Oturum Açma GUID'si, bu olayı bir KDC olayıyla ilişkilendirmek için kullanılabilen benzersiz bir tanımlayıcıdır.
	- Aktarılan Hizmetler, bu oturum açma isteğine katılan ara hizmetleri gösterir.
	- Paket adı, NTLM protokolleri arasında hangi alt protokolün kullanıldığını gösterir.
	- Anahtar uzunluğu, oluşturulan oturum anahtarının uzunluğunu gösterir. Oturum anahtarı istenmediyse bu değer 0 olur.","2024-10-22T22:44:13.000+0000",,,"TARGET-PC",endpoint,70,,,"//_::_====-..=___.===_===______.\r\r:\rt_:tt---\rt_:tt","WinEventLog:Security","WinEventLog:Security",splunk,,,,,,,"TARGET-PC","C:\Windows\System32\lsass.exe",0x320
,,"-",,,"-",,"target-PC.furkan.local",localhost,4648,0,,"S-1-5-18",,,localhost,"TARGET-PC$
bsever","FURKAN
FURKAN",,,,,"Denetleme Başarısı",,,,Security,,"Açık kimlik bilgileri kullanılarak oturum açılmaya çalışıldı.

Konu:
	Güvenlik Kimliği:		S-1-5-18
	Hesap Adı:		TARGET-PC$
	Hesap Etki Alanı:		FURKAN
	Oturum Açma Kimliği:		0x3E7
	Oturum Açma GUID'si:		{00000000-0000-0000-0000-000000000000}

Kimlik Bilgileri Kullanılan Hesap:
	Hesap Adı:		bsever
	Hesap Etki Alanı:		FURKAN
	Oturum Açma GUID'si:		{e003a52f-d72e-30ee-c7aa-95df0f9a245a}

Hedef Sunucu:
	Hedef Sunucu Adı:	localhost
	Ek Bilgi:	localhost

İşlem Bilgileri:
	İşlem Kimliği:		0x320
	İşlem Adı:		C:\Windows\System32\lsass.exe

Ağ Bilgileri:
	Ağ Adresi:	-
	Bağlantı Noktası:			-

Bu olay, bir işlem açıkça bir hesabın kimlik bilgilerini belirterek hesapta oturum açmayı denediğinde oluşturulur. Bu genellikle zamanlanan görevler gibi toplu işlem türü yapılandırmalarda veya RUNAS komutu kullanıldığında oluşur.",,,Bilgi,"{00000000-0000-0000-0000-000000000000}
{e003a52f-d72e-30ee-c7aa-95df0f9a245a}",0x3E7,,,,,,20029,,,,"Microsoft Windows security auditing.",,Logon,,Bilgi,,,,"10/23/2024 01:44:13 AM
LogName=Security
EventCode=4648
EventType=0
ComputerName=target-PC.furkan.local
SourceName=Microsoft Windows security auditing.
Type=Bilgi
RecordNumber=20029
Keywords=Denetleme Başarısı
TaskCategory=Logon
OpCode=Bilgi
Message=Açık kimlik bilgileri kullanılarak oturum açılmaya çalışıldı.

Konu:
	Güvenlik Kimliği:		S-1-5-18
	Hesap Adı:		TARGET-PC$
	Hesap Etki Alanı:		FURKAN
	Oturum Açma Kimliği:		0x3E7
	Oturum Açma GUID'si:		{00000000-0000-0000-0000-000000000000}

Kimlik Bilgileri Kullanılan Hesap:
	Hesap Adı:		bsever
	Hesap Etki Alanı:		FURKAN
	Oturum Açma GUID'si:		{e003a52f-d72e-30ee-c7aa-95df0f9a245a}

Hedef Sunucu:
	Hedef Sunucu Adı:	localhost
	Ek Bilgi:	localhost

İşlem Bilgileri:
	İşlem Kimliği:		0x320
	İşlem Adı:		C:\Windows\System32\lsass.exe

Ağ Bilgileri:
	Ağ Adresi:	-
	Bağlantı Noktası:			-

Bu olay, bir işlem açıkça bir hesabın kimlik bilgilerini belirterek hesapta oturum açmayı denediğinde oluşturulur. Bu genellikle zamanlanan görevler gibi toplu işlem türü yapılandırmalarda veya RUNAS komutu kullanıldığında oluşur.","2024-10-22T22:44:13.000+0000",,,"TARGET-PC",endpoint,38,,,"//_::_====-..=___.===_===______.\r\r:\rt_:tt---\rt_:tt","WinEventLog:Security","WinEventLog:Security",splunk,,,,,,,,"C:\Windows\System32\lsass.exe",0x320
"-",0,,"-","-",,0x0,"target-PC.furkan.local",,4624,0,,"S-1-5-18
S-1-5-21-1320782582-4191448823-1366989374-1104",,,,"TARGET-PC$
bsever","FURKAN
FURKAN",,,"127.0.0.1",0,"Denetleme Başarısı",Negotiate,"Kimliğe Bürünme","-",Security,,"Bir hesapta başarılı bir şekilde oturum açıldı.

Konu:
	Güvenlik Kimliği:		S-1-5-18
	Hesap Adı:		TARGET-PC$
	Hesap Etki Alanı:		FURKAN
	Oturum Açma Kimliği:		0x3E7

Oturum Açma Bilgileri:
	Oturum Açma Türü:		11
	Kısıtlanmış Yönetici Modu:	-
	Sanal Hesap:		Hayır
	Yükseltilmiş Belirteç:		Hayır

Kimliğe Bürünme Düzeyi:		Kimliğe Bürünme

Yeni Oturum:
	Güvenlik Kimliği:		S-1-5-21-1320782582-4191448823-1366989374-1104
	Hesap Adı:		bsever
	Hesap Etki Alanı:		FURKAN
	Oturum Açma Kimliği:		0x2AF3F5E
	Bağlantılı Oturum Açma Kimliği:		0x0
	Ağ Hesap Adı:	-
	Ağ Hesap Etki Alanı:	-
	Oturum Açma GUID'si:		{00000000-0000-0000-0000-000000000000}

İşlem Bilgileri:
	İşlem Kimliği:		0x680
	İşlem Adı:		C:\Windows\System32\svchost.exe

Ağ Bilgileri:
	İş İstasyonu Adı:	TARGET-PC
	Kaynak Ağ Adresi:	127.0.0.1
	Kaynak Bağlantı Noktası:		0

Ayrıntılı Kimlik Doğrulama Bilgileri:
	Oturum Açma İşlemi:		User32 
	Kimlik Doğrulama Paketi:	Negotiate
	Aktarılan Hizmetler:	-
	Paket Adı (yalnızca NTLM):	-
	Anahtar Uzunluğu:		0

Bu olay bir oturum açıldığında oluşturulur. Erişilen bilgisayarda oluşturulur.

Konu alanları oturum açmayı isteyen yerel sistemdeki hesabı belirtir. Bu genellikle Sunucu hizmeti gibi bir hizmet ya da Winlogon.exe veya Services.exe gibi yerel bir işlemdir.

Oturum Türü alanı gerçekleşen oturum açma türünü gösterir. En çok kullanılan türler 2 (etkileşimli) ve 3'tür (ağ).

Yeni Oturum alanları adına yeni oturum oluşturulan hesabı, yani oturum açılan hesabı gösterir.

Ağ alanları uzaktan oturum açma isteğinin kaynağını gösterir. İş istasyonu adı her zaman yoktur ve bazı durumlarda boş olabilir.

Kimliğe bürünme düzeyi alanı oturum açma oturumundaki işlemin kimliğe bürünebilme boyutunu gösterir.

Kimlik doğrulama bilgisi alanları bu oturum açma isteğine özel ayrıntılı bilgiler sağlar.
	- Oturum Açma GUID'si, bu olayı bir KDC olayıyla ilişkilendirmek için kullanılabilen benzersiz bir tanımlayıcıdır.
	- Aktarılan Hizmetler, bu oturum açma isteğine katılan ara hizmetleri gösterir.
	- Paket adı, NTLM protokolleri arasında hangi alt protokolün kullanıldığını gösterir.
	- Anahtar uzunluğu, oluşturulan oturum anahtarının uzunluğunu gösterir. Oturum anahtarı istenmediyse bu değer 0 olur.",,,Bilgi,"{00000000-0000-0000-0000-000000000000}","0x3E7
0x2AF3F5E",11,User32,,"-",,20028,,,"Hayır","Microsoft Windows security auditing.",,Logon,,Bilgi,,"Hayır",,"10/23/2024 01:44:13 AM
LogName=Security
EventCode=4624
EventType=0
ComputerName=target-PC.furkan.local
SourceName=Microsoft Windows security auditing.
Type=Bilgi
RecordNumber=20028
Keywords=Denetleme Başarısı
TaskCategory=Logon
OpCode=Bilgi
Message=Bir hesapta başarılı bir şekilde oturum açıldı.

Konu:
	Güvenlik Kimliği:		S-1-5-18
	Hesap Adı:		TARGET-PC$
	Hesap Etki Alanı:		FURKAN
	Oturum Açma Kimliği:		0x3E7

Oturum Açma Bilgileri:
	Oturum Açma Türü:		11
	Kısıtlanmış Yönetici Modu:	-
	Sanal Hesap:		Hayır
	Yükseltilmiş Belirteç:		Hayır

Kimliğe Bürünme Düzeyi:		Kimliğe Bürünme

Yeni Oturum:
	Güvenlik Kimliği:		S-1-5-21-1320782582-4191448823-1366989374-1104
	Hesap Adı:		bsever
	Hesap Etki Alanı:		FURKAN
	Oturum Açma Kimliği:		0x2AF3F5E
	Bağlantılı Oturum Açma Kimliği:		0x0
	Ağ Hesap Adı:	-
	Ağ Hesap Etki Alanı:	-
	Oturum Açma GUID'si:		{00000000-0000-0000-0000-000000000000}

İşlem Bilgileri:
	İşlem Kimliği:		0x680
	İşlem Adı:		C:\Windows\System32\svchost.exe

Ağ Bilgileri:
	İş İstasyonu Adı:	TARGET-PC
	Kaynak Ağ Adresi:	127.0.0.1
	Kaynak Bağlantı Noktası:		0

Ayrıntılı Kimlik Doğrulama Bilgileri:
	Oturum Açma İşlemi:		User32 
	Kimlik Doğrulama Paketi:	Negotiate
	Aktarılan Hizmetler:	-
	Paket Adı (yalnızca NTLM):	-
	Anahtar Uzunluğu:		0

Bu olay bir oturum açıldığında oluşturulur. Erişilen bilgisayarda oluşturulur.

Konu alanları oturum açmayı isteyen yerel sistemdeki hesabı belirtir. Bu genellikle Sunucu hizmeti gibi bir hizmet ya da Winlogon.exe veya Services.exe gibi yerel bir işlemdir.

Oturum Türü alanı gerçekleşen oturum açma türünü gösterir. En çok kullanılan türler 2 (etkileşimli) ve 3'tür (ağ).

Yeni Oturum alanları adına yeni oturum oluşturulan hesabı, yani oturum açılan hesabı gösterir.

Ağ alanları uzaktan oturum açma isteğinin kaynağını gösterir. İş istasyonu adı her zaman yoktur ve bazı durumlarda boş olabilir.

Kimliğe bürünme düzeyi alanı oturum açma oturumundaki işlemin kimliğe bürünebilme boyutunu gösterir.

Kimlik doğrulama bilgisi alanları bu oturum açma isteğine özel ayrıntılı bilgiler sağlar.
	- Oturum Açma GUID'si, bu olayı bir KDC olayıyla ilişkilendirmek için kullanılabilen benzersiz bir tanımlayıcıdır.
	- Aktarılan Hizmetler, bu oturum açma isteğine katılan ara hizmetleri gösterir.
	- Paket adı, NTLM protokolleri arasında hangi alt protokolün kullanıldığını gösterir.
	- Anahtar uzunluğu, oluşturulan oturum anahtarının uzunluğunu gösterir. Oturum anahtarı istenmediyse bu değer 0 olur.","2024-10-22T22:44:13.000+0000",,,"TARGET-PC",endpoint,70,,,"//_::_====-..=___.===_===______.\r\r:\rt_:tt---\rt_:tt","WinEventLog:Security","WinEventLog:Security",splunk,,,,,,,"TARGET-PC","C:\Windows\System32\svchost.exe",0x680
,,"127.0.0.1",,,0,,"target-PC.furkan.local",localhost,4648,0,,"S-1-5-18",,,localhost,"TARGET-PC$
bsever","FURKAN
FURKAN",,,,,"Denetleme Başarısı",,,,Security,,"Açık kimlik bilgileri kullanılarak oturum açılmaya çalışıldı.

Konu:
	Güvenlik Kimliği:		S-1-5-18
	Hesap Adı:		TARGET-PC$
	Hesap Etki Alanı:		FURKAN
	Oturum Açma Kimliği:		0x3E7
	Oturum Açma GUID'si:		{00000000-0000-0000-0000-000000000000}

Kimlik Bilgileri Kullanılan Hesap:
	Hesap Adı:		bsever
	Hesap Etki Alanı:		FURKAN
	Oturum Açma GUID'si:		{00000000-0000-0000-0000-000000000000}

Hedef Sunucu:
	Hedef Sunucu Adı:	localhost
	Ek Bilgi:	localhost

İşlem Bilgileri:
	İşlem Kimliği:		0x680
	İşlem Adı:		C:\Windows\System32\svchost.exe

Ağ Bilgileri:
	Ağ Adresi:	127.0.0.1
	Bağlantı Noktası:			0

Bu olay, bir işlem açıkça bir hesabın kimlik bilgilerini belirterek hesapta oturum açmayı denediğinde oluşturulur. Bu genellikle zamanlanan görevler gibi toplu işlem türü yapılandırmalarda veya RUNAS komutu kullanıldığında oluşur.",,,Bilgi,"{00000000-0000-0000-0000-000000000000}
{00000000-0000-0000-0000-000000000000}",0x3E7,,,,,,20027,,,,"Microsoft Windows security auditing.",,Logon,,Bilgi,,,,"10/23/2024 01:44:13 AM
LogName=Security
EventCode=4648
EventType=0
ComputerName=target-PC.furkan.local
SourceName=Microsoft Windows security auditing.
Type=Bilgi
RecordNumber=20027
Keywords=Denetleme Başarısı
TaskCategory=Logon
OpCode=Bilgi
Message=Açık kimlik bilgileri kullanılarak oturum açılmaya çalışıldı.

Konu:
	Güvenlik Kimliği:		S-1-5-18
	Hesap Adı:		TARGET-PC$
	Hesap Etki Alanı:		FURKAN
	Oturum Açma Kimliği:		0x3E7
	Oturum Açma GUID'si:		{00000000-0000-0000-0000-000000000000}

Kimlik Bilgileri Kullanılan Hesap:
	Hesap Adı:		bsever
	Hesap Etki Alanı:		FURKAN
	Oturum Açma GUID'si:		{00000000-0000-0000-0000-000000000000}

Hedef Sunucu:
	Hedef Sunucu Adı:	localhost
	Ek Bilgi:	localhost

İşlem Bilgileri:
	İşlem Kimliği:		0x680
	İşlem Adı:		C:\Windows\System32\svchost.exe

Ağ Bilgileri:
	Ağ Adresi:	127.0.0.1
	Bağlantı Noktası:			0

Bu olay, bir işlem açıkça bir hesabın kimlik bilgilerini belirterek hesapta oturum açmayı denediğinde oluşturulur. Bu genellikle zamanlanan görevler gibi toplu işlem türü yapılandırmalarda veya RUNAS komutu kullanıldığında oluşur.","2024-10-22T22:44:13.000+0000",,,"TARGET-PC",endpoint,38,,,"//_::_====-..=___.===_===______.\r\r:\rt_:tt---\rt_:tt","WinEventLog:Security","WinEventLog:Security",splunk,,,,,,,,"C:\Windows\System32\svchost.exe",0x680
,,,,,,,,,,,"'{5770385f-c22a-43e0-bf4c-06f5698ffbd9}'",,,,,,,,"22019FF0DD6B140CC5C75C9E26641C22</Data><Data Name='Signed'>true</Data><Data Name='Signature'>Microsoft",,,,,,,,B4826ABFB7EA0D3F4F6D6BB9EF6BD420,,"'Microsoft-Windows-Sysmon'",,,,,,,,,"'3768'",,D79447E28B131505B29B00A7E2CFDE43351BECAF,1318F1E47221367D55DA458AA2776233A78F30722DD5B02BC7CAC9828F212330,,,"'2024-10-22T22:44:11.1784523Z'",,"'4756'",,"'S-1-5-18'",,,"<Event xmlns='http://schemas.microsoft.com/win/2004/08/events/event'><System><Provider Name='Microsoft-Windows-Sysmon' Guid='{5770385f-c22a-43e0-bf4c-06f5698ffbd9}'/><EventID>7</EventID><Version>3</Version><Level>4</Level><Task>7</Task><Opcode>0</Opcode><Keywords>0x8000000000000000</Keywords><TimeCreated SystemTime='2024-10-22T22:44:11.1784523Z'/><EventRecordID>94435</EventRecordID><Correlation/><Execution ProcessID='3768' ThreadID='4756'/><Channel>Microsoft-Windows-Sysmon/Operational</Channel><Computer>target-PC.furkan.local</Computer><Security UserID='S-1-5-18'/></System><EventData><Data Name='RuleName'>-</Data><Data Name='UtcTime'>2024-10-22 22:44:11.169</Data><Data Name='ProcessGuid'>{d65c0252-2ab7-6718-000b-000000002400}</Data><Data Name='ProcessId'>1912</Data><Data Name='Image'>C:\Windows\System32\RuntimeBroker.exe</Data><Data Name='ImageLoaded'>C:\Windows\System32\urlmon.dll</Data><Data Name='FileVersion'>11.00.19041.4894 (WinBuild.160101.0800)</Data><Data Name='Description'>OLE32 Extensions for Win32</Data><Data Name='Product'>Internet Explorer</Data><Data Name='Company'>Microsoft Corporation</Data><Data Name='OriginalFileName'>UrlMon.dll</Data><Data Name='Hashes'>SHA1=D79447E28B131505B29B00A7E2CFDE43351BECAF,MD5=B4826ABFB7EA0D3F4F6D6BB9EF6BD420,SHA256=1318F1E47221367D55DA458AA2776233A78F30722DD5B02BC7CAC9828F212330,IMPHASH=22019FF0DD6B140CC5C75C9E26641C22</Data><Data Name='Signed'>true</Data><Data Name='Signature'>Microsoft Windows</Data><Data Name='SignatureStatus'>Valid</Data><Data Name='User'>FURKAN\bsever</Data></EventData></Event>","2024-10-22T22:44:11.000+0000",,,"TARGET-PC",endpoint,1,,,"<_='://../////'><><_='--'_='{----}'/><></><></><><","XmlWinEventLog:Microsoft-Windows-Sysmon/Operational","XmlWinEventLog:Microsoft-Windows-Sysmon/Operational",splunk,,,,,"'http://schemas.microsoft.com/win/2004/08/events/event'",,,,
,,,,,,,,,,,"'{5770385f-c22a-43e0-bf4c-06f5698ffbd9}'",,,,,,,,,,,,,,,,,,"'Microsoft-Windows-Sysmon'",,,,,,,,,"'3768'",,,,,,"'2024-10-22T22:44:10.8500721Z'",,"'4080'",,"'S-1-5-18'",,,"<Event xmlns='http://schemas.microsoft.com/win/2004/08/events/event'><System><Provider Name='Microsoft-Windows-Sysmon' Guid='{5770385f-c22a-43e0-bf4c-06f5698ffbd9}'/><EventID>22</EventID><Version>5</Version><Level>4</Level><Task>22</Task><Opcode>0</Opcode><Keywords>0x8000000000000000</Keywords><TimeCreated SystemTime='2024-10-22T22:44:10.8500721Z'/><EventRecordID>94434</EventRecordID><Correlation/><Execution ProcessID='3768' ThreadID='4080'/><Channel>Microsoft-Windows-Sysmon/Operational</Channel><Computer>target-PC.furkan.local</Computer><Security UserID='S-1-5-18'/></System><EventData><Data Name='RuleName'>-</Data><Data Name='UtcTime'>2024-10-22 22:37:27.763</Data><Data Name='ProcessGuid'>{00000000-0000-0000-0000-000000000000}</Data><Data Name='ProcessId'>9924</Data><Data Name='QueryName'>ADDC01.furkan.local</Data><Data Name='QueryStatus'>0</Data><Data Name='QueryResults'>::ffff:192.168.10.7;</Data><Data Name='Image'>&lt;unknown process&gt;</Data><Data Name='User'>FURKAN\bsever</Data></EventData></Event>","2024-10-22T22:44:10.000+0000",,,"TARGET-PC",endpoint,1,,,"<_='://../////'><><_='--'_='{----}'/><></><></><><","XmlWinEventLog:Microsoft-Windows-Sysmon/Operational","XmlWinEventLog:Microsoft-Windows-Sysmon/Operational",splunk,,,,,"'http://schemas.microsoft.com/win/2004/08/events/event'",,,,
,,,,,,,,,,,"'{5770385f-c22a-43e0-bf4c-06f5698ffbd9}'",,,,,,,,"22019FF0DD6B140CC5C75C9E26641C22</Data><Data Name='Signed'>true</Data><Data Name='Signature'>Microsoft",,,,,,,,B4826ABFB7EA0D3F4F6D6BB9EF6BD420,,"'Microsoft-Windows-Sysmon'",,,,,,,,,"'3768'",,D79447E28B131505B29B00A7E2CFDE43351BECAF,1318F1E47221367D55DA458AA2776233A78F30722DD5B02BC7CAC9828F212330,,,"'2024-10-22T22:44:10.4909810Z'",,"'4756'",,"'S-1-5-18'",,,"<Event xmlns='http://schemas.microsoft.com/win/2004/08/events/event'><System><Provider Name='Microsoft-Windows-Sysmon' Guid='{5770385f-c22a-43e0-bf4c-06f5698ffbd9}'/><EventID>7</EventID><Version>3</Version><Level>4</Level><Task>7</Task><Opcode>0</Opcode><Keywords>0x8000000000000000</Keywords><TimeCreated SystemTime='2024-10-22T22:44:10.4909810Z'/><EventRecordID>94426</EventRecordID><Correlation/><Execution ProcessID='3768' ThreadID='4756'/><Channel>Microsoft-Windows-Sysmon/Operational</Channel><Computer>target-PC.furkan.local</Computer><Security UserID='S-1-5-18'/></System><EventData><Data Name='RuleName'>-</Data><Data Name='UtcTime'>2024-10-22 22:44:10.488</Data><Data Name='ProcessGuid'>{d65c0252-2ab3-6718-fb0a-000000002400}</Data><Data Name='ProcessId'>6736</Data><Data Name='Image'>C:\Windows\System32\backgroundTaskHost.exe</Data><Data Name='ImageLoaded'>C:\Windows\System32\urlmon.dll</Data><Data Name='FileVersion'>11.00.19041.4894 (WinBuild.160101.0800)</Data><Data Name='Description'>OLE32 Extensions for Win32</Data><Data Name='Product'>Internet Explorer</Data><Data Name='Company'>Microsoft Corporation</Data><Data Name='OriginalFileName'>UrlMon.dll</Data><Data Name='Hashes'>SHA1=D79447E28B131505B29B00A7E2CFDE43351BECAF,MD5=B4826ABFB7EA0D3F4F6D6BB9EF6BD420,SHA256=1318F1E47221367D55DA458AA2776233A78F30722DD5B02BC7CAC9828F212330,IMPHASH=22019FF0DD6B140CC5C75C9E26641C22</Data><Data Name='Signed'>true</Data><Data Name='Signature'>Microsoft Windows</Data><Data Name='SignatureStatus'>Valid</Data><Data Name='User'>FURKAN\bsever</Data></EventData></Event>","2024-10-22T22:44:10.000+0000",,,"TARGET-PC",endpoint,1,,,"<_='://../////'><><_='--'_='{----}'/><></><></><><","XmlWinEventLog:Microsoft-Windows-Sysmon/Operational","XmlWinEventLog:Microsoft-Windows-Sysmon/Operational",splunk,,,,,"'http://schemas.microsoft.com/win/2004/08/events/event'",,,,
,,,,,,,,,,,"'{5770385f-c22a-43e0-bf4c-06f5698ffbd9}'",,,,,,,,"22019FF0DD6B140CC5C75C9E26641C22</Data><Data Name='Signed'>true</Data><Data Name='Signature'>Microsoft",,,,,,,,B4826ABFB7EA0D3F4F6D6BB9EF6BD420,,"'Microsoft-Windows-Sysmon'",,,,,,,,,"'3768'",,D79447E28B131505B29B00A7E2CFDE43351BECAF,1318F1E47221367D55DA458AA2776233A78F30722DD5B02BC7CAC9828F212330,,,"'2024-10-22T22:44:09.9577985Z'",,"'4756'",,"'S-1-5-18'",,,"<Event xmlns='http://schemas.microsoft.com/win/2004/08/events/event'><System><Provider Name='Microsoft-Windows-Sysmon' Guid='{5770385f-c22a-43e0-bf4c-06f5698ffbd9}'/><EventID>7</EventID><Version>3</Version><Level>4</Level><Task>7</Task><Opcode>0</Opcode><Keywords>0x8000000000000000</Keywords><TimeCreated SystemTime='2024-10-22T22:44:09.9577985Z'/><EventRecordID>94420</EventRecordID><Correlation/><Execution ProcessID='3768' ThreadID='4756'/><Channel>Microsoft-Windows-Sysmon/Operational</Channel><Computer>target-PC.furkan.local</Computer><Security UserID='S-1-5-18'/></System><EventData><Data Name='RuleName'>-</Data><Data Name='UtcTime'>2024-10-22 22:44:09.950</Data><Data Name='ProcessGuid'>{d65c0252-2ab8-6718-060b-000000002400}</Data><Data Name='ProcessId'>9924</Data><Data Name='Image'>C:\Windows\System32\backgroundTaskHost.exe</Data><Data Name='ImageLoaded'>C:\Windows\System32\urlmon.dll</Data><Data Name='FileVersion'>11.00.19041.4894 (WinBuild.160101.0800)</Data><Data Name='Description'>OLE32 Extensions for Win32</Data><Data Name='Product'>Internet Explorer</Data><Data Name='Company'>Microsoft Corporation</Data><Data Name='OriginalFileName'>UrlMon.dll</Data><Data Name='Hashes'>SHA1=D79447E28B131505B29B00A7E2CFDE43351BECAF,MD5=B4826ABFB7EA0D3F4F6D6BB9EF6BD420,SHA256=1318F1E47221367D55DA458AA2776233A78F30722DD5B02BC7CAC9828F212330,IMPHASH=22019FF0DD6B140CC5C75C9E26641C22</Data><Data Name='Signed'>true</Data><Data Name='Signature'>Microsoft Windows</Data><Data Name='SignatureStatus'>Valid</Data><Data Name='User'>FURKAN\bsever</Data></EventData></Event>","2024-10-22T22:44:09.000+0000",,,"TARGET-PC",endpoint,1,,,"<_='://../////'><><_='--'_='{----}'/><></><></><><","XmlWinEventLog:Microsoft-Windows-Sysmon/Operational","XmlWinEventLog:Microsoft-Windows-Sysmon/Operational",splunk,,,,,"'http://schemas.microsoft.com/win/2004/08/events/event'",,,,
,,,,,,,,,,,"'{5770385f-c22a-43e0-bf4c-06f5698ffbd9}'",,,,,,,,"22019FF0DD6B140CC5C75C9E26641C22</Data><Data Name='Signed'>true</Data><Data Name='Signature'>Microsoft",,,,,,,,B4826ABFB7EA0D3F4F6D6BB9EF6BD420,,"'Microsoft-Windows-Sysmon'",,,,,,,,,"'3768'",,D79447E28B131505B29B00A7E2CFDE43351BECAF,1318F1E47221367D55DA458AA2776233A78F30722DD5B02BC7CAC9828F212330,,,"'2024-10-22T22:44:08.9970773Z'",,"'4756'",,"'S-1-5-18'",,,"<Event xmlns='http://schemas.microsoft.com/win/2004/08/events/event'><System><Provider Name='Microsoft-Windows-Sysmon' Guid='{5770385f-c22a-43e0-bf4c-06f5698ffbd9}'/><EventID>7</EventID><Version>3</Version><Level>4</Level><Task>7</Task><Opcode>0</Opcode><Keywords>0x8000000000000000</Keywords><TimeCreated SystemTime='2024-10-22T22:44:08.9970773Z'/><EventRecordID>94418</EventRecordID><Correlation/><Execution ProcessID='3768' ThreadID='4756'/><Channel>Microsoft-Windows-Sysmon/Operational</Channel><Computer>target-PC.furkan.local</Computer><Security UserID='S-1-5-18'/></System><EventData><Data Name='RuleName'>-</Data><Data Name='UtcTime'>2024-10-22 22:44:08.993</Data><Data Name='ProcessGuid'>{d65c0252-2ab8-6718-020b-000000002400}</Data><Data Name='ProcessId'>1616</Data><Data Name='Image'>C:\Windows\System32\backgroundTaskHost.exe</Data><Data Name='ImageLoaded'>C:\Windows\System32\urlmon.dll</Data><Data Name='FileVersion'>11.00.19041.4894 (WinBuild.160101.0800)</Data><Data Name='Description'>OLE32 Extensions for Win32</Data><Data Name='Product'>Internet Explorer</Data><Data Name='Company'>Microsoft Corporation</Data><Data Name='OriginalFileName'>UrlMon.dll</Data><Data Name='Hashes'>SHA1=D79447E28B131505B29B00A7E2CFDE43351BECAF,MD5=B4826ABFB7EA0D3F4F6D6BB9EF6BD420,SHA256=1318F1E47221367D55DA458AA2776233A78F30722DD5B02BC7CAC9828F212330,IMPHASH=22019FF0DD6B140CC5C75C9E26641C22</Data><Data Name='Signed'>true</Data><Data Name='Signature'>Microsoft Windows</Data><Data Name='SignatureStatus'>Valid</Data><Data Name='User'>FURKAN\bsever</Data></EventData></Event>","2024-10-22T22:44:08.000+0000",,,"TARGET-PC",endpoint,1,,,"<_='://../////'><><_='--'_='{----}'/><></><></><><","XmlWinEventLog:Microsoft-Windows-Sysmon/Operational","XmlWinEventLog:Microsoft-Windows-Sysmon/Operational",splunk,,,,,"'http://schemas.microsoft.com/win/2004/08/events/event'",,,,
,,,,,,,,,,,"'{5770385f-c22a-43e0-bf4c-06f5698ffbd9}'",,,,,,,,"22019FF0DD6B140CC5C75C9E26641C22</Data><Data Name='Signed'>true</Data><Data Name='Signature'>Microsoft",,,,,,,,B4826ABFB7EA0D3F4F6D6BB9EF6BD420,,"'Microsoft-Windows-Sysmon'",,,,,,,,,"'3768'",,D79447E28B131505B29B00A7E2CFDE43351BECAF,1318F1E47221367D55DA458AA2776233A78F30722DD5B02BC7CAC9828F212330,,,"'2024-10-22T22:44:08.4169058Z'",,"'4756'",,"'S-1-5-18'",,,"<Event xmlns='http://schemas.microsoft.com/win/2004/08/events/event'><System><Provider Name='Microsoft-Windows-Sysmon' Guid='{5770385f-c22a-43e0-bf4c-06f5698ffbd9}'/><EventID>7</EventID><Version>3</Version><Level>4</Level><Task>7</Task><Opcode>0</Opcode><Keywords>0x8000000000000000</Keywords><TimeCreated SystemTime='2024-10-22T22:44:08.4169058Z'/><EventRecordID>94411</EventRecordID><Correlation/><Execution ProcessID='3768' ThreadID='4756'/><Channel>Microsoft-Windows-Sysmon/Operational</Channel><Computer>target-PC.furkan.local</Computer><Security UserID='S-1-5-18'/></System><EventData><Data Name='RuleName'>-</Data><Data Name='UtcTime'>2024-10-22 22:44:08.408</Data><Data Name='ProcessGuid'>{d65c0252-098a-6718-9006-000000002400}</Data><Data Name='ProcessId'>9108</Data><Data Name='Image'>C:\Windows\System32\RuntimeBroker.exe</Data><Data Name='ImageLoaded'>C:\Windows\System32\urlmon.dll</Data><Data Name='FileVersion'>11.00.19041.4894 (WinBuild.160101.0800)</Data><Data Name='Description'>OLE32 Extensions for Win32</Data><Data Name='Product'>Internet Explorer</Data><Data Name='Company'>Microsoft Corporation</Data><Data Name='OriginalFileName'>UrlMon.dll</Data><Data Name='Hashes'>SHA1=D79447E28B131505B29B00A7E2CFDE43351BECAF,MD5=B4826ABFB7EA0D3F4F6D6BB9EF6BD420,SHA256=1318F1E47221367D55DA458AA2776233A78F30722DD5B02BC7CAC9828F212330,IMPHASH=22019FF0DD6B140CC5C75C9E26641C22</Data><Data Name='Signed'>true</Data><Data Name='Signature'>Microsoft Windows</Data><Data Name='SignatureStatus'>Valid</Data><Data Name='User'>FURKAN\bsever</Data></EventData></Event>","2024-10-22T22:44:08.000+0000",,,"TARGET-PC",endpoint,1,,,"<_='://../////'><><_='--'_='{----}'/><></><></><><","XmlWinEventLog:Microsoft-Windows-Sysmon/Operational","XmlWinEventLog:Microsoft-Windows-Sysmon/Operational",splunk,,,,,"'http://schemas.microsoft.com/win/2004/08/events/event'",,,,
,,,,,,,,,,,"'{5770385f-c22a-43e0-bf4c-06f5698ffbd9}'",,,,,,,,,,,,,,,,,,"'Microsoft-Windows-Sysmon'",,,,,,,,,"'3768'",,,,,,"'2024-10-22T22:44:07.8775401Z'",,"'4080'",,"'S-1-5-18'",,,"<Event xmlns='http://schemas.microsoft.com/win/2004/08/events/event'><System><Provider Name='Microsoft-Windows-Sysmon' Guid='{5770385f-c22a-43e0-bf4c-06f5698ffbd9}'/><EventID>22</EventID><Version>5</Version><Level>4</Level><Task>22</Task><Opcode>0</Opcode><Keywords>0x8000000000000000</Keywords><TimeCreated SystemTime='2024-10-22T22:44:07.8775401Z'/><EventRecordID>94404</EventRecordID><Correlation/><Execution ProcessID='3768' ThreadID='4080'/><Channel>Microsoft-Windows-Sysmon/Operational</Channel><Computer>target-PC.furkan.local</Computer><Security UserID='S-1-5-18'/></System><EventData><Data Name='RuleName'>-</Data><Data Name='UtcTime'>2024-10-22 22:37:25.045</Data><Data Name='ProcessGuid'>{00000000-0000-0000-0000-000000000000}</Data><Data Name='ProcessId'>2904</Data><Data Name='QueryName'>ADDC01.furkan.local</Data><Data Name='QueryStatus'>0</Data><Data Name='QueryResults'>::ffff:192.168.10.7;</Data><Data Name='Image'>&lt;unknown process&gt;</Data><Data Name='User'>FURKAN\bsever</Data></EventData></Event>","2024-10-22T22:44:07.000+0000",,,"TARGET-PC",endpoint,1,,,"<_='://../////'><><_='--'_='{----}'/><></><></><><","XmlWinEventLog:Microsoft-Windows-Sysmon/Operational","XmlWinEventLog:Microsoft-Windows-Sysmon/Operational",splunk,,,,,"'http://schemas.microsoft.com/win/2004/08/events/event'",,,,
,,,,,,,,,,,"'{5770385f-c22a-43e0-bf4c-06f5698ffbd9}'",,,,,,,,"22019FF0DD6B140CC5C75C9E26641C22</Data><Data Name='Signed'>true</Data><Data Name='Signature'>Microsoft",,,,,,,,B4826ABFB7EA0D3F4F6D6BB9EF6BD420,,"'Microsoft-Windows-Sysmon'",,,,,,,,,"'3768'",,D79447E28B131505B29B00A7E2CFDE43351BECAF,1318F1E47221367D55DA458AA2776233A78F30722DD5B02BC7CAC9828F212330,,,"'2024-10-22T22:44:06.8091955Z'",,"'4764'",,"'S-1-5-18'",,,"<Event xmlns='http://schemas.microsoft.com/win/2004/08/events/event'><System><Provider Name='Microsoft-Windows-Sysmon' Guid='{5770385f-c22a-43e0-bf4c-06f5698ffbd9}'/><EventID>7</EventID><Version>3</Version><Level>4</Level><Task>7</Task><Opcode>0</Opcode><Keywords>0x8000000000000000</Keywords><TimeCreated SystemTime='2024-10-22T22:44:06.8091955Z'/><EventRecordID>94399</EventRecordID><Correlation/><Execution ProcessID='3768' ThreadID='4764'/><Channel>Microsoft-Windows-Sysmon/Operational</Channel><Computer>target-PC.furkan.local</Computer><Security UserID='S-1-5-18'/></System><EventData><Data Name='RuleName'>-</Data><Data Name='UtcTime'>2024-10-22 22:44:06.781</Data><Data Name='ProcessGuid'>{d65c0252-2ab5-6718-fe0a-000000002400}</Data><Data Name='ProcessId'>2904</Data><Data Name='Image'>C:\Windows\System32\backgroundTaskHost.exe</Data><Data Name='ImageLoaded'>C:\Windows\System32\urlmon.dll</Data><Data Name='FileVersion'>11.00.19041.4894 (WinBuild.160101.0800)</Data><Data Name='Description'>OLE32 Extensions for Win32</Data><Data Name='Product'>Internet Explorer</Data><Data Name='Company'>Microsoft Corporation</Data><Data Name='OriginalFileName'>UrlMon.dll</Data><Data Name='Hashes'>SHA1=D79447E28B131505B29B00A7E2CFDE43351BECAF,MD5=B4826ABFB7EA0D3F4F6D6BB9EF6BD420,SHA256=1318F1E47221367D55DA458AA2776233A78F30722DD5B02BC7CAC9828F212330,IMPHASH=22019FF0DD6B140CC5C75C9E26641C22</Data><Data Name='Signed'>true</Data><Data Name='Signature'>Microsoft Windows</Data><Data Name='SignatureStatus'>Valid</Data><Data Name='User'>FURKAN\bsever</Data></EventData></Event>","2024-10-22T22:44:06.000+0000",,,"TARGET-PC",endpoint,1,,,"<_='://../////'><><_='--'_='{----}'/><></><></><><","XmlWinEventLog:Microsoft-Windows-Sysmon/Operational","XmlWinEventLog:Microsoft-Windows-Sysmon/Operational",splunk,,,,,"'http://schemas.microsoft.com/win/2004/08/events/event'",,,,
