,,,,,,,,,,,"'{5770385f-c22a-43e0-bf4c-06f5698ffbd9}'",,,,,,,,,,,,,,,,,,"'Microsoft-Windows-Sysmon'",,,,,,,,,"'3768'",,,,,,"'2024-10-22T23:40:03.5436852Z'",,"'4756'",,"'S-1-5-18'",,,"<Event xmlns='http://schemas.microsoft.com/win/2004/08/events/event'><System><Provider Name='Microsoft-Windows-Sysmon' Guid='{5770385f-c22a-43e0-bf4c-06f5698ffbd9}'/><EventID>13</EventID><Version>2</Version><Level>4</Level><Task>13</Task><Opcode>0</Opcode><Keywords>0x8000000000000000</Keywords><TimeCreated SystemTime='2024-10-22T23:40:03.5436852Z'/><EventRecordID>94657</EventRecordID><Correlation/><Execution ProcessID='3768' ThreadID='4756'/><Channel>Microsoft-Windows-Sysmon/Operational</Channel><Computer>target-PC.furkan.local</Computer><Security UserID='S-1-5-18'/></System><EventData><Data Name='RuleName'>-</Data><Data Name='EventType'>SetValue</Data><Data Name='UtcTime'>2024-10-22 23:40:03.542</Data><Data Name='ProcessGuid'>{d65c0252-1212-6718-b807-000000002400}</Data><Data Name='ProcessId'>8476</Data><Data Name='Image'>C:\Program Files (x86)\Microsoft\Edge\Application\msedge.exe</Data><Data Name='TargetObject'>HKLM\System\CurrentControlSet\Services\bam\State\UserSettings\S-1-5-21-1320782582-4191448823-1366989374-1104\\Device\HarddiskVolume2\Program Files (x86)\Microsoft\Edge\Application\msedge.exe</Data><Data Name='Details'>Binary Data</Data><Data Name='User'>FURKAN\bsever</Data></EventData></Event>","2024-10-22T23:40:03.000+0000",,,"TARGET-PC",endpoint,1,,,"<_='://../////'><><_='--'_='{----}'/><></><></><><","XmlWinEventLog:Microsoft-Windows-Sysmon/Operational","XmlWinEventLog:Microsoft-Windows-Sysmon/Operational",splunk,,,,,"'http://schemas.microsoft.com/win/2004/08/events/event'",,,,
,,,,,,,,,,,"'{5770385f-c22a-43e0-bf4c-06f5698ffbd9}'",,,,,,,,,,,,,,,,,,"'Microsoft-Windows-Sysmon'",,,,,,,,,"'3768'",,,,,,"'2024-10-22T23:39:58.9830570Z'",,"'4080'",,"'S-1-5-18'",,,"<Event xmlns='http://schemas.microsoft.com/win/2004/08/events/event'><System><Provider Name='Microsoft-Windows-Sysmon' Guid='{5770385f-c22a-43e0-bf4c-06f5698ffbd9}'/><EventID>22</EventID><Version>5</Version><Level>4</Level><Task>22</Task><Opcode>0</Opcode><Keywords>0x8000000000000000</Keywords><TimeCreated SystemTime='2024-10-22T23:39:58.9830570Z'/><EventRecordID>94656</EventRecordID><Correlation/><Execution ProcessID='3768' ThreadID='4080'/><Channel>Microsoft-Windows-Sysmon/Operational</Channel><Computer>target-PC.furkan.local</Computer><Security UserID='S-1-5-18'/></System><EventData><Data Name='RuleName'>-</Data><Data Name='UtcTime'>2024-10-22 23:39:57.841</Data><Data Name='ProcessGuid'>{d65c0252-1217-6718-bd07-000000002400}</Data><Data Name='ProcessId'>4488</Data><Data Name='QueryName'>nleditor.osi.office.net</Data><Data Name='QueryStatus'>1460</Data><Data Name='QueryResults'>-</Data><Data Name='Image'>C:\Program Files (x86)\Microsoft\Edge\Application\msedge.exe</Data><Data Name='User'>FURKAN\bsever</Data></EventData></Event>","2024-10-22T23:39:58.000+0000",,,"TARGET-PC",endpoint,1,,,"<_='://../////'><><_='--'_='{----}'/><></><></><><","XmlWinEventLog:Microsoft-Windows-Sysmon/Operational","XmlWinEventLog:Microsoft-Windows-Sysmon/Operational",splunk,,,,,"'http://schemas.microsoft.com/win/2004/08/events/event'",,,,
,,,,,,,,,,,"'{5770385f-c22a-43e0-bf4c-06f5698ffbd9}'",,,,,,,,,,,,,,,,,,"'Microsoft-Windows-Sysmon'",,,,,,,,,"'3768'",,,,,,"'2024-10-22T23:38:31.2004764Z'",,"'4756'",,"'S-1-5-18'",,,"<Event xmlns='http://schemas.microsoft.com/win/2004/08/events/event'><System><Provider Name='Microsoft-Windows-Sysmon' Guid='{5770385f-c22a-43e0-bf4c-06f5698ffbd9}'/><EventID>13</EventID><Version>2</Version><Level>4</Level><Task>13</Task><Opcode>0</Opcode><Keywords>0x8000000000000000</Keywords><TimeCreated SystemTime='2024-10-22T23:38:31.2004764Z'/><EventRecordID>94655</EventRecordID><Correlation/><Execution ProcessID='3768' ThreadID='4756'/><Channel>Microsoft-Windows-Sysmon/Operational</Channel><Computer>target-PC.furkan.local</Computer><Security UserID='S-1-5-18'/></System><EventData><Data Name='RuleName'>-</Data><Data Name='EventType'>SetValue</Data><Data Name='UtcTime'>2024-10-22 23:38:31.199</Data><Data Name='ProcessGuid'>{d65c0252-3771-6718-e60c-000000002400}</Data><Data Name='ProcessId'>10448</Data><Data Name='Image'>C:\Program Files (x86)\Microsoft\Edge\Application\msedge.exe</Data><Data Name='TargetObject'>HKLM\System\CurrentControlSet\Services\bam\State\UserSettings\S-1-5-21-1320782582-4191448823-1366989374-1104\\Device\HarddiskVolume2\Program Files (x86)\Microsoft\Edge\Application\msedge.exe</Data><Data Name='Details'>Binary Data</Data><Data Name='User'>FURKAN\bsever</Data></EventData></Event>","2024-10-22T23:38:31.000+0000",,,"TARGET-PC",endpoint,1,,,"<_='://../////'><><_='--'_='{----}'/><></><></><><","XmlWinEventLog:Microsoft-Windows-Sysmon/Operational","XmlWinEventLog:Microsoft-Windows-Sysmon/Operational",splunk,,,,,"'http://schemas.microsoft.com/win/2004/08/events/event'",,,,
,,,,,,,,,,,"'{5770385f-c22a-43e0-bf4c-06f5698ffbd9}'",,,,,,,,,,,,,,,,,,"'Microsoft-Windows-Sysmon'",,,,,,,,,"'3768'",,,,,,"'2024-10-22T23:38:25.6495124Z'",,"'4756'",,"'S-1-5-18'",,,"<Event xmlns='http://schemas.microsoft.com/win/2004/08/events/event'><System><Provider Name='Microsoft-Windows-Sysmon' Guid='{5770385f-c22a-43e0-bf4c-06f5698ffbd9}'/><EventID>13</EventID><Version>2</Version><Level>4</Level><Task>13</Task><Opcode>0</Opcode><Keywords>0x8000000000000000</Keywords><TimeCreated SystemTime='2024-10-22T23:38:25.6495124Z'/><EventRecordID>94654</EventRecordID><Correlation/><Execution ProcessID='3768' ThreadID='4756'/><Channel>Microsoft-Windows-Sysmon/Operational</Channel><Computer>target-PC.furkan.local</Computer><Security UserID='S-1-5-18'/></System><EventData><Data Name='RuleName'>-</Data><Data Name='EventType'>SetValue</Data><Data Name='UtcTime'>2024-10-22 23:38:25.647</Data><Data Name='ProcessGuid'>{d65c0252-1212-6718-b807-000000002400}</Data><Data Name='ProcessId'>8476</Data><Data Name='Image'>C:\Program Files (x86)\Microsoft\Edge\Application\msedge.exe</Data><Data Name='TargetObject'>HKLM\System\CurrentControlSet\Services\bam\State\UserSettings\S-1-5-21-1320782582-4191448823-1366989374-1104\\Device\HarddiskVolume2\Program Files (x86)\Microsoft\Edge\Application\msedge.exe</Data><Data Name='Details'>Binary Data</Data><Data Name='User'>FURKAN\bsever</Data></EventData></Event>","2024-10-22T23:38:25.000+0000",,,"TARGET-PC",endpoint,1,,,"<_='://../////'><><_='--'_='{----}'/><></><></><><","XmlWinEventLog:Microsoft-Windows-Sysmon/Operational","XmlWinEventLog:Microsoft-Windows-Sysmon/Operational",splunk,,,,,"'http://schemas.microsoft.com/win/2004/08/events/event'",,,,
,,,,,,,,,,,"'{5770385f-c22a-43e0-bf4c-06f5698ffbd9}'",,,,,,,,,,,,,,,,,,"'Microsoft-Windows-Sysmon'",,,,,,,,,"'3768'",,,,,,"'2024-10-22T23:38:22.6511822Z'",,"'4756'",,"'S-1-5-18'",,,"<Event xmlns='http://schemas.microsoft.com/win/2004/08/events/event'><System><Provider Name='Microsoft-Windows-Sysmon' Guid='{5770385f-c22a-43e0-bf4c-06f5698ffbd9}'/><EventID>13</EventID><Version>2</Version><Level>4</Level><Task>13</Task><Opcode>0</Opcode><Keywords>0x8000000000000000</Keywords><TimeCreated SystemTime='2024-10-22T23:38:22.6511822Z'/><EventRecordID>94653</EventRecordID><Correlation/><Execution ProcessID='3768' ThreadID='4756'/><Channel>Microsoft-Windows-Sysmon/Operational</Channel><Computer>target-PC.furkan.local</Computer><Security UserID='S-1-5-18'/></System><EventData><Data Name='RuleName'>-</Data><Data Name='EventType'>SetValue</Data><Data Name='UtcTime'>2024-10-22 23:38:22.648</Data><Data Name='ProcessGuid'>{d65c0252-2c14-6718-5b0b-000000002400}</Data><Data Name='ProcessId'>6400</Data><Data Name='Image'>C:\Program Files (x86)\Microsoft\Edge\Application\msedge.exe</Data><Data Name='TargetObject'>HKLM\System\CurrentControlSet\Services\bam\State\UserSettings\S-1-5-21-1320782582-4191448823-1366989374-1104\\Device\HarddiskVolume2\Program Files (x86)\Microsoft\Edge\Application\msedge.exe</Data><Data Name='Details'>Binary Data</Data><Data Name='User'>FURKAN\bsever</Data></EventData></Event>","2024-10-22T23:38:22.000+0000",,,"TARGET-PC",endpoint,1,,,"<_='://../////'><><_='--'_='{----}'/><></><></><><","XmlWinEventLog:Microsoft-Windows-Sysmon/Operational","XmlWinEventLog:Microsoft-Windows-Sysmon/Operational",splunk,,,,,"'http://schemas.microsoft.com/win/2004/08/events/event'",,,,
,,,,,,,,,,,"'{5770385f-c22a-43e0-bf4c-06f5698ffbd9}'",,,,,,,,,,,,,,,,,,"'Microsoft-Windows-Sysmon'",,,,,,,,,"'3768'",,,,,,"'2024-10-22T23:38:22.4025654Z'",,"'4756'",,"'S-1-5-18'",,,"<Event xmlns='http://schemas.microsoft.com/win/2004/08/events/event'><System><Provider Name='Microsoft-Windows-Sysmon' Guid='{5770385f-c22a-43e0-bf4c-06f5698ffbd9}'/><EventID>13</EventID><Version>2</Version><Level>4</Level><Task>13</Task><Opcode>0</Opcode><Keywords>0x8000000000000000</Keywords><TimeCreated SystemTime='2024-10-22T23:38:22.4025654Z'/><EventRecordID>94652</EventRecordID><Correlation/><Execution ProcessID='3768' ThreadID='4756'/><Channel>Microsoft-Windows-Sysmon/Operational</Channel><Computer>target-PC.furkan.local</Computer><Security UserID='S-1-5-18'/></System><EventData><Data Name='RuleName'>-</Data><Data Name='EventType'>SetValue</Data><Data Name='UtcTime'>2024-10-22 23:38:22.400</Data><Data Name='ProcessGuid'>{d65c0252-1212-6718-b807-000000002400}</Data><Data Name='ProcessId'>8476</Data><Data Name='Image'>C:\Program Files (x86)\Microsoft\Edge\Application\msedge.exe</Data><Data Name='TargetObject'>HKLM\System\CurrentControlSet\Services\bam\State\UserSettings\S-1-5-21-1320782582-4191448823-1366989374-1104\\Device\HarddiskVolume2\Program Files (x86)\Microsoft\Edge\Application\msedge.exe</Data><Data Name='Details'>Binary Data</Data><Data Name='User'>FURKAN\bsever</Data></EventData></Event>","2024-10-22T23:38:22.000+0000",,,"TARGET-PC",endpoint,1,,,"<_='://../////'><><_='--'_='{----}'/><></><></><><","XmlWinEventLog:Microsoft-Windows-Sysmon/Operational","XmlWinEventLog:Microsoft-Windows-Sysmon/Operational",splunk,,,,,"'http://schemas.microsoft.com/win/2004/08/events/event'",,,,
,,,,,,,,,,,"'{5770385f-c22a-43e0-bf4c-06f5698ffbd9}'",,,,,,,,,,,,,,,,,,"'Microsoft-Windows-Sysmon'",,,,,,,,,"'3768'",,,,,,"'2024-10-22T23:38:14.2048208Z'",,"'4756'",,"'S-1-5-18'",,,"<Event xmlns='http://schemas.microsoft.com/win/2004/08/events/event'><System><Provider Name='Microsoft-Windows-Sysmon' Guid='{5770385f-c22a-43e0-bf4c-06f5698ffbd9}'/><EventID>13</EventID><Version>2</Version><Level>4</Level><Task>13</Task><Opcode>0</Opcode><Keywords>0x8000000000000000</Keywords><TimeCreated SystemTime='2024-10-22T23:38:14.2048208Z'/><EventRecordID>94651</EventRecordID><Correlation/><Execution ProcessID='3768' ThreadID='4756'/><Channel>Microsoft-Windows-Sysmon/Operational</Channel><Computer>target-PC.furkan.local</Computer><Security UserID='S-1-5-18'/></System><EventData><Data Name='RuleName'>-</Data><Data Name='EventType'>SetValue</Data><Data Name='UtcTime'>2024-10-22 23:38:14.202</Data><Data Name='ProcessGuid'>{d65c0252-375e-6718-df0c-000000002400}</Data><Data Name='ProcessId'>4740</Data><Data Name='Image'>C:\Program Files (x86)\Microsoft\Edge\Application\msedge.exe</Data><Data Name='TargetObject'>HKLM\System\CurrentControlSet\Services\bam\State\UserSettings\S-1-5-21-1320782582-4191448823-1366989374-1104\\Device\HarddiskVolume2\Program Files (x86)\Microsoft\Edge\Application\msedge.exe</Data><Data Name='Details'>Binary Data</Data><Data Name='User'>FURKAN\bsever</Data></EventData></Event>","2024-10-22T23:38:14.000+0000",,,"TARGET-PC",endpoint,1,,,"<_='://../////'><><_='--'_='{----}'/><></><></><><","XmlWinEventLog:Microsoft-Windows-Sysmon/Operational","XmlWinEventLog:Microsoft-Windows-Sysmon/Operational",splunk,,,,,"'http://schemas.microsoft.com/win/2004/08/events/event'",,,,
,,,,,,,,,,,"'{5770385f-c22a-43e0-bf4c-06f5698ffbd9}'",,,,,,,,,,,,,,,,,,"'Microsoft-Windows-Sysmon'",,,,,,,,,"'3768'",,,,,,"'2024-10-22T23:38:12.1665784Z'",,"'4756'",,"'S-1-5-18'",,,"<Event xmlns='http://schemas.microsoft.com/win/2004/08/events/event'><System><Provider Name='Microsoft-Windows-Sysmon' Guid='{5770385f-c22a-43e0-bf4c-06f5698ffbd9}'/><EventID>13</EventID><Version>2</Version><Level>4</Level><Task>13</Task><Opcode>0</Opcode><Keywords>0x8000000000000000</Keywords><TimeCreated SystemTime='2024-10-22T23:38:12.1665784Z'/><EventRecordID>94650</EventRecordID><Correlation/><Execution ProcessID='3768' ThreadID='4756'/><Channel>Microsoft-Windows-Sysmon/Operational</Channel><Computer>target-PC.furkan.local</Computer><Security UserID='S-1-5-18'/></System><EventData><Data Name='RuleName'>-</Data><Data Name='EventType'>SetValue</Data><Data Name='UtcTime'>2024-10-22 23:38:12.165</Data><Data Name='ProcessGuid'>{d65c0252-1212-6718-b807-000000002400}</Data><Data Name='ProcessId'>8476</Data><Data Name='Image'>C:\Program Files (x86)\Microsoft\Edge\Application\msedge.exe</Data><Data Name='TargetObject'>HKLM\System\CurrentControlSet\Services\bam\State\UserSettings\S-1-5-21-1320782582-4191448823-1366989374-1104\\Device\HarddiskVolume2\Program Files (x86)\Microsoft\Edge\Application\msedge.exe</Data><Data Name='Details'>Binary Data</Data><Data Name='User'>FURKAN\bsever</Data></EventData></Event>","2024-10-22T23:38:12.000+0000",,,"TARGET-PC",endpoint,1,,,"<_='://../////'><><_='--'_='{----}'/><></><></><><","XmlWinEventLog:Microsoft-Windows-Sysmon/Operational","XmlWinEventLog:Microsoft-Windows-Sysmon/Operational",splunk,,,,,"'http://schemas.microsoft.com/win/2004/08/events/event'",,,,
,,,,,,,,,,,"'{5770385f-c22a-43e0-bf4c-06f5698ffbd9}'",,,,,,,,,,,,,,,,,,"'Microsoft-Windows-Sysmon'",,,,,,,,,"'3768'",,,,,,"'2024-10-22T23:38:08.3193401Z'",,"'4756'",,"'S-1-5-18'",,,"<Event xmlns='http://schemas.microsoft.com/win/2004/08/events/event'><System><Provider Name='Microsoft-Windows-Sysmon' Guid='{5770385f-c22a-43e0-bf4c-06f5698ffbd9}'/><EventID>13</EventID><Version>2</Version><Level>4</Level><Task>13</Task><Opcode>0</Opcode><Keywords>0x8000000000000000</Keywords><TimeCreated SystemTime='2024-10-22T23:38:08.3193401Z'/><EventRecordID>94649</EventRecordID><Correlation/><Execution ProcessID='3768' ThreadID='4756'/><Channel>Microsoft-Windows-Sysmon/Operational</Channel><Computer>target-PC.furkan.local</Computer><Security UserID='S-1-5-18'/></System><EventData><Data Name='RuleName'>-</Data><Data Name='EventType'>SetValue</Data><Data Name='UtcTime'>2024-10-22 23:38:08.318</Data><Data Name='ProcessGuid'>{d65c0252-375b-6718-de0c-000000002400}</Data><Data Name='ProcessId'>9128</Data><Data Name='Image'>C:\Program Files (x86)\Microsoft\Edge\Application\msedge.exe</Data><Data Name='TargetObject'>HKLM\System\CurrentControlSet\Services\bam\State\UserSettings\S-1-5-21-1320782582-4191448823-1366989374-1104\\Device\HarddiskVolume2\Program Files (x86)\Microsoft\Edge\Application\msedge.exe</Data><Data Name='Details'>Binary Data</Data><Data Name='User'>FURKAN\bsever</Data></EventData></Event>","2024-10-22T23:38:08.000+0000",,,"TARGET-PC",endpoint,1,,,"<_='://../////'><><_='--'_='{----}'/><></><></><><","XmlWinEventLog:Microsoft-Windows-Sysmon/Operational","XmlWinEventLog:Microsoft-Windows-Sysmon/Operational",splunk,,,,,"'http://schemas.microsoft.com/win/2004/08/events/event'",,,,
,,,,,,,,,,,"'{5770385f-c22a-43e0-bf4c-06f5698ffbd9}'",,,,,,,,,,,,,,,,,,"'Microsoft-Windows-Sysmon'",,,,,,,,,"'3768'",,,,,,"'2024-10-22T23:38:06.4790167Z'",,"'4756'",,"'S-1-5-18'",,,"<Event xmlns='http://schemas.microsoft.com/win/2004/08/events/event'><System><Provider Name='Microsoft-Windows-Sysmon' Guid='{5770385f-c22a-43e0-bf4c-06f5698ffbd9}'/><EventID>13</EventID><Version>2</Version><Level>4</Level><Task>13</Task><Opcode>0</Opcode><Keywords>0x8000000000000000</Keywords><TimeCreated SystemTime='2024-10-22T23:38:06.4790167Z'/><EventRecordID>94648</EventRecordID><Correlation/><Execution ProcessID='3768' ThreadID='4756'/><Channel>Microsoft-Windows-Sysmon/Operational</Channel><Computer>target-PC.furkan.local</Computer><Security UserID='S-1-5-18'/></System><EventData><Data Name='RuleName'>-</Data><Data Name='EventType'>SetValue</Data><Data Name='UtcTime'>2024-10-22 23:38:06.478</Data><Data Name='ProcessGuid'>{d65c0252-1212-6718-b807-000000002400}</Data><Data Name='ProcessId'>8476</Data><Data Name='Image'>C:\Program Files (x86)\Microsoft\Edge\Application\msedge.exe</Data><Data Name='TargetObject'>HKLM\System\CurrentControlSet\Services\bam\State\UserSettings\S-1-5-21-1320782582-4191448823-1366989374-1104\\Device\HarddiskVolume2\Program Files (x86)\Microsoft\Edge\Application\msedge.exe</Data><Data Name='Details'>Binary Data</Data><Data Name='User'>FURKAN\bsever</Data></EventData></Event>","2024-10-22T23:38:06.000+0000",,,"TARGET-PC",endpoint,1,,,"<_='://../////'><><_='--'_='{----}'/><></><></><><","XmlWinEventLog:Microsoft-Windows-Sysmon/Operational","XmlWinEventLog:Microsoft-Windows-Sysmon/Operational",splunk,,,,,"'http://schemas.microsoft.com/win/2004/08/events/event'",,,,
,,,,,,,,,,,"'{5770385f-c22a-43e0-bf4c-06f5698ffbd9}'",,,,,,,,,,,,,,,,,,"'Microsoft-Windows-Sysmon'",,,,,,,,,"'3768'",,,,,,"'2024-10-22T23:38:05.6536277Z'",,"'4756'",,"'S-1-5-18'",,,"<Event xmlns='http://schemas.microsoft.com/win/2004/08/events/event'><System><Provider Name='Microsoft-Windows-Sysmon' Guid='{5770385f-c22a-43e0-bf4c-06f5698ffbd9}'/><EventID>13</EventID><Version>2</Version><Level>4</Level><Task>13</Task><Opcode>0</Opcode><Keywords>0x8000000000000000</Keywords><TimeCreated SystemTime='2024-10-22T23:38:05.6536277Z'/><EventRecordID>94647</EventRecordID><Correlation/><Execution ProcessID='3768' ThreadID='4756'/><Channel>Microsoft-Windows-Sysmon/Operational</Channel><Computer>target-PC.furkan.local</Computer><Security UserID='S-1-5-18'/></System><EventData><Data Name='RuleName'>-</Data><Data Name='EventType'>SetValue</Data><Data Name='UtcTime'>2024-10-22 23:38:05.652</Data><Data Name='ProcessGuid'>{d65c0252-3757-6718-dd0c-000000002400}</Data><Data Name='ProcessId'>2128</Data><Data Name='Image'>C:\Program Files (x86)\Microsoft\Edge\Application\msedge.exe</Data><Data Name='TargetObject'>HKLM\System\CurrentControlSet\Services\bam\State\UserSettings\S-1-5-21-1320782582-4191448823-1366989374-1104\\Device\HarddiskVolume2\Program Files (x86)\Microsoft\Edge\Application\msedge.exe</Data><Data Name='Details'>Binary Data</Data><Data Name='User'>FURKAN\bsever</Data></EventData></Event>","2024-10-22T23:38:05.000+0000",,,"TARGET-PC",endpoint,1,,,"<_='://../////'><><_='--'_='{----}'/><></><></><><","XmlWinEventLog:Microsoft-Windows-Sysmon/Operational","XmlWinEventLog:Microsoft-Windows-Sysmon/Operational",splunk,,,,,"'http://schemas.microsoft.com/win/2004/08/events/event'",,,,
,,,,,,,,,,,"'{5770385f-c22a-43e0-bf4c-06f5698ffbd9}'",,,,,,,,,,,,,,,,,,"'Microsoft-Windows-Sysmon'",,,,,,,,,"'3768'",,,,,,"'2024-10-22T23:38:03.8023452Z'",,"'4756'",,"'S-1-5-18'",,,"<Event xmlns='http://schemas.microsoft.com/win/2004/08/events/event'><System><Provider Name='Microsoft-Windows-Sysmon' Guid='{5770385f-c22a-43e0-bf4c-06f5698ffbd9}'/><EventID>13</EventID><Version>2</Version><Level>4</Level><Task>13</Task><Opcode>0</Opcode><Keywords>0x8000000000000000</Keywords><TimeCreated SystemTime='2024-10-22T23:38:03.8023452Z'/><EventRecordID>94646</EventRecordID><Correlation/><Execution ProcessID='3768' ThreadID='4756'/><Channel>Microsoft-Windows-Sysmon/Operational</Channel><Computer>target-PC.furkan.local</Computer><Security UserID='S-1-5-18'/></System><EventData><Data Name='RuleName'>-</Data><Data Name='EventType'>SetValue</Data><Data Name='UtcTime'>2024-10-22 23:38:03.802</Data><Data Name='ProcessGuid'>{d65c0252-1212-6718-b807-000000002400}</Data><Data Name='ProcessId'>8476</Data><Data Name='Image'>C:\Program Files (x86)\Microsoft\Edge\Application\msedge.exe</Data><Data Name='TargetObject'>HKLM\System\CurrentControlSet\Services\bam\State\UserSettings\S-1-5-21-1320782582-4191448823-1366989374-1104\\Device\HarddiskVolume2\Program Files (x86)\Microsoft\Edge\Application\msedge.exe</Data><Data Name='Details'>Binary Data</Data><Data Name='User'>FURKAN\bsever</Data></EventData></Event>","2024-10-22T23:38:03.000+0000",,,"TARGET-PC",endpoint,1,,,"<_='://../////'><><_='--'_='{----}'/><></><></><><","XmlWinEventLog:Microsoft-Windows-Sysmon/Operational","XmlWinEventLog:Microsoft-Windows-Sysmon/Operational",splunk,,,,,"'http://schemas.microsoft.com/win/2004/08/events/event'",,,,
,,,,,,,,,,,"'{5770385f-c22a-43e0-bf4c-06f5698ffbd9}'",,,,,,,,,,,,,,,,,,"'Microsoft-Windows-Sysmon'",,,,,,,,,"'3768'",,,,,,"'2024-10-22T23:38:01.3755117Z'",,"'4756'",,"'S-1-5-18'",,,"<Event xmlns='http://schemas.microsoft.com/win/2004/08/events/event'><System><Provider Name='Microsoft-Windows-Sysmon' Guid='{5770385f-c22a-43e0-bf4c-06f5698ffbd9}'/><EventID>13</EventID><Version>2</Version><Level>4</Level><Task>13</Task><Opcode>0</Opcode><Keywords>0x8000000000000000</Keywords><TimeCreated SystemTime='2024-10-22T23:38:01.3755117Z'/><EventRecordID>94644</EventRecordID><Correlation/><Execution ProcessID='3768' ThreadID='4756'/><Channel>Microsoft-Windows-Sysmon/Operational</Channel><Computer>target-PC.furkan.local</Computer><Security UserID='S-1-5-18'/></System><EventData><Data Name='RuleName'>-</Data><Data Name='EventType'>SetValue</Data><Data Name='UtcTime'>2024-10-22 23:38:01.374</Data><Data Name='ProcessGuid'>{d65c0252-374f-6718-dc0c-000000002400}</Data><Data Name='ProcessId'>6720</Data><Data Name='Image'>C:\Program Files (x86)\Microsoft\Edge\Application\msedge.exe</Data><Data Name='TargetObject'>HKLM\System\CurrentControlSet\Services\bam\State\UserSettings\S-1-5-21-1320782582-4191448823-1366989374-1104\\Device\HarddiskVolume2\Program Files (x86)\Microsoft\Edge\Application\msedge.exe</Data><Data Name='Details'>Binary Data</Data><Data Name='User'>FURKAN\bsever</Data></EventData></Event>","2024-10-22T23:38:01.000+0000",,,"TARGET-PC",endpoint,1,,,"<_='://../////'><><_='--'_='{----}'/><></><></><><","XmlWinEventLog:Microsoft-Windows-Sysmon/Operational","XmlWinEventLog:Microsoft-Windows-Sysmon/Operational",splunk,,,,,"'http://schemas.microsoft.com/win/2004/08/events/event'",,,,
,,,,,,,,,,,"'{5770385f-c22a-43e0-bf4c-06f5698ffbd9}'",,,,,,,,,,,,,,,,,,"'Microsoft-Windows-Sysmon'",,,,,,,,,"'3768'",,,,,,"'2024-10-22T23:37:59.4070701Z'",,"'4756'",,"'S-1-5-18'",,,"<Event xmlns='http://schemas.microsoft.com/win/2004/08/events/event'><System><Provider Name='Microsoft-Windows-Sysmon' Guid='{5770385f-c22a-43e0-bf4c-06f5698ffbd9}'/><EventID>13</EventID><Version>2</Version><Level>4</Level><Task>13</Task><Opcode>0</Opcode><Keywords>0x8000000000000000</Keywords><TimeCreated SystemTime='2024-10-22T23:37:59.4070701Z'/><EventRecordID>94643</EventRecordID><Correlation/><Execution ProcessID='3768' ThreadID='4756'/><Channel>Microsoft-Windows-Sysmon/Operational</Channel><Computer>target-PC.furkan.local</Computer><Security UserID='S-1-5-18'/></System><EventData><Data Name='RuleName'>-</Data><Data Name='EventType'>SetValue</Data><Data Name='UtcTime'>2024-10-22 23:37:59.405</Data><Data Name='ProcessGuid'>{d65c0252-1212-6718-b807-000000002400}</Data><Data Name='ProcessId'>8476</Data><Data Name='Image'>C:\Program Files (x86)\Microsoft\Edge\Application\msedge.exe</Data><Data Name='TargetObject'>HKLM\System\CurrentControlSet\Services\bam\State\UserSettings\S-1-5-21-1320782582-4191448823-1366989374-1104\\Device\HarddiskVolume2\Program Files (x86)\Microsoft\Edge\Application\msedge.exe</Data><Data Name='Details'>Binary Data</Data><Data Name='User'>FURKAN\bsever</Data></EventData></Event>","2024-10-22T23:37:59.000+0000",,,"TARGET-PC",endpoint,1,,,"<_='://../////'><><_='--'_='{----}'/><></><></><><","XmlWinEventLog:Microsoft-Windows-Sysmon/Operational","XmlWinEventLog:Microsoft-Windows-Sysmon/Operational",splunk,,,,,"'http://schemas.microsoft.com/win/2004/08/events/event'",,,,
,,,,,,,,,,,"'{5770385f-c22a-43e0-bf4c-06f5698ffbd9}'",,,,,,,,,,,,,,,,,,"'Microsoft-Windows-Sysmon'",,,,,,,,,"'3768'",,,,,,"'2024-10-22T23:37:53.5843981Z'",,"'4756'",,"'S-1-5-18'",,,"<Event xmlns='http://schemas.microsoft.com/win/2004/08/events/event'><System><Provider Name='Microsoft-Windows-Sysmon' Guid='{5770385f-c22a-43e0-bf4c-06f5698ffbd9}'/><EventID>13</EventID><Version>2</Version><Level>4</Level><Task>13</Task><Opcode>0</Opcode><Keywords>0x8000000000000000</Keywords><TimeCreated SystemTime='2024-10-22T23:37:53.5843981Z'/><EventRecordID>94641</EventRecordID><Correlation/><Execution ProcessID='3768' ThreadID='4756'/><Channel>Microsoft-Windows-Sysmon/Operational</Channel><Computer>target-PC.furkan.local</Computer><Security UserID='S-1-5-18'/></System><EventData><Data Name='RuleName'>-</Data><Data Name='EventType'>SetValue</Data><Data Name='UtcTime'>2024-10-22 23:37:53.583</Data><Data Name='ProcessGuid'>{d65c0252-3749-6718-db0c-000000002400}</Data><Data Name='ProcessId'>9032</Data><Data Name='Image'>C:\Program Files (x86)\Microsoft\Edge\Application\msedge.exe</Data><Data Name='TargetObject'>HKLM\System\CurrentControlSet\Services\bam\State\UserSettings\S-1-5-21-1320782582-4191448823-1366989374-1104\\Device\HarddiskVolume2\Program Files (x86)\Microsoft\Edge\Application\msedge.exe</Data><Data Name='Details'>Binary Data</Data><Data Name='User'>FURKAN\bsever</Data></EventData></Event>","2024-10-22T23:37:53.000+0000",,,"TARGET-PC",endpoint,1,,,"<_='://../////'><><_='--'_='{----}'/><></><></><><","XmlWinEventLog:Microsoft-Windows-Sysmon/Operational","XmlWinEventLog:Microsoft-Windows-Sysmon/Operational",splunk,,,,,"'http://schemas.microsoft.com/win/2004/08/events/event'",,,,
,,,,,,,,,,,"'{5770385f-c22a-43e0-bf4c-06f5698ffbd9}'",,,,,,,,,,,,,,,,,,"'Microsoft-Windows-Sysmon'",,,,,,,,,"'3768'",,,,,,"'2024-10-22T23:37:51.5493384Z'",,"'4756'",,"'S-1-5-18'",,,"<Event xmlns='http://schemas.microsoft.com/win/2004/08/events/event'><System><Provider Name='Microsoft-Windows-Sysmon' Guid='{5770385f-c22a-43e0-bf4c-06f5698ffbd9}'/><EventID>13</EventID><Version>2</Version><Level>4</Level><Task>13</Task><Opcode>0</Opcode><Keywords>0x8000000000000000</Keywords><TimeCreated SystemTime='2024-10-22T23:37:51.5493384Z'/><EventRecordID>94640</EventRecordID><Correlation/><Execution ProcessID='3768' ThreadID='4756'/><Channel>Microsoft-Windows-Sysmon/Operational</Channel><Computer>target-PC.furkan.local</Computer><Security UserID='S-1-5-18'/></System><EventData><Data Name='RuleName'>-</Data><Data Name='EventType'>SetValue</Data><Data Name='UtcTime'>2024-10-22 23:37:51.548</Data><Data Name='ProcessGuid'>{d65c0252-1212-6718-b807-000000002400}</Data><Data Name='ProcessId'>8476</Data><Data Name='Image'>C:\Program Files (x86)\Microsoft\Edge\Application\msedge.exe</Data><Data Name='TargetObject'>HKLM\System\CurrentControlSet\Services\bam\State\UserSettings\S-1-5-21-1320782582-4191448823-1366989374-1104\\Device\HarddiskVolume2\Program Files (x86)\Microsoft\Edge\Application\msedge.exe</Data><Data Name='Details'>Binary Data</Data><Data Name='User'>FURKAN\bsever</Data></EventData></Event>","2024-10-22T23:37:51.000+0000",,,"TARGET-PC",endpoint,1,,,"<_='://../////'><><_='--'_='{----}'/><></><></><><","XmlWinEventLog:Microsoft-Windows-Sysmon/Operational","XmlWinEventLog:Microsoft-Windows-Sysmon/Operational",splunk,,,,,"'http://schemas.microsoft.com/win/2004/08/events/event'",,,,
,,,,,,,,,,,"'{5770385f-c22a-43e0-bf4c-06f5698ffbd9}'",,,,,,,,,,,,,,,,,,"'Microsoft-Windows-Sysmon'",,,,,,,,,"'3768'",,,,,,"'2024-10-22T23:37:47.4759730Z'",,"'4756'",,"'S-1-5-18'",,,"<Event xmlns='http://schemas.microsoft.com/win/2004/08/events/event'><System><Provider Name='Microsoft-Windows-Sysmon' Guid='{5770385f-c22a-43e0-bf4c-06f5698ffbd9}'/><EventID>13</EventID><Version>2</Version><Level>4</Level><Task>13</Task><Opcode>0</Opcode><Keywords>0x8000000000000000</Keywords><TimeCreated SystemTime='2024-10-22T23:37:47.4759730Z'/><EventRecordID>94639</EventRecordID><Correlation/><Execution ProcessID='3768' ThreadID='4756'/><Channel>Microsoft-Windows-Sysmon/Operational</Channel><Computer>target-PC.furkan.local</Computer><Security UserID='S-1-5-18'/></System><EventData><Data Name='RuleName'>-</Data><Data Name='EventType'>SetValue</Data><Data Name='UtcTime'>2024-10-22 23:37:47.474</Data><Data Name='ProcessGuid'>{d65c0252-324b-6718-370c-000000002400}</Data><Data Name='ProcessId'>3244</Data><Data Name='Image'>C:\Program Files (x86)\Microsoft\Edge\Application\msedge.exe</Data><Data Name='TargetObject'>HKLM\System\CurrentControlSet\Services\bam\State\UserSettings\S-1-5-21-1320782582-4191448823-1366989374-1104\\Device\HarddiskVolume2\Program Files (x86)\Microsoft\Edge\Application\msedge.exe</Data><Data Name='Details'>Binary Data</Data><Data Name='User'>FURKAN\bsever</Data></EventData></Event>","2024-10-22T23:37:47.000+0000",,,"TARGET-PC",endpoint,1,,,"<_='://../////'><><_='--'_='{----}'/><></><></><><","XmlWinEventLog:Microsoft-Windows-Sysmon/Operational","XmlWinEventLog:Microsoft-Windows-Sysmon/Operational",splunk,,,,,"'http://schemas.microsoft.com/win/2004/08/events/event'",,,,
,,,,,,,,,,,"'{5770385f-c22a-43e0-bf4c-06f5698ffbd9}'",,,,,,,,,,,,,,,,,,"'Microsoft-Windows-Sysmon'",,,,,,,,,"'3768'",,,,,,"'2024-10-22T23:37:45.4309154Z'",,"'4756'",,"'S-1-5-18'",,,"<Event xmlns='http://schemas.microsoft.com/win/2004/08/events/event'><System><Provider Name='Microsoft-Windows-Sysmon' Guid='{5770385f-c22a-43e0-bf4c-06f5698ffbd9}'/><EventID>13</EventID><Version>2</Version><Level>4</Level><Task>13</Task><Opcode>0</Opcode><Keywords>0x8000000000000000</Keywords><TimeCreated SystemTime='2024-10-22T23:37:45.4309154Z'/><EventRecordID>94638</EventRecordID><Correlation/><Execution ProcessID='3768' ThreadID='4756'/><Channel>Microsoft-Windows-Sysmon/Operational</Channel><Computer>target-PC.furkan.local</Computer><Security UserID='S-1-5-18'/></System><EventData><Data Name='RuleName'>-</Data><Data Name='EventType'>SetValue</Data><Data Name='UtcTime'>2024-10-22 23:37:45.429</Data><Data Name='ProcessGuid'>{d65c0252-1212-6718-b807-000000002400}</Data><Data Name='ProcessId'>8476</Data><Data Name='Image'>C:\Program Files (x86)\Microsoft\Edge\Application\msedge.exe</Data><Data Name='TargetObject'>HKLM\System\CurrentControlSet\Services\bam\State\UserSettings\S-1-5-21-1320782582-4191448823-1366989374-1104\\Device\HarddiskVolume2\Program Files (x86)\Microsoft\Edge\Application\msedge.exe</Data><Data Name='Details'>Binary Data</Data><Data Name='User'>FURKAN\bsever</Data></EventData></Event>","2024-10-22T23:37:45.000+0000",,,"TARGET-PC",endpoint,1,,,"<_='://../////'><><_='--'_='{----}'/><></><></><><","XmlWinEventLog:Microsoft-Windows-Sysmon/Operational","XmlWinEventLog:Microsoft-Windows-Sysmon/Operational",splunk,,,,,"'http://schemas.microsoft.com/win/2004/08/events/event'",,,,
,,,,,,,,,,,"'{5770385f-c22a-43e0-bf4c-06f5698ffbd9}'",,,,,,,,,,,,,,,,,,"'Microsoft-Windows-Sysmon'",,,,,,,,,"'3768'",,,,,,"'2024-10-22T23:36:55.8050176Z'",,"'4756'",,"'S-1-5-18'",,,"<Event xmlns='http://schemas.microsoft.com/win/2004/08/events/event'><System><Provider Name='Microsoft-Windows-Sysmon' Guid='{5770385f-c22a-43e0-bf4c-06f5698ffbd9}'/><EventID>13</EventID><Version>2</Version><Level>4</Level><Task>13</Task><Opcode>0</Opcode><Keywords>0x8000000000000000</Keywords><TimeCreated SystemTime='2024-10-22T23:36:55.8050176Z'/><EventRecordID>94633</EventRecordID><Correlation/><Execution ProcessID='3768' ThreadID='4756'/><Channel>Microsoft-Windows-Sysmon/Operational</Channel><Computer>target-PC.furkan.local</Computer><Security UserID='S-1-5-18'/></System><EventData><Data Name='RuleName'>-</Data><Data Name='EventType'>SetValue</Data><Data Name='UtcTime'>2024-10-22 23:36:55.803</Data><Data Name='ProcessGuid'>{d65c0252-36f7-6718-cf0c-000000002400}</Data><Data Name='ProcessId'>696</Data><Data Name='Image'>C:\Program Files (x86)\Microsoft\Edge\Application\msedge.exe</Data><Data Name='TargetObject'>HKLM\System\CurrentControlSet\Services\bam\State\UserSettings\S-1-5-21-1320782582-4191448823-1366989374-1104\\Device\HarddiskVolume2\Program Files (x86)\Microsoft\Edge\Application\msedge.exe</Data><Data Name='Details'>Binary Data</Data><Data Name='User'>FURKAN\bsever</Data></EventData></Event>","2024-10-22T23:36:55.000+0000",,,"TARGET-PC",endpoint,1,,,"<_='://../////'><><_='--'_='{----}'/><></><></><><","XmlWinEventLog:Microsoft-Windows-Sysmon/Operational","XmlWinEventLog:Microsoft-Windows-Sysmon/Operational",splunk,,,,,"'http://schemas.microsoft.com/win/2004/08/events/event'",,,,
,,,,,,,,,,,"'{5770385f-c22a-43e0-bf4c-06f5698ffbd9}'",,,,,,,,,,,,,,,,,,"'Microsoft-Windows-Sysmon'",,,,,,,,,"'3768'",,,,,,"'2024-10-22T23:36:23.7312710Z'",,"'4756'",,"'S-1-5-18'",,,"<Event xmlns='http://schemas.microsoft.com/win/2004/08/events/event'><System><Provider Name='Microsoft-Windows-Sysmon' Guid='{5770385f-c22a-43e0-bf4c-06f5698ffbd9}'/><EventID>13</EventID><Version>2</Version><Level>4</Level><Task>13</Task><Opcode>0</Opcode><Keywords>0x8000000000000000</Keywords><TimeCreated SystemTime='2024-10-22T23:36:23.7312710Z'/><EventRecordID>94632</EventRecordID><Correlation/><Execution ProcessID='3768' ThreadID='4756'/><Channel>Microsoft-Windows-Sysmon/Operational</Channel><Computer>target-PC.furkan.local</Computer><Security UserID='S-1-5-18'/></System><EventData><Data Name='RuleName'>-</Data><Data Name='EventType'>SetValue</Data><Data Name='UtcTime'>2024-10-22 23:36:23.729</Data><Data Name='ProcessGuid'>{d65c0252-1212-6718-b807-000000002400}</Data><Data Name='ProcessId'>8476</Data><Data Name='Image'>C:\Program Files (x86)\Microsoft\Edge\Application\msedge.exe</Data><Data Name='TargetObject'>HKLM\System\CurrentControlSet\Services\bam\State\UserSettings\S-1-5-21-1320782582-4191448823-1366989374-1104\\Device\HarddiskVolume2\Program Files (x86)\Microsoft\Edge\Application\msedge.exe</Data><Data Name='Details'>Binary Data</Data><Data Name='User'>FURKAN\bsever</Data></EventData></Event>","2024-10-22T23:36:23.000+0000",,,"TARGET-PC",endpoint,1,,,"<_='://../////'><><_='--'_='{----}'/><></><></><><","XmlWinEventLog:Microsoft-Windows-Sysmon/Operational","XmlWinEventLog:Microsoft-Windows-Sysmon/Operational",splunk,,,,,"'http://schemas.microsoft.com/win/2004/08/events/event'",,,,
,,,,,,,"target-PC.furkan.local",,4797,0,,"S-1-5-21-1320782582-4191448823-1366989374-1104",WDAGUtilityAccount,"TARGET-PC",,bsever,FURKAN,,,,,"Denetleme Başarısı",,,,Security,,"Hesapta boş parola olup olmadığı sorgulanmaya çalışıldı.

Konu:
	Güvenlik Kimliği:		S-1-5-21-1320782582-4191448823-1366989374-1104
	Hesap Adı:		bsever
	Hesap Etki Alanı:		FURKAN
	Oturum Açma Kimliği:		0x1391CE5

Ek Bilgi:
	Çağıran İş İstasyonu:	TARGET-PC
	Hedef Hesap Adı:	WDAGUtilityAccount
	Hedef Hesap Etki Alanı:	TARGET-PC",,,Bilgi,,0x1391CE5,,,,,,20092,,,,"Microsoft Windows security auditing.",,"User Account Management",,Bilgi,,,,"10/23/2024 02:34:59 AM
LogName=Security
EventCode=4797
EventType=0
ComputerName=target-PC.furkan.local
SourceName=Microsoft Windows security auditing.
Type=Bilgi
RecordNumber=20092
Keywords=Denetleme Başarısı
TaskCategory=User Account Management
OpCode=Bilgi
Message=Hesapta boş parola olup olmadığı sorgulanmaya çalışıldı.

Konu:
	Güvenlik Kimliği:		S-1-5-21-1320782582-4191448823-1366989374-1104
	Hesap Adı:		bsever
	Hesap Etki Alanı:		FURKAN
	Oturum Açma Kimliği:		0x1391CE5

Ek Bilgi:
	Çağıran İş İstasyonu:	TARGET-PC
	Hedef Hesap Adı:	WDAGUtilityAccount
	Hedef Hesap Etki Alanı:	TARGET-PC","2024-10-22T23:34:59.000+0000",,,"TARGET-PC",endpoint,23,,,"//_::_====-..=___.===_=__==______.\r\r:\rt_:tt-------","WinEventLog:Security","WinEventLog:Security",splunk,,,,,,"TARGET-PC",,,
,,,,,,,"target-PC.furkan.local",,4797,0,,"S-1-5-21-1320782582-4191448823-1366989374-1104","VarsayılanHesap","TARGET-PC",,bsever,FURKAN,,,,,"Denetleme Başarısı",,,,Security,,"Hesapta boş parola olup olmadığı sorgulanmaya çalışıldı.

Konu:
	Güvenlik Kimliği:		S-1-5-21-1320782582-4191448823-1366989374-1104
	Hesap Adı:		bsever
	Hesap Etki Alanı:		FURKAN
	Oturum Açma Kimliği:		0x1391CE5

Ek Bilgi:
	Çağıran İş İstasyonu:	TARGET-PC
	Hedef Hesap Adı:	VarsayılanHesap
	Hedef Hesap Etki Alanı:	TARGET-PC",,,Bilgi,,0x1391CE5,,,,,,20091,,,,"Microsoft Windows security auditing.",,"User Account Management",,Bilgi,,,,"10/23/2024 02:34:59 AM
LogName=Security
EventCode=4797
EventType=0
ComputerName=target-PC.furkan.local
SourceName=Microsoft Windows security auditing.
Type=Bilgi
RecordNumber=20091
Keywords=Denetleme Başarısı
TaskCategory=User Account Management
OpCode=Bilgi
Message=Hesapta boş parola olup olmadığı sorgulanmaya çalışıldı.

Konu:
	Güvenlik Kimliği:		S-1-5-21-1320782582-4191448823-1366989374-1104
	Hesap Adı:		bsever
	Hesap Etki Alanı:		FURKAN
	Oturum Açma Kimliği:		0x1391CE5

Ek Bilgi:
	Çağıran İş İstasyonu:	TARGET-PC
	Hedef Hesap Adı:	VarsayılanHesap
	Hedef Hesap Etki Alanı:	TARGET-PC","2024-10-22T23:34:59.000+0000",,,"TARGET-PC",endpoint,23,,,"//_::_====-..=___.===_=__==______.\r\r:\rt_:tt-------","WinEventLog:Security","WinEventLog:Security",splunk,,,,,,"TARGET-PC",,,
,,,,,,,"target-PC.furkan.local",,4797,0,,"S-1-5-21-1320782582-4191448823-1366989374-1104","T1136.001_PowerShell","TARGET-PC",,bsever,FURKAN,,,,,"Denetleme Başarısı",,,,Security,,"Hesapta boş parola olup olmadığı sorgulanmaya çalışıldı.

Konu:
	Güvenlik Kimliği:		S-1-5-21-1320782582-4191448823-1366989374-1104
	Hesap Adı:		bsever
	Hesap Etki Alanı:		FURKAN
	Oturum Açma Kimliği:		0x1391CE5

Ek Bilgi:
	Çağıran İş İstasyonu:	TARGET-PC
	Hedef Hesap Adı:	T1136.001_PowerShell
	Hedef Hesap Etki Alanı:	TARGET-PC",,,Bilgi,,0x1391CE5,,,,,,20090,,,,"Microsoft Windows security auditing.",,"User Account Management",,Bilgi,,,,"10/23/2024 02:34:59 AM
LogName=Security
EventCode=4797
EventType=0
ComputerName=target-PC.furkan.local
SourceName=Microsoft Windows security auditing.
Type=Bilgi
RecordNumber=20090
Keywords=Denetleme Başarısı
TaskCategory=User Account Management
OpCode=Bilgi
Message=Hesapta boş parola olup olmadığı sorgulanmaya çalışıldı.

Konu:
	Güvenlik Kimliği:		S-1-5-21-1320782582-4191448823-1366989374-1104
	Hesap Adı:		bsever
	Hesap Etki Alanı:		FURKAN
	Oturum Açma Kimliği:		0x1391CE5

Ek Bilgi:
	Çağıran İş İstasyonu:	TARGET-PC
	Hedef Hesap Adı:	T1136.001_PowerShell
	Hedef Hesap Etki Alanı:	TARGET-PC","2024-10-22T23:34:59.000+0000",,,"TARGET-PC",endpoint,23,,,"//_::_====-..=___.===_=__==______.\r\r:\rt_:tt-------","WinEventLog:Security","WinEventLog:Security",splunk,,,,,,"TARGET-PC",,,
,,,,,,,"target-PC.furkan.local",,4797,0,,"S-1-5-21-1320782582-4191448823-1366989374-1104","T1136.001_Admin","TARGET-PC",,bsever,FURKAN,,,,,"Denetleme Başarısı",,,,Security,,"Hesapta boş parola olup olmadığı sorgulanmaya çalışıldı.

Konu:
	Güvenlik Kimliği:		S-1-5-21-1320782582-4191448823-1366989374-1104
	Hesap Adı:		bsever
	Hesap Etki Alanı:		FURKAN
	Oturum Açma Kimliği:		0x1391CE5

Ek Bilgi:
	Çağıran İş İstasyonu:	TARGET-PC
	Hedef Hesap Adı:	T1136.001_Admin
	Hedef Hesap Etki Alanı:	TARGET-PC",,,Bilgi,,0x1391CE5,,,,,,20089,,,,"Microsoft Windows security auditing.",,"User Account Management",,Bilgi,,,,"10/23/2024 02:34:59 AM
LogName=Security
EventCode=4797
EventType=0
ComputerName=target-PC.furkan.local
SourceName=Microsoft Windows security auditing.
Type=Bilgi
RecordNumber=20089
Keywords=Denetleme Başarısı
TaskCategory=User Account Management
OpCode=Bilgi
Message=Hesapta boş parola olup olmadığı sorgulanmaya çalışıldı.

Konu:
	Güvenlik Kimliği:		S-1-5-21-1320782582-4191448823-1366989374-1104
	Hesap Adı:		bsever
	Hesap Etki Alanı:		FURKAN
	Oturum Açma Kimliği:		0x1391CE5

Ek Bilgi:
	Çağıran İş İstasyonu:	TARGET-PC
	Hedef Hesap Adı:	T1136.001_Admin
	Hedef Hesap Etki Alanı:	TARGET-PC","2024-10-22T23:34:59.000+0000",,,"TARGET-PC",endpoint,23,,,"//_::_====-..=___.===_=__==______.\r\r:\rt_:tt-------","WinEventLog:Security","WinEventLog:Security",splunk,,,,,,"TARGET-PC",,,
,,,,,,,"target-PC.furkan.local",,4797,0,,"S-1-5-21-1320782582-4191448823-1366989374-1104",Guest,"TARGET-PC",,bsever,FURKAN,,,,,"Denetleme Başarısı",,,,Security,,"Hesapta boş parola olup olmadığı sorgulanmaya çalışıldı.

Konu:
	Güvenlik Kimliği:		S-1-5-21-1320782582-4191448823-1366989374-1104
	Hesap Adı:		bsever
	Hesap Etki Alanı:		FURKAN
	Oturum Açma Kimliği:		0x1391CE5

Ek Bilgi:
	Çağıran İş İstasyonu:	TARGET-PC
	Hedef Hesap Adı:	Guest
	Hedef Hesap Etki Alanı:	TARGET-PC",,,Bilgi,,0x1391CE5,,,,,,20088,,,,"Microsoft Windows security auditing.",,"User Account Management",,Bilgi,,,,"10/23/2024 02:34:59 AM
LogName=Security
EventCode=4797
EventType=0
ComputerName=target-PC.furkan.local
SourceName=Microsoft Windows security auditing.
Type=Bilgi
RecordNumber=20088
Keywords=Denetleme Başarısı
TaskCategory=User Account Management
OpCode=Bilgi
Message=Hesapta boş parola olup olmadığı sorgulanmaya çalışıldı.

Konu:
	Güvenlik Kimliği:		S-1-5-21-1320782582-4191448823-1366989374-1104
	Hesap Adı:		bsever
	Hesap Etki Alanı:		FURKAN
	Oturum Açma Kimliği:		0x1391CE5

Ek Bilgi:
	Çağıran İş İstasyonu:	TARGET-PC
	Hedef Hesap Adı:	Guest
	Hedef Hesap Etki Alanı:	TARGET-PC","2024-10-22T23:34:59.000+0000",,,"TARGET-PC",endpoint,23,,,"//_::_====-..=___.===_=__==______.\r\r:\rt_:tt-------","WinEventLog:Security","WinEventLog:Security",splunk,,,,,,"TARGET-PC",,,
,,,,,,,"target-PC.furkan.local",,4797,0,,"S-1-5-21-1320782582-4191448823-1366989374-1104",demo,"TARGET-PC",,bsever,FURKAN,,,,,"Denetleme Başarısı",,,,Security,,"Hesapta boş parola olup olmadığı sorgulanmaya çalışıldı.

Konu:
	Güvenlik Kimliği:		S-1-5-21-1320782582-4191448823-1366989374-1104
	Hesap Adı:		bsever
	Hesap Etki Alanı:		FURKAN
	Oturum Açma Kimliği:		0x1391CE5

Ek Bilgi:
	Çağıran İş İstasyonu:	TARGET-PC
	Hedef Hesap Adı:	demo
	Hedef Hesap Etki Alanı:	TARGET-PC",,,Bilgi,,0x1391CE5,,,,,,20087,,,,"Microsoft Windows security auditing.",,"User Account Management",,Bilgi,,,,"10/23/2024 02:34:59 AM
LogName=Security
EventCode=4797
EventType=0
ComputerName=target-PC.furkan.local
SourceName=Microsoft Windows security auditing.
Type=Bilgi
RecordNumber=20087
Keywords=Denetleme Başarısı
TaskCategory=User Account Management
OpCode=Bilgi
Message=Hesapta boş parola olup olmadığı sorgulanmaya çalışıldı.

Konu:
	Güvenlik Kimliği:		S-1-5-21-1320782582-4191448823-1366989374-1104
	Hesap Adı:		bsever
	Hesap Etki Alanı:		FURKAN
	Oturum Açma Kimliği:		0x1391CE5

Ek Bilgi:
	Çağıran İş İstasyonu:	TARGET-PC
	Hedef Hesap Adı:	demo
	Hedef Hesap Etki Alanı:	TARGET-PC","2024-10-22T23:34:59.000+0000",,,"TARGET-PC",endpoint,23,,,"//_::_====-..=___.===_=__==______.\r\r:\rt_:tt-------","WinEventLog:Security","WinEventLog:Security",splunk,,,,,,"TARGET-PC",,,
,,,,,,,"target-PC.furkan.local",,4797,0,,"S-1-5-21-1320782582-4191448823-1366989374-1104",Administrator,"TARGET-PC",,bsever,FURKAN,,,,,"Denetleme Başarısı",,,,Security,,"Hesapta boş parola olup olmadığı sorgulanmaya çalışıldı.

Konu:
	Güvenlik Kimliği:		S-1-5-21-1320782582-4191448823-1366989374-1104
	Hesap Adı:		bsever
	Hesap Etki Alanı:		FURKAN
	Oturum Açma Kimliği:		0x1391CE5

Ek Bilgi:
	Çağıran İş İstasyonu:	TARGET-PC
	Hedef Hesap Adı:	Administrator
	Hedef Hesap Etki Alanı:	TARGET-PC",,,Bilgi,,0x1391CE5,,,,,,20086,,,,"Microsoft Windows security auditing.",,"User Account Management",,Bilgi,,,,"10/23/2024 02:34:59 AM
LogName=Security
EventCode=4797
EventType=0
ComputerName=target-PC.furkan.local
SourceName=Microsoft Windows security auditing.
Type=Bilgi
RecordNumber=20086
Keywords=Denetleme Başarısı
TaskCategory=User Account Management
OpCode=Bilgi
Message=Hesapta boş parola olup olmadığı sorgulanmaya çalışıldı.

Konu:
	Güvenlik Kimliği:		S-1-5-21-1320782582-4191448823-1366989374-1104
	Hesap Adı:		bsever
	Hesap Etki Alanı:		FURKAN
	Oturum Açma Kimliği:		0x1391CE5

Ek Bilgi:
	Çağıran İş İstasyonu:	TARGET-PC
	Hedef Hesap Adı:	Administrator
	Hedef Hesap Etki Alanı:	TARGET-PC","2024-10-22T23:34:59.000+0000",,,"TARGET-PC",endpoint,23,,,"//_::_====-..=___.===_=__==______.\r\r:\rt_:tt-------","WinEventLog:Security","WinEventLog:Security",splunk,,,,,,"TARGET-PC",,,
,,,,,,,,,,,"'{5770385f-c22a-43e0-bf4c-06f5698ffbd9}'",,,,,,,,"F207A867D6098266EE63A3CA677EB0FF</Data><Data Name='ParentProcessGuid'>{d65c0252-fa8f-6717-0d00-000000002400}</Data><Data Name='ParentProcessId'>916</Data><Data Name='ParentImage'>C:\Windows\System32\svchost.exe</Data><Data Name='ParentCommandLine'>C:\Windows\system32\svchost.exe",,,,,,,,D28778D07C8F7CA59B7569E4EDA54512,,"'Microsoft-Windows-Sysmon'",,,,,,,,,"'3768'",,34661F530C6BC94AA1F307DF30F75733E5D87382,770832DA77324F205306B4D89C02BA2B98DCE87207A82D4BF9B1D076608862D6,,,"'2024-10-22T23:34:55.3630463Z'",,"'4756'",,"'S-1-5-18'",,,"<Event xmlns='http://schemas.microsoft.com/win/2004/08/events/event'><System><Provider Name='Microsoft-Windows-Sysmon' Guid='{5770385f-c22a-43e0-bf4c-06f5698ffbd9}'/><EventID>1</EventID><Version>5</Version><Level>4</Level><Task>1</Task><Opcode>0</Opcode><Keywords>0x8000000000000000</Keywords><TimeCreated SystemTime='2024-10-22T23:34:55.3630463Z'/><EventRecordID>94630</EventRecordID><Correlation/><Execution ProcessID='3768' ThreadID='4756'/><Channel>Microsoft-Windows-Sysmon/Operational</Channel><Computer>target-PC.furkan.local</Computer><Security UserID='S-1-5-18'/></System><EventData><Data Name='RuleName'>technique_id=T1083,technique_name=File and Directory Discovery</Data><Data Name='UtcTime'>2024-10-22 23:34:55.355</Data><Data Name='ProcessGuid'>{d65c0252-369f-6718-c40c-000000002400}</Data><Data Name='ProcessId'>5892</Data><Data Name='Image'>C:\Windows\System32\rundll32.exe</Data><Data Name='FileVersion'>10.0.19041.4648 (WinBuild.160101.0800)</Data><Data Name='Description'>Windows host process (Rundll32)</Data><Data Name='Product'>Microsoft® Windows® Operating System</Data><Data Name='Company'>Microsoft Corporation</Data><Data Name='OriginalFileName'>RUNDLL32.EXE</Data><Data Name='CommandLine'>C:\Windows\System32\rundll32.exe C:\Windows\System32\shell32.dll,SHCreateLocalServerRunDll {9aa46009-3ce0-458a-a354-715610a075e6} -Embedding</Data><Data Name='CurrentDirectory'>C:\Windows\system32\</Data><Data Name='User'>FURKAN\bsever</Data><Data Name='LogonGuid'>{d65c0252-02b5-6718-e51c-390100000000}</Data><Data Name='LogonId'>0x1391ce5</Data><Data Name='TerminalSessionId'>3</Data><Data Name='IntegrityLevel'>Medium</Data><Data Name='Hashes'>SHA1=34661F530C6BC94AA1F307DF30F75733E5D87382,MD5=D28778D07C8F7CA59B7569E4EDA54512,SHA256=770832DA77324F205306B4D89C02BA2B98DCE87207A82D4BF9B1D076608862D6,IMPHASH=F207A867D6098266EE63A3CA677EB0FF</Data><Data Name='ParentProcessGuid'>{d65c0252-fa8f-6717-0d00-000000002400}</Data><Data Name='ParentProcessId'>916</Data><Data Name='ParentImage'>C:\Windows\System32\svchost.exe</Data><Data Name='ParentCommandLine'>C:\Windows\system32\svchost.exe -k DcomLaunch -p</Data><Data Name='ParentUser'>NT AUTHORITY\SYSTEM</Data></EventData></Event>","2024-10-22T23:34:55.000+0000",,,"TARGET-PC",endpoint,1,,,"<_='://../////'><><_='--'_='{----}'/><></><></><><","XmlWinEventLog:Microsoft-Windows-Sysmon/Operational","XmlWinEventLog:Microsoft-Windows-Sysmon/Operational",splunk,,T1083,"File and Directory Discovery</Data><Data Name='UtcTime'>2024-10-22 23:34:55.355</Data><Data Name='ProcessGuid'>{d65c0252-369f-6718-c40c-000000002400}</Data><Data Name='ProcessId'>5892</Data><Data Name='Image'>C:\Windows\System32\rundll32.exe</Data><Data Name='FileVersion'>10.0.19041.4648 (WinBuild.160101.0800)</Data><Data Name='Description'>Windows host process (Rundll32)</Data><Data Name='Product'>Microsoft® Windows® Operating System</Data><Data Name='Company'>Microsoft Corporation</Data><Data Name='OriginalFileName'>RUNDLL32.EXE</Data><Data Name='CommandLine'>C:\Windows\System32\rundll32.exe C:\Windows\System32\shell32.dll",,"'http://schemas.microsoft.com/win/2004/08/events/event'",,,,
,,,,,,,,,,,"'{5770385f-c22a-43e0-bf4c-06f5698ffbd9}'",,,,,,,,,,,,,,,,,,"'Microsoft-Windows-Sysmon'",,,,,,,,,"'3768'",,,,,,"'2024-10-22T23:32:22.7312696Z'",,"'4756'",,"'S-1-5-18'",,,"<Event xmlns='http://schemas.microsoft.com/win/2004/08/events/event'><System><Provider Name='Microsoft-Windows-Sysmon' Guid='{5770385f-c22a-43e0-bf4c-06f5698ffbd9}'/><EventID>8</EventID><Version>2</Version><Level>4</Level><Task>8</Task><Opcode>0</Opcode><Keywords>0x8000000000000000</Keywords><TimeCreated SystemTime='2024-10-22T23:32:22.7312696Z'/><EventRecordID>94628</EventRecordID><Correlation/><Execution ProcessID='3768' ThreadID='4756'/><Channel>Microsoft-Windows-Sysmon/Operational</Channel><Computer>target-PC.furkan.local</Computer><Security UserID='S-1-5-18'/></System><EventData><Data Name='RuleName'>technique_id=T1055,technique_name=Process Injection</Data><Data Name='UtcTime'>2024-10-22 23:32:22.650</Data><Data Name='SourceProcessGuid'>{d65c0252-0326-6718-ed04-000000002400}</Data><Data Name='SourceProcessId'>7672</Data><Data Name='SourceImage'>C:\Windows\System32\VBoxTray.exe</Data><Data Name='TargetProcessGuid'>{d65c0252-02a0-6718-6904-000000002400}</Data><Data Name='TargetProcessId'>9364</Data><Data Name='TargetImage'>C:\Windows\System32\csrss.exe</Data><Data Name='NewThreadId'>220</Data><Data Name='StartAddress'>0xFFFFBE47037420D0</Data><Data Name='StartModule'>-</Data><Data Name='StartFunction'>-</Data><Data Name='SourceUser'>FURKAN\bsever</Data><Data Name='TargetUser'>NT AUTHORITY\SYSTEM</Data></EventData></Event>","2024-10-22T23:32:22.000+0000",,,"TARGET-PC",endpoint,1,,,"<_='://../////'><><_='--'_='{----}'/><></><></><><","XmlWinEventLog:Microsoft-Windows-Sysmon/Operational","XmlWinEventLog:Microsoft-Windows-Sysmon/Operational",splunk,,T1055,Process,,"'http://schemas.microsoft.com/win/2004/08/events/event'",,,,
