,,,,,,,,,,,"'{5770385f-c22a-43e0-bf4c-06f5698ffbd9}'",,,,,,,,"22019FF0DD6B140CC5C75C9E26641C22</Data><Data Name='Signed'>true</Data><Data Name='Signature'>Microsoft",,,,,,,,B4826ABFB7EA0D3F4F6D6BB9EF6BD420,,"'Microsoft-Windows-Sysmon'",,,,,,,,,"'3768'",,D79447E28B131505B29B00A7E2CFDE43351BECAF,1318F1E47221367D55DA458AA2776233A78F30722DD5B02BC7CAC9828F212330,,,"'2024-10-22T22:44:05.1344407Z'",,"'4756'",,"'S-1-5-18'",,,"<Event xmlns='http://schemas.microsoft.com/win/2004/08/events/event'><System><Provider Name='Microsoft-Windows-Sysmon' Guid='{5770385f-c22a-43e0-bf4c-06f5698ffbd9}'/><EventID>7</EventID><Version>3</Version><Level>4</Level><Task>7</Task><Opcode>0</Opcode><Keywords>0x8000000000000000</Keywords><TimeCreated SystemTime='2024-10-22T22:44:05.1344407Z'/><EventRecordID>94394</EventRecordID><Correlation/><Execution ProcessID='3768' ThreadID='4756'/><Channel>Microsoft-Windows-Sysmon/Operational</Channel><Computer>target-PC.furkan.local</Computer><Security UserID='S-1-5-18'/></System><EventData><Data Name='RuleName'>-</Data><Data Name='UtcTime'>2024-10-22 22:44:05.123</Data><Data Name='ProcessGuid'>{d65c0252-2ab3-6718-fa0a-000000002400}</Data><Data Name='ProcessId'>1044</Data><Data Name='Image'>C:\Windows\System32\backgroundTaskHost.exe</Data><Data Name='ImageLoaded'>C:\Windows\System32\urlmon.dll</Data><Data Name='FileVersion'>11.00.19041.4894 (WinBuild.160101.0800)</Data><Data Name='Description'>OLE32 Extensions for Win32</Data><Data Name='Product'>Internet Explorer</Data><Data Name='Company'>Microsoft Corporation</Data><Data Name='OriginalFileName'>UrlMon.dll</Data><Data Name='Hashes'>SHA1=D79447E28B131505B29B00A7E2CFDE43351BECAF,MD5=B4826ABFB7EA0D3F4F6D6BB9EF6BD420,SHA256=1318F1E47221367D55DA458AA2776233A78F30722DD5B02BC7CAC9828F212330,IMPHASH=22019FF0DD6B140CC5C75C9E26641C22</Data><Data Name='Signed'>true</Data><Data Name='Signature'>Microsoft Windows</Data><Data Name='SignatureStatus'>Valid</Data><Data Name='User'>FURKAN\bsever</Data></EventData></Event>","2024-10-22T22:44:05.000+0000",,,"TARGET-PC",endpoint,1,,,"<_='://../////'><><_='--'_='{----}'/><></><></><><","XmlWinEventLog:Microsoft-Windows-Sysmon/Operational","XmlWinEventLog:Microsoft-Windows-Sysmon/Operational",splunk,,,,,"'http://schemas.microsoft.com/win/2004/08/events/event'",,,,
,,,,,,,"target-PC.furkan.local",,5379,0,,"S-1-5-21-1320782582-4191448823-1366989374-1104",,,,bsever,FURKAN,,,,,"Denetleme Başarısı",,,,Security,,"Kimlik Bilgileri Yöneticisi kimlik bilgileri okunmuş.

Konu:
	Güvenlik Kimliği:		S-1-5-21-1320782582-4191448823-1366989374-1104
	Hesap Adı:		bsever
	Hesap Etki Alanı:		FURKAN
	Oturum Açma Kimliği		0x1391CE5
	Okuma İşlemi:		Kimlik Bilgilerini Listelendir

Bu olay, bir kullanıcı Kimlik Bilgileri Yöneticisi'nde depolanan kimlik bilgilerinde okuma işlemi gerçekleştirdiğinde oluşur.",,"Kimlik Bilgilerini Listelendir",Bilgi,,,,,,,,20012,,,,"Microsoft Windows security auditing.",,"User Account Management",,Bilgi,,,,"10/23/2024 01:44:03 AM
LogName=Security
EventCode=5379
EventType=0
ComputerName=target-PC.furkan.local
SourceName=Microsoft Windows security auditing.
Type=Bilgi
RecordNumber=20012
Keywords=Denetleme Başarısı
TaskCategory=User Account Management
OpCode=Bilgi
Message=Kimlik Bilgileri Yöneticisi kimlik bilgileri okunmuş.

Konu:
	Güvenlik Kimliği:		S-1-5-21-1320782582-4191448823-1366989374-1104
	Hesap Adı:		bsever
	Hesap Etki Alanı:		FURKAN
	Oturum Açma Kimliği		0x1391CE5
	Okuma İşlemi:		Kimlik Bilgilerini Listelendir

Bu olay, bir kullanıcı Kimlik Bilgileri Yöneticisi'nde depolanan kimlik bilgilerinde okuma işlemi gerçekleştirdiğinde oluşur.","2024-10-22T22:44:03.000+0000",,,"TARGET-PC",endpoint,21,,,"//_::_====-..=___.===_=__==_____.\r\r:\rt_:tt-------\r","WinEventLog:Security","WinEventLog:Security",splunk,,,,,,,,,
,,,,,,,"target-PC.furkan.local",,5379,0,,"S-1-5-21-1320782582-4191448823-1366989374-1104",,,,bsever,FURKAN,,,,,"Denetleme Başarısı",,,,Security,,"Kimlik Bilgileri Yöneticisi kimlik bilgileri okunmuş.

Konu:
	Güvenlik Kimliği:		S-1-5-21-1320782582-4191448823-1366989374-1104
	Hesap Adı:		bsever
	Hesap Etki Alanı:		FURKAN
	Oturum Açma Kimliği		0x1391CE5
	Okuma İşlemi:		Kimlik Bilgilerini Listelendir

Bu olay, bir kullanıcı Kimlik Bilgileri Yöneticisi'nde depolanan kimlik bilgilerinde okuma işlemi gerçekleştirdiğinde oluşur.",,"Kimlik Bilgilerini Listelendir",Bilgi,,,,,,,,20011,,,,"Microsoft Windows security auditing.",,"User Account Management",,Bilgi,,,,"10/23/2024 01:44:03 AM
LogName=Security
EventCode=5379
EventType=0
ComputerName=target-PC.furkan.local
SourceName=Microsoft Windows security auditing.
Type=Bilgi
RecordNumber=20011
Keywords=Denetleme Başarısı
TaskCategory=User Account Management
OpCode=Bilgi
Message=Kimlik Bilgileri Yöneticisi kimlik bilgileri okunmuş.

Konu:
	Güvenlik Kimliği:		S-1-5-21-1320782582-4191448823-1366989374-1104
	Hesap Adı:		bsever
	Hesap Etki Alanı:		FURKAN
	Oturum Açma Kimliği		0x1391CE5
	Okuma İşlemi:		Kimlik Bilgilerini Listelendir

Bu olay, bir kullanıcı Kimlik Bilgileri Yöneticisi'nde depolanan kimlik bilgilerinde okuma işlemi gerçekleştirdiğinde oluşur.","2024-10-22T22:44:03.000+0000",,,"TARGET-PC",endpoint,21,,,"//_::_====-..=___.===_=__==_____.\r\r:\rt_:tt-------\r","WinEventLog:Security","WinEventLog:Security",splunk,,,,,,,,,
,,,,,,,"target-PC.furkan.local",,5379,0,,"S-1-5-21-1320782582-4191448823-1366989374-1104",,,,bsever,FURKAN,,,,,"Denetleme Başarısı",,,,Security,,"Kimlik Bilgileri Yöneticisi kimlik bilgileri okunmuş.

Konu:
	Güvenlik Kimliği:		S-1-5-21-1320782582-4191448823-1366989374-1104
	Hesap Adı:		bsever
	Hesap Etki Alanı:		FURKAN
	Oturum Açma Kimliği		0x1391CE5
	Okuma İşlemi:		Kimlik Bilgilerini Listelendir

Bu olay, bir kullanıcı Kimlik Bilgileri Yöneticisi'nde depolanan kimlik bilgilerinde okuma işlemi gerçekleştirdiğinde oluşur.",,"Kimlik Bilgilerini Listelendir",Bilgi,,,,,,,,20010,,,,"Microsoft Windows security auditing.",,"User Account Management",,Bilgi,,,,"10/23/2024 01:44:03 AM
LogName=Security
EventCode=5379
EventType=0
ComputerName=target-PC.furkan.local
SourceName=Microsoft Windows security auditing.
Type=Bilgi
RecordNumber=20010
Keywords=Denetleme Başarısı
TaskCategory=User Account Management
OpCode=Bilgi
Message=Kimlik Bilgileri Yöneticisi kimlik bilgileri okunmuş.

Konu:
	Güvenlik Kimliği:		S-1-5-21-1320782582-4191448823-1366989374-1104
	Hesap Adı:		bsever
	Hesap Etki Alanı:		FURKAN
	Oturum Açma Kimliği		0x1391CE5
	Okuma İşlemi:		Kimlik Bilgilerini Listelendir

Bu olay, bir kullanıcı Kimlik Bilgileri Yöneticisi'nde depolanan kimlik bilgilerinde okuma işlemi gerçekleştirdiğinde oluşur.","2024-10-22T22:44:03.000+0000",,,"TARGET-PC",endpoint,21,,,"//_::_====-..=___.===_=__==_____.\r\r:\rt_:tt-------\r","WinEventLog:Security","WinEventLog:Security",splunk,,,,,,,,,
