bsever","-","192.168.10.250",0,"Hata Denetle",NTLM,,,Security,"Bir hesap oturum açamadı.

Konu:
	Güvenlik Kimliği:		S-1-0-0
	Hesap Adı:		-
	Hesap Etki Alanı:		-
	Oturum Açma Kimliği:		0x0

Oturum Türü:			3

Oturumu Açılamayan Hesap:
	Güvenlik Kimliği:		S-1-0-0
	Hesap Adı:		bsever
	Hesap Etki Alanı:		

Hata Bilgileri:
	Hata Nedeni:		Bilinmeyen kullanıcı adı veya yanlış parola.
	Durum:			0xC000006D
	Alt Durum:		0xC000006A

İşlem Bilgileri:
	Çağıran İşlem Kimliği:	0x0
	Çağıran İşlem Adı:	-

Ağ Bilgileri:
	İş İstasyonu Adı:	kali
	Kaynak Ağ Adresi:	192.168.10.250
	Kaynak Bağlantı Noktası:		0

Ayrıntılı Kimlik Doğrulama Bilgileri:
	Oturum Açma İşlemi:		NtLmSsp 
	Kimlik Doğrulama Paketi:	NTLM
	Aktarılan Hizmetler:	-
	Paket Adı (yalnızca NTLM):	-
	Anahtar Uzunluğu:		0

Bu olay bir oturum açma isteği başarısız olduğunda oluşturulur. Erişilmeye çalışılan bilgisayarda oluşturulur.

Konu alanları oturum açmayı isteyen yerel sistemdeki hesabı belirtir. Bu genellikle Sistemi hizmeti gibi bir hizmet ya da Winlogon.exe veya Services.exe gibi yerel bir işlemdir.

Oturum Türü alanı istenen oturum açma türünü gösterir. En yaygın türler 2 (etkileşimli) ve 3'tür (ağ).

İşlem Bilgileri alanları, sistemdeki hangi hesabın ve işlemin oturum açmayı istediğini gösterir.

Ağ Bilgileri alanları, bir uzaktan oturum açma isteğinin kaynağını gösterir. İş İstasyonu Adı her zaman yoktur ve bazı durumlarda boş olabilir.

Kimlik Doğrulama Bilgileri alanları bu oturum açma isteğine özel ayrıntılı bilgiler sağlar.
	- Aktarılan Hizmetler, bu oturum açma isteğine katılan ara hizmetleri gösterir.
	- Paket Adı, NTLM protokolleri arasında hangi alt protokolün kullanıldığını gösterir.
	- Anahtar Uzunluğu, oluşturulan oturum anahtarının uzunluğunu gösterir. Oturum anahtarı istenmediyse bu 0 olur.",Bilgi,,0x0,,NtLmSsp,3,"-",19813,,"Microsoft Windows security auditing.",Logon,Bilgi,,"10/23/2024 12:09:09 AM
LogName=Security
EventCode=4625
EventType=0
ComputerName=target-PC.furkan.local
SourceName=Microsoft Windows security auditing.
Type=Bilgi
RecordNumber=19813
Keywords=Hata Denetle
TaskCategory=Logon
OpCode=Bilgi
Message=Bir hesap oturum açamadı.

Konu:
	Güvenlik Kimliği:		S-1-0-0
	Hesap Adı:		-
	Hesap Etki Alanı:		-
	Oturum Açma Kimliği:		0x0

Oturum Türü:			3

Oturumu Açılamayan Hesap:
	Güvenlik Kimliği:		S-1-0-0
	Hesap Adı:		bsever
	Hesap Etki Alanı:		

Hata Bilgileri:
	Hata Nedeni:		Bilinmeyen kullanıcı adı veya yanlış parola.
	Durum:			0xC000006D
	Alt Durum:		0xC000006A

İşlem Bilgileri:
	Çağıran İşlem Kimliği:	0x0
	Çağıran İşlem Adı:	-

Ağ Bilgileri:
	İş İstasyonu Adı:	kali
	Kaynak Ağ Adresi:	192.168.10.250
	Kaynak Bağlantı Noktası:		0

Ayrıntılı Kimlik Doğrulama Bilgileri:
	Oturum Açma İşlemi:		NtLmSsp 
	Kimlik Doğrulama Paketi:	NTLM
	Aktarılan Hizmetler:	-
	Paket Adı (yalnızca NTLM):	-
	Anahtar Uzunluğu:		0

Bu olay bir oturum açma isteği başarısız olduğunda oluşturulur. Erişilmeye çalışılan bilgisayarda oluşturulur.

Konu alanları oturum açmayı isteyen yerel sistemdeki hesabı belirtir. Bu genellikle Sistemi hizmeti gibi bir hizmet ya da Winlogon.exe veya Services.exe gibi yerel bir işlemdir.

Oturum Türü alanı istenen oturum açma türünü gösterir. En yaygın türler 2 (etkileşimli) ve 3'tür (ağ).

İşlem Bilgileri alanları, sistemdeki hangi hesabın ve işlemin oturum açmayı istediğini gösterir.

Ağ Bilgileri alanları, bir uzaktan oturum açma isteğinin kaynağını gösterir. İş İstasyonu Adı her zaman yoktur ve bazı durumlarda boş olabilir.

Kimlik Doğrulama Bilgileri alanları bu oturum açma isteğine özel ayrıntılı bilgiler sağlar.
	- Aktarılan Hizmetler, bu oturum açma isteğine katılan ara hizmetleri gösterir.
	- Paket Adı, NTLM protokolleri arasında hangi alt protokolün kullanıldığını gösterir.
	- Anahtar Uzunluğu, oluşturulan oturum anahtarının uzunluğunu gösterir. Oturum anahtarı istenmediyse bu 0 olur.","2024-10-22T21:09:09.000+0000",,"TARGET-PC",endpoint,61,"//_::_====-..=___.===_===___.\r\r:\rt_:tt---\rt_:tt-\rt","WinEventLog:Security","WinEventLog:Security",splunk,,"-",0x0,kali,,
"-",0xC000006A,0,,,,"target-PC.furkan.local",0xC000006D,4625,0,"S-1-0-0
S-1-0-0","Bilinmeyen kullanıcı adı veya yanlış parola.","-
bsever","-","192.168.10.250",0,"Hata Denetle",NTLM,,,Security,"Bir hesap oturum açamadı.

Konu:
	Güvenlik Kimliği:		S-1-0-0
	Hesap Adı:		-
	Hesap Etki Alanı:		-
	Oturum Açma Kimliği:		0x0

Oturum Türü:			3

Oturumu Açılamayan Hesap:
	Güvenlik Kimliği:		S-1-0-0
	Hesap Adı:		bsever
	Hesap Etki Alanı:		

Hata Bilgileri:
	Hata Nedeni:		Bilinmeyen kullanıcı adı veya yanlış parola.
	Durum:			0xC000006D
	Alt Durum:		0xC000006A

İşlem Bilgileri:
	Çağıran İşlem Kimliği:	0x0
	Çağıran İşlem Adı:	-

Ağ Bilgileri:
	İş İstasyonu Adı:	kali
	Kaynak Ağ Adresi:	192.168.10.250
	Kaynak Bağlantı Noktası:		0

Ayrıntılı Kimlik Doğrulama Bilgileri:
	Oturum Açma İşlemi:		NtLmSsp 
	Kimlik Doğrulama Paketi:	NTLM
	Aktarılan Hizmetler:	-
	Paket Adı (yalnızca NTLM):	-
	Anahtar Uzunluğu:		0

Bu olay bir oturum açma isteği başarısız olduğunda oluşturulur. Erişilmeye çalışılan bilgisayarda oluşturulur.

Konu alanları oturum açmayı isteyen yerel sistemdeki hesabı belirtir. Bu genellikle Sistemi hizmeti gibi bir hizmet ya da Winlogon.exe veya Services.exe gibi yerel bir işlemdir.

Oturum Türü alanı istenen oturum açma türünü gösterir. En yaygın türler 2 (etkileşimli) ve 3'tür (ağ).

İşlem Bilgileri alanları, sistemdeki hangi hesabın ve işlemin oturum açmayı istediğini gösterir.

Ağ Bilgileri alanları, bir uzaktan oturum açma isteğinin kaynağını gösterir. İş İstasyonu Adı her zaman yoktur ve bazı durumlarda boş olabilir.

Kimlik Doğrulama Bilgileri alanları bu oturum açma isteğine özel ayrıntılı bilgiler sağlar.
	- Aktarılan Hizmetler, bu oturum açma isteğine katılan ara hizmetleri gösterir.
	- Paket Adı, NTLM protokolleri arasında hangi alt protokolün kullanıldığını gösterir.
	- Anahtar Uzunluğu, oluşturulan oturum anahtarının uzunluğunu gösterir. Oturum anahtarı istenmediyse bu 0 olur.",Bilgi,,0x0,,NtLmSsp,3,"-",19810,,"Microsoft Windows security auditing.",Logon,Bilgi,,"10/23/2024 12:09:08 AM
LogName=Security
EventCode=4625
EventType=0
ComputerName=target-PC.furkan.local
SourceName=Microsoft Windows security auditing.
Type=Bilgi
RecordNumber=19810
Keywords=Hata Denetle
TaskCategory=Logon
OpCode=Bilgi
Message=Bir hesap oturum açamadı.

Konu:
	Güvenlik Kimliği:		S-1-0-0
	Hesap Adı:		-
	Hesap Etki Alanı:		-
	Oturum Açma Kimliği:		0x0

Oturum Türü:			3

Oturumu Açılamayan Hesap:
	Güvenlik Kimliği:		S-1-0-0
	Hesap Adı:		bsever
	Hesap Etki Alanı:		

Hata Bilgileri:
	Hata Nedeni:		Bilinmeyen kullanıcı adı veya yanlış parola.
	Durum:			0xC000006D
	Alt Durum:		0xC000006A

İşlem Bilgileri:
	Çağıran İşlem Kimliği:	0x0
	Çağıran İşlem Adı:	-

Ağ Bilgileri:
	İş İstasyonu Adı:	kali
	Kaynak Ağ Adresi:	192.168.10.250
	Kaynak Bağlantı Noktası:		0

Ayrıntılı Kimlik Doğrulama Bilgileri:
	Oturum Açma İşlemi:		NtLmSsp 
	Kimlik Doğrulama Paketi:	NTLM
	Aktarılan Hizmetler:	-
	Paket Adı (yalnızca NTLM):	-
	Anahtar Uzunluğu:		0

Bu olay bir oturum açma isteği başarısız olduğunda oluşturulur. Erişilmeye çalışılan bilgisayarda oluşturulur.

Konu alanları oturum açmayı isteyen yerel sistemdeki hesabı belirtir. Bu genellikle Sistemi hizmeti gibi bir hizmet ya da Winlogon.exe veya Services.exe gibi yerel bir işlemdir.

Oturum Türü alanı istenen oturum açma türünü gösterir. En yaygın türler 2 (etkileşimli) ve 3'tür (ağ).

İşlem Bilgileri alanları, sistemdeki hangi hesabın ve işlemin oturum açmayı istediğini gösterir.

Ağ Bilgileri alanları, bir uzaktan oturum açma isteğinin kaynağını gösterir. İş İstasyonu Adı her zaman yoktur ve bazı durumlarda boş olabilir.

Kimlik Doğrulama Bilgileri alanları bu oturum açma isteğine özel ayrıntılı bilgiler sağlar.
	- Aktarılan Hizmetler, bu oturum açma isteğine katılan ara hizmetleri gösterir.
	- Paket Adı, NTLM protokolleri arasında hangi alt protokolün kullanıldığını gösterir.
	- Anahtar Uzunluğu, oluşturulan oturum anahtarının uzunluğunu gösterir. Oturum anahtarı istenmediyse bu 0 olur.","2024-10-22T21:09:08.000+0000",,"TARGET-PC",endpoint,61,"//_::_====-..=___.===_===___.\r\r:\rt_:tt---\rt_:tt-\rt","WinEventLog:Security","WinEventLog:Security",splunk,,"-",0x0,kali,,
"-",0xC000006A,0,,,,"target-PC.furkan.local",0xC000006D,4625,0,"S-1-0-0
S-1-0-0","Bilinmeyen kullanıcı adı veya yanlış parola.","-
bsever","-","192.168.10.250",0,"Hata Denetle",NTLM,,,Security,"Bir hesap oturum açamadı.

Konu:
	Güvenlik Kimliği:		S-1-0-0
	Hesap Adı:		-
	Hesap Etki Alanı:		-
	Oturum Açma Kimliği:		0x0

Oturum Türü:			3

Oturumu Açılamayan Hesap:
	Güvenlik Kimliği:		S-1-0-0
	Hesap Adı:		bsever
	Hesap Etki Alanı:		

Hata Bilgileri:
	Hata Nedeni:		Bilinmeyen kullanıcı adı veya yanlış parola.
	Durum:			0xC000006D
	Alt Durum:		0xC000006A

İşlem Bilgileri:
	Çağıran İşlem Kimliği:	0x0
	Çağıran İşlem Adı:	-

Ağ Bilgileri:
	İş İstasyonu Adı:	kali
	Kaynak Ağ Adresi:	192.168.10.250
	Kaynak Bağlantı Noktası:		0

Ayrıntılı Kimlik Doğrulama Bilgileri:
	Oturum Açma İşlemi:		NtLmSsp 
	Kimlik Doğrulama Paketi:	NTLM
	Aktarılan Hizmetler:	-
	Paket Adı (yalnızca NTLM):	-
	Anahtar Uzunluğu:		0

Bu olay bir oturum açma isteği başarısız olduğunda oluşturulur. Erişilmeye çalışılan bilgisayarda oluşturulur.

Konu alanları oturum açmayı isteyen yerel sistemdeki hesabı belirtir. Bu genellikle Sistemi hizmeti gibi bir hizmet ya da Winlogon.exe veya Services.exe gibi yerel bir işlemdir.

Oturum Türü alanı istenen oturum açma türünü gösterir. En yaygın türler 2 (etkileşimli) ve 3'tür (ağ).

İşlem Bilgileri alanları, sistemdeki hangi hesabın ve işlemin oturum açmayı istediğini gösterir.

Ağ Bilgileri alanları, bir uzaktan oturum açma isteğinin kaynağını gösterir. İş İstasyonu Adı her zaman yoktur ve bazı durumlarda boş olabilir.

Kimlik Doğrulama Bilgileri alanları bu oturum açma isteğine özel ayrıntılı bilgiler sağlar.
	- Aktarılan Hizmetler, bu oturum açma isteğine katılan ara hizmetleri gösterir.
	- Paket Adı, NTLM protokolleri arasında hangi alt protokolün kullanıldığını gösterir.
	- Anahtar Uzunluğu, oluşturulan oturum anahtarının uzunluğunu gösterir. Oturum anahtarı istenmediyse bu 0 olur.",Bilgi,,0x0,,NtLmSsp,3,"-",19809,,"Microsoft Windows security auditing.",Logon,Bilgi,,"10/23/2024 12:09:08 AM
LogName=Security
EventCode=4625
EventType=0
ComputerName=target-PC.furkan.local
SourceName=Microsoft Windows security auditing.
Type=Bilgi
RecordNumber=19809
Keywords=Hata Denetle
TaskCategory=Logon
OpCode=Bilgi
Message=Bir hesap oturum açamadı.

Konu:
	Güvenlik Kimliği:		S-1-0-0
	Hesap Adı:		-
	Hesap Etki Alanı:		-
	Oturum Açma Kimliği:		0x0

Oturum Türü:			3

Oturumu Açılamayan Hesap:
	Güvenlik Kimliği:		S-1-0-0
	Hesap Adı:		bsever
	Hesap Etki Alanı:		

Hata Bilgileri:
	Hata Nedeni:		Bilinmeyen kullanıcı adı veya yanlış parola.
	Durum:			0xC000006D
	Alt Durum:		0xC000006A

İşlem Bilgileri:
	Çağıran İşlem Kimliği:	0x0
	Çağıran İşlem Adı:	-

Ağ Bilgileri:
	İş İstasyonu Adı:	kali
	Kaynak Ağ Adresi:	192.168.10.250
	Kaynak Bağlantı Noktası:		0

Ayrıntılı Kimlik Doğrulama Bilgileri:
	Oturum Açma İşlemi:		NtLmSsp 
	Kimlik Doğrulama Paketi:	NTLM
	Aktarılan Hizmetler:	-
	Paket Adı (yalnızca NTLM):	-
	Anahtar Uzunluğu:		0

Bu olay bir oturum açma isteği başarısız olduğunda oluşturulur. Erişilmeye çalışılan bilgisayarda oluşturulur.

Konu alanları oturum açmayı isteyen yerel sistemdeki hesabı belirtir. Bu genellikle Sistemi hizmeti gibi bir hizmet ya da Winlogon.exe veya Services.exe gibi yerel bir işlemdir.

Oturum Türü alanı istenen oturum açma türünü gösterir. En yaygın türler 2 (etkileşimli) ve 3'tür (ağ).

İşlem Bilgileri alanları, sistemdeki hangi hesabın ve işlemin oturum açmayı istediğini gösterir.

Ağ Bilgileri alanları, bir uzaktan oturum açma isteğinin kaynağını gösterir. İş İstasyonu Adı her zaman yoktur ve bazı durumlarda boş olabilir.

Kimlik Doğrulama Bilgileri alanları bu oturum açma isteğine özel ayrıntılı bilgiler sağlar.
	- Aktarılan Hizmetler, bu oturum açma isteğine katılan ara hizmetleri gösterir.
	- Paket Adı, NTLM protokolleri arasında hangi alt protokolün kullanıldığını gösterir.
	- Anahtar Uzunluğu, oluşturulan oturum anahtarının uzunluğunu gösterir. Oturum anahtarı istenmediyse bu 0 olur.","2024-10-22T21:09:08.000+0000",,"TARGET-PC",endpoint,61,"//_::_====-..=___.===_===___.\r\r:\rt_:tt---\rt_:tt-\rt","WinEventLog:Security","WinEventLog:Security",splunk,,"-",0x0,kali,,
"-",0xC000006A,0,,,,"target-PC.furkan.local",0xC000006D,4625,0,"S-1-0-0
S-1-0-0","Bilinmeyen kullanıcı adı veya yanlış parola.","-
bsever","-","192.168.10.250",0,"Hata Denetle",NTLM,,,Security,"Bir hesap oturum açamadı.

Konu:
	Güvenlik Kimliği:		S-1-0-0
	Hesap Adı:		-
	Hesap Etki Alanı:		-
	Oturum Açma Kimliği:		0x0

Oturum Türü:			3

Oturumu Açılamayan Hesap:
	Güvenlik Kimliği:		S-1-0-0
	Hesap Adı:		bsever
	Hesap Etki Alanı:		

Hata Bilgileri:
	Hata Nedeni:		Bilinmeyen kullanıcı adı veya yanlış parola.
	Durum:			0xC000006D
	Alt Durum:		0xC000006A

İşlem Bilgileri:
	Çağıran İşlem Kimliği:	0x0
	Çağıran İşlem Adı:	-

Ağ Bilgileri:
	İş İstasyonu Adı:	kali
	Kaynak Ağ Adresi:	192.168.10.250
	Kaynak Bağlantı Noktası:		0

Ayrıntılı Kimlik Doğrulama Bilgileri:
	Oturum Açma İşlemi:		NtLmSsp 
	Kimlik Doğrulama Paketi:	NTLM
	Aktarılan Hizmetler:	-
	Paket Adı (yalnızca NTLM):	-
	Anahtar Uzunluğu:		0

Bu olay bir oturum açma isteği başarısız olduğunda oluşturulur. Erişilmeye çalışılan bilgisayarda oluşturulur.

Konu alanları oturum açmayı isteyen yerel sistemdeki hesabı belirtir. Bu genellikle Sistemi hizmeti gibi bir hizmet ya da Winlogon.exe veya Services.exe gibi yerel bir işlemdir.

Oturum Türü alanı istenen oturum açma türünü gösterir. En yaygın türler 2 (etkileşimli) ve 3'tür (ağ).

İşlem Bilgileri alanları, sistemdeki hangi hesabın ve işlemin oturum açmayı istediğini gösterir.

Ağ Bilgileri alanları, bir uzaktan oturum açma isteğinin kaynağını gösterir. İş İstasyonu Adı her zaman yoktur ve bazı durumlarda boş olabilir.

Kimlik Doğrulama Bilgileri alanları bu oturum açma isteğine özel ayrıntılı bilgiler sağlar.
	- Aktarılan Hizmetler, bu oturum açma isteğine katılan ara hizmetleri gösterir.
	- Paket Adı, NTLM protokolleri arasında hangi alt protokolün kullanıldığını gösterir.
	- Anahtar Uzunluğu, oluşturulan oturum anahtarının uzunluğunu gösterir. Oturum anahtarı istenmediyse bu 0 olur.",Bilgi,,0x0,,NtLmSsp,3,"-",19808,,"Microsoft Windows security auditing.",Logon,Bilgi,,"10/23/2024 12:09:07 AM
LogName=Security
EventCode=4625
EventType=0
ComputerName=target-PC.furkan.local
SourceName=Microsoft Windows security auditing.
Type=Bilgi
RecordNumber=19808
Keywords=Hata Denetle
TaskCategory=Logon
OpCode=Bilgi
Message=Bir hesap oturum açamadı.

Konu:
	Güvenlik Kimliği:		S-1-0-0
	Hesap Adı:		-
	Hesap Etki Alanı:		-
	Oturum Açma Kimliği:		0x0

Oturum Türü:			3

Oturumu Açılamayan Hesap:
	Güvenlik Kimliği:		S-1-0-0
	Hesap Adı:		bsever
	Hesap Etki Alanı:		

Hata Bilgileri:
	Hata Nedeni:		Bilinmeyen kullanıcı adı veya yanlış parola.
	Durum:			0xC000006D
	Alt Durum:		0xC000006A

İşlem Bilgileri:
	Çağıran İşlem Kimliği:	0x0
	Çağıran İşlem Adı:	-

Ağ Bilgileri:
	İş İstasyonu Adı:	kali
	Kaynak Ağ Adresi:	192.168.10.250
	Kaynak Bağlantı Noktası:		0

Ayrıntılı Kimlik Doğrulama Bilgileri:
	Oturum Açma İşlemi:		NtLmSsp 
	Kimlik Doğrulama Paketi:	NTLM
	Aktarılan Hizmetler:	-
	Paket Adı (yalnızca NTLM):	-
	Anahtar Uzunluğu:		0

Bu olay bir oturum açma isteği başarısız olduğunda oluşturulur. Erişilmeye çalışılan bilgisayarda oluşturulur.

Konu alanları oturum açmayı isteyen yerel sistemdeki hesabı belirtir. Bu genellikle Sistemi hizmeti gibi bir hizmet ya da Winlogon.exe veya Services.exe gibi yerel bir işlemdir.

Oturum Türü alanı istenen oturum açma türünü gösterir. En yaygın türler 2 (etkileşimli) ve 3'tür (ağ).

İşlem Bilgileri alanları, sistemdeki hangi hesabın ve işlemin oturum açmayı istediğini gösterir.

Ağ Bilgileri alanları, bir uzaktan oturum açma isteğinin kaynağını gösterir. İş İstasyonu Adı her zaman yoktur ve bazı durumlarda boş olabilir.

Kimlik Doğrulama Bilgileri alanları bu oturum açma isteğine özel ayrıntılı bilgiler sağlar.
	- Aktarılan Hizmetler, bu oturum açma isteğine katılan ara hizmetleri gösterir.
	- Paket Adı, NTLM protokolleri arasında hangi alt protokolün kullanıldığını gösterir.
	- Anahtar Uzunluğu, oluşturulan oturum anahtarının uzunluğunu gösterir. Oturum anahtarı istenmediyse bu 0 olur.","2024-10-22T21:09:07.000+0000",,"TARGET-PC",endpoint,61,"//_::_====-..=___.===_===___.\r\r:\rt_:tt---\rt_:tt-\rt","WinEventLog:Security","WinEventLog:Security",splunk,,"-",0x0,kali,,
"-",0xC000006A,0,,,,"target-PC.furkan.local",0xC000006D,4625,0,"S-1-0-0
S-1-0-0","Bilinmeyen kullanıcı adı veya yanlış parola.","-
bsever","-","192.168.10.250",0,"Hata Denetle",NTLM,,,Security,"Bir hesap oturum açamadı.

Konu:
	Güvenlik Kimliği:		S-1-0-0
	Hesap Adı:		-
	Hesap Etki Alanı:		-
	Oturum Açma Kimliği:		0x0

Oturum Türü:			3

Oturumu Açılamayan Hesap:
	Güvenlik Kimliği:		S-1-0-0
	Hesap Adı:		bsever
	Hesap Etki Alanı:		

Hata Bilgileri:
	Hata Nedeni:		Bilinmeyen kullanıcı adı veya yanlış parola.
	Durum:			0xC000006D
	Alt Durum:		0xC000006A

İşlem Bilgileri:
	Çağıran İşlem Kimliği:	0x0
	Çağıran İşlem Adı:	-

Ağ Bilgileri:
	İş İstasyonu Adı:	kali
	Kaynak Ağ Adresi:	192.168.10.250
	Kaynak Bağlantı Noktası:		0

Ayrıntılı Kimlik Doğrulama Bilgileri:
	Oturum Açma İşlemi:		NtLmSsp 
	Kimlik Doğrulama Paketi:	NTLM
	Aktarılan Hizmetler:	-
	Paket Adı (yalnızca NTLM):	-
	Anahtar Uzunluğu:		0

Bu olay bir oturum açma isteği başarısız olduğunda oluşturulur. Erişilmeye çalışılan bilgisayarda oluşturulur.

Konu alanları oturum açmayı isteyen yerel sistemdeki hesabı belirtir. Bu genellikle Sistemi hizmeti gibi bir hizmet ya da Winlogon.exe veya Services.exe gibi yerel bir işlemdir.

Oturum Türü alanı istenen oturum açma türünü gösterir. En yaygın türler 2 (etkileşimli) ve 3'tür (ağ).

İşlem Bilgileri alanları, sistemdeki hangi hesabın ve işlemin oturum açmayı istediğini gösterir.

Ağ Bilgileri alanları, bir uzaktan oturum açma isteğinin kaynağını gösterir. İş İstasyonu Adı her zaman yoktur ve bazı durumlarda boş olabilir.

Kimlik Doğrulama Bilgileri alanları bu oturum açma isteğine özel ayrıntılı bilgiler sağlar.
	- Aktarılan Hizmetler, bu oturum açma isteğine katılan ara hizmetleri gösterir.
	- Paket Adı, NTLM protokolleri arasında hangi alt protokolün kullanıldığını gösterir.
	- Anahtar Uzunluğu, oluşturulan oturum anahtarının uzunluğunu gösterir. Oturum anahtarı istenmediyse bu 0 olur.",Bilgi,,0x0,,NtLmSsp,3,"-",19807,,"Microsoft Windows security auditing.",Logon,Bilgi,,"10/23/2024 12:09:07 AM
LogName=Security
EventCode=4625
EventType=0
ComputerName=target-PC.furkan.local
SourceName=Microsoft Windows security auditing.
Type=Bilgi
RecordNumber=19807
Keywords=Hata Denetle
TaskCategory=Logon
OpCode=Bilgi
Message=Bir hesap oturum açamadı.

Konu:
	Güvenlik Kimliği:		S-1-0-0
	Hesap Adı:		-
	Hesap Etki Alanı:		-
	Oturum Açma Kimliği:		0x0

Oturum Türü:			3

Oturumu Açılamayan Hesap:
	Güvenlik Kimliği:		S-1-0-0
	Hesap Adı:		bsever
	Hesap Etki Alanı:		

Hata Bilgileri:
	Hata Nedeni:		Bilinmeyen kullanıcı adı veya yanlış parola.
	Durum:			0xC000006D
	Alt Durum:		0xC000006A

İşlem Bilgileri:
	Çağıran İşlem Kimliği:	0x0
	Çağıran İşlem Adı:	-

Ağ Bilgileri:
	İş İstasyonu Adı:	kali
	Kaynak Ağ Adresi:	192.168.10.250
	Kaynak Bağlantı Noktası:		0

Ayrıntılı Kimlik Doğrulama Bilgileri:
	Oturum Açma İşlemi:		NtLmSsp 
	Kimlik Doğrulama Paketi:	NTLM
	Aktarılan Hizmetler:	-
	Paket Adı (yalnızca NTLM):	-
	Anahtar Uzunluğu:		0

Bu olay bir oturum açma isteği başarısız olduğunda oluşturulur. Erişilmeye çalışılan bilgisayarda oluşturulur.

Konu alanları oturum açmayı isteyen yerel sistemdeki hesabı belirtir. Bu genellikle Sistemi hizmeti gibi bir hizmet ya da Winlogon.exe veya Services.exe gibi yerel bir işlemdir.

Oturum Türü alanı istenen oturum açma türünü gösterir. En yaygın türler 2 (etkileşimli) ve 3'tür (ağ).

İşlem Bilgileri alanları, sistemdeki hangi hesabın ve işlemin oturum açmayı istediğini gösterir.

Ağ Bilgileri alanları, bir uzaktan oturum açma isteğinin kaynağını gösterir. İş İstasyonu Adı her zaman yoktur ve bazı durumlarda boş olabilir.

Kimlik Doğrulama Bilgileri alanları bu oturum açma isteğine özel ayrıntılı bilgiler sağlar.
	- Aktarılan Hizmetler, bu oturum açma isteğine katılan ara hizmetleri gösterir.
	- Paket Adı, NTLM protokolleri arasında hangi alt protokolün kullanıldığını gösterir.
	- Anahtar Uzunluğu, oluşturulan oturum anahtarının uzunluğunu gösterir. Oturum anahtarı istenmediyse bu 0 olur.","2024-10-22T21:09:07.000+0000",,"TARGET-PC",endpoint,61,"//_::_====-..=___.===_===___.\r\r:\rt_:tt---\rt_:tt-\rt","WinEventLog:Security","WinEventLog:Security",splunk,,"-",0x0,kali,,
"-",0xC000006A,0,,,,"target-PC.furkan.local",0xC000006D,4625,0,"S-1-0-0
S-1-0-0","Bilinmeyen kullanıcı adı veya yanlış parola.","-
bsever","-","192.168.10.250",0,"Hata Denetle",NTLM,,,Security,"Bir hesap oturum açamadı.

Konu:
	Güvenlik Kimliği:		S-1-0-0
	Hesap Adı:		-
	Hesap Etki Alanı:		-
	Oturum Açma Kimliği:		0x0

Oturum Türü:			3

Oturumu Açılamayan Hesap:
	Güvenlik Kimliği:		S-1-0-0
	Hesap Adı:		bsever
	Hesap Etki Alanı:		

Hata Bilgileri:
	Hata Nedeni:		Bilinmeyen kullanıcı adı veya yanlış parola.
	Durum:			0xC000006D
	Alt Durum:		0xC000006A

İşlem Bilgileri:
	Çağıran İşlem Kimliği:	0x0
	Çağıran İşlem Adı:	-

Ağ Bilgileri:
	İş İstasyonu Adı:	kali
	Kaynak Ağ Adresi:	192.168.10.250
	Kaynak Bağlantı Noktası:		0

Ayrıntılı Kimlik Doğrulama Bilgileri:
	Oturum Açma İşlemi:		NtLmSsp 
	Kimlik Doğrulama Paketi:	NTLM
	Aktarılan Hizmetler:	-
	Paket Adı (yalnızca NTLM):	-
	Anahtar Uzunluğu:		0

Bu olay bir oturum açma isteği başarısız olduğunda oluşturulur. Erişilmeye çalışılan bilgisayarda oluşturulur.

Konu alanları oturum açmayı isteyen yerel sistemdeki hesabı belirtir. Bu genellikle Sistemi hizmeti gibi bir hizmet ya da Winlogon.exe veya Services.exe gibi yerel bir işlemdir.

Oturum Türü alanı istenen oturum açma türünü gösterir. En yaygın türler 2 (etkileşimli) ve 3'tür (ağ).

İşlem Bilgileri alanları, sistemdeki hangi hesabın ve işlemin oturum açmayı istediğini gösterir.

Ağ Bilgileri alanları, bir uzaktan oturum açma isteğinin kaynağını gösterir. İş İstasyonu Adı her zaman yoktur ve bazı durumlarda boş olabilir.

Kimlik Doğrulama Bilgileri alanları bu oturum açma isteğine özel ayrıntılı bilgiler sağlar.
	- Aktarılan Hizmetler, bu oturum açma isteğine katılan ara hizmetleri gösterir.
	- Paket Adı, NTLM protokolleri arasında hangi alt protokolün kullanıldığını gösterir.
	- Anahtar Uzunluğu, oluşturulan oturum anahtarının uzunluğunu gösterir. Oturum anahtarı istenmediyse bu 0 olur.",Bilgi,,0x0,,NtLmSsp,3,"-",19806,,"Microsoft Windows security auditing.",Logon,Bilgi,,"10/23/2024 12:09:07 AM
LogName=Security
EventCode=4625
EventType=0
ComputerName=target-PC.furkan.local
SourceName=Microsoft Windows security auditing.
Type=Bilgi
RecordNumber=19806
Keywords=Hata Denetle
TaskCategory=Logon
OpCode=Bilgi
Message=Bir hesap oturum açamadı.

Konu:
	Güvenlik Kimliği:		S-1-0-0
	Hesap Adı:		-
	Hesap Etki Alanı:		-
	Oturum Açma Kimliği:		0x0

Oturum Türü:			3

Oturumu Açılamayan Hesap:
	Güvenlik Kimliği:		S-1-0-0
	Hesap Adı:		bsever
	Hesap Etki Alanı:		

Hata Bilgileri:
	Hata Nedeni:		Bilinmeyen kullanıcı adı veya yanlış parola.
	Durum:			0xC000006D
	Alt Durum:		0xC000006A

İşlem Bilgileri:
	Çağıran İşlem Kimliği:	0x0
	Çağıran İşlem Adı:	-

Ağ Bilgileri:
	İş İstasyonu Adı:	kali
	Kaynak Ağ Adresi:	192.168.10.250
	Kaynak Bağlantı Noktası:		0

Ayrıntılı Kimlik Doğrulama Bilgileri:
	Oturum Açma İşlemi:		NtLmSsp 
	Kimlik Doğrulama Paketi:	NTLM
	Aktarılan Hizmetler:	-
	Paket Adı (yalnızca NTLM):	-
	Anahtar Uzunluğu:		0

Bu olay bir oturum açma isteği başarısız olduğunda oluşturulur. Erişilmeye çalışılan bilgisayarda oluşturulur.

Konu alanları oturum açmayı isteyen yerel sistemdeki hesabı belirtir. Bu genellikle Sistemi hizmeti gibi bir hizmet ya da Winlogon.exe veya Services.exe gibi yerel bir işlemdir.

Oturum Türü alanı istenen oturum açma türünü gösterir. En yaygın türler 2 (etkileşimli) ve 3'tür (ağ).

İşlem Bilgileri alanları, sistemdeki hangi hesabın ve işlemin oturum açmayı istediğini gösterir.

Ağ Bilgileri alanları, bir uzaktan oturum açma isteğinin kaynağını gösterir. İş İstasyonu Adı her zaman yoktur ve bazı durumlarda boş olabilir.

Kimlik Doğrulama Bilgileri alanları bu oturum açma isteğine özel ayrıntılı bilgiler sağlar.
	- Aktarılan Hizmetler, bu oturum açma isteğine katılan ara hizmetleri gösterir.
	- Paket Adı, NTLM protokolleri arasında hangi alt protokolün kullanıldığını gösterir.
	- Anahtar Uzunluğu, oluşturulan oturum anahtarının uzunluğunu gösterir. Oturum anahtarı istenmediyse bu 0 olur.","2024-10-22T21:09:07.000+0000",,"TARGET-PC",endpoint,61,"//_::_====-..=___.===_===___.\r\r:\rt_:tt---\rt_:tt-\rt","WinEventLog:Security","WinEventLog:Security",splunk,,"-",0x0,kali,,
"-",0xC000006A,0,,,,"target-PC.furkan.local",0xC000006D,4625,0,"S-1-0-0
S-1-0-0","Bilinmeyen kullanıcı adı veya yanlış parola.","-
bsever","-","192.168.10.250",0,"Hata Denetle",NTLM,,,Security,"Bir hesap oturum açamadı.

Konu:
	Güvenlik Kimliği:		S-1-0-0
	Hesap Adı:		-
	Hesap Etki Alanı:		-
	Oturum Açma Kimliği:		0x0

Oturum Türü:			3

Oturumu Açılamayan Hesap:
	Güvenlik Kimliği:		S-1-0-0
	Hesap Adı:		bsever
	Hesap Etki Alanı:		

Hata Bilgileri:
	Hata Nedeni:		Bilinmeyen kullanıcı adı veya yanlış parola.
	Durum:			0xC000006D
	Alt Durum:		0xC000006A

İşlem Bilgileri:
	Çağıran İşlem Kimliği:	0x0
	Çağıran İşlem Adı:	-

Ağ Bilgileri:
	İş İstasyonu Adı:	kali
	Kaynak Ağ Adresi:	192.168.10.250
	Kaynak Bağlantı Noktası:		0

Ayrıntılı Kimlik Doğrulama Bilgileri:
	Oturum Açma İşlemi:		NtLmSsp 
	Kimlik Doğrulama Paketi:	NTLM
	Aktarılan Hizmetler:	-
	Paket Adı (yalnızca NTLM):	-
	Anahtar Uzunluğu:		0

Bu olay bir oturum açma isteği başarısız olduğunda oluşturulur. Erişilmeye çalışılan bilgisayarda oluşturulur.

Konu alanları oturum açmayı isteyen yerel sistemdeki hesabı belirtir. Bu genellikle Sistemi hizmeti gibi bir hizmet ya da Winlogon.exe veya Services.exe gibi yerel bir işlemdir.

Oturum Türü alanı istenen oturum açma türünü gösterir. En yaygın türler 2 (etkileşimli) ve 3'tür (ağ).

İşlem Bilgileri alanları, sistemdeki hangi hesabın ve işlemin oturum açmayı istediğini gösterir.

Ağ Bilgileri alanları, bir uzaktan oturum açma isteğinin kaynağını gösterir. İş İstasyonu Adı her zaman yoktur ve bazı durumlarda boş olabilir.

Kimlik Doğrulama Bilgileri alanları bu oturum açma isteğine özel ayrıntılı bilgiler sağlar.
	- Aktarılan Hizmetler, bu oturum açma isteğine katılan ara hizmetleri gösterir.
	- Paket Adı, NTLM protokolleri arasında hangi alt protokolün kullanıldığını gösterir.
	- Anahtar Uzunluğu, oluşturulan oturum anahtarının uzunluğunu gösterir. Oturum anahtarı istenmediyse bu 0 olur.",Bilgi,,0x0,,NtLmSsp,3,"-",19805,,"Microsoft Windows security auditing.",Logon,Bilgi,,"10/23/2024 12:09:06 AM
LogName=Security
EventCode=4625
EventType=0
ComputerName=target-PC.furkan.local
SourceName=Microsoft Windows security auditing.
Type=Bilgi
RecordNumber=19805
Keywords=Hata Denetle
TaskCategory=Logon
OpCode=Bilgi
Message=Bir hesap oturum açamadı.

Konu:
	Güvenlik Kimliği:		S-1-0-0
	Hesap Adı:		-
	Hesap Etki Alanı:		-
	Oturum Açma Kimliği:		0x0

Oturum Türü:			3

Oturumu Açılamayan Hesap:
	Güvenlik Kimliği:		S-1-0-0
	Hesap Adı:		bsever
	Hesap Etki Alanı:		

Hata Bilgileri:
	Hata Nedeni:		Bilinmeyen kullanıcı adı veya yanlış parola.
	Durum:			0xC000006D
	Alt Durum:		0xC000006A

İşlem Bilgileri:
	Çağıran İşlem Kimliği:	0x0
	Çağıran İşlem Adı:	-

Ağ Bilgileri:
	İş İstasyonu Adı:	kali
	Kaynak Ağ Adresi:	192.168.10.250
	Kaynak Bağlantı Noktası:		0

Ayrıntılı Kimlik Doğrulama Bilgileri:
	Oturum Açma İşlemi:		NtLmSsp 
	Kimlik Doğrulama Paketi:	NTLM
	Aktarılan Hizmetler:	-
	Paket Adı (yalnızca NTLM):	-
	Anahtar Uzunluğu:		0

Bu olay bir oturum açma isteği başarısız olduğunda oluşturulur. Erişilmeye çalışılan bilgisayarda oluşturulur.

Konu alanları oturum açmayı isteyen yerel sistemdeki hesabı belirtir. Bu genellikle Sistemi hizmeti gibi bir hizmet ya da Winlogon.exe veya Services.exe gibi yerel bir işlemdir.

Oturum Türü alanı istenen oturum açma türünü gösterir. En yaygın türler 2 (etkileşimli) ve 3'tür (ağ).

İşlem Bilgileri alanları, sistemdeki hangi hesabın ve işlemin oturum açmayı istediğini gösterir.

Ağ Bilgileri alanları, bir uzaktan oturum açma isteğinin kaynağını gösterir. İş İstasyonu Adı her zaman yoktur ve bazı durumlarda boş olabilir.

Kimlik Doğrulama Bilgileri alanları bu oturum açma isteğine özel ayrıntılı bilgiler sağlar.
	- Aktarılan Hizmetler, bu oturum açma isteğine katılan ara hizmetleri gösterir.
	- Paket Adı, NTLM protokolleri arasında hangi alt protokolün kullanıldığını gösterir.
	- Anahtar Uzunluğu, oluşturulan oturum anahtarının uzunluğunu gösterir. Oturum anahtarı istenmediyse bu 0 olur.","2024-10-22T21:09:06.000+0000",,"TARGET-PC",endpoint,61,"//_::_====-..=___.===_===___.\r\r:\rt_:tt---\rt_:tt-\rt","WinEventLog:Security","WinEventLog:Security",splunk,,"-",0x0,kali,,
"-",0xC000006A,0,,,,"target-PC.furkan.local",0xC000006D,4625,0,"S-1-0-0
S-1-0-0","Bilinmeyen kullanıcı adı veya yanlış parola.","-
bsever","-","192.168.10.250",0,"Hata Denetle",NTLM,,,Security,"Bir hesap oturum açamadı.

Konu:
	Güvenlik Kimliği:		S-1-0-0
	Hesap Adı:		-
	Hesap Etki Alanı:		-
	Oturum Açma Kimliği:		0x0

Oturum Türü:			3

Oturumu Açılamayan Hesap:
	Güvenlik Kimliği:		S-1-0-0
	Hesap Adı:		bsever
	Hesap Etki Alanı:		

Hata Bilgileri:
	Hata Nedeni:		Bilinmeyen kullanıcı adı veya yanlış parola.
	Durum:			0xC000006D
	Alt Durum:		0xC000006A

İşlem Bilgileri:
	Çağıran İşlem Kimliği:	0x0
	Çağıran İşlem Adı:	-

Ağ Bilgileri:
	İş İstasyonu Adı:	kali
	Kaynak Ağ Adresi:	192.168.10.250
	Kaynak Bağlantı Noktası:		0

Ayrıntılı Kimlik Doğrulama Bilgileri:
	Oturum Açma İşlemi:		NtLmSsp 
	Kimlik Doğrulama Paketi:	NTLM
	Aktarılan Hizmetler:	-
	Paket Adı (yalnızca NTLM):	-
	Anahtar Uzunluğu:		0

Bu olay bir oturum açma isteği başarısız olduğunda oluşturulur. Erişilmeye çalışılan bilgisayarda oluşturulur.

Konu alanları oturum açmayı isteyen yerel sistemdeki hesabı belirtir. Bu genellikle Sistemi hizmeti gibi bir hizmet ya da Winlogon.exe veya Services.exe gibi yerel bir işlemdir.

Oturum Türü alanı istenen oturum açma türünü gösterir. En yaygın türler 2 (etkileşimli) ve 3'tür (ağ).

İşlem Bilgileri alanları, sistemdeki hangi hesabın ve işlemin oturum açmayı istediğini gösterir.

Ağ Bilgileri alanları, bir uzaktan oturum açma isteğinin kaynağını gösterir. İş İstasyonu Adı her zaman yoktur ve bazı durumlarda boş olabilir.

Kimlik Doğrulama Bilgileri alanları bu oturum açma isteğine özel ayrıntılı bilgiler sağlar.
	- Aktarılan Hizmetler, bu oturum açma isteğine katılan ara hizmetleri gösterir.
	- Paket Adı, NTLM protokolleri arasında hangi alt protokolün kullanıldığını gösterir.
	- Anahtar Uzunluğu, oluşturulan oturum anahtarının uzunluğunu gösterir. Oturum anahtarı istenmediyse bu 0 olur.",Bilgi,,0x0,,NtLmSsp,3,"-",19804,,"Microsoft Windows security auditing.",Logon,Bilgi,,"10/23/2024 12:09:06 AM
LogName=Security
EventCode=4625
EventType=0
ComputerName=target-PC.furkan.local
SourceName=Microsoft Windows security auditing.
Type=Bilgi
RecordNumber=19804
Keywords=Hata Denetle
TaskCategory=Logon
OpCode=Bilgi
Message=Bir hesap oturum açamadı.

Konu:
	Güvenlik Kimliği:		S-1-0-0
	Hesap Adı:		-
	Hesap Etki Alanı:		-
	Oturum Açma Kimliği:		0x0

Oturum Türü:			3

Oturumu Açılamayan Hesap:
	Güvenlik Kimliği:		S-1-0-0
	Hesap Adı:		bsever
	Hesap Etki Alanı:		

Hata Bilgileri:
	Hata Nedeni:		Bilinmeyen kullanıcı adı veya yanlış parola.
	Durum:			0xC000006D
	Alt Durum:		0xC000006A

İşlem Bilgileri:
	Çağıran İşlem Kimliği:	0x0
	Çağıran İşlem Adı:	-

Ağ Bilgileri:
	İş İstasyonu Adı:	kali
	Kaynak Ağ Adresi:	192.168.10.250
	Kaynak Bağlantı Noktası:		0

Ayrıntılı Kimlik Doğrulama Bilgileri:
	Oturum Açma İşlemi:		NtLmSsp 
	Kimlik Doğrulama Paketi:	NTLM
	Aktarılan Hizmetler:	-
	Paket Adı (yalnızca NTLM):	-
	Anahtar Uzunluğu:		0

Bu olay bir oturum açma isteği başarısız olduğunda oluşturulur. Erişilmeye çalışılan bilgisayarda oluşturulur.

Konu alanları oturum açmayı isteyen yerel sistemdeki hesabı belirtir. Bu genellikle Sistemi hizmeti gibi bir hizmet ya da Winlogon.exe veya Services.exe gibi yerel bir işlemdir.

Oturum Türü alanı istenen oturum açma türünü gösterir. En yaygın türler 2 (etkileşimli) ve 3'tür (ağ).

İşlem Bilgileri alanları, sistemdeki hangi hesabın ve işlemin oturum açmayı istediğini gösterir.

Ağ Bilgileri alanları, bir uzaktan oturum açma isteğinin kaynağını gösterir. İş İstasyonu Adı her zaman yoktur ve bazı durumlarda boş olabilir.

Kimlik Doğrulama Bilgileri alanları bu oturum açma isteğine özel ayrıntılı bilgiler sağlar.
	- Aktarılan Hizmetler, bu oturum açma isteğine katılan ara hizmetleri gösterir.
	- Paket Adı, NTLM protokolleri arasında hangi alt protokolün kullanıldığını gösterir.
	- Anahtar Uzunluğu, oluşturulan oturum anahtarının uzunluğunu gösterir. Oturum anahtarı istenmediyse bu 0 olur.","2024-10-22T21:09:06.000+0000",,"TARGET-PC",endpoint,61,"//_::_====-..=___.===_===___.\r\r:\rt_:tt---\rt_:tt-\rt","WinEventLog:Security","WinEventLog:Security",splunk,,"-",0x0,kali,,
"-",0xC000006A,0,,,,"target-PC.furkan.local",0xC000006D,4625,0,"S-1-0-0
S-1-0-0","Bilinmeyen kullanıcı adı veya yanlış parola.","-
bsever","-","192.168.10.250",0,"Hata Denetle",NTLM,,,Security,"Bir hesap oturum açamadı.

Konu:
	Güvenlik Kimliği:		S-1-0-0
	Hesap Adı:		-
	Hesap Etki Alanı:		-
	Oturum Açma Kimliği:		0x0

Oturum Türü:			3

Oturumu Açılamayan Hesap:
	Güvenlik Kimliği:		S-1-0-0
	Hesap Adı:		bsever
	Hesap Etki Alanı:		

Hata Bilgileri:
	Hata Nedeni:		Bilinmeyen kullanıcı adı veya yanlış parola.
	Durum:			0xC000006D
	Alt Durum:		0xC000006A

İşlem Bilgileri:
	Çağıran İşlem Kimliği:	0x0
	Çağıran İşlem Adı:	-

Ağ Bilgileri:
	İş İstasyonu Adı:	kali
	Kaynak Ağ Adresi:	192.168.10.250
	Kaynak Bağlantı Noktası:		0

Ayrıntılı Kimlik Doğrulama Bilgileri:
	Oturum Açma İşlemi:		NtLmSsp 
	Kimlik Doğrulama Paketi:	NTLM
	Aktarılan Hizmetler:	-
	Paket Adı (yalnızca NTLM):	-
	Anahtar Uzunluğu:		0

Bu olay bir oturum açma isteği başarısız olduğunda oluşturulur. Erişilmeye çalışılan bilgisayarda oluşturulur.

Konu alanları oturum açmayı isteyen yerel sistemdeki hesabı belirtir. Bu genellikle Sistemi hizmeti gibi bir hizmet ya da Winlogon.exe veya Services.exe gibi yerel bir işlemdir.

Oturum Türü alanı istenen oturum açma türünü gösterir. En yaygın türler 2 (etkileşimli) ve 3'tür (ağ).

İşlem Bilgileri alanları, sistemdeki hangi hesabın ve işlemin oturum açmayı istediğini gösterir.

Ağ Bilgileri alanları, bir uzaktan oturum açma isteğinin kaynağını gösterir. İş İstasyonu Adı her zaman yoktur ve bazı durumlarda boş olabilir.

Kimlik Doğrulama Bilgileri alanları bu oturum açma isteğine özel ayrıntılı bilgiler sağlar.
	- Aktarılan Hizmetler, bu oturum açma isteğine katılan ara hizmetleri gösterir.
	- Paket Adı, NTLM protokolleri arasında hangi alt protokolün kullanıldığını gösterir.
	- Anahtar Uzunluğu, oluşturulan oturum anahtarının uzunluğunu gösterir. Oturum anahtarı istenmediyse bu 0 olur.",Bilgi,,0x0,,NtLmSsp,3,"-",19803,,"Microsoft Windows security auditing.",Logon,Bilgi,,"10/23/2024 12:09:06 AM
LogName=Security
EventCode=4625
EventType=0
ComputerName=target-PC.furkan.local
SourceName=Microsoft Windows security auditing.
Type=Bilgi
RecordNumber=19803
Keywords=Hata Denetle
TaskCategory=Logon
OpCode=Bilgi
Message=Bir hesap oturum açamadı.

Konu:
	Güvenlik Kimliği:		S-1-0-0
	Hesap Adı:		-
	Hesap Etki Alanı:		-
	Oturum Açma Kimliği:		0x0

Oturum Türü:			3

Oturumu Açılamayan Hesap:
	Güvenlik Kimliği:		S-1-0-0
	Hesap Adı:		bsever
	Hesap Etki Alanı:		

Hata Bilgileri:
	Hata Nedeni:		Bilinmeyen kullanıcı adı veya yanlış parola.
	Durum:			0xC000006D
	Alt Durum:		0xC000006A

İşlem Bilgileri:
	Çağıran İşlem Kimliği:	0x0
	Çağıran İşlem Adı:	-

Ağ Bilgileri:
	İş İstasyonu Adı:	kali
	Kaynak Ağ Adresi:	192.168.10.250
	Kaynak Bağlantı Noktası:		0

Ayrıntılı Kimlik Doğrulama Bilgileri:
	Oturum Açma İşlemi:		NtLmSsp 
	Kimlik Doğrulama Paketi:	NTLM
	Aktarılan Hizmetler:	-
	Paket Adı (yalnızca NTLM):	-
	Anahtar Uzunluğu:		0

Bu olay bir oturum açma isteği başarısız olduğunda oluşturulur. Erişilmeye çalışılan bilgisayarda oluşturulur.

Konu alanları oturum açmayı isteyen yerel sistemdeki hesabı belirtir. Bu genellikle Sistemi hizmeti gibi bir hizmet ya da Winlogon.exe veya Services.exe gibi yerel bir işlemdir.

Oturum Türü alanı istenen oturum açma türünü gösterir. En yaygın türler 2 (etkileşimli) ve 3'tür (ağ).

İşlem Bilgileri alanları, sistemdeki hangi hesabın ve işlemin oturum açmayı istediğini gösterir.

Ağ Bilgileri alanları, bir uzaktan oturum açma isteğinin kaynağını gösterir. İş İstasyonu Adı her zaman yoktur ve bazı durumlarda boş olabilir.

Kimlik Doğrulama Bilgileri alanları bu oturum açma isteğine özel ayrıntılı bilgiler sağlar.
	- Aktarılan Hizmetler, bu oturum açma isteğine katılan ara hizmetleri gösterir.
	- Paket Adı, NTLM protokolleri arasında hangi alt protokolün kullanıldığını gösterir.
	- Anahtar Uzunluğu, oluşturulan oturum anahtarının uzunluğunu gösterir. Oturum anahtarı istenmediyse bu 0 olur.","2024-10-22T21:09:06.000+0000",,"TARGET-PC",endpoint,61,"//_::_====-..=___.===_===___.\r\r:\rt_:tt---\rt_:tt-\rt","WinEventLog:Security","WinEventLog:Security",splunk,,"-",0x0,kali,,
"-",0xC000006A,0,,,,"target-PC.furkan.local",0xC000006D,4625,0,"S-1-0-0
S-1-0-0","Bilinmeyen kullanıcı adı veya yanlış parola.","-
bsever","-","192.168.10.250",0,"Hata Denetle",NTLM,,,Security,"Bir hesap oturum açamadı.

Konu:
	Güvenlik Kimliği:		S-1-0-0
	Hesap Adı:		-
	Hesap Etki Alanı:		-
	Oturum Açma Kimliği:		0x0

Oturum Türü:			3

Oturumu Açılamayan Hesap:
	Güvenlik Kimliği:		S-1-0-0
	Hesap Adı:		bsever
	Hesap Etki Alanı:		

Hata Bilgileri:
	Hata Nedeni:		Bilinmeyen kullanıcı adı veya yanlış parola.
	Durum:			0xC000006D
	Alt Durum:		0xC000006A

İşlem Bilgileri:
	Çağıran İşlem Kimliği:	0x0
	Çağıran İşlem Adı:	-

Ağ Bilgileri:
	İş İstasyonu Adı:	kali
	Kaynak Ağ Adresi:	192.168.10.250
	Kaynak Bağlantı Noktası:		0

Ayrıntılı Kimlik Doğrulama Bilgileri:
	Oturum Açma İşlemi:		NtLmSsp 
	Kimlik Doğrulama Paketi:	NTLM
	Aktarılan Hizmetler:	-
	Paket Adı (yalnızca NTLM):	-
	Anahtar Uzunluğu:		0

Bu olay bir oturum açma isteği başarısız olduğunda oluşturulur. Erişilmeye çalışılan bilgisayarda oluşturulur.

Konu alanları oturum açmayı isteyen yerel sistemdeki hesabı belirtir. Bu genellikle Sistemi hizmeti gibi bir hizmet ya da Winlogon.exe veya Services.exe gibi yerel bir işlemdir.

Oturum Türü alanı istenen oturum açma türünü gösterir. En yaygın türler 2 (etkileşimli) ve 3'tür (ağ).

İşlem Bilgileri alanları, sistemdeki hangi hesabın ve işlemin oturum açmayı istediğini gösterir.

Ağ Bilgileri alanları, bir uzaktan oturum açma isteğinin kaynağını gösterir. İş İstasyonu Adı her zaman yoktur ve bazı durumlarda boş olabilir.

Kimlik Doğrulama Bilgileri alanları bu oturum açma isteğine özel ayrıntılı bilgiler sağlar.
	- Aktarılan Hizmetler, bu oturum açma isteğine katılan ara hizmetleri gösterir.
	- Paket Adı, NTLM protokolleri arasında hangi alt protokolün kullanıldığını gösterir.
	- Anahtar Uzunluğu, oluşturulan oturum anahtarının uzunluğunu gösterir. Oturum anahtarı istenmediyse bu 0 olur.",Bilgi,,0x0,,NtLmSsp,3,"-",19802,,"Microsoft Windows security auditing.",Logon,Bilgi,,"10/23/2024 12:09:06 AM
LogName=Security
EventCode=4625
EventType=0
ComputerName=target-PC.furkan.local
SourceName=Microsoft Windows security auditing.
Type=Bilgi
RecordNumber=19802
Keywords=Hata Denetle
TaskCategory=Logon
OpCode=Bilgi
Message=Bir hesap oturum açamadı.

Konu:
	Güvenlik Kimliği:		S-1-0-0
	Hesap Adı:		-
	Hesap Etki Alanı:		-
	Oturum Açma Kimliği:		0x0

Oturum Türü:			3

Oturumu Açılamayan Hesap:
	Güvenlik Kimliği:		S-1-0-0
	Hesap Adı:		bsever
	Hesap Etki Alanı:		

Hata Bilgileri:
	Hata Nedeni:		Bilinmeyen kullanıcı adı veya yanlış parola.
	Durum:			0xC000006D
	Alt Durum:		0xC000006A

İşlem Bilgileri:
	Çağıran İşlem Kimliği:	0x0
	Çağıran İşlem Adı:	-

Ağ Bilgileri:
	İş İstasyonu Adı:	kali
	Kaynak Ağ Adresi:	192.168.10.250
	Kaynak Bağlantı Noktası:		0

Ayrıntılı Kimlik Doğrulama Bilgileri:
	Oturum Açma İşlemi:		NtLmSsp 
	Kimlik Doğrulama Paketi:	NTLM
	Aktarılan Hizmetler:	-
	Paket Adı (yalnızca NTLM):	-
	Anahtar Uzunluğu:		0

Bu olay bir oturum açma isteği başarısız olduğunda oluşturulur. Erişilmeye çalışılan bilgisayarda oluşturulur.

Konu alanları oturum açmayı isteyen yerel sistemdeki hesabı belirtir. Bu genellikle Sistemi hizmeti gibi bir hizmet ya da Winlogon.exe veya Services.exe gibi yerel bir işlemdir.

Oturum Türü alanı istenen oturum açma türünü gösterir. En yaygın türler 2 (etkileşimli) ve 3'tür (ağ).

İşlem Bilgileri alanları, sistemdeki hangi hesabın ve işlemin oturum açmayı istediğini gösterir.

Ağ Bilgileri alanları, bir uzaktan oturum açma isteğinin kaynağını gösterir. İş İstasyonu Adı her zaman yoktur ve bazı durumlarda boş olabilir.

Kimlik Doğrulama Bilgileri alanları bu oturum açma isteğine özel ayrıntılı bilgiler sağlar.
	- Aktarılan Hizmetler, bu oturum açma isteğine katılan ara hizmetleri gösterir.
	- Paket Adı, NTLM protokolleri arasında hangi alt protokolün kullanıldığını gösterir.
	- Anahtar Uzunluğu, oluşturulan oturum anahtarının uzunluğunu gösterir. Oturum anahtarı istenmediyse bu 0 olur.","2024-10-22T21:09:06.000+0000",,"TARGET-PC",endpoint,61,"//_::_====-..=___.===_===___.\r\r:\rt_:tt---\rt_:tt-\rt","WinEventLog:Security","WinEventLog:Security",splunk,,"-",0x0,kali,,
"-",0xC000006A,0,,,,"target-PC.furkan.local",0xC000006D,4625,0,"S-1-0-0
S-1-0-0","Bilinmeyen kullanıcı adı veya yanlış parola.","-
bsever","-","192.168.10.250",0,"Hata Denetle",NTLM,,,Security,"Bir hesap oturum açamadı.

Konu:
	Güvenlik Kimliği:		S-1-0-0
	Hesap Adı:		-
	Hesap Etki Alanı:		-
	Oturum Açma Kimliği:		0x0

Oturum Türü:			3

Oturumu Açılamayan Hesap:
	Güvenlik Kimliği:		S-1-0-0
	Hesap Adı:		bsever
	Hesap Etki Alanı:		

Hata Bilgileri:
	Hata Nedeni:		Bilinmeyen kullanıcı adı veya yanlış parola.
	Durum:			0xC000006D
	Alt Durum:		0xC000006A

İşlem Bilgileri:
	Çağıran İşlem Kimliği:	0x0
	Çağıran İşlem Adı:	-

Ağ Bilgileri:
	İş İstasyonu Adı:	kali
	Kaynak Ağ Adresi:	192.168.10.250
	Kaynak Bağlantı Noktası:		0

Ayrıntılı Kimlik Doğrulama Bilgileri:
	Oturum Açma İşlemi:		NtLmSsp 
	Kimlik Doğrulama Paketi:	NTLM
	Aktarılan Hizmetler:	-
	Paket Adı (yalnızca NTLM):	-
	Anahtar Uzunluğu:		0

Bu olay bir oturum açma isteği başarısız olduğunda oluşturulur. Erişilmeye çalışılan bilgisayarda oluşturulur.

Konu alanları oturum açmayı isteyen yerel sistemdeki hesabı belirtir. Bu genellikle Sistemi hizmeti gibi bir hizmet ya da Winlogon.exe veya Services.exe gibi yerel bir işlemdir.

Oturum Türü alanı istenen oturum açma türünü gösterir. En yaygın türler 2 (etkileşimli) ve 3'tür (ağ).

İşlem Bilgileri alanları, sistemdeki hangi hesabın ve işlemin oturum açmayı istediğini gösterir.

Ağ Bilgileri alanları, bir uzaktan oturum açma isteğinin kaynağını gösterir. İş İstasyonu Adı her zaman yoktur ve bazı durumlarda boş olabilir.

Kimlik Doğrulama Bilgileri alanları bu oturum açma isteğine özel ayrıntılı bilgiler sağlar.
	- Aktarılan Hizmetler, bu oturum açma isteğine katılan ara hizmetleri gösterir.
	- Paket Adı, NTLM protokolleri arasında hangi alt protokolün kullanıldığını gösterir.
	- Anahtar Uzunluğu, oluşturulan oturum anahtarının uzunluğunu gösterir. Oturum anahtarı istenmediyse bu 0 olur.",Bilgi,,0x0,,NtLmSsp,3,"-",19801,,"Microsoft Windows security auditing.",Logon,Bilgi,,"10/23/2024 12:09:06 AM
LogName=Security
EventCode=4625
EventType=0
ComputerName=target-PC.furkan.local
SourceName=Microsoft Windows security auditing.
Type=Bilgi
RecordNumber=19801
Keywords=Hata Denetle
TaskCategory=Logon
OpCode=Bilgi
Message=Bir hesap oturum açamadı.

Konu:
	Güvenlik Kimliği:		S-1-0-0
	Hesap Adı:		-
	Hesap Etki Alanı:		-
	Oturum Açma Kimliği:		0x0

Oturum Türü:			3

Oturumu Açılamayan Hesap:
	Güvenlik Kimliği:		S-1-0-0
	Hesap Adı:		bsever
	Hesap Etki Alanı:		

Hata Bilgileri:
	Hata Nedeni:		Bilinmeyen kullanıcı adı veya yanlış parola.
	Durum:			0xC000006D
	Alt Durum:		0xC000006A

İşlem Bilgileri:
	Çağıran İşlem Kimliği:	0x0
	Çağıran İşlem Adı:	-

Ağ Bilgileri:
	İş İstasyonu Adı:	kali
	Kaynak Ağ Adresi:	192.168.10.250
	Kaynak Bağlantı Noktası:		0

Ayrıntılı Kimlik Doğrulama Bilgileri:
	Oturum Açma İşlemi:		NtLmSsp 
	Kimlik Doğrulama Paketi:	NTLM
	Aktarılan Hizmetler:	-
	Paket Adı (yalnızca NTLM):	-
	Anahtar Uzunluğu:		0

Bu olay bir oturum açma isteği başarısız olduğunda oluşturulur. Erişilmeye çalışılan bilgisayarda oluşturulur.

Konu alanları oturum açmayı isteyen yerel sistemdeki hesabı belirtir. Bu genellikle Sistemi hizmeti gibi bir hizmet ya da Winlogon.exe veya Services.exe gibi yerel bir işlemdir.

Oturum Türü alanı istenen oturum açma türünü gösterir. En yaygın türler 2 (etkileşimli) ve 3'tür (ağ).

İşlem Bilgileri alanları, sistemdeki hangi hesabın ve işlemin oturum açmayı istediğini gösterir.

Ağ Bilgileri alanları, bir uzaktan oturum açma isteğinin kaynağını gösterir. İş İstasyonu Adı her zaman yoktur ve bazı durumlarda boş olabilir.

Kimlik Doğrulama Bilgileri alanları bu oturum açma isteğine özel ayrıntılı bilgiler sağlar.
	- Aktarılan Hizmetler, bu oturum açma isteğine katılan ara hizmetleri gösterir.
	- Paket Adı, NTLM protokolleri arasında hangi alt protokolün kullanıldığını gösterir.
	- Anahtar Uzunluğu, oluşturulan oturum anahtarının uzunluğunu gösterir. Oturum anahtarı istenmediyse bu 0 olur.","2024-10-22T21:09:06.000+0000",,"TARGET-PC",endpoint,61,"//_::_====-..=___.===_===___.\r\r:\rt_:tt---\rt_:tt-\rt","WinEventLog:Security","WinEventLog:Security",splunk,,"-",0x0,kali,,
"-",,128,"-","-",0x0,"target-PC.furkan.local",,4624,0,"S-1-0-0
S-1-5-21-1320782582-4191448823-1366989374-1104",,"-
