"Aktarılan Hizmetler","Alt_Durum","Anahtar Uzunluğu","Ağ Hesap Adı","Ağ Hesap Etki Alanı","Bağlantılı Oturum Açma Kimliği",ComputerName,Durum,EventCode,EventType,"Güvenlik Kimliği","Hata_Nedeni","Hesap Adı","Hesap Etki Alanı","Kaynak Ağ Adresi","Kaynak Bağlantı Noktası",Keywords,"Kimlik Doğrulama Paketi","Kimliğe Bürünme Düzeyi","Kısıtlanmış Yönetici Modu",LogName,Message,OpCode,"Oturum Açma GUID'si","Oturum Açma Kimliği","Oturum Açma Türü","Oturum Açma İşlemi","Oturum Türü","Paket Adı (yalnızca NTLM)",RecordNumber,"Sanal_Hesap",SourceName,TaskCategory,Type,"Yükseltilmiş Belirteç","_raw","_time",eventtype,host,index,linecount,punct,source,sourcetype,"splunk_server","splunk_server_group","Çağıran İşlem Adı","Çağıran İşlem Kimliği","İş İstasyonu Adı","İşlem Adı","İşlem Kimliği"
"-",,128,"-","-",0x0,"target-PC.furkan.local",,4624,0,"S-1-0-0
S-1-5-21-1320782582-4191448823-1366989374-1104",,"-
bsever","-
FURKAN","192.168.10.250",0,"Denetleme Başarısı",NTLM,"Kimliğe Bürünme","-",Security,"Bir hesapta başarılı bir şekilde oturum açıldı.

Konu:
	Güvenlik Kimliği:		S-1-0-0
	Hesap Adı:		-
	Hesap Etki Alanı:		-
	Oturum Açma Kimliği:		0x0

Oturum Açma Bilgileri:
	Oturum Açma Türü:		3
	Kısıtlanmış Yönetici Modu:	-
	Sanal Hesap:		Hayır
	Yükseltilmiş Belirteç:		Hayır

Kimliğe Bürünme Düzeyi:		Kimliğe Bürünme

Yeni Oturum:
	Güvenlik Kimliği:		S-1-5-21-1320782582-4191448823-1366989374-1104
	Hesap Adı:		bsever
	Hesap Etki Alanı:		FURKAN
	Oturum Açma Kimliği:		0x24FCA82
	Bağlantılı Oturum Açma Kimliği:		0x0
	Ağ Hesap Adı:	-
	Ağ Hesap Etki Alanı:	-
	Oturum Açma GUID'si:		{00000000-0000-0000-0000-000000000000}

İşlem Bilgileri:
	İşlem Kimliği:		0x0
	İşlem Adı:		-

Ağ Bilgileri:
	İş İstasyonu Adı:	kali
	Kaynak Ağ Adresi:	192.168.10.250
	Kaynak Bağlantı Noktası:		0

Ayrıntılı Kimlik Doğrulama Bilgileri:
	Oturum Açma İşlemi:		NtLmSsp 
	Kimlik Doğrulama Paketi:	NTLM
	Aktarılan Hizmetler:	-
	Paket Adı (yalnızca NTLM):	NTLM V2
	Anahtar Uzunluğu:		128

Bu olay bir oturum açıldığında oluşturulur. Erişilen bilgisayarda oluşturulur.

Konu alanları oturum açmayı isteyen yerel sistemdeki hesabı belirtir. Bu genellikle Sunucu hizmeti gibi bir hizmet ya da Winlogon.exe veya Services.exe gibi yerel bir işlemdir.

Oturum Türü alanı gerçekleşen oturum açma türünü gösterir. En çok kullanılan türler 2 (etkileşimli) ve 3'tür (ağ).

Yeni Oturum alanları adına yeni oturum oluşturulan hesabı, yani oturum açılan hesabı gösterir.

Ağ alanları uzaktan oturum açma isteğinin kaynağını gösterir. İş istasyonu adı her zaman yoktur ve bazı durumlarda boş olabilir.

Kimliğe bürünme düzeyi alanı oturum açma oturumundaki işlemin kimliğe bürünebilme boyutunu gösterir.

Kimlik doğrulama bilgisi alanları bu oturum açma isteğine özel ayrıntılı bilgiler sağlar.
	- Oturum Açma GUID'si, bu olayı bir KDC olayıyla ilişkilendirmek için kullanılabilen benzersiz bir tanımlayıcıdır.
	- Aktarılan Hizmetler, bu oturum açma isteğine katılan ara hizmetleri gösterir.
	- Paket adı, NTLM protokolleri arasında hangi alt protokolün kullanıldığını gösterir.
	- Anahtar uzunluğu, oluşturulan oturum anahtarının uzunluğunu gösterir. Oturum anahtarı istenmediyse bu değer 0 olur.",Bilgi,"{00000000-0000-0000-0000-000000000000}","0x0
0x24FCA82",3,NtLmSsp,,"NTLM V2",19932,"Hayır","Microsoft Windows security auditing.",Logon,Bilgi,"Hayır","10/23/2024 12:36:15 AM
LogName=Security
EventCode=4624
EventType=0
ComputerName=target-PC.furkan.local
SourceName=Microsoft Windows security auditing.
Type=Bilgi
RecordNumber=19932
Keywords=Denetleme Başarısı
TaskCategory=Logon
OpCode=Bilgi
Message=Bir hesapta başarılı bir şekilde oturum açıldı.

Konu:
	Güvenlik Kimliği:		S-1-0-0
	Hesap Adı:		-
	Hesap Etki Alanı:		-
	Oturum Açma Kimliği:		0x0

Oturum Açma Bilgileri:
	Oturum Açma Türü:		3
	Kısıtlanmış Yönetici Modu:	-
	Sanal Hesap:		Hayır
	Yükseltilmiş Belirteç:		Hayır

Kimliğe Bürünme Düzeyi:		Kimliğe Bürünme

Yeni Oturum:
	Güvenlik Kimliği:		S-1-5-21-1320782582-4191448823-1366989374-1104
	Hesap Adı:		bsever
	Hesap Etki Alanı:		FURKAN
	Oturum Açma Kimliği:		0x24FCA82
	Bağlantılı Oturum Açma Kimliği:		0x0
	Ağ Hesap Adı:	-
	Ağ Hesap Etki Alanı:	-
	Oturum Açma GUID'si:		{00000000-0000-0000-0000-000000000000}

İşlem Bilgileri:
	İşlem Kimliği:		0x0
	İşlem Adı:		-

Ağ Bilgileri:
	İş İstasyonu Adı:	kali
	Kaynak Ağ Adresi:	192.168.10.250
	Kaynak Bağlantı Noktası:		0

Ayrıntılı Kimlik Doğrulama Bilgileri:
	Oturum Açma İşlemi:		NtLmSsp 
	Kimlik Doğrulama Paketi:	NTLM
	Aktarılan Hizmetler:	-
	Paket Adı (yalnızca NTLM):	NTLM V2
	Anahtar Uzunluğu:		128

Bu olay bir oturum açıldığında oluşturulur. Erişilen bilgisayarda oluşturulur.

Konu alanları oturum açmayı isteyen yerel sistemdeki hesabı belirtir. Bu genellikle Sunucu hizmeti gibi bir hizmet ya da Winlogon.exe veya Services.exe gibi yerel bir işlemdir.

Oturum Türü alanı gerçekleşen oturum açma türünü gösterir. En çok kullanılan türler 2 (etkileşimli) ve 3'tür (ağ).

Yeni Oturum alanları adına yeni oturum oluşturulan hesabı, yani oturum açılan hesabı gösterir.

Ağ alanları uzaktan oturum açma isteğinin kaynağını gösterir. İş istasyonu adı her zaman yoktur ve bazı durumlarda boş olabilir.

Kimliğe bürünme düzeyi alanı oturum açma oturumundaki işlemin kimliğe bürünebilme boyutunu gösterir.

Kimlik doğrulama bilgisi alanları bu oturum açma isteğine özel ayrıntılı bilgiler sağlar.
	- Oturum Açma GUID'si, bu olayı bir KDC olayıyla ilişkilendirmek için kullanılabilen benzersiz bir tanımlayıcıdır.
	- Aktarılan Hizmetler, bu oturum açma isteğine katılan ara hizmetleri gösterir.
	- Paket adı, NTLM protokolleri arasında hangi alt protokolün kullanıldığını gösterir.
	- Anahtar uzunluğu, oluşturulan oturum anahtarının uzunluğunu gösterir. Oturum anahtarı istenmediyse bu değer 0 olur.","2024-10-22T21:36:15.000+0000",,"TARGET-PC",endpoint,70,"//_::_====-..=___.===_===______.\r\r:\rt_:tt---\rt_:tt","WinEventLog:Security","WinEventLog:Security",splunk,,,,kali,"-",0x0
"-",0xC000006A,0,,,,"target-PC.furkan.local",0xC000006D,4625,0,"S-1-0-0
S-1-0-0","Bilinmeyen kullanıcı adı veya yanlış parola.","-
bsever","-","192.168.10.250",0,"Hata Denetle",NTLM,,,Security,"Bir hesap oturum açamadı.

Konu:
	Güvenlik Kimliği:		S-1-0-0
	Hesap Adı:		-
	Hesap Etki Alanı:		-
	Oturum Açma Kimliği:		0x0

Oturum Türü:			3

Oturumu Açılamayan Hesap:
	Güvenlik Kimliği:		S-1-0-0
	Hesap Adı:		bsever
	Hesap Etki Alanı:		

Hata Bilgileri:
	Hata Nedeni:		Bilinmeyen kullanıcı adı veya yanlış parola.
	Durum:			0xC000006D
	Alt Durum:		0xC000006A

İşlem Bilgileri:
	Çağıran İşlem Kimliği:	0x0
	Çağıran İşlem Adı:	-

Ağ Bilgileri:
	İş İstasyonu Adı:	kali
	Kaynak Ağ Adresi:	192.168.10.250
	Kaynak Bağlantı Noktası:		0

Ayrıntılı Kimlik Doğrulama Bilgileri:
	Oturum Açma İşlemi:		NtLmSsp 
	Kimlik Doğrulama Paketi:	NTLM
	Aktarılan Hizmetler:	-
	Paket Adı (yalnızca NTLM):	-
	Anahtar Uzunluğu:		0

Bu olay bir oturum açma isteği başarısız olduğunda oluşturulur. Erişilmeye çalışılan bilgisayarda oluşturulur.

Konu alanları oturum açmayı isteyen yerel sistemdeki hesabı belirtir. Bu genellikle Sistemi hizmeti gibi bir hizmet ya da Winlogon.exe veya Services.exe gibi yerel bir işlemdir.

Oturum Türü alanı istenen oturum açma türünü gösterir. En yaygın türler 2 (etkileşimli) ve 3'tür (ağ).

İşlem Bilgileri alanları, sistemdeki hangi hesabın ve işlemin oturum açmayı istediğini gösterir.

Ağ Bilgileri alanları, bir uzaktan oturum açma isteğinin kaynağını gösterir. İş İstasyonu Adı her zaman yoktur ve bazı durumlarda boş olabilir.

Kimlik Doğrulama Bilgileri alanları bu oturum açma isteğine özel ayrıntılı bilgiler sağlar.
	- Aktarılan Hizmetler, bu oturum açma isteğine katılan ara hizmetleri gösterir.
	- Paket Adı, NTLM protokolleri arasında hangi alt protokolün kullanıldığını gösterir.
	- Anahtar Uzunluğu, oluşturulan oturum anahtarının uzunluğunu gösterir. Oturum anahtarı istenmediyse bu 0 olur.",Bilgi,,0x0,,NtLmSsp,3,"-",19931,,"Microsoft Windows security auditing.",Logon,Bilgi,,"10/23/2024 12:36:15 AM
LogName=Security
EventCode=4625
EventType=0
ComputerName=target-PC.furkan.local
SourceName=Microsoft Windows security auditing.
Type=Bilgi
RecordNumber=19931
Keywords=Hata Denetle
TaskCategory=Logon
OpCode=Bilgi
Message=Bir hesap oturum açamadı.

Konu:
	Güvenlik Kimliği:		S-1-0-0
	Hesap Adı:		-
	Hesap Etki Alanı:		-
	Oturum Açma Kimliği:		0x0

Oturum Türü:			3

Oturumu Açılamayan Hesap:
	Güvenlik Kimliği:		S-1-0-0
	Hesap Adı:		bsever
	Hesap Etki Alanı:		

Hata Bilgileri:
	Hata Nedeni:		Bilinmeyen kullanıcı adı veya yanlış parola.
	Durum:			0xC000006D
	Alt Durum:		0xC000006A

İşlem Bilgileri:
	Çağıran İşlem Kimliği:	0x0
	Çağıran İşlem Adı:	-

Ağ Bilgileri:
	İş İstasyonu Adı:	kali
	Kaynak Ağ Adresi:	192.168.10.250
	Kaynak Bağlantı Noktası:		0

Ayrıntılı Kimlik Doğrulama Bilgileri:
	Oturum Açma İşlemi:		NtLmSsp 
	Kimlik Doğrulama Paketi:	NTLM
	Aktarılan Hizmetler:	-
	Paket Adı (yalnızca NTLM):	-
	Anahtar Uzunluğu:		0

Bu olay bir oturum açma isteği başarısız olduğunda oluşturulur. Erişilmeye çalışılan bilgisayarda oluşturulur.

Konu alanları oturum açmayı isteyen yerel sistemdeki hesabı belirtir. Bu genellikle Sistemi hizmeti gibi bir hizmet ya da Winlogon.exe veya Services.exe gibi yerel bir işlemdir.

Oturum Türü alanı istenen oturum açma türünü gösterir. En yaygın türler 2 (etkileşimli) ve 3'tür (ağ).

İşlem Bilgileri alanları, sistemdeki hangi hesabın ve işlemin oturum açmayı istediğini gösterir.

Ağ Bilgileri alanları, bir uzaktan oturum açma isteğinin kaynağını gösterir. İş İstasyonu Adı her zaman yoktur ve bazı durumlarda boş olabilir.

Kimlik Doğrulama Bilgileri alanları bu oturum açma isteğine özel ayrıntılı bilgiler sağlar.
	- Aktarılan Hizmetler, bu oturum açma isteğine katılan ara hizmetleri gösterir.
	- Paket Adı, NTLM protokolleri arasında hangi alt protokolün kullanıldığını gösterir.
	- Anahtar Uzunluğu, oluşturulan oturum anahtarının uzunluğunu gösterir. Oturum anahtarı istenmediyse bu 0 olur.","2024-10-22T21:36:15.000+0000",,"TARGET-PC",endpoint,61,"//_::_====-..=___.===_===___.\r\r:\rt_:tt---\rt_:tt-\rt","WinEventLog:Security","WinEventLog:Security",splunk,,"-",0x0,kali,,
"-",0xC000006A,0,,,,"target-PC.furkan.local",0xC000006D,4625,0,"S-1-0-0
S-1-0-0","Bilinmeyen kullanıcı adı veya yanlış parola.","-
bsever","-","192.168.10.250",0,"Hata Denetle",NTLM,,,Security,"Bir hesap oturum açamadı.

Konu:
	Güvenlik Kimliği:		S-1-0-0
	Hesap Adı:		-
	Hesap Etki Alanı:		-
	Oturum Açma Kimliği:		0x0

Oturum Türü:			3

Oturumu Açılamayan Hesap:
	Güvenlik Kimliği:		S-1-0-0
	Hesap Adı:		bsever
	Hesap Etki Alanı:		

Hata Bilgileri:
	Hata Nedeni:		Bilinmeyen kullanıcı adı veya yanlış parola.
	Durum:			0xC000006D
	Alt Durum:		0xC000006A

İşlem Bilgileri:
	Çağıran İşlem Kimliği:	0x0
	Çağıran İşlem Adı:	-

Ağ Bilgileri:
	İş İstasyonu Adı:	kali
	Kaynak Ağ Adresi:	192.168.10.250
	Kaynak Bağlantı Noktası:		0

Ayrıntılı Kimlik Doğrulama Bilgileri:
	Oturum Açma İşlemi:		NtLmSsp 
	Kimlik Doğrulama Paketi:	NTLM
	Aktarılan Hizmetler:	-
	Paket Adı (yalnızca NTLM):	-
	Anahtar Uzunluğu:		0

Bu olay bir oturum açma isteği başarısız olduğunda oluşturulur. Erişilmeye çalışılan bilgisayarda oluşturulur.

Konu alanları oturum açmayı isteyen yerel sistemdeki hesabı belirtir. Bu genellikle Sistemi hizmeti gibi bir hizmet ya da Winlogon.exe veya Services.exe gibi yerel bir işlemdir.

Oturum Türü alanı istenen oturum açma türünü gösterir. En yaygın türler 2 (etkileşimli) ve 3'tür (ağ).

İşlem Bilgileri alanları, sistemdeki hangi hesabın ve işlemin oturum açmayı istediğini gösterir.

Ağ Bilgileri alanları, bir uzaktan oturum açma isteğinin kaynağını gösterir. İş İstasyonu Adı her zaman yoktur ve bazı durumlarda boş olabilir.

Kimlik Doğrulama Bilgileri alanları bu oturum açma isteğine özel ayrıntılı bilgiler sağlar.
	- Aktarılan Hizmetler, bu oturum açma isteğine katılan ara hizmetleri gösterir.
	- Paket Adı, NTLM protokolleri arasında hangi alt protokolün kullanıldığını gösterir.
	- Anahtar Uzunluğu, oluşturulan oturum anahtarının uzunluğunu gösterir. Oturum anahtarı istenmediyse bu 0 olur.",Bilgi,,0x0,,NtLmSsp,3,"-",19930,,"Microsoft Windows security auditing.",Logon,Bilgi,,"10/23/2024 12:36:15 AM
LogName=Security
EventCode=4625
EventType=0
ComputerName=target-PC.furkan.local
SourceName=Microsoft Windows security auditing.
Type=Bilgi
RecordNumber=19930
Keywords=Hata Denetle
TaskCategory=Logon
OpCode=Bilgi
Message=Bir hesap oturum açamadı.

Konu:
	Güvenlik Kimliği:		S-1-0-0
	Hesap Adı:		-
	Hesap Etki Alanı:		-
	Oturum Açma Kimliği:		0x0

Oturum Türü:			3

Oturumu Açılamayan Hesap:
	Güvenlik Kimliği:		S-1-0-0
	Hesap Adı:		bsever
	Hesap Etki Alanı:		

Hata Bilgileri:
	Hata Nedeni:		Bilinmeyen kullanıcı adı veya yanlış parola.
	Durum:			0xC000006D
	Alt Durum:		0xC000006A

İşlem Bilgileri:
	Çağıran İşlem Kimliği:	0x0
	Çağıran İşlem Adı:	-

Ağ Bilgileri:
	İş İstasyonu Adı:	kali
	Kaynak Ağ Adresi:	192.168.10.250
	Kaynak Bağlantı Noktası:		0

Ayrıntılı Kimlik Doğrulama Bilgileri:
	Oturum Açma İşlemi:		NtLmSsp 
	Kimlik Doğrulama Paketi:	NTLM
	Aktarılan Hizmetler:	-
	Paket Adı (yalnızca NTLM):	-
	Anahtar Uzunluğu:		0

Bu olay bir oturum açma isteği başarısız olduğunda oluşturulur. Erişilmeye çalışılan bilgisayarda oluşturulur.

Konu alanları oturum açmayı isteyen yerel sistemdeki hesabı belirtir. Bu genellikle Sistemi hizmeti gibi bir hizmet ya da Winlogon.exe veya Services.exe gibi yerel bir işlemdir.

Oturum Türü alanı istenen oturum açma türünü gösterir. En yaygın türler 2 (etkileşimli) ve 3'tür (ağ).

İşlem Bilgileri alanları, sistemdeki hangi hesabın ve işlemin oturum açmayı istediğini gösterir.

Ağ Bilgileri alanları, bir uzaktan oturum açma isteğinin kaynağını gösterir. İş İstasyonu Adı her zaman yoktur ve bazı durumlarda boş olabilir.

Kimlik Doğrulama Bilgileri alanları bu oturum açma isteğine özel ayrıntılı bilgiler sağlar.
	- Aktarılan Hizmetler, bu oturum açma isteğine katılan ara hizmetleri gösterir.
	- Paket Adı, NTLM protokolleri arasında hangi alt protokolün kullanıldığını gösterir.
	- Anahtar Uzunluğu, oluşturulan oturum anahtarının uzunluğunu gösterir. Oturum anahtarı istenmediyse bu 0 olur.","2024-10-22T21:36:15.000+0000",,"TARGET-PC",endpoint,61,"//_::_====-..=___.===_===___.\r\r:\rt_:tt---\rt_:tt-\rt","WinEventLog:Security","WinEventLog:Security",splunk,,"-",0x0,kali,,
"-",0xC000006A,0,,,,"target-PC.furkan.local",0xC000006D,4625,0,"S-1-0-0
S-1-0-0","Bilinmeyen kullanıcı adı veya yanlış parola.","-
bsever","-","192.168.10.250",0,"Hata Denetle",NTLM,,,Security,"Bir hesap oturum açamadı.

Konu:
	Güvenlik Kimliği:		S-1-0-0
	Hesap Adı:		-
	Hesap Etki Alanı:		-
	Oturum Açma Kimliği:		0x0

Oturum Türü:			3

Oturumu Açılamayan Hesap:
	Güvenlik Kimliği:		S-1-0-0
	Hesap Adı:		bsever
	Hesap Etki Alanı:		

Hata Bilgileri:
	Hata Nedeni:		Bilinmeyen kullanıcı adı veya yanlış parola.
	Durum:			0xC000006D
	Alt Durum:		0xC000006A

İşlem Bilgileri:
	Çağıran İşlem Kimliği:	0x0
	Çağıran İşlem Adı:	-

Ağ Bilgileri:
	İş İstasyonu Adı:	kali
	Kaynak Ağ Adresi:	192.168.10.250
	Kaynak Bağlantı Noktası:		0

Ayrıntılı Kimlik Doğrulama Bilgileri:
	Oturum Açma İşlemi:		NtLmSsp 
	Kimlik Doğrulama Paketi:	NTLM
	Aktarılan Hizmetler:	-
	Paket Adı (yalnızca NTLM):	-
	Anahtar Uzunluğu:		0

Bu olay bir oturum açma isteği başarısız olduğunda oluşturulur. Erişilmeye çalışılan bilgisayarda oluşturulur.

Konu alanları oturum açmayı isteyen yerel sistemdeki hesabı belirtir. Bu genellikle Sistemi hizmeti gibi bir hizmet ya da Winlogon.exe veya Services.exe gibi yerel bir işlemdir.

Oturum Türü alanı istenen oturum açma türünü gösterir. En yaygın türler 2 (etkileşimli) ve 3'tür (ağ).

İşlem Bilgileri alanları, sistemdeki hangi hesabın ve işlemin oturum açmayı istediğini gösterir.

Ağ Bilgileri alanları, bir uzaktan oturum açma isteğinin kaynağını gösterir. İş İstasyonu Adı her zaman yoktur ve bazı durumlarda boş olabilir.

Kimlik Doğrulama Bilgileri alanları bu oturum açma isteğine özel ayrıntılı bilgiler sağlar.
	- Aktarılan Hizmetler, bu oturum açma isteğine katılan ara hizmetleri gösterir.
	- Paket Adı, NTLM protokolleri arasında hangi alt protokolün kullanıldığını gösterir.
	- Anahtar Uzunluğu, oluşturulan oturum anahtarının uzunluğunu gösterir. Oturum anahtarı istenmediyse bu 0 olur.",Bilgi,,0x0,,NtLmSsp,3,"-",19929,,"Microsoft Windows security auditing.",Logon,Bilgi,,"10/23/2024 12:36:15 AM
LogName=Security
EventCode=4625
EventType=0
ComputerName=target-PC.furkan.local
SourceName=Microsoft Windows security auditing.
Type=Bilgi
RecordNumber=19929
Keywords=Hata Denetle
TaskCategory=Logon
OpCode=Bilgi
Message=Bir hesap oturum açamadı.

Konu:
	Güvenlik Kimliği:		S-1-0-0
	Hesap Adı:		-
	Hesap Etki Alanı:		-
	Oturum Açma Kimliği:		0x0

Oturum Türü:			3

Oturumu Açılamayan Hesap:
	Güvenlik Kimliği:		S-1-0-0
	Hesap Adı:		bsever
	Hesap Etki Alanı:		

Hata Bilgileri:
	Hata Nedeni:		Bilinmeyen kullanıcı adı veya yanlış parola.
	Durum:			0xC000006D
	Alt Durum:		0xC000006A

İşlem Bilgileri:
	Çağıran İşlem Kimliği:	0x0
	Çağıran İşlem Adı:	-

Ağ Bilgileri:
	İş İstasyonu Adı:	kali
	Kaynak Ağ Adresi:	192.168.10.250
	Kaynak Bağlantı Noktası:		0

Ayrıntılı Kimlik Doğrulama Bilgileri:
	Oturum Açma İşlemi:		NtLmSsp 
	Kimlik Doğrulama Paketi:	NTLM
	Aktarılan Hizmetler:	-
	Paket Adı (yalnızca NTLM):	-
	Anahtar Uzunluğu:		0

Bu olay bir oturum açma isteği başarısız olduğunda oluşturulur. Erişilmeye çalışılan bilgisayarda oluşturulur.

Konu alanları oturum açmayı isteyen yerel sistemdeki hesabı belirtir. Bu genellikle Sistemi hizmeti gibi bir hizmet ya da Winlogon.exe veya Services.exe gibi yerel bir işlemdir.

Oturum Türü alanı istenen oturum açma türünü gösterir. En yaygın türler 2 (etkileşimli) ve 3'tür (ağ).

İşlem Bilgileri alanları, sistemdeki hangi hesabın ve işlemin oturum açmayı istediğini gösterir.

Ağ Bilgileri alanları, bir uzaktan oturum açma isteğinin kaynağını gösterir. İş İstasyonu Adı her zaman yoktur ve bazı durumlarda boş olabilir.

Kimlik Doğrulama Bilgileri alanları bu oturum açma isteğine özel ayrıntılı bilgiler sağlar.
	- Aktarılan Hizmetler, bu oturum açma isteğine katılan ara hizmetleri gösterir.
	- Paket Adı, NTLM protokolleri arasında hangi alt protokolün kullanıldığını gösterir.
	- Anahtar Uzunluğu, oluşturulan oturum anahtarının uzunluğunu gösterir. Oturum anahtarı istenmediyse bu 0 olur.","2024-10-22T21:36:15.000+0000",,"TARGET-PC",endpoint,61,"//_::_====-..=___.===_===___.\r\r:\rt_:tt---\rt_:tt-\rt","WinEventLog:Security","WinEventLog:Security",splunk,,"-",0x0,kali,,
"-",0xC000006A,0,,,,"target-PC.furkan.local",0xC000006D,4625,0,"S-1-0-0
S-1-0-0","Bilinmeyen kullanıcı adı veya yanlış parola.","-
bsever","-","192.168.10.250",0,"Hata Denetle",NTLM,,,Security,"Bir hesap oturum açamadı.

Konu:
	Güvenlik Kimliği:		S-1-0-0
	Hesap Adı:		-
	Hesap Etki Alanı:		-
	Oturum Açma Kimliği:		0x0

Oturum Türü:			3

Oturumu Açılamayan Hesap:
	Güvenlik Kimliği:		S-1-0-0
	Hesap Adı:		bsever
	Hesap Etki Alanı:		

Hata Bilgileri:
	Hata Nedeni:		Bilinmeyen kullanıcı adı veya yanlış parola.
	Durum:			0xC000006D
	Alt Durum:		0xC000006A

İşlem Bilgileri:
	Çağıran İşlem Kimliği:	0x0
	Çağıran İşlem Adı:	-

Ağ Bilgileri:
	İş İstasyonu Adı:	kali
	Kaynak Ağ Adresi:	192.168.10.250
	Kaynak Bağlantı Noktası:		0

Ayrıntılı Kimlik Doğrulama Bilgileri:
	Oturum Açma İşlemi:		NtLmSsp 
	Kimlik Doğrulama Paketi:	NTLM
	Aktarılan Hizmetler:	-
	Paket Adı (yalnızca NTLM):	-
	Anahtar Uzunluğu:		0

Bu olay bir oturum açma isteği başarısız olduğunda oluşturulur. Erişilmeye çalışılan bilgisayarda oluşturulur.

Konu alanları oturum açmayı isteyen yerel sistemdeki hesabı belirtir. Bu genellikle Sistemi hizmeti gibi bir hizmet ya da Winlogon.exe veya Services.exe gibi yerel bir işlemdir.

Oturum Türü alanı istenen oturum açma türünü gösterir. En yaygın türler 2 (etkileşimli) ve 3'tür (ağ).

İşlem Bilgileri alanları, sistemdeki hangi hesabın ve işlemin oturum açmayı istediğini gösterir.

Ağ Bilgileri alanları, bir uzaktan oturum açma isteğinin kaynağını gösterir. İş İstasyonu Adı her zaman yoktur ve bazı durumlarda boş olabilir.

Kimlik Doğrulama Bilgileri alanları bu oturum açma isteğine özel ayrıntılı bilgiler sağlar.
	- Aktarılan Hizmetler, bu oturum açma isteğine katılan ara hizmetleri gösterir.
	- Paket Adı, NTLM protokolleri arasında hangi alt protokolün kullanıldığını gösterir.
	- Anahtar Uzunluğu, oluşturulan oturum anahtarının uzunluğunu gösterir. Oturum anahtarı istenmediyse bu 0 olur.",Bilgi,,0x0,,NtLmSsp,3,"-",19928,,"Microsoft Windows security auditing.",Logon,Bilgi,,"10/23/2024 12:36:14 AM
LogName=Security
EventCode=4625
EventType=0
ComputerName=target-PC.furkan.local
SourceName=Microsoft Windows security auditing.
Type=Bilgi
RecordNumber=19928
Keywords=Hata Denetle
TaskCategory=Logon
OpCode=Bilgi
Message=Bir hesap oturum açamadı.

Konu:
	Güvenlik Kimliği:		S-1-0-0
	Hesap Adı:		-
	Hesap Etki Alanı:		-
	Oturum Açma Kimliği:		0x0

Oturum Türü:			3

Oturumu Açılamayan Hesap:
	Güvenlik Kimliği:		S-1-0-0
	Hesap Adı:		bsever
	Hesap Etki Alanı:		

Hata Bilgileri:
	Hata Nedeni:		Bilinmeyen kullanıcı adı veya yanlış parola.
	Durum:			0xC000006D
	Alt Durum:		0xC000006A

İşlem Bilgileri:
	Çağıran İşlem Kimliği:	0x0
	Çağıran İşlem Adı:	-

Ağ Bilgileri:
	İş İstasyonu Adı:	kali
	Kaynak Ağ Adresi:	192.168.10.250
	Kaynak Bağlantı Noktası:		0

Ayrıntılı Kimlik Doğrulama Bilgileri:
	Oturum Açma İşlemi:		NtLmSsp 
	Kimlik Doğrulama Paketi:	NTLM
	Aktarılan Hizmetler:	-
	Paket Adı (yalnızca NTLM):	-
	Anahtar Uzunluğu:		0

Bu olay bir oturum açma isteği başarısız olduğunda oluşturulur. Erişilmeye çalışılan bilgisayarda oluşturulur.

Konu alanları oturum açmayı isteyen yerel sistemdeki hesabı belirtir. Bu genellikle Sistemi hizmeti gibi bir hizmet ya da Winlogon.exe veya Services.exe gibi yerel bir işlemdir.

Oturum Türü alanı istenen oturum açma türünü gösterir. En yaygın türler 2 (etkileşimli) ve 3'tür (ağ).

İşlem Bilgileri alanları, sistemdeki hangi hesabın ve işlemin oturum açmayı istediğini gösterir.

Ağ Bilgileri alanları, bir uzaktan oturum açma isteğinin kaynağını gösterir. İş İstasyonu Adı her zaman yoktur ve bazı durumlarda boş olabilir.

Kimlik Doğrulama Bilgileri alanları bu oturum açma isteğine özel ayrıntılı bilgiler sağlar.
	- Aktarılan Hizmetler, bu oturum açma isteğine katılan ara hizmetleri gösterir.
	- Paket Adı, NTLM protokolleri arasında hangi alt protokolün kullanıldığını gösterir.
	- Anahtar Uzunluğu, oluşturulan oturum anahtarının uzunluğunu gösterir. Oturum anahtarı istenmediyse bu 0 olur.","2024-10-22T21:36:14.000+0000",,"TARGET-PC",endpoint,61,"//_::_====-..=___.===_===___.\r\r:\rt_:tt---\rt_:tt-\rt","WinEventLog:Security","WinEventLog:Security",splunk,,"-",0x0,kali,,
"-",0xC000006A,0,,,,"target-PC.furkan.local",0xC000006D,4625,0,"S-1-0-0
S-1-0-0","Bilinmeyen kullanıcı adı veya yanlış parola.","-
bsever","-","192.168.10.250",0,"Hata Denetle",NTLM,,,Security,"Bir hesap oturum açamadı.

Konu:
	Güvenlik Kimliği:		S-1-0-0
	Hesap Adı:		-
	Hesap Etki Alanı:		-
	Oturum Açma Kimliği:		0x0

Oturum Türü:			3

Oturumu Açılamayan Hesap:
	Güvenlik Kimliği:		S-1-0-0
	Hesap Adı:		bsever
	Hesap Etki Alanı:		

Hata Bilgileri:
	Hata Nedeni:		Bilinmeyen kullanıcı adı veya yanlış parola.
	Durum:			0xC000006D
	Alt Durum:		0xC000006A

İşlem Bilgileri:
	Çağıran İşlem Kimliği:	0x0
	Çağıran İşlem Adı:	-

Ağ Bilgileri:
	İş İstasyonu Adı:	kali
	Kaynak Ağ Adresi:	192.168.10.250
	Kaynak Bağlantı Noktası:		0

Ayrıntılı Kimlik Doğrulama Bilgileri:
	Oturum Açma İşlemi:		NtLmSsp 
	Kimlik Doğrulama Paketi:	NTLM
	Aktarılan Hizmetler:	-
	Paket Adı (yalnızca NTLM):	-
	Anahtar Uzunluğu:		0

Bu olay bir oturum açma isteği başarısız olduğunda oluşturulur. Erişilmeye çalışılan bilgisayarda oluşturulur.

Konu alanları oturum açmayı isteyen yerel sistemdeki hesabı belirtir. Bu genellikle Sistemi hizmeti gibi bir hizmet ya da Winlogon.exe veya Services.exe gibi yerel bir işlemdir.

Oturum Türü alanı istenen oturum açma türünü gösterir. En yaygın türler 2 (etkileşimli) ve 3'tür (ağ).

İşlem Bilgileri alanları, sistemdeki hangi hesabın ve işlemin oturum açmayı istediğini gösterir.

Ağ Bilgileri alanları, bir uzaktan oturum açma isteğinin kaynağını gösterir. İş İstasyonu Adı her zaman yoktur ve bazı durumlarda boş olabilir.

Kimlik Doğrulama Bilgileri alanları bu oturum açma isteğine özel ayrıntılı bilgiler sağlar.
	- Aktarılan Hizmetler, bu oturum açma isteğine katılan ara hizmetleri gösterir.
	- Paket Adı, NTLM protokolleri arasında hangi alt protokolün kullanıldığını gösterir.
	- Anahtar Uzunluğu, oluşturulan oturum anahtarının uzunluğunu gösterir. Oturum anahtarı istenmediyse bu 0 olur.",Bilgi,,0x0,,NtLmSsp,3,"-",19927,,"Microsoft Windows security auditing.",Logon,Bilgi,,"10/23/2024 12:36:14 AM
LogName=Security
EventCode=4625
EventType=0
ComputerName=target-PC.furkan.local
SourceName=Microsoft Windows security auditing.
Type=Bilgi
RecordNumber=19927
Keywords=Hata Denetle
TaskCategory=Logon
OpCode=Bilgi
Message=Bir hesap oturum açamadı.

Konu:
	Güvenlik Kimliği:		S-1-0-0
	Hesap Adı:		-
	Hesap Etki Alanı:		-
	Oturum Açma Kimliği:		0x0

Oturum Türü:			3

Oturumu Açılamayan Hesap:
	Güvenlik Kimliği:		S-1-0-0
	Hesap Adı:		bsever
	Hesap Etki Alanı:		

Hata Bilgileri:
	Hata Nedeni:		Bilinmeyen kullanıcı adı veya yanlış parola.
	Durum:			0xC000006D
	Alt Durum:		0xC000006A

İşlem Bilgileri:
	Çağıran İşlem Kimliği:	0x0
	Çağıran İşlem Adı:	-

Ağ Bilgileri:
	İş İstasyonu Adı:	kali
	Kaynak Ağ Adresi:	192.168.10.250
	Kaynak Bağlantı Noktası:		0

Ayrıntılı Kimlik Doğrulama Bilgileri:
	Oturum Açma İşlemi:		NtLmSsp 
	Kimlik Doğrulama Paketi:	NTLM
	Aktarılan Hizmetler:	-
	Paket Adı (yalnızca NTLM):	-
	Anahtar Uzunluğu:		0

Bu olay bir oturum açma isteği başarısız olduğunda oluşturulur. Erişilmeye çalışılan bilgisayarda oluşturulur.

Konu alanları oturum açmayı isteyen yerel sistemdeki hesabı belirtir. Bu genellikle Sistemi hizmeti gibi bir hizmet ya da Winlogon.exe veya Services.exe gibi yerel bir işlemdir.

Oturum Türü alanı istenen oturum açma türünü gösterir. En yaygın türler 2 (etkileşimli) ve 3'tür (ağ).

İşlem Bilgileri alanları, sistemdeki hangi hesabın ve işlemin oturum açmayı istediğini gösterir.

Ağ Bilgileri alanları, bir uzaktan oturum açma isteğinin kaynağını gösterir. İş İstasyonu Adı her zaman yoktur ve bazı durumlarda boş olabilir.

Kimlik Doğrulama Bilgileri alanları bu oturum açma isteğine özel ayrıntılı bilgiler sağlar.
	- Aktarılan Hizmetler, bu oturum açma isteğine katılan ara hizmetleri gösterir.
	- Paket Adı, NTLM protokolleri arasında hangi alt protokolün kullanıldığını gösterir.
	- Anahtar Uzunluğu, oluşturulan oturum anahtarının uzunluğunu gösterir. Oturum anahtarı istenmediyse bu 0 olur.","2024-10-22T21:36:14.000+0000",,"TARGET-PC",endpoint,61,"//_::_====-..=___.===_===___.\r\r:\rt_:tt---\rt_:tt-\rt","WinEventLog:Security","WinEventLog:Security",splunk,,"-",0x0,kali,,
"-",0xC000006A,0,,,,"target-PC.furkan.local",0xC000006D,4625,0,"S-1-0-0
S-1-0-0","Bilinmeyen kullanıcı adı veya yanlış parola.","-
bsever","-","192.168.10.250",0,"Hata Denetle",NTLM,,,Security,"Bir hesap oturum açamadı.

Konu:
	Güvenlik Kimliği:		S-1-0-0
	Hesap Adı:		-
	Hesap Etki Alanı:		-
	Oturum Açma Kimliği:		0x0

Oturum Türü:			3

Oturumu Açılamayan Hesap:
	Güvenlik Kimliği:		S-1-0-0
	Hesap Adı:		bsever
	Hesap Etki Alanı:		

Hata Bilgileri:
	Hata Nedeni:		Bilinmeyen kullanıcı adı veya yanlış parola.
	Durum:			0xC000006D
	Alt Durum:		0xC000006A

İşlem Bilgileri:
	Çağıran İşlem Kimliği:	0x0
	Çağıran İşlem Adı:	-

Ağ Bilgileri:
	İş İstasyonu Adı:	kali
	Kaynak Ağ Adresi:	192.168.10.250
	Kaynak Bağlantı Noktası:		0

Ayrıntılı Kimlik Doğrulama Bilgileri:
	Oturum Açma İşlemi:		NtLmSsp 
	Kimlik Doğrulama Paketi:	NTLM
	Aktarılan Hizmetler:	-
	Paket Adı (yalnızca NTLM):	-
	Anahtar Uzunluğu:		0

Bu olay bir oturum açma isteği başarısız olduğunda oluşturulur. Erişilmeye çalışılan bilgisayarda oluşturulur.

Konu alanları oturum açmayı isteyen yerel sistemdeki hesabı belirtir. Bu genellikle Sistemi hizmeti gibi bir hizmet ya da Winlogon.exe veya Services.exe gibi yerel bir işlemdir.

Oturum Türü alanı istenen oturum açma türünü gösterir. En yaygın türler 2 (etkileşimli) ve 3'tür (ağ).

İşlem Bilgileri alanları, sistemdeki hangi hesabın ve işlemin oturum açmayı istediğini gösterir.

Ağ Bilgileri alanları, bir uzaktan oturum açma isteğinin kaynağını gösterir. İş İstasyonu Adı her zaman yoktur ve bazı durumlarda boş olabilir.

Kimlik Doğrulama Bilgileri alanları bu oturum açma isteğine özel ayrıntılı bilgiler sağlar.
	- Aktarılan Hizmetler, bu oturum açma isteğine katılan ara hizmetleri gösterir.
	- Paket Adı, NTLM protokolleri arasında hangi alt protokolün kullanıldığını gösterir.
	- Anahtar Uzunluğu, oluşturulan oturum anahtarının uzunluğunu gösterir. Oturum anahtarı istenmediyse bu 0 olur.",Bilgi,,0x0,,NtLmSsp,3,"-",19926,,"Microsoft Windows security auditing.",Logon,Bilgi,,"10/23/2024 12:36:14 AM
LogName=Security
EventCode=4625
EventType=0
ComputerName=target-PC.furkan.local
SourceName=Microsoft Windows security auditing.
Type=Bilgi
RecordNumber=19926
Keywords=Hata Denetle
TaskCategory=Logon
OpCode=Bilgi
Message=Bir hesap oturum açamadı.

Konu:
	Güvenlik Kimliği:		S-1-0-0
	Hesap Adı:		-
	Hesap Etki Alanı:		-
	Oturum Açma Kimliği:		0x0

Oturum Türü:			3

Oturumu Açılamayan Hesap:
	Güvenlik Kimliği:		S-1-0-0
	Hesap Adı:		bsever
	Hesap Etki Alanı:		

Hata Bilgileri:
	Hata Nedeni:		Bilinmeyen kullanıcı adı veya yanlış parola.
	Durum:			0xC000006D
	Alt Durum:		0xC000006A

İşlem Bilgileri:
	Çağıran İşlem Kimliği:	0x0
	Çağıran İşlem Adı:	-

Ağ Bilgileri:
	İş İstasyonu Adı:	kali
	Kaynak Ağ Adresi:	192.168.10.250
	Kaynak Bağlantı Noktası:		0

Ayrıntılı Kimlik Doğrulama Bilgileri:
	Oturum Açma İşlemi:		NtLmSsp 
	Kimlik Doğrulama Paketi:	NTLM
	Aktarılan Hizmetler:	-
	Paket Adı (yalnızca NTLM):	-
	Anahtar Uzunluğu:		0

Bu olay bir oturum açma isteği başarısız olduğunda oluşturulur. Erişilmeye çalışılan bilgisayarda oluşturulur.

Konu alanları oturum açmayı isteyen yerel sistemdeki hesabı belirtir. Bu genellikle Sistemi hizmeti gibi bir hizmet ya da Winlogon.exe veya Services.exe gibi yerel bir işlemdir.

Oturum Türü alanı istenen oturum açma türünü gösterir. En yaygın türler 2 (etkileşimli) ve 3'tür (ağ).

İşlem Bilgileri alanları, sistemdeki hangi hesabın ve işlemin oturum açmayı istediğini gösterir.

Ağ Bilgileri alanları, bir uzaktan oturum açma isteğinin kaynağını gösterir. İş İstasyonu Adı her zaman yoktur ve bazı durumlarda boş olabilir.

Kimlik Doğrulama Bilgileri alanları bu oturum açma isteğine özel ayrıntılı bilgiler sağlar.
	- Aktarılan Hizmetler, bu oturum açma isteğine katılan ara hizmetleri gösterir.
	- Paket Adı, NTLM protokolleri arasında hangi alt protokolün kullanıldığını gösterir.
	- Anahtar Uzunluğu, oluşturulan oturum anahtarının uzunluğunu gösterir. Oturum anahtarı istenmediyse bu 0 olur.","2024-10-22T21:36:14.000+0000",,"TARGET-PC",endpoint,61,"//_::_====-..=___.===_===___.\r\r:\rt_:tt---\rt_:tt-\rt","WinEventLog:Security","WinEventLog:Security",splunk,,"-",0x0,kali,,
"-",0xC000006A,0,,,,"target-PC.furkan.local",0xC000006D,4625,0,"S-1-0-0
S-1-0-0","Bilinmeyen kullanıcı adı veya yanlış parola.","-
bsever","-","192.168.10.250",0,"Hata Denetle",NTLM,,,Security,"Bir hesap oturum açamadı.

Konu:
	Güvenlik Kimliği:		S-1-0-0
	Hesap Adı:		-
	Hesap Etki Alanı:		-
	Oturum Açma Kimliği:		0x0

Oturum Türü:			3

Oturumu Açılamayan Hesap:
	Güvenlik Kimliği:		S-1-0-0
	Hesap Adı:		bsever
	Hesap Etki Alanı:		

Hata Bilgileri:
	Hata Nedeni:		Bilinmeyen kullanıcı adı veya yanlış parola.
	Durum:			0xC000006D
	Alt Durum:		0xC000006A

İşlem Bilgileri:
	Çağıran İşlem Kimliği:	0x0
	Çağıran İşlem Adı:	-

Ağ Bilgileri:
	İş İstasyonu Adı:	kali
	Kaynak Ağ Adresi:	192.168.10.250
	Kaynak Bağlantı Noktası:		0

Ayrıntılı Kimlik Doğrulama Bilgileri:
	Oturum Açma İşlemi:		NtLmSsp 
	Kimlik Doğrulama Paketi:	NTLM
	Aktarılan Hizmetler:	-
	Paket Adı (yalnızca NTLM):	-
	Anahtar Uzunluğu:		0

Bu olay bir oturum açma isteği başarısız olduğunda oluşturulur. Erişilmeye çalışılan bilgisayarda oluşturulur.

Konu alanları oturum açmayı isteyen yerel sistemdeki hesabı belirtir. Bu genellikle Sistemi hizmeti gibi bir hizmet ya da Winlogon.exe veya Services.exe gibi yerel bir işlemdir.

Oturum Türü alanı istenen oturum açma türünü gösterir. En yaygın türler 2 (etkileşimli) ve 3'tür (ağ).

İşlem Bilgileri alanları, sistemdeki hangi hesabın ve işlemin oturum açmayı istediğini gösterir.

Ağ Bilgileri alanları, bir uzaktan oturum açma isteğinin kaynağını gösterir. İş İstasyonu Adı her zaman yoktur ve bazı durumlarda boş olabilir.

Kimlik Doğrulama Bilgileri alanları bu oturum açma isteğine özel ayrıntılı bilgiler sağlar.
	- Aktarılan Hizmetler, bu oturum açma isteğine katılan ara hizmetleri gösterir.
	- Paket Adı, NTLM protokolleri arasında hangi alt protokolün kullanıldığını gösterir.
	- Anahtar Uzunluğu, oluşturulan oturum anahtarının uzunluğunu gösterir. Oturum anahtarı istenmediyse bu 0 olur.",Bilgi,,0x0,,NtLmSsp,3,"-",19925,,"Microsoft Windows security auditing.",Logon,Bilgi,,"10/23/2024 12:36:14 AM
LogName=Security
EventCode=4625
EventType=0
ComputerName=target-PC.furkan.local
SourceName=Microsoft Windows security auditing.
Type=Bilgi
RecordNumber=19925
Keywords=Hata Denetle
TaskCategory=Logon
OpCode=Bilgi
Message=Bir hesap oturum açamadı.

Konu:
	Güvenlik Kimliği:		S-1-0-0
	Hesap Adı:		-
	Hesap Etki Alanı:		-
	Oturum Açma Kimliği:		0x0

Oturum Türü:			3

Oturumu Açılamayan Hesap:
	Güvenlik Kimliği:		S-1-0-0
	Hesap Adı:		bsever
	Hesap Etki Alanı:		

Hata Bilgileri:
	Hata Nedeni:		Bilinmeyen kullanıcı adı veya yanlış parola.
	Durum:			0xC000006D
	Alt Durum:		0xC000006A

İşlem Bilgileri:
	Çağıran İşlem Kimliği:	0x0
	Çağıran İşlem Adı:	-

Ağ Bilgileri:
	İş İstasyonu Adı:	kali
	Kaynak Ağ Adresi:	192.168.10.250
	Kaynak Bağlantı Noktası:		0

Ayrıntılı Kimlik Doğrulama Bilgileri:
	Oturum Açma İşlemi:		NtLmSsp 
	Kimlik Doğrulama Paketi:	NTLM
	Aktarılan Hizmetler:	-
	Paket Adı (yalnızca NTLM):	-
	Anahtar Uzunluğu:		0

Bu olay bir oturum açma isteği başarısız olduğunda oluşturulur. Erişilmeye çalışılan bilgisayarda oluşturulur.

Konu alanları oturum açmayı isteyen yerel sistemdeki hesabı belirtir. Bu genellikle Sistemi hizmeti gibi bir hizmet ya da Winlogon.exe veya Services.exe gibi yerel bir işlemdir.

Oturum Türü alanı istenen oturum açma türünü gösterir. En yaygın türler 2 (etkileşimli) ve 3'tür (ağ).

İşlem Bilgileri alanları, sistemdeki hangi hesabın ve işlemin oturum açmayı istediğini gösterir.

Ağ Bilgileri alanları, bir uzaktan oturum açma isteğinin kaynağını gösterir. İş İstasyonu Adı her zaman yoktur ve bazı durumlarda boş olabilir.

Kimlik Doğrulama Bilgileri alanları bu oturum açma isteğine özel ayrıntılı bilgiler sağlar.
	- Aktarılan Hizmetler, bu oturum açma isteğine katılan ara hizmetleri gösterir.
	- Paket Adı, NTLM protokolleri arasında hangi alt protokolün kullanıldığını gösterir.
	- Anahtar Uzunluğu, oluşturulan oturum anahtarının uzunluğunu gösterir. Oturum anahtarı istenmediyse bu 0 olur.","2024-10-22T21:36:14.000+0000",,"TARGET-PC",endpoint,61,"//_::_====-..=___.===_===___.\r\r:\rt_:tt---\rt_:tt-\rt","WinEventLog:Security","WinEventLog:Security",splunk,,"-",0x0,kali,,
"-",0xC000006A,0,,,,"target-PC.furkan.local",0xC000006D,4625,0,"S-1-0-0
S-1-0-0","Bilinmeyen kullanıcı adı veya yanlış parola.","-
bsever","-","192.168.10.250",0,"Hata Denetle",NTLM,,,Security,"Bir hesap oturum açamadı.

Konu:
	Güvenlik Kimliği:		S-1-0-0
	Hesap Adı:		-
	Hesap Etki Alanı:		-
	Oturum Açma Kimliği:		0x0

Oturum Türü:			3

Oturumu Açılamayan Hesap:
	Güvenlik Kimliği:		S-1-0-0
	Hesap Adı:		bsever
	Hesap Etki Alanı:		

Hata Bilgileri:
	Hata Nedeni:		Bilinmeyen kullanıcı adı veya yanlış parola.
	Durum:			0xC000006D
	Alt Durum:		0xC000006A

İşlem Bilgileri:
	Çağıran İşlem Kimliği:	0x0
	Çağıran İşlem Adı:	-

Ağ Bilgileri:
	İş İstasyonu Adı:	kali
	Kaynak Ağ Adresi:	192.168.10.250
	Kaynak Bağlantı Noktası:		0

Ayrıntılı Kimlik Doğrulama Bilgileri:
	Oturum Açma İşlemi:		NtLmSsp 
	Kimlik Doğrulama Paketi:	NTLM
	Aktarılan Hizmetler:	-
	Paket Adı (yalnızca NTLM):	-
	Anahtar Uzunluğu:		0

Bu olay bir oturum açma isteği başarısız olduğunda oluşturulur. Erişilmeye çalışılan bilgisayarda oluşturulur.

Konu alanları oturum açmayı isteyen yerel sistemdeki hesabı belirtir. Bu genellikle Sistemi hizmeti gibi bir hizmet ya da Winlogon.exe veya Services.exe gibi yerel bir işlemdir.

Oturum Türü alanı istenen oturum açma türünü gösterir. En yaygın türler 2 (etkileşimli) ve 3'tür (ağ).

İşlem Bilgileri alanları, sistemdeki hangi hesabın ve işlemin oturum açmayı istediğini gösterir.

Ağ Bilgileri alanları, bir uzaktan oturum açma isteğinin kaynağını gösterir. İş İstasyonu Adı her zaman yoktur ve bazı durumlarda boş olabilir.

Kimlik Doğrulama Bilgileri alanları bu oturum açma isteğine özel ayrıntılı bilgiler sağlar.
	- Aktarılan Hizmetler, bu oturum açma isteğine katılan ara hizmetleri gösterir.
	- Paket Adı, NTLM protokolleri arasında hangi alt protokolün kullanıldığını gösterir.
	- Anahtar Uzunluğu, oluşturulan oturum anahtarının uzunluğunu gösterir. Oturum anahtarı istenmediyse bu 0 olur.",Bilgi,,0x0,,NtLmSsp,3,"-",19924,,"Microsoft Windows security auditing.",Logon,Bilgi,,"10/23/2024 12:36:14 AM
LogName=Security
EventCode=4625
EventType=0
ComputerName=target-PC.furkan.local
SourceName=Microsoft Windows security auditing.
Type=Bilgi
RecordNumber=19924
Keywords=Hata Denetle
TaskCategory=Logon
OpCode=Bilgi
Message=Bir hesap oturum açamadı.

Konu:
	Güvenlik Kimliği:		S-1-0-0
	Hesap Adı:		-
	Hesap Etki Alanı:		-
	Oturum Açma Kimliği:		0x0

Oturum Türü:			3

Oturumu Açılamayan Hesap:
	Güvenlik Kimliği:		S-1-0-0
	Hesap Adı:		bsever
	Hesap Etki Alanı:		

Hata Bilgileri:
	Hata Nedeni:		Bilinmeyen kullanıcı adı veya yanlış parola.
	Durum:			0xC000006D
	Alt Durum:		0xC000006A

İşlem Bilgileri:
	Çağıran İşlem Kimliği:	0x0
	Çağıran İşlem Adı:	-

Ağ Bilgileri:
	İş İstasyonu Adı:	kali
	Kaynak Ağ Adresi:	192.168.10.250
	Kaynak Bağlantı Noktası:		0

Ayrıntılı Kimlik Doğrulama Bilgileri:
	Oturum Açma İşlemi:		NtLmSsp 
	Kimlik Doğrulama Paketi:	NTLM
	Aktarılan Hizmetler:	-
	Paket Adı (yalnızca NTLM):	-
	Anahtar Uzunluğu:		0

Bu olay bir oturum açma isteği başarısız olduğunda oluşturulur. Erişilmeye çalışılan bilgisayarda oluşturulur.

Konu alanları oturum açmayı isteyen yerel sistemdeki hesabı belirtir. Bu genellikle Sistemi hizmeti gibi bir hizmet ya da Winlogon.exe veya Services.exe gibi yerel bir işlemdir.

Oturum Türü alanı istenen oturum açma türünü gösterir. En yaygın türler 2 (etkileşimli) ve 3'tür (ağ).

İşlem Bilgileri alanları, sistemdeki hangi hesabın ve işlemin oturum açmayı istediğini gösterir.

Ağ Bilgileri alanları, bir uzaktan oturum açma isteğinin kaynağını gösterir. İş İstasyonu Adı her zaman yoktur ve bazı durumlarda boş olabilir.

Kimlik Doğrulama Bilgileri alanları bu oturum açma isteğine özel ayrıntılı bilgiler sağlar.
	- Aktarılan Hizmetler, bu oturum açma isteğine katılan ara hizmetleri gösterir.
	- Paket Adı, NTLM protokolleri arasında hangi alt protokolün kullanıldığını gösterir.
	- Anahtar Uzunluğu, oluşturulan oturum anahtarının uzunluğunu gösterir. Oturum anahtarı istenmediyse bu 0 olur.","2024-10-22T21:36:14.000+0000",,"TARGET-PC",endpoint,61,"//_::_====-..=___.===_===___.\r\r:\rt_:tt---\rt_:tt-\rt","WinEventLog:Security","WinEventLog:Security",splunk,,"-",0x0,kali,,
"-",0xC000006A,0,,,,"target-PC.furkan.local",0xC000006D,4625,0,"S-1-0-0
S-1-0-0","Bilinmeyen kullanıcı adı veya yanlış parola.","-
bsever","-","192.168.10.250",0,"Hata Denetle",NTLM,,,Security,"Bir hesap oturum açamadı.

Konu:
	Güvenlik Kimliği:		S-1-0-0
	Hesap Adı:		-
	Hesap Etki Alanı:		-
	Oturum Açma Kimliği:		0x0

Oturum Türü:			3

Oturumu Açılamayan Hesap:
	Güvenlik Kimliği:		S-1-0-0
	Hesap Adı:		bsever
	Hesap Etki Alanı:		

Hata Bilgileri:
	Hata Nedeni:		Bilinmeyen kullanıcı adı veya yanlış parola.
	Durum:			0xC000006D
	Alt Durum:		0xC000006A

İşlem Bilgileri:
	Çağıran İşlem Kimliği:	0x0
	Çağıran İşlem Adı:	-

Ağ Bilgileri:
	İş İstasyonu Adı:	kali
	Kaynak Ağ Adresi:	192.168.10.250
	Kaynak Bağlantı Noktası:		0

Ayrıntılı Kimlik Doğrulama Bilgileri:
	Oturum Açma İşlemi:		NtLmSsp 
	Kimlik Doğrulama Paketi:	NTLM
	Aktarılan Hizmetler:	-
	Paket Adı (yalnızca NTLM):	-
	Anahtar Uzunluğu:		0

Bu olay bir oturum açma isteği başarısız olduğunda oluşturulur. Erişilmeye çalışılan bilgisayarda oluşturulur.

Konu alanları oturum açmayı isteyen yerel sistemdeki hesabı belirtir. Bu genellikle Sistemi hizmeti gibi bir hizmet ya da Winlogon.exe veya Services.exe gibi yerel bir işlemdir.

Oturum Türü alanı istenen oturum açma türünü gösterir. En yaygın türler 2 (etkileşimli) ve 3'tür (ağ).

İşlem Bilgileri alanları, sistemdeki hangi hesabın ve işlemin oturum açmayı istediğini gösterir.

Ağ Bilgileri alanları, bir uzaktan oturum açma isteğinin kaynağını gösterir. İş İstasyonu Adı her zaman yoktur ve bazı durumlarda boş olabilir.

Kimlik Doğrulama Bilgileri alanları bu oturum açma isteğine özel ayrıntılı bilgiler sağlar.
	- Aktarılan Hizmetler, bu oturum açma isteğine katılan ara hizmetleri gösterir.
	- Paket Adı, NTLM protokolleri arasında hangi alt protokolün kullanıldığını gösterir.
	- Anahtar Uzunluğu, oluşturulan oturum anahtarının uzunluğunu gösterir. Oturum anahtarı istenmediyse bu 0 olur.",Bilgi,,0x0,,NtLmSsp,3,"-",19923,,"Microsoft Windows security auditing.",Logon,Bilgi,,"10/23/2024 12:36:13 AM
LogName=Security
EventCode=4625
EventType=0
ComputerName=target-PC.furkan.local
SourceName=Microsoft Windows security auditing.
Type=Bilgi
RecordNumber=19923
Keywords=Hata Denetle
TaskCategory=Logon
OpCode=Bilgi
Message=Bir hesap oturum açamadı.

Konu:
	Güvenlik Kimliği:		S-1-0-0
	Hesap Adı:		-
	Hesap Etki Alanı:		-
	Oturum Açma Kimliği:		0x0

Oturum Türü:			3

Oturumu Açılamayan Hesap:
	Güvenlik Kimliği:		S-1-0-0
	Hesap Adı:		bsever
	Hesap Etki Alanı:		

Hata Bilgileri:
	Hata Nedeni:		Bilinmeyen kullanıcı adı veya yanlış parola.
	Durum:			0xC000006D
	Alt Durum:		0xC000006A

İşlem Bilgileri:
	Çağıran İşlem Kimliği:	0x0
	Çağıran İşlem Adı:	-

Ağ Bilgileri:
	İş İstasyonu Adı:	kali
	Kaynak Ağ Adresi:	192.168.10.250
	Kaynak Bağlantı Noktası:		0

Ayrıntılı Kimlik Doğrulama Bilgileri:
	Oturum Açma İşlemi:		NtLmSsp 
	Kimlik Doğrulama Paketi:	NTLM
	Aktarılan Hizmetler:	-
	Paket Adı (yalnızca NTLM):	-
	Anahtar Uzunluğu:		0

Bu olay bir oturum açma isteği başarısız olduğunda oluşturulur. Erişilmeye çalışılan bilgisayarda oluşturulur.

Konu alanları oturum açmayı isteyen yerel sistemdeki hesabı belirtir. Bu genellikle Sistemi hizmeti gibi bir hizmet ya da Winlogon.exe veya Services.exe gibi yerel bir işlemdir.

Oturum Türü alanı istenen oturum açma türünü gösterir. En yaygın türler 2 (etkileşimli) ve 3'tür (ağ).

İşlem Bilgileri alanları, sistemdeki hangi hesabın ve işlemin oturum açmayı istediğini gösterir.

Ağ Bilgileri alanları, bir uzaktan oturum açma isteğinin kaynağını gösterir. İş İstasyonu Adı her zaman yoktur ve bazı durumlarda boş olabilir.

Kimlik Doğrulama Bilgileri alanları bu oturum açma isteğine özel ayrıntılı bilgiler sağlar.
	- Aktarılan Hizmetler, bu oturum açma isteğine katılan ara hizmetleri gösterir.
	- Paket Adı, NTLM protokolleri arasında hangi alt protokolün kullanıldığını gösterir.
	- Anahtar Uzunluğu, oluşturulan oturum anahtarının uzunluğunu gösterir. Oturum anahtarı istenmediyse bu 0 olur.","2024-10-22T21:36:13.000+0000",,"TARGET-PC",endpoint,61,"//_::_====-..=___.===_===___.\r\r:\rt_:tt---\rt_:tt-\rt","WinEventLog:Security","WinEventLog:Security",splunk,,"-",0x0,kali,,
"-",0xC000006A,0,,,,"target-PC.furkan.local",0xC000006D,4625,0,"S-1-0-0
S-1-0-0","Bilinmeyen kullanıcı adı veya yanlış parola.","-
bsever","-","192.168.10.250",0,"Hata Denetle",NTLM,,,Security,"Bir hesap oturum açamadı.

Konu:
	Güvenlik Kimliği:		S-1-0-0
	Hesap Adı:		-
	Hesap Etki Alanı:		-
	Oturum Açma Kimliği:		0x0

Oturum Türü:			3

Oturumu Açılamayan Hesap:
	Güvenlik Kimliği:		S-1-0-0
	Hesap Adı:		bsever
	Hesap Etki Alanı:		

Hata Bilgileri:
	Hata Nedeni:		Bilinmeyen kullanıcı adı veya yanlış parola.
	Durum:			0xC000006D
	Alt Durum:		0xC000006A

İşlem Bilgileri:
	Çağıran İşlem Kimliği:	0x0
	Çağıran İşlem Adı:	-

Ağ Bilgileri:
	İş İstasyonu Adı:	kali
	Kaynak Ağ Adresi:	192.168.10.250
	Kaynak Bağlantı Noktası:		0

Ayrıntılı Kimlik Doğrulama Bilgileri:
	Oturum Açma İşlemi:		NtLmSsp 
	Kimlik Doğrulama Paketi:	NTLM
	Aktarılan Hizmetler:	-
	Paket Adı (yalnızca NTLM):	-
	Anahtar Uzunluğu:		0

Bu olay bir oturum açma isteği başarısız olduğunda oluşturulur. Erişilmeye çalışılan bilgisayarda oluşturulur.

Konu alanları oturum açmayı isteyen yerel sistemdeki hesabı belirtir. Bu genellikle Sistemi hizmeti gibi bir hizmet ya da Winlogon.exe veya Services.exe gibi yerel bir işlemdir.

Oturum Türü alanı istenen oturum açma türünü gösterir. En yaygın türler 2 (etkileşimli) ve 3'tür (ağ).

İşlem Bilgileri alanları, sistemdeki hangi hesabın ve işlemin oturum açmayı istediğini gösterir.

Ağ Bilgileri alanları, bir uzaktan oturum açma isteğinin kaynağını gösterir. İş İstasyonu Adı her zaman yoktur ve bazı durumlarda boş olabilir.

Kimlik Doğrulama Bilgileri alanları bu oturum açma isteğine özel ayrıntılı bilgiler sağlar.
	- Aktarılan Hizmetler, bu oturum açma isteğine katılan ara hizmetleri gösterir.
	- Paket Adı, NTLM protokolleri arasında hangi alt protokolün kullanıldığını gösterir.
	- Anahtar Uzunluğu, oluşturulan oturum anahtarının uzunluğunu gösterir. Oturum anahtarı istenmediyse bu 0 olur.",Bilgi,,0x0,,NtLmSsp,3,"-",19922,,"Microsoft Windows security auditing.",Logon,Bilgi,,"10/23/2024 12:36:13 AM
LogName=Security
EventCode=4625
EventType=0
ComputerName=target-PC.furkan.local
SourceName=Microsoft Windows security auditing.
Type=Bilgi
RecordNumber=19922
Keywords=Hata Denetle
TaskCategory=Logon
OpCode=Bilgi
Message=Bir hesap oturum açamadı.

Konu:
	Güvenlik Kimliği:		S-1-0-0
	Hesap Adı:		-
	Hesap Etki Alanı:		-
	Oturum Açma Kimliği:		0x0

Oturum Türü:			3

Oturumu Açılamayan Hesap:
	Güvenlik Kimliği:		S-1-0-0
	Hesap Adı:		bsever
	Hesap Etki Alanı:		

Hata Bilgileri:
	Hata Nedeni:		Bilinmeyen kullanıcı adı veya yanlış parola.
	Durum:			0xC000006D
	Alt Durum:		0xC000006A

İşlem Bilgileri:
	Çağıran İşlem Kimliği:	0x0
	Çağıran İşlem Adı:	-

Ağ Bilgileri:
	İş İstasyonu Adı:	kali
	Kaynak Ağ Adresi:	192.168.10.250
	Kaynak Bağlantı Noktası:		0

Ayrıntılı Kimlik Doğrulama Bilgileri:
	Oturum Açma İşlemi:		NtLmSsp 
	Kimlik Doğrulama Paketi:	NTLM
	Aktarılan Hizmetler:	-
	Paket Adı (yalnızca NTLM):	-
	Anahtar Uzunluğu:		0

Bu olay bir oturum açma isteği başarısız olduğunda oluşturulur. Erişilmeye çalışılan bilgisayarda oluşturulur.

Konu alanları oturum açmayı isteyen yerel sistemdeki hesabı belirtir. Bu genellikle Sistemi hizmeti gibi bir hizmet ya da Winlogon.exe veya Services.exe gibi yerel bir işlemdir.

Oturum Türü alanı istenen oturum açma türünü gösterir. En yaygın türler 2 (etkileşimli) ve 3'tür (ağ).

İşlem Bilgileri alanları, sistemdeki hangi hesabın ve işlemin oturum açmayı istediğini gösterir.

Ağ Bilgileri alanları, bir uzaktan oturum açma isteğinin kaynağını gösterir. İş İstasyonu Adı her zaman yoktur ve bazı durumlarda boş olabilir.

Kimlik Doğrulama Bilgileri alanları bu oturum açma isteğine özel ayrıntılı bilgiler sağlar.
	- Aktarılan Hizmetler, bu oturum açma isteğine katılan ara hizmetleri gösterir.
	- Paket Adı, NTLM protokolleri arasında hangi alt protokolün kullanıldığını gösterir.
	- Anahtar Uzunluğu, oluşturulan oturum anahtarının uzunluğunu gösterir. Oturum anahtarı istenmediyse bu 0 olur.","2024-10-22T21:36:13.000+0000",,"TARGET-PC",endpoint,61,"//_::_====-..=___.===_===___.\r\r:\rt_:tt---\rt_:tt-\rt","WinEventLog:Security","WinEventLog:Security",splunk,,"-",0x0,kali,,
"-",0xC000006A,0,,,,"target-PC.furkan.local",0xC000006D,4625,0,"S-1-0-0
S-1-0-0","Bilinmeyen kullanıcı adı veya yanlış parola.","-
