bsever","-","192.168.10.250",0,"Hata Denetle",NTLM,,,Security,"Bir hesap oturum açamadı.

Konu:
	Güvenlik Kimliği:		S-1-0-0
	Hesap Adı:		-
	Hesap Etki Alanı:		-
	Oturum Açma Kimliği:		0x0

Oturum Türü:			3

Oturumu Açılamayan Hesap:
	Güvenlik Kimliği:		S-1-0-0
	Hesap Adı:		bsever
	Hesap Etki Alanı:		

Hata Bilgileri:
	Hata Nedeni:		Bilinmeyen kullanıcı adı veya yanlış parola.
	Durum:			0xC000006D
	Alt Durum:		0xC000006A

İşlem Bilgileri:
	Çağıran İşlem Kimliği:	0x0
	Çağıran İşlem Adı:	-

Ağ Bilgileri:
	İş İstasyonu Adı:	kali
	Kaynak Ağ Adresi:	192.168.10.250
	Kaynak Bağlantı Noktası:		0

Ayrıntılı Kimlik Doğrulama Bilgileri:
	Oturum Açma İşlemi:		NtLmSsp 
	Kimlik Doğrulama Paketi:	NTLM
	Aktarılan Hizmetler:	-
	Paket Adı (yalnızca NTLM):	-
	Anahtar Uzunluğu:		0

Bu olay bir oturum açma isteği başarısız olduğunda oluşturulur. Erişilmeye çalışılan bilgisayarda oluşturulur.

Konu alanları oturum açmayı isteyen yerel sistemdeki hesabı belirtir. Bu genellikle Sistemi hizmeti gibi bir hizmet ya da Winlogon.exe veya Services.exe gibi yerel bir işlemdir.

Oturum Türü alanı istenen oturum açma türünü gösterir. En yaygın türler 2 (etkileşimli) ve 3'tür (ağ).

İşlem Bilgileri alanları, sistemdeki hangi hesabın ve işlemin oturum açmayı istediğini gösterir.

Ağ Bilgileri alanları, bir uzaktan oturum açma isteğinin kaynağını gösterir. İş İstasyonu Adı her zaman yoktur ve bazı durumlarda boş olabilir.

Kimlik Doğrulama Bilgileri alanları bu oturum açma isteğine özel ayrıntılı bilgiler sağlar.
	- Aktarılan Hizmetler, bu oturum açma isteğine katılan ara hizmetleri gösterir.
	- Paket Adı, NTLM protokolleri arasında hangi alt protokolün kullanıldığını gösterir.
	- Anahtar Uzunluğu, oluşturulan oturum anahtarının uzunluğunu gösterir. Oturum anahtarı istenmediyse bu 0 olur.",Bilgi,,0x0,,NtLmSsp,3,"-",19824,,"Microsoft Windows security auditing.",Logon,Bilgi,,"10/23/2024 12:09:11 AM
LogName=Security
EventCode=4625
EventType=0
ComputerName=target-PC.furkan.local
SourceName=Microsoft Windows security auditing.
Type=Bilgi
RecordNumber=19824
Keywords=Hata Denetle
TaskCategory=Logon
OpCode=Bilgi
Message=Bir hesap oturum açamadı.

Konu:
	Güvenlik Kimliği:		S-1-0-0
	Hesap Adı:		-
	Hesap Etki Alanı:		-
	Oturum Açma Kimliği:		0x0

Oturum Türü:			3

Oturumu Açılamayan Hesap:
	Güvenlik Kimliği:		S-1-0-0
	Hesap Adı:		bsever
	Hesap Etki Alanı:		

Hata Bilgileri:
	Hata Nedeni:		Bilinmeyen kullanıcı adı veya yanlış parola.
	Durum:			0xC000006D
	Alt Durum:		0xC000006A

İşlem Bilgileri:
	Çağıran İşlem Kimliği:	0x0
	Çağıran İşlem Adı:	-

Ağ Bilgileri:
	İş İstasyonu Adı:	kali
	Kaynak Ağ Adresi:	192.168.10.250
	Kaynak Bağlantı Noktası:		0

Ayrıntılı Kimlik Doğrulama Bilgileri:
	Oturum Açma İşlemi:		NtLmSsp 
	Kimlik Doğrulama Paketi:	NTLM
	Aktarılan Hizmetler:	-
	Paket Adı (yalnızca NTLM):	-
	Anahtar Uzunluğu:		0

Bu olay bir oturum açma isteği başarısız olduğunda oluşturulur. Erişilmeye çalışılan bilgisayarda oluşturulur.

Konu alanları oturum açmayı isteyen yerel sistemdeki hesabı belirtir. Bu genellikle Sistemi hizmeti gibi bir hizmet ya da Winlogon.exe veya Services.exe gibi yerel bir işlemdir.

Oturum Türü alanı istenen oturum açma türünü gösterir. En yaygın türler 2 (etkileşimli) ve 3'tür (ağ).

İşlem Bilgileri alanları, sistemdeki hangi hesabın ve işlemin oturum açmayı istediğini gösterir.

Ağ Bilgileri alanları, bir uzaktan oturum açma isteğinin kaynağını gösterir. İş İstasyonu Adı her zaman yoktur ve bazı durumlarda boş olabilir.

Kimlik Doğrulama Bilgileri alanları bu oturum açma isteğine özel ayrıntılı bilgiler sağlar.
	- Aktarılan Hizmetler, bu oturum açma isteğine katılan ara hizmetleri gösterir.
	- Paket Adı, NTLM protokolleri arasında hangi alt protokolün kullanıldığını gösterir.
	- Anahtar Uzunluğu, oluşturulan oturum anahtarının uzunluğunu gösterir. Oturum anahtarı istenmediyse bu 0 olur.","2024-10-22T21:09:11.000+0000",,"TARGET-PC",endpoint,61,"//_::_====-..=___.===_===___.\r\r:\rt_:tt---\rt_:tt-\rt","WinEventLog:Security","WinEventLog:Security",splunk,,"-",0x0,kali,,
"-",,128,"-","-",0x0,"target-PC.furkan.local",,4624,0,"S-1-0-0
S-1-5-21-1320782582-4191448823-1366989374-1104",,"-
bsever","-
FURKAN","192.168.10.250",0,"Denetleme Başarısı",NTLM,"Kimliğe Bürünme","-",Security,"Bir hesapta başarılı bir şekilde oturum açıldı.

Konu:
	Güvenlik Kimliği:		S-1-0-0
	Hesap Adı:		-
	Hesap Etki Alanı:		-
	Oturum Açma Kimliği:		0x0

Oturum Açma Bilgileri:
	Oturum Açma Türü:		3
	Kısıtlanmış Yönetici Modu:	-
	Sanal Hesap:		Hayır
	Yükseltilmiş Belirteç:		Hayır

Kimliğe Bürünme Düzeyi:		Kimliğe Bürünme

Yeni Oturum:
	Güvenlik Kimliği:		S-1-5-21-1320782582-4191448823-1366989374-1104
	Hesap Adı:		bsever
	Hesap Etki Alanı:		FURKAN
	Oturum Açma Kimliği:		0x20FA0C6
	Bağlantılı Oturum Açma Kimliği:		0x0
	Ağ Hesap Adı:	-
	Ağ Hesap Etki Alanı:	-
	Oturum Açma GUID'si:		{00000000-0000-0000-0000-000000000000}

İşlem Bilgileri:
	İşlem Kimliği:		0x0
	İşlem Adı:		-

Ağ Bilgileri:
	İş İstasyonu Adı:	kali
	Kaynak Ağ Adresi:	192.168.10.250
	Kaynak Bağlantı Noktası:		0

Ayrıntılı Kimlik Doğrulama Bilgileri:
	Oturum Açma İşlemi:		NtLmSsp 
	Kimlik Doğrulama Paketi:	NTLM
	Aktarılan Hizmetler:	-
	Paket Adı (yalnızca NTLM):	NTLM V2
	Anahtar Uzunluğu:		128

Bu olay bir oturum açıldığında oluşturulur. Erişilen bilgisayarda oluşturulur.

Konu alanları oturum açmayı isteyen yerel sistemdeki hesabı belirtir. Bu genellikle Sunucu hizmeti gibi bir hizmet ya da Winlogon.exe veya Services.exe gibi yerel bir işlemdir.

Oturum Türü alanı gerçekleşen oturum açma türünü gösterir. En çok kullanılan türler 2 (etkileşimli) ve 3'tür (ağ).

Yeni Oturum alanları adına yeni oturum oluşturulan hesabı, yani oturum açılan hesabı gösterir.

Ağ alanları uzaktan oturum açma isteğinin kaynağını gösterir. İş istasyonu adı her zaman yoktur ve bazı durumlarda boş olabilir.

Kimliğe bürünme düzeyi alanı oturum açma oturumundaki işlemin kimliğe bürünebilme boyutunu gösterir.

Kimlik doğrulama bilgisi alanları bu oturum açma isteğine özel ayrıntılı bilgiler sağlar.
	- Oturum Açma GUID'si, bu olayı bir KDC olayıyla ilişkilendirmek için kullanılabilen benzersiz bir tanımlayıcıdır.
	- Aktarılan Hizmetler, bu oturum açma isteğine katılan ara hizmetleri gösterir.
	- Paket adı, NTLM protokolleri arasında hangi alt protokolün kullanıldığını gösterir.
	- Anahtar uzunluğu, oluşturulan oturum anahtarının uzunluğunu gösterir. Oturum anahtarı istenmediyse bu değer 0 olur.",Bilgi,"{00000000-0000-0000-0000-000000000000}","0x0
0x20FA0C6",3,NtLmSsp,,"NTLM V2",19823,"Hayır","Microsoft Windows security auditing.",Logon,Bilgi,"Hayır","10/23/2024 12:09:11 AM
LogName=Security
EventCode=4624
EventType=0
ComputerName=target-PC.furkan.local
SourceName=Microsoft Windows security auditing.
Type=Bilgi
RecordNumber=19823
Keywords=Denetleme Başarısı
TaskCategory=Logon
OpCode=Bilgi
Message=Bir hesapta başarılı bir şekilde oturum açıldı.

Konu:
	Güvenlik Kimliği:		S-1-0-0
	Hesap Adı:		-
	Hesap Etki Alanı:		-
	Oturum Açma Kimliği:		0x0

Oturum Açma Bilgileri:
	Oturum Açma Türü:		3
	Kısıtlanmış Yönetici Modu:	-
	Sanal Hesap:		Hayır
	Yükseltilmiş Belirteç:		Hayır

Kimliğe Bürünme Düzeyi:		Kimliğe Bürünme

Yeni Oturum:
	Güvenlik Kimliği:		S-1-5-21-1320782582-4191448823-1366989374-1104
	Hesap Adı:		bsever
	Hesap Etki Alanı:		FURKAN
	Oturum Açma Kimliği:		0x20FA0C6
	Bağlantılı Oturum Açma Kimliği:		0x0
	Ağ Hesap Adı:	-
	Ağ Hesap Etki Alanı:	-
	Oturum Açma GUID'si:		{00000000-0000-0000-0000-000000000000}

İşlem Bilgileri:
	İşlem Kimliği:		0x0
	İşlem Adı:		-

Ağ Bilgileri:
	İş İstasyonu Adı:	kali
	Kaynak Ağ Adresi:	192.168.10.250
	Kaynak Bağlantı Noktası:		0

Ayrıntılı Kimlik Doğrulama Bilgileri:
	Oturum Açma İşlemi:		NtLmSsp 
	Kimlik Doğrulama Paketi:	NTLM
	Aktarılan Hizmetler:	-
	Paket Adı (yalnızca NTLM):	NTLM V2
	Anahtar Uzunluğu:		128

Bu olay bir oturum açıldığında oluşturulur. Erişilen bilgisayarda oluşturulur.

Konu alanları oturum açmayı isteyen yerel sistemdeki hesabı belirtir. Bu genellikle Sunucu hizmeti gibi bir hizmet ya da Winlogon.exe veya Services.exe gibi yerel bir işlemdir.

Oturum Türü alanı gerçekleşen oturum açma türünü gösterir. En çok kullanılan türler 2 (etkileşimli) ve 3'tür (ağ).

Yeni Oturum alanları adına yeni oturum oluşturulan hesabı, yani oturum açılan hesabı gösterir.

Ağ alanları uzaktan oturum açma isteğinin kaynağını gösterir. İş istasyonu adı her zaman yoktur ve bazı durumlarda boş olabilir.

Kimliğe bürünme düzeyi alanı oturum açma oturumundaki işlemin kimliğe bürünebilme boyutunu gösterir.

Kimlik doğrulama bilgisi alanları bu oturum açma isteğine özel ayrıntılı bilgiler sağlar.
	- Oturum Açma GUID'si, bu olayı bir KDC olayıyla ilişkilendirmek için kullanılabilen benzersiz bir tanımlayıcıdır.
	- Aktarılan Hizmetler, bu oturum açma isteğine katılan ara hizmetleri gösterir.
	- Paket adı, NTLM protokolleri arasında hangi alt protokolün kullanıldığını gösterir.
	- Anahtar uzunluğu, oluşturulan oturum anahtarının uzunluğunu gösterir. Oturum anahtarı istenmediyse bu değer 0 olur.","2024-10-22T21:09:11.000+0000",,"TARGET-PC",endpoint,70,"//_::_====-..=___.===_===______.\r\r:\rt_:tt---\rt_:tt","WinEventLog:Security","WinEventLog:Security",splunk,,,,kali,"-",0x0
"-",0xC000006A,0,,,,"target-PC.furkan.local",0xC000006D,4625,0,"S-1-0-0
S-1-0-0","Bilinmeyen kullanıcı adı veya yanlış parola.","-
bsever","-","192.168.10.250",0,"Hata Denetle",NTLM,,,Security,"Bir hesap oturum açamadı.

Konu:
	Güvenlik Kimliği:		S-1-0-0
	Hesap Adı:		-
	Hesap Etki Alanı:		-
	Oturum Açma Kimliği:		0x0

Oturum Türü:			3

Oturumu Açılamayan Hesap:
	Güvenlik Kimliği:		S-1-0-0
	Hesap Adı:		bsever
	Hesap Etki Alanı:		

Hata Bilgileri:
	Hata Nedeni:		Bilinmeyen kullanıcı adı veya yanlış parola.
	Durum:			0xC000006D
	Alt Durum:		0xC000006A

İşlem Bilgileri:
	Çağıran İşlem Kimliği:	0x0
	Çağıran İşlem Adı:	-

Ağ Bilgileri:
	İş İstasyonu Adı:	kali
	Kaynak Ağ Adresi:	192.168.10.250
	Kaynak Bağlantı Noktası:		0

Ayrıntılı Kimlik Doğrulama Bilgileri:
	Oturum Açma İşlemi:		NtLmSsp 
	Kimlik Doğrulama Paketi:	NTLM
	Aktarılan Hizmetler:	-
	Paket Adı (yalnızca NTLM):	-
	Anahtar Uzunluğu:		0

Bu olay bir oturum açma isteği başarısız olduğunda oluşturulur. Erişilmeye çalışılan bilgisayarda oluşturulur.

Konu alanları oturum açmayı isteyen yerel sistemdeki hesabı belirtir. Bu genellikle Sistemi hizmeti gibi bir hizmet ya da Winlogon.exe veya Services.exe gibi yerel bir işlemdir.

Oturum Türü alanı istenen oturum açma türünü gösterir. En yaygın türler 2 (etkileşimli) ve 3'tür (ağ).

İşlem Bilgileri alanları, sistemdeki hangi hesabın ve işlemin oturum açmayı istediğini gösterir.

Ağ Bilgileri alanları, bir uzaktan oturum açma isteğinin kaynağını gösterir. İş İstasyonu Adı her zaman yoktur ve bazı durumlarda boş olabilir.

Kimlik Doğrulama Bilgileri alanları bu oturum açma isteğine özel ayrıntılı bilgiler sağlar.
	- Aktarılan Hizmetler, bu oturum açma isteğine katılan ara hizmetleri gösterir.
	- Paket Adı, NTLM protokolleri arasında hangi alt protokolün kullanıldığını gösterir.
	- Anahtar Uzunluğu, oluşturulan oturum anahtarının uzunluğunu gösterir. Oturum anahtarı istenmediyse bu 0 olur.",Bilgi,,0x0,,NtLmSsp,3,"-",19822,,"Microsoft Windows security auditing.",Logon,Bilgi,,"10/23/2024 12:09:11 AM
LogName=Security
EventCode=4625
EventType=0
ComputerName=target-PC.furkan.local
SourceName=Microsoft Windows security auditing.
Type=Bilgi
RecordNumber=19822
Keywords=Hata Denetle
TaskCategory=Logon
OpCode=Bilgi
Message=Bir hesap oturum açamadı.

Konu:
	Güvenlik Kimliği:		S-1-0-0
	Hesap Adı:		-
	Hesap Etki Alanı:		-
	Oturum Açma Kimliği:		0x0

Oturum Türü:			3

Oturumu Açılamayan Hesap:
	Güvenlik Kimliği:		S-1-0-0
	Hesap Adı:		bsever
	Hesap Etki Alanı:		

Hata Bilgileri:
	Hata Nedeni:		Bilinmeyen kullanıcı adı veya yanlış parola.
	Durum:			0xC000006D
	Alt Durum:		0xC000006A

İşlem Bilgileri:
	Çağıran İşlem Kimliği:	0x0
	Çağıran İşlem Adı:	-

Ağ Bilgileri:
	İş İstasyonu Adı:	kali
	Kaynak Ağ Adresi:	192.168.10.250
	Kaynak Bağlantı Noktası:		0

Ayrıntılı Kimlik Doğrulama Bilgileri:
	Oturum Açma İşlemi:		NtLmSsp 
	Kimlik Doğrulama Paketi:	NTLM
	Aktarılan Hizmetler:	-
	Paket Adı (yalnızca NTLM):	-
	Anahtar Uzunluğu:		0

Bu olay bir oturum açma isteği başarısız olduğunda oluşturulur. Erişilmeye çalışılan bilgisayarda oluşturulur.

Konu alanları oturum açmayı isteyen yerel sistemdeki hesabı belirtir. Bu genellikle Sistemi hizmeti gibi bir hizmet ya da Winlogon.exe veya Services.exe gibi yerel bir işlemdir.

Oturum Türü alanı istenen oturum açma türünü gösterir. En yaygın türler 2 (etkileşimli) ve 3'tür (ağ).

İşlem Bilgileri alanları, sistemdeki hangi hesabın ve işlemin oturum açmayı istediğini gösterir.

Ağ Bilgileri alanları, bir uzaktan oturum açma isteğinin kaynağını gösterir. İş İstasyonu Adı her zaman yoktur ve bazı durumlarda boş olabilir.

Kimlik Doğrulama Bilgileri alanları bu oturum açma isteğine özel ayrıntılı bilgiler sağlar.
	- Aktarılan Hizmetler, bu oturum açma isteğine katılan ara hizmetleri gösterir.
	- Paket Adı, NTLM protokolleri arasında hangi alt protokolün kullanıldığını gösterir.
	- Anahtar Uzunluğu, oluşturulan oturum anahtarının uzunluğunu gösterir. Oturum anahtarı istenmediyse bu 0 olur.","2024-10-22T21:09:11.000+0000",,"TARGET-PC",endpoint,61,"//_::_====-..=___.===_===___.\r\r:\rt_:tt---\rt_:tt-\rt","WinEventLog:Security","WinEventLog:Security",splunk,,"-",0x0,kali,,
"-",0xC000006A,0,,,,"target-PC.furkan.local",0xC000006D,4625,0,"S-1-0-0
S-1-0-0","Bilinmeyen kullanıcı adı veya yanlış parola.","-
bsever","-","192.168.10.250",0,"Hata Denetle",NTLM,,,Security,"Bir hesap oturum açamadı.

Konu:
	Güvenlik Kimliği:		S-1-0-0
	Hesap Adı:		-
	Hesap Etki Alanı:		-
	Oturum Açma Kimliği:		0x0

Oturum Türü:			3

Oturumu Açılamayan Hesap:
	Güvenlik Kimliği:		S-1-0-0
	Hesap Adı:		bsever
	Hesap Etki Alanı:		

Hata Bilgileri:
	Hata Nedeni:		Bilinmeyen kullanıcı adı veya yanlış parola.
	Durum:			0xC000006D
	Alt Durum:		0xC000006A

İşlem Bilgileri:
	Çağıran İşlem Kimliği:	0x0
	Çağıran İşlem Adı:	-

Ağ Bilgileri:
	İş İstasyonu Adı:	kali
	Kaynak Ağ Adresi:	192.168.10.250
	Kaynak Bağlantı Noktası:		0

Ayrıntılı Kimlik Doğrulama Bilgileri:
	Oturum Açma İşlemi:		NtLmSsp 
	Kimlik Doğrulama Paketi:	NTLM
	Aktarılan Hizmetler:	-
	Paket Adı (yalnızca NTLM):	-
	Anahtar Uzunluğu:		0

Bu olay bir oturum açma isteği başarısız olduğunda oluşturulur. Erişilmeye çalışılan bilgisayarda oluşturulur.

Konu alanları oturum açmayı isteyen yerel sistemdeki hesabı belirtir. Bu genellikle Sistemi hizmeti gibi bir hizmet ya da Winlogon.exe veya Services.exe gibi yerel bir işlemdir.

Oturum Türü alanı istenen oturum açma türünü gösterir. En yaygın türler 2 (etkileşimli) ve 3'tür (ağ).

İşlem Bilgileri alanları, sistemdeki hangi hesabın ve işlemin oturum açmayı istediğini gösterir.

Ağ Bilgileri alanları, bir uzaktan oturum açma isteğinin kaynağını gösterir. İş İstasyonu Adı her zaman yoktur ve bazı durumlarda boş olabilir.

Kimlik Doğrulama Bilgileri alanları bu oturum açma isteğine özel ayrıntılı bilgiler sağlar.
	- Aktarılan Hizmetler, bu oturum açma isteğine katılan ara hizmetleri gösterir.
	- Paket Adı, NTLM protokolleri arasında hangi alt protokolün kullanıldığını gösterir.
	- Anahtar Uzunluğu, oluşturulan oturum anahtarının uzunluğunu gösterir. Oturum anahtarı istenmediyse bu 0 olur.",Bilgi,,0x0,,NtLmSsp,3,"-",19821,,"Microsoft Windows security auditing.",Logon,Bilgi,,"10/23/2024 12:09:10 AM
LogName=Security
EventCode=4625
EventType=0
ComputerName=target-PC.furkan.local
SourceName=Microsoft Windows security auditing.
Type=Bilgi
RecordNumber=19821
Keywords=Hata Denetle
TaskCategory=Logon
OpCode=Bilgi
Message=Bir hesap oturum açamadı.

Konu:
	Güvenlik Kimliği:		S-1-0-0
	Hesap Adı:		-
	Hesap Etki Alanı:		-
	Oturum Açma Kimliği:		0x0

Oturum Türü:			3

Oturumu Açılamayan Hesap:
	Güvenlik Kimliği:		S-1-0-0
	Hesap Adı:		bsever
	Hesap Etki Alanı:		

Hata Bilgileri:
	Hata Nedeni:		Bilinmeyen kullanıcı adı veya yanlış parola.
	Durum:			0xC000006D
	Alt Durum:		0xC000006A

İşlem Bilgileri:
	Çağıran İşlem Kimliği:	0x0
	Çağıran İşlem Adı:	-

Ağ Bilgileri:
	İş İstasyonu Adı:	kali
	Kaynak Ağ Adresi:	192.168.10.250
	Kaynak Bağlantı Noktası:		0

Ayrıntılı Kimlik Doğrulama Bilgileri:
	Oturum Açma İşlemi:		NtLmSsp 
	Kimlik Doğrulama Paketi:	NTLM
	Aktarılan Hizmetler:	-
	Paket Adı (yalnızca NTLM):	-
	Anahtar Uzunluğu:		0

Bu olay bir oturum açma isteği başarısız olduğunda oluşturulur. Erişilmeye çalışılan bilgisayarda oluşturulur.

Konu alanları oturum açmayı isteyen yerel sistemdeki hesabı belirtir. Bu genellikle Sistemi hizmeti gibi bir hizmet ya da Winlogon.exe veya Services.exe gibi yerel bir işlemdir.

Oturum Türü alanı istenen oturum açma türünü gösterir. En yaygın türler 2 (etkileşimli) ve 3'tür (ağ).

İşlem Bilgileri alanları, sistemdeki hangi hesabın ve işlemin oturum açmayı istediğini gösterir.

Ağ Bilgileri alanları, bir uzaktan oturum açma isteğinin kaynağını gösterir. İş İstasyonu Adı her zaman yoktur ve bazı durumlarda boş olabilir.

Kimlik Doğrulama Bilgileri alanları bu oturum açma isteğine özel ayrıntılı bilgiler sağlar.
	- Aktarılan Hizmetler, bu oturum açma isteğine katılan ara hizmetleri gösterir.
	- Paket Adı, NTLM protokolleri arasında hangi alt protokolün kullanıldığını gösterir.
	- Anahtar Uzunluğu, oluşturulan oturum anahtarının uzunluğunu gösterir. Oturum anahtarı istenmediyse bu 0 olur.","2024-10-22T21:09:10.000+0000",,"TARGET-PC",endpoint,61,"//_::_====-..=___.===_===___.\r\r:\rt_:tt---\rt_:tt-\rt","WinEventLog:Security","WinEventLog:Security",splunk,,"-",0x0,kali,,
"-",0xC000006A,0,,,,"target-PC.furkan.local",0xC000006D,4625,0,"S-1-0-0
S-1-0-0","Bilinmeyen kullanıcı adı veya yanlış parola.","-
bsever","-","192.168.10.250",0,"Hata Denetle",NTLM,,,Security,"Bir hesap oturum açamadı.

Konu:
	Güvenlik Kimliği:		S-1-0-0
	Hesap Adı:		-
	Hesap Etki Alanı:		-
	Oturum Açma Kimliği:		0x0

Oturum Türü:			3

Oturumu Açılamayan Hesap:
	Güvenlik Kimliği:		S-1-0-0
	Hesap Adı:		bsever
	Hesap Etki Alanı:		

Hata Bilgileri:
	Hata Nedeni:		Bilinmeyen kullanıcı adı veya yanlış parola.
	Durum:			0xC000006D
	Alt Durum:		0xC000006A

İşlem Bilgileri:
	Çağıran İşlem Kimliği:	0x0
	Çağıran İşlem Adı:	-

Ağ Bilgileri:
	İş İstasyonu Adı:	kali
	Kaynak Ağ Adresi:	192.168.10.250
	Kaynak Bağlantı Noktası:		0

Ayrıntılı Kimlik Doğrulama Bilgileri:
	Oturum Açma İşlemi:		NtLmSsp 
	Kimlik Doğrulama Paketi:	NTLM
	Aktarılan Hizmetler:	-
	Paket Adı (yalnızca NTLM):	-
	Anahtar Uzunluğu:		0

Bu olay bir oturum açma isteği başarısız olduğunda oluşturulur. Erişilmeye çalışılan bilgisayarda oluşturulur.

Konu alanları oturum açmayı isteyen yerel sistemdeki hesabı belirtir. Bu genellikle Sistemi hizmeti gibi bir hizmet ya da Winlogon.exe veya Services.exe gibi yerel bir işlemdir.

Oturum Türü alanı istenen oturum açma türünü gösterir. En yaygın türler 2 (etkileşimli) ve 3'tür (ağ).

İşlem Bilgileri alanları, sistemdeki hangi hesabın ve işlemin oturum açmayı istediğini gösterir.

Ağ Bilgileri alanları, bir uzaktan oturum açma isteğinin kaynağını gösterir. İş İstasyonu Adı her zaman yoktur ve bazı durumlarda boş olabilir.

Kimlik Doğrulama Bilgileri alanları bu oturum açma isteğine özel ayrıntılı bilgiler sağlar.
	- Aktarılan Hizmetler, bu oturum açma isteğine katılan ara hizmetleri gösterir.
	- Paket Adı, NTLM protokolleri arasında hangi alt protokolün kullanıldığını gösterir.
	- Anahtar Uzunluğu, oluşturulan oturum anahtarının uzunluğunu gösterir. Oturum anahtarı istenmediyse bu 0 olur.",Bilgi,,0x0,,NtLmSsp,3,"-",19820,,"Microsoft Windows security auditing.",Logon,Bilgi,,"10/23/2024 12:09:10 AM
LogName=Security
EventCode=4625
EventType=0
ComputerName=target-PC.furkan.local
SourceName=Microsoft Windows security auditing.
Type=Bilgi
RecordNumber=19820
Keywords=Hata Denetle
TaskCategory=Logon
OpCode=Bilgi
Message=Bir hesap oturum açamadı.

Konu:
	Güvenlik Kimliği:		S-1-0-0
	Hesap Adı:		-
	Hesap Etki Alanı:		-
	Oturum Açma Kimliği:		0x0

Oturum Türü:			3

Oturumu Açılamayan Hesap:
	Güvenlik Kimliği:		S-1-0-0
	Hesap Adı:		bsever
	Hesap Etki Alanı:		

Hata Bilgileri:
	Hata Nedeni:		Bilinmeyen kullanıcı adı veya yanlış parola.
	Durum:			0xC000006D
	Alt Durum:		0xC000006A

İşlem Bilgileri:
	Çağıran İşlem Kimliği:	0x0
	Çağıran İşlem Adı:	-

Ağ Bilgileri:
	İş İstasyonu Adı:	kali
	Kaynak Ağ Adresi:	192.168.10.250
	Kaynak Bağlantı Noktası:		0

Ayrıntılı Kimlik Doğrulama Bilgileri:
	Oturum Açma İşlemi:		NtLmSsp 
	Kimlik Doğrulama Paketi:	NTLM
	Aktarılan Hizmetler:	-
	Paket Adı (yalnızca NTLM):	-
	Anahtar Uzunluğu:		0

Bu olay bir oturum açma isteği başarısız olduğunda oluşturulur. Erişilmeye çalışılan bilgisayarda oluşturulur.

Konu alanları oturum açmayı isteyen yerel sistemdeki hesabı belirtir. Bu genellikle Sistemi hizmeti gibi bir hizmet ya da Winlogon.exe veya Services.exe gibi yerel bir işlemdir.

Oturum Türü alanı istenen oturum açma türünü gösterir. En yaygın türler 2 (etkileşimli) ve 3'tür (ağ).

İşlem Bilgileri alanları, sistemdeki hangi hesabın ve işlemin oturum açmayı istediğini gösterir.

Ağ Bilgileri alanları, bir uzaktan oturum açma isteğinin kaynağını gösterir. İş İstasyonu Adı her zaman yoktur ve bazı durumlarda boş olabilir.

Kimlik Doğrulama Bilgileri alanları bu oturum açma isteğine özel ayrıntılı bilgiler sağlar.
	- Aktarılan Hizmetler, bu oturum açma isteğine katılan ara hizmetleri gösterir.
	- Paket Adı, NTLM protokolleri arasında hangi alt protokolün kullanıldığını gösterir.
	- Anahtar Uzunluğu, oluşturulan oturum anahtarının uzunluğunu gösterir. Oturum anahtarı istenmediyse bu 0 olur.","2024-10-22T21:09:10.000+0000",,"TARGET-PC",endpoint,61,"//_::_====-..=___.===_===___.\r\r:\rt_:tt---\rt_:tt-\rt","WinEventLog:Security","WinEventLog:Security",splunk,,"-",0x0,kali,,
"-",0xC000006A,0,,,,"target-PC.furkan.local",0xC000006D,4625,0,"S-1-0-0
S-1-0-0","Bilinmeyen kullanıcı adı veya yanlış parola.","-
bsever","-","192.168.10.250",0,"Hata Denetle",NTLM,,,Security,"Bir hesap oturum açamadı.

Konu:
	Güvenlik Kimliği:		S-1-0-0
	Hesap Adı:		-
	Hesap Etki Alanı:		-
	Oturum Açma Kimliği:		0x0

Oturum Türü:			3

Oturumu Açılamayan Hesap:
	Güvenlik Kimliği:		S-1-0-0
	Hesap Adı:		bsever
	Hesap Etki Alanı:		

Hata Bilgileri:
	Hata Nedeni:		Bilinmeyen kullanıcı adı veya yanlış parola.
	Durum:			0xC000006D
	Alt Durum:		0xC000006A

İşlem Bilgileri:
	Çağıran İşlem Kimliği:	0x0
	Çağıran İşlem Adı:	-

Ağ Bilgileri:
	İş İstasyonu Adı:	kali
	Kaynak Ağ Adresi:	192.168.10.250
	Kaynak Bağlantı Noktası:		0

Ayrıntılı Kimlik Doğrulama Bilgileri:
	Oturum Açma İşlemi:		NtLmSsp 
	Kimlik Doğrulama Paketi:	NTLM
	Aktarılan Hizmetler:	-
	Paket Adı (yalnızca NTLM):	-
	Anahtar Uzunluğu:		0

Bu olay bir oturum açma isteği başarısız olduğunda oluşturulur. Erişilmeye çalışılan bilgisayarda oluşturulur.

Konu alanları oturum açmayı isteyen yerel sistemdeki hesabı belirtir. Bu genellikle Sistemi hizmeti gibi bir hizmet ya da Winlogon.exe veya Services.exe gibi yerel bir işlemdir.

Oturum Türü alanı istenen oturum açma türünü gösterir. En yaygın türler 2 (etkileşimli) ve 3'tür (ağ).

İşlem Bilgileri alanları, sistemdeki hangi hesabın ve işlemin oturum açmayı istediğini gösterir.

Ağ Bilgileri alanları, bir uzaktan oturum açma isteğinin kaynağını gösterir. İş İstasyonu Adı her zaman yoktur ve bazı durumlarda boş olabilir.

Kimlik Doğrulama Bilgileri alanları bu oturum açma isteğine özel ayrıntılı bilgiler sağlar.
	- Aktarılan Hizmetler, bu oturum açma isteğine katılan ara hizmetleri gösterir.
	- Paket Adı, NTLM protokolleri arasında hangi alt protokolün kullanıldığını gösterir.
	- Anahtar Uzunluğu, oluşturulan oturum anahtarının uzunluğunu gösterir. Oturum anahtarı istenmediyse bu 0 olur.",Bilgi,,0x0,,NtLmSsp,3,"-",19819,,"Microsoft Windows security auditing.",Logon,Bilgi,,"10/23/2024 12:09:10 AM
LogName=Security
EventCode=4625
EventType=0
ComputerName=target-PC.furkan.local
SourceName=Microsoft Windows security auditing.
Type=Bilgi
RecordNumber=19819
Keywords=Hata Denetle
TaskCategory=Logon
OpCode=Bilgi
Message=Bir hesap oturum açamadı.

Konu:
	Güvenlik Kimliği:		S-1-0-0
	Hesap Adı:		-
	Hesap Etki Alanı:		-
	Oturum Açma Kimliği:		0x0

Oturum Türü:			3

Oturumu Açılamayan Hesap:
	Güvenlik Kimliği:		S-1-0-0
	Hesap Adı:		bsever
	Hesap Etki Alanı:		

Hata Bilgileri:
	Hata Nedeni:		Bilinmeyen kullanıcı adı veya yanlış parola.
	Durum:			0xC000006D
	Alt Durum:		0xC000006A

İşlem Bilgileri:
	Çağıran İşlem Kimliği:	0x0
	Çağıran İşlem Adı:	-

Ağ Bilgileri:
	İş İstasyonu Adı:	kali
	Kaynak Ağ Adresi:	192.168.10.250
	Kaynak Bağlantı Noktası:		0

Ayrıntılı Kimlik Doğrulama Bilgileri:
	Oturum Açma İşlemi:		NtLmSsp 
	Kimlik Doğrulama Paketi:	NTLM
	Aktarılan Hizmetler:	-
	Paket Adı (yalnızca NTLM):	-
	Anahtar Uzunluğu:		0

Bu olay bir oturum açma isteği başarısız olduğunda oluşturulur. Erişilmeye çalışılan bilgisayarda oluşturulur.

Konu alanları oturum açmayı isteyen yerel sistemdeki hesabı belirtir. Bu genellikle Sistemi hizmeti gibi bir hizmet ya da Winlogon.exe veya Services.exe gibi yerel bir işlemdir.

Oturum Türü alanı istenen oturum açma türünü gösterir. En yaygın türler 2 (etkileşimli) ve 3'tür (ağ).

İşlem Bilgileri alanları, sistemdeki hangi hesabın ve işlemin oturum açmayı istediğini gösterir.

Ağ Bilgileri alanları, bir uzaktan oturum açma isteğinin kaynağını gösterir. İş İstasyonu Adı her zaman yoktur ve bazı durumlarda boş olabilir.

Kimlik Doğrulama Bilgileri alanları bu oturum açma isteğine özel ayrıntılı bilgiler sağlar.
	- Aktarılan Hizmetler, bu oturum açma isteğine katılan ara hizmetleri gösterir.
	- Paket Adı, NTLM protokolleri arasında hangi alt protokolün kullanıldığını gösterir.
	- Anahtar Uzunluğu, oluşturulan oturum anahtarının uzunluğunu gösterir. Oturum anahtarı istenmediyse bu 0 olur.","2024-10-22T21:09:10.000+0000",,"TARGET-PC",endpoint,61,"//_::_====-..=___.===_===___.\r\r:\rt_:tt---\rt_:tt-\rt","WinEventLog:Security","WinEventLog:Security",splunk,,"-",0x0,kali,,
"-",0xC000006A,0,,,,"target-PC.furkan.local",0xC000006D,4625,0,"S-1-0-0
S-1-0-0","Bilinmeyen kullanıcı adı veya yanlış parola.","-
bsever","-","192.168.10.250",0,"Hata Denetle",NTLM,,,Security,"Bir hesap oturum açamadı.

Konu:
	Güvenlik Kimliği:		S-1-0-0
	Hesap Adı:		-
	Hesap Etki Alanı:		-
	Oturum Açma Kimliği:		0x0

Oturum Türü:			3

Oturumu Açılamayan Hesap:
	Güvenlik Kimliği:		S-1-0-0
	Hesap Adı:		bsever
	Hesap Etki Alanı:		

Hata Bilgileri:
	Hata Nedeni:		Bilinmeyen kullanıcı adı veya yanlış parola.
	Durum:			0xC000006D
	Alt Durum:		0xC000006A

İşlem Bilgileri:
	Çağıran İşlem Kimliği:	0x0
	Çağıran İşlem Adı:	-

Ağ Bilgileri:
	İş İstasyonu Adı:	kali
	Kaynak Ağ Adresi:	192.168.10.250
	Kaynak Bağlantı Noktası:		0

Ayrıntılı Kimlik Doğrulama Bilgileri:
	Oturum Açma İşlemi:		NtLmSsp 
	Kimlik Doğrulama Paketi:	NTLM
	Aktarılan Hizmetler:	-
	Paket Adı (yalnızca NTLM):	-
	Anahtar Uzunluğu:		0

Bu olay bir oturum açma isteği başarısız olduğunda oluşturulur. Erişilmeye çalışılan bilgisayarda oluşturulur.

Konu alanları oturum açmayı isteyen yerel sistemdeki hesabı belirtir. Bu genellikle Sistemi hizmeti gibi bir hizmet ya da Winlogon.exe veya Services.exe gibi yerel bir işlemdir.

Oturum Türü alanı istenen oturum açma türünü gösterir. En yaygın türler 2 (etkileşimli) ve 3'tür (ağ).

İşlem Bilgileri alanları, sistemdeki hangi hesabın ve işlemin oturum açmayı istediğini gösterir.

Ağ Bilgileri alanları, bir uzaktan oturum açma isteğinin kaynağını gösterir. İş İstasyonu Adı her zaman yoktur ve bazı durumlarda boş olabilir.

Kimlik Doğrulama Bilgileri alanları bu oturum açma isteğine özel ayrıntılı bilgiler sağlar.
	- Aktarılan Hizmetler, bu oturum açma isteğine katılan ara hizmetleri gösterir.
	- Paket Adı, NTLM protokolleri arasında hangi alt protokolün kullanıldığını gösterir.
	- Anahtar Uzunluğu, oluşturulan oturum anahtarının uzunluğunu gösterir. Oturum anahtarı istenmediyse bu 0 olur.",Bilgi,,0x0,,NtLmSsp,3,"-",19818,,"Microsoft Windows security auditing.",Logon,Bilgi,,"10/23/2024 12:09:10 AM
LogName=Security
EventCode=4625
EventType=0
ComputerName=target-PC.furkan.local
SourceName=Microsoft Windows security auditing.
Type=Bilgi
RecordNumber=19818
Keywords=Hata Denetle
TaskCategory=Logon
OpCode=Bilgi
Message=Bir hesap oturum açamadı.

Konu:
	Güvenlik Kimliği:		S-1-0-0
	Hesap Adı:		-
	Hesap Etki Alanı:		-
	Oturum Açma Kimliği:		0x0

Oturum Türü:			3

Oturumu Açılamayan Hesap:
	Güvenlik Kimliği:		S-1-0-0
	Hesap Adı:		bsever
	Hesap Etki Alanı:		

Hata Bilgileri:
	Hata Nedeni:		Bilinmeyen kullanıcı adı veya yanlış parola.
	Durum:			0xC000006D
	Alt Durum:		0xC000006A

İşlem Bilgileri:
	Çağıran İşlem Kimliği:	0x0
	Çağıran İşlem Adı:	-

Ağ Bilgileri:
	İş İstasyonu Adı:	kali
	Kaynak Ağ Adresi:	192.168.10.250
	Kaynak Bağlantı Noktası:		0

Ayrıntılı Kimlik Doğrulama Bilgileri:
	Oturum Açma İşlemi:		NtLmSsp 
	Kimlik Doğrulama Paketi:	NTLM
	Aktarılan Hizmetler:	-
	Paket Adı (yalnızca NTLM):	-
	Anahtar Uzunluğu:		0

Bu olay bir oturum açma isteği başarısız olduğunda oluşturulur. Erişilmeye çalışılan bilgisayarda oluşturulur.

Konu alanları oturum açmayı isteyen yerel sistemdeki hesabı belirtir. Bu genellikle Sistemi hizmeti gibi bir hizmet ya da Winlogon.exe veya Services.exe gibi yerel bir işlemdir.

Oturum Türü alanı istenen oturum açma türünü gösterir. En yaygın türler 2 (etkileşimli) ve 3'tür (ağ).

İşlem Bilgileri alanları, sistemdeki hangi hesabın ve işlemin oturum açmayı istediğini gösterir.

Ağ Bilgileri alanları, bir uzaktan oturum açma isteğinin kaynağını gösterir. İş İstasyonu Adı her zaman yoktur ve bazı durumlarda boş olabilir.

Kimlik Doğrulama Bilgileri alanları bu oturum açma isteğine özel ayrıntılı bilgiler sağlar.
	- Aktarılan Hizmetler, bu oturum açma isteğine katılan ara hizmetleri gösterir.
	- Paket Adı, NTLM protokolleri arasında hangi alt protokolün kullanıldığını gösterir.
	- Anahtar Uzunluğu, oluşturulan oturum anahtarının uzunluğunu gösterir. Oturum anahtarı istenmediyse bu 0 olur.","2024-10-22T21:09:10.000+0000",,"TARGET-PC",endpoint,61,"//_::_====-..=___.===_===___.\r\r:\rt_:tt---\rt_:tt-\rt","WinEventLog:Security","WinEventLog:Security",splunk,,"-",0x0,kali,,
"-",0xC000006A,0,,,,"target-PC.furkan.local",0xC000006D,4625,0,"S-1-0-0
S-1-0-0","Bilinmeyen kullanıcı adı veya yanlış parola.","-
bsever","-","192.168.10.250",0,"Hata Denetle",NTLM,,,Security,"Bir hesap oturum açamadı.

Konu:
	Güvenlik Kimliği:		S-1-0-0
	Hesap Adı:		-
	Hesap Etki Alanı:		-
	Oturum Açma Kimliği:		0x0

Oturum Türü:			3

Oturumu Açılamayan Hesap:
	Güvenlik Kimliği:		S-1-0-0
	Hesap Adı:		bsever
	Hesap Etki Alanı:		

Hata Bilgileri:
	Hata Nedeni:		Bilinmeyen kullanıcı adı veya yanlış parola.
	Durum:			0xC000006D
	Alt Durum:		0xC000006A

İşlem Bilgileri:
	Çağıran İşlem Kimliği:	0x0
	Çağıran İşlem Adı:	-

Ağ Bilgileri:
	İş İstasyonu Adı:	kali
	Kaynak Ağ Adresi:	192.168.10.250
	Kaynak Bağlantı Noktası:		0

Ayrıntılı Kimlik Doğrulama Bilgileri:
	Oturum Açma İşlemi:		NtLmSsp 
	Kimlik Doğrulama Paketi:	NTLM
	Aktarılan Hizmetler:	-
	Paket Adı (yalnızca NTLM):	-
	Anahtar Uzunluğu:		0

Bu olay bir oturum açma isteği başarısız olduğunda oluşturulur. Erişilmeye çalışılan bilgisayarda oluşturulur.

Konu alanları oturum açmayı isteyen yerel sistemdeki hesabı belirtir. Bu genellikle Sistemi hizmeti gibi bir hizmet ya da Winlogon.exe veya Services.exe gibi yerel bir işlemdir.

Oturum Türü alanı istenen oturum açma türünü gösterir. En yaygın türler 2 (etkileşimli) ve 3'tür (ağ).

İşlem Bilgileri alanları, sistemdeki hangi hesabın ve işlemin oturum açmayı istediğini gösterir.

Ağ Bilgileri alanları, bir uzaktan oturum açma isteğinin kaynağını gösterir. İş İstasyonu Adı her zaman yoktur ve bazı durumlarda boş olabilir.

Kimlik Doğrulama Bilgileri alanları bu oturum açma isteğine özel ayrıntılı bilgiler sağlar.
	- Aktarılan Hizmetler, bu oturum açma isteğine katılan ara hizmetleri gösterir.
	- Paket Adı, NTLM protokolleri arasında hangi alt protokolün kullanıldığını gösterir.
	- Anahtar Uzunluğu, oluşturulan oturum anahtarının uzunluğunu gösterir. Oturum anahtarı istenmediyse bu 0 olur.",Bilgi,,0x0,,NtLmSsp,3,"-",19817,,"Microsoft Windows security auditing.",Logon,Bilgi,,"10/23/2024 12:09:09 AM
LogName=Security
EventCode=4625
EventType=0
ComputerName=target-PC.furkan.local
SourceName=Microsoft Windows security auditing.
Type=Bilgi
RecordNumber=19817
Keywords=Hata Denetle
TaskCategory=Logon
OpCode=Bilgi
Message=Bir hesap oturum açamadı.

Konu:
	Güvenlik Kimliği:		S-1-0-0
	Hesap Adı:		-
	Hesap Etki Alanı:		-
	Oturum Açma Kimliği:		0x0

Oturum Türü:			3

Oturumu Açılamayan Hesap:
	Güvenlik Kimliği:		S-1-0-0
	Hesap Adı:		bsever
	Hesap Etki Alanı:		

Hata Bilgileri:
	Hata Nedeni:		Bilinmeyen kullanıcı adı veya yanlış parola.
	Durum:			0xC000006D
	Alt Durum:		0xC000006A

İşlem Bilgileri:
	Çağıran İşlem Kimliği:	0x0
	Çağıran İşlem Adı:	-

Ağ Bilgileri:
	İş İstasyonu Adı:	kali
	Kaynak Ağ Adresi:	192.168.10.250
	Kaynak Bağlantı Noktası:		0

Ayrıntılı Kimlik Doğrulama Bilgileri:
	Oturum Açma İşlemi:		NtLmSsp 
	Kimlik Doğrulama Paketi:	NTLM
	Aktarılan Hizmetler:	-
	Paket Adı (yalnızca NTLM):	-
	Anahtar Uzunluğu:		0

Bu olay bir oturum açma isteği başarısız olduğunda oluşturulur. Erişilmeye çalışılan bilgisayarda oluşturulur.

Konu alanları oturum açmayı isteyen yerel sistemdeki hesabı belirtir. Bu genellikle Sistemi hizmeti gibi bir hizmet ya da Winlogon.exe veya Services.exe gibi yerel bir işlemdir.

Oturum Türü alanı istenen oturum açma türünü gösterir. En yaygın türler 2 (etkileşimli) ve 3'tür (ağ).

İşlem Bilgileri alanları, sistemdeki hangi hesabın ve işlemin oturum açmayı istediğini gösterir.

Ağ Bilgileri alanları, bir uzaktan oturum açma isteğinin kaynağını gösterir. İş İstasyonu Adı her zaman yoktur ve bazı durumlarda boş olabilir.

Kimlik Doğrulama Bilgileri alanları bu oturum açma isteğine özel ayrıntılı bilgiler sağlar.
	- Aktarılan Hizmetler, bu oturum açma isteğine katılan ara hizmetleri gösterir.
	- Paket Adı, NTLM protokolleri arasında hangi alt protokolün kullanıldığını gösterir.
	- Anahtar Uzunluğu, oluşturulan oturum anahtarının uzunluğunu gösterir. Oturum anahtarı istenmediyse bu 0 olur.","2024-10-22T21:09:09.000+0000",,"TARGET-PC",endpoint,61,"//_::_====-..=___.===_===___.\r\r:\rt_:tt---\rt_:tt-\rt","WinEventLog:Security","WinEventLog:Security",splunk,,"-",0x0,kali,,
"-",0xC000006A,0,,,,"target-PC.furkan.local",0xC000006D,4625,0,"S-1-0-0
S-1-0-0","Bilinmeyen kullanıcı adı veya yanlış parola.","-
bsever","-","192.168.10.250",0,"Hata Denetle",NTLM,,,Security,"Bir hesap oturum açamadı.

Konu:
	Güvenlik Kimliği:		S-1-0-0
	Hesap Adı:		-
	Hesap Etki Alanı:		-
	Oturum Açma Kimliği:		0x0

Oturum Türü:			3

Oturumu Açılamayan Hesap:
	Güvenlik Kimliği:		S-1-0-0
	Hesap Adı:		bsever
	Hesap Etki Alanı:		

Hata Bilgileri:
	Hata Nedeni:		Bilinmeyen kullanıcı adı veya yanlış parola.
	Durum:			0xC000006D
	Alt Durum:		0xC000006A

İşlem Bilgileri:
	Çağıran İşlem Kimliği:	0x0
	Çağıran İşlem Adı:	-

Ağ Bilgileri:
	İş İstasyonu Adı:	kali
	Kaynak Ağ Adresi:	192.168.10.250
	Kaynak Bağlantı Noktası:		0

Ayrıntılı Kimlik Doğrulama Bilgileri:
	Oturum Açma İşlemi:		NtLmSsp 
	Kimlik Doğrulama Paketi:	NTLM
	Aktarılan Hizmetler:	-
	Paket Adı (yalnızca NTLM):	-
	Anahtar Uzunluğu:		0

Bu olay bir oturum açma isteği başarısız olduğunda oluşturulur. Erişilmeye çalışılan bilgisayarda oluşturulur.

Konu alanları oturum açmayı isteyen yerel sistemdeki hesabı belirtir. Bu genellikle Sistemi hizmeti gibi bir hizmet ya da Winlogon.exe veya Services.exe gibi yerel bir işlemdir.

Oturum Türü alanı istenen oturum açma türünü gösterir. En yaygın türler 2 (etkileşimli) ve 3'tür (ağ).

İşlem Bilgileri alanları, sistemdeki hangi hesabın ve işlemin oturum açmayı istediğini gösterir.

Ağ Bilgileri alanları, bir uzaktan oturum açma isteğinin kaynağını gösterir. İş İstasyonu Adı her zaman yoktur ve bazı durumlarda boş olabilir.

Kimlik Doğrulama Bilgileri alanları bu oturum açma isteğine özel ayrıntılı bilgiler sağlar.
	- Aktarılan Hizmetler, bu oturum açma isteğine katılan ara hizmetleri gösterir.
	- Paket Adı, NTLM protokolleri arasında hangi alt protokolün kullanıldığını gösterir.
	- Anahtar Uzunluğu, oluşturulan oturum anahtarının uzunluğunu gösterir. Oturum anahtarı istenmediyse bu 0 olur.",Bilgi,,0x0,,NtLmSsp,3,"-",19816,,"Microsoft Windows security auditing.",Logon,Bilgi,,"10/23/2024 12:09:09 AM
LogName=Security
EventCode=4625
EventType=0
ComputerName=target-PC.furkan.local
SourceName=Microsoft Windows security auditing.
Type=Bilgi
RecordNumber=19816
Keywords=Hata Denetle
TaskCategory=Logon
OpCode=Bilgi
Message=Bir hesap oturum açamadı.

Konu:
	Güvenlik Kimliği:		S-1-0-0
	Hesap Adı:		-
	Hesap Etki Alanı:		-
	Oturum Açma Kimliği:		0x0

Oturum Türü:			3

Oturumu Açılamayan Hesap:
	Güvenlik Kimliği:		S-1-0-0
	Hesap Adı:		bsever
	Hesap Etki Alanı:		

Hata Bilgileri:
	Hata Nedeni:		Bilinmeyen kullanıcı adı veya yanlış parola.
	Durum:			0xC000006D
	Alt Durum:		0xC000006A

İşlem Bilgileri:
	Çağıran İşlem Kimliği:	0x0
	Çağıran İşlem Adı:	-

Ağ Bilgileri:
	İş İstasyonu Adı:	kali
	Kaynak Ağ Adresi:	192.168.10.250
	Kaynak Bağlantı Noktası:		0

Ayrıntılı Kimlik Doğrulama Bilgileri:
	Oturum Açma İşlemi:		NtLmSsp 
	Kimlik Doğrulama Paketi:	NTLM
	Aktarılan Hizmetler:	-
	Paket Adı (yalnızca NTLM):	-
	Anahtar Uzunluğu:		0

Bu olay bir oturum açma isteği başarısız olduğunda oluşturulur. Erişilmeye çalışılan bilgisayarda oluşturulur.

Konu alanları oturum açmayı isteyen yerel sistemdeki hesabı belirtir. Bu genellikle Sistemi hizmeti gibi bir hizmet ya da Winlogon.exe veya Services.exe gibi yerel bir işlemdir.

Oturum Türü alanı istenen oturum açma türünü gösterir. En yaygın türler 2 (etkileşimli) ve 3'tür (ağ).

İşlem Bilgileri alanları, sistemdeki hangi hesabın ve işlemin oturum açmayı istediğini gösterir.

Ağ Bilgileri alanları, bir uzaktan oturum açma isteğinin kaynağını gösterir. İş İstasyonu Adı her zaman yoktur ve bazı durumlarda boş olabilir.

Kimlik Doğrulama Bilgileri alanları bu oturum açma isteğine özel ayrıntılı bilgiler sağlar.
	- Aktarılan Hizmetler, bu oturum açma isteğine katılan ara hizmetleri gösterir.
	- Paket Adı, NTLM protokolleri arasında hangi alt protokolün kullanıldığını gösterir.
	- Anahtar Uzunluğu, oluşturulan oturum anahtarının uzunluğunu gösterir. Oturum anahtarı istenmediyse bu 0 olur.","2024-10-22T21:09:09.000+0000",,"TARGET-PC",endpoint,61,"//_::_====-..=___.===_===___.\r\r:\rt_:tt---\rt_:tt-\rt","WinEventLog:Security","WinEventLog:Security",splunk,,"-",0x0,kali,,
"-",0xC000006A,0,,,,"target-PC.furkan.local",0xC000006D,4625,0,"S-1-0-0
S-1-0-0","Bilinmeyen kullanıcı adı veya yanlış parola.","-
bsever","-","192.168.10.250",0,"Hata Denetle",NTLM,,,Security,"Bir hesap oturum açamadı.

Konu:
	Güvenlik Kimliği:		S-1-0-0
	Hesap Adı:		-
	Hesap Etki Alanı:		-
	Oturum Açma Kimliği:		0x0

Oturum Türü:			3

Oturumu Açılamayan Hesap:
	Güvenlik Kimliği:		S-1-0-0
	Hesap Adı:		bsever
	Hesap Etki Alanı:		

Hata Bilgileri:
	Hata Nedeni:		Bilinmeyen kullanıcı adı veya yanlış parola.
	Durum:			0xC000006D
	Alt Durum:		0xC000006A

İşlem Bilgileri:
	Çağıran İşlem Kimliği:	0x0
	Çağıran İşlem Adı:	-

Ağ Bilgileri:
	İş İstasyonu Adı:	kali
	Kaynak Ağ Adresi:	192.168.10.250
	Kaynak Bağlantı Noktası:		0

Ayrıntılı Kimlik Doğrulama Bilgileri:
	Oturum Açma İşlemi:		NtLmSsp 
	Kimlik Doğrulama Paketi:	NTLM
	Aktarılan Hizmetler:	-
	Paket Adı (yalnızca NTLM):	-
	Anahtar Uzunluğu:		0

Bu olay bir oturum açma isteği başarısız olduğunda oluşturulur. Erişilmeye çalışılan bilgisayarda oluşturulur.

Konu alanları oturum açmayı isteyen yerel sistemdeki hesabı belirtir. Bu genellikle Sistemi hizmeti gibi bir hizmet ya da Winlogon.exe veya Services.exe gibi yerel bir işlemdir.

Oturum Türü alanı istenen oturum açma türünü gösterir. En yaygın türler 2 (etkileşimli) ve 3'tür (ağ).

İşlem Bilgileri alanları, sistemdeki hangi hesabın ve işlemin oturum açmayı istediğini gösterir.

Ağ Bilgileri alanları, bir uzaktan oturum açma isteğinin kaynağını gösterir. İş İstasyonu Adı her zaman yoktur ve bazı durumlarda boş olabilir.

Kimlik Doğrulama Bilgileri alanları bu oturum açma isteğine özel ayrıntılı bilgiler sağlar.
	- Aktarılan Hizmetler, bu oturum açma isteğine katılan ara hizmetleri gösterir.
	- Paket Adı, NTLM protokolleri arasında hangi alt protokolün kullanıldığını gösterir.
	- Anahtar Uzunluğu, oluşturulan oturum anahtarının uzunluğunu gösterir. Oturum anahtarı istenmediyse bu 0 olur.",Bilgi,,0x0,,NtLmSsp,3,"-",19815,,"Microsoft Windows security auditing.",Logon,Bilgi,,"10/23/2024 12:09:09 AM
LogName=Security
EventCode=4625
EventType=0
ComputerName=target-PC.furkan.local
SourceName=Microsoft Windows security auditing.
Type=Bilgi
RecordNumber=19815
Keywords=Hata Denetle
TaskCategory=Logon
OpCode=Bilgi
Message=Bir hesap oturum açamadı.

Konu:
	Güvenlik Kimliği:		S-1-0-0
	Hesap Adı:		-
	Hesap Etki Alanı:		-
	Oturum Açma Kimliği:		0x0

Oturum Türü:			3

Oturumu Açılamayan Hesap:
	Güvenlik Kimliği:		S-1-0-0
	Hesap Adı:		bsever
	Hesap Etki Alanı:		

Hata Bilgileri:
	Hata Nedeni:		Bilinmeyen kullanıcı adı veya yanlış parola.
	Durum:			0xC000006D
	Alt Durum:		0xC000006A

İşlem Bilgileri:
	Çağıran İşlem Kimliği:	0x0
	Çağıran İşlem Adı:	-

Ağ Bilgileri:
	İş İstasyonu Adı:	kali
	Kaynak Ağ Adresi:	192.168.10.250
	Kaynak Bağlantı Noktası:		0

Ayrıntılı Kimlik Doğrulama Bilgileri:
	Oturum Açma İşlemi:		NtLmSsp 
	Kimlik Doğrulama Paketi:	NTLM
	Aktarılan Hizmetler:	-
	Paket Adı (yalnızca NTLM):	-
	Anahtar Uzunluğu:		0

Bu olay bir oturum açma isteği başarısız olduğunda oluşturulur. Erişilmeye çalışılan bilgisayarda oluşturulur.

Konu alanları oturum açmayı isteyen yerel sistemdeki hesabı belirtir. Bu genellikle Sistemi hizmeti gibi bir hizmet ya da Winlogon.exe veya Services.exe gibi yerel bir işlemdir.

Oturum Türü alanı istenen oturum açma türünü gösterir. En yaygın türler 2 (etkileşimli) ve 3'tür (ağ).

İşlem Bilgileri alanları, sistemdeki hangi hesabın ve işlemin oturum açmayı istediğini gösterir.

Ağ Bilgileri alanları, bir uzaktan oturum açma isteğinin kaynağını gösterir. İş İstasyonu Adı her zaman yoktur ve bazı durumlarda boş olabilir.

Kimlik Doğrulama Bilgileri alanları bu oturum açma isteğine özel ayrıntılı bilgiler sağlar.
	- Aktarılan Hizmetler, bu oturum açma isteğine katılan ara hizmetleri gösterir.
	- Paket Adı, NTLM protokolleri arasında hangi alt protokolün kullanıldığını gösterir.
	- Anahtar Uzunluğu, oluşturulan oturum anahtarının uzunluğunu gösterir. Oturum anahtarı istenmediyse bu 0 olur.","2024-10-22T21:09:09.000+0000",,"TARGET-PC",endpoint,61,"//_::_====-..=___.===_===___.\r\r:\rt_:tt---\rt_:tt-\rt","WinEventLog:Security","WinEventLog:Security",splunk,,"-",0x0,kali,,
"-",0xC000006A,0,,,,"target-PC.furkan.local",0xC000006D,4625,0,"S-1-0-0
S-1-0-0","Bilinmeyen kullanıcı adı veya yanlış parola.","-
bsever","-","192.168.10.250",0,"Hata Denetle",NTLM,,,Security,"Bir hesap oturum açamadı.

Konu:
	Güvenlik Kimliği:		S-1-0-0
	Hesap Adı:		-
	Hesap Etki Alanı:		-
	Oturum Açma Kimliği:		0x0

Oturum Türü:			3

Oturumu Açılamayan Hesap:
	Güvenlik Kimliği:		S-1-0-0
	Hesap Adı:		bsever
	Hesap Etki Alanı:		

Hata Bilgileri:
	Hata Nedeni:		Bilinmeyen kullanıcı adı veya yanlış parola.
	Durum:			0xC000006D
	Alt Durum:		0xC000006A

İşlem Bilgileri:
	Çağıran İşlem Kimliği:	0x0
	Çağıran İşlem Adı:	-

Ağ Bilgileri:
	İş İstasyonu Adı:	kali
	Kaynak Ağ Adresi:	192.168.10.250
	Kaynak Bağlantı Noktası:		0

Ayrıntılı Kimlik Doğrulama Bilgileri:
	Oturum Açma İşlemi:		NtLmSsp 
	Kimlik Doğrulama Paketi:	NTLM
	Aktarılan Hizmetler:	-
	Paket Adı (yalnızca NTLM):	-
	Anahtar Uzunluğu:		0

Bu olay bir oturum açma isteği başarısız olduğunda oluşturulur. Erişilmeye çalışılan bilgisayarda oluşturulur.

Konu alanları oturum açmayı isteyen yerel sistemdeki hesabı belirtir. Bu genellikle Sistemi hizmeti gibi bir hizmet ya da Winlogon.exe veya Services.exe gibi yerel bir işlemdir.

Oturum Türü alanı istenen oturum açma türünü gösterir. En yaygın türler 2 (etkileşimli) ve 3'tür (ağ).

İşlem Bilgileri alanları, sistemdeki hangi hesabın ve işlemin oturum açmayı istediğini gösterir.

Ağ Bilgileri alanları, bir uzaktan oturum açma isteğinin kaynağını gösterir. İş İstasyonu Adı her zaman yoktur ve bazı durumlarda boş olabilir.

Kimlik Doğrulama Bilgileri alanları bu oturum açma isteğine özel ayrıntılı bilgiler sağlar.
	- Aktarılan Hizmetler, bu oturum açma isteğine katılan ara hizmetleri gösterir.
	- Paket Adı, NTLM protokolleri arasında hangi alt protokolün kullanıldığını gösterir.
	- Anahtar Uzunluğu, oluşturulan oturum anahtarının uzunluğunu gösterir. Oturum anahtarı istenmediyse bu 0 olur.",Bilgi,,0x0,,NtLmSsp,3,"-",19814,,"Microsoft Windows security auditing.",Logon,Bilgi,,"10/23/2024 12:09:09 AM
LogName=Security
EventCode=4625
EventType=0
ComputerName=target-PC.furkan.local
SourceName=Microsoft Windows security auditing.
Type=Bilgi
RecordNumber=19814
Keywords=Hata Denetle
TaskCategory=Logon
OpCode=Bilgi
Message=Bir hesap oturum açamadı.

Konu:
	Güvenlik Kimliği:		S-1-0-0
	Hesap Adı:		-
	Hesap Etki Alanı:		-
	Oturum Açma Kimliği:		0x0

Oturum Türü:			3

Oturumu Açılamayan Hesap:
	Güvenlik Kimliği:		S-1-0-0
	Hesap Adı:		bsever
	Hesap Etki Alanı:		

Hata Bilgileri:
	Hata Nedeni:		Bilinmeyen kullanıcı adı veya yanlış parola.
	Durum:			0xC000006D
	Alt Durum:		0xC000006A

İşlem Bilgileri:
	Çağıran İşlem Kimliği:	0x0
	Çağıran İşlem Adı:	-

Ağ Bilgileri:
	İş İstasyonu Adı:	kali
	Kaynak Ağ Adresi:	192.168.10.250
	Kaynak Bağlantı Noktası:		0

Ayrıntılı Kimlik Doğrulama Bilgileri:
	Oturum Açma İşlemi:		NtLmSsp 
	Kimlik Doğrulama Paketi:	NTLM
	Aktarılan Hizmetler:	-
	Paket Adı (yalnızca NTLM):	-
	Anahtar Uzunluğu:		0

Bu olay bir oturum açma isteği başarısız olduğunda oluşturulur. Erişilmeye çalışılan bilgisayarda oluşturulur.

Konu alanları oturum açmayı isteyen yerel sistemdeki hesabı belirtir. Bu genellikle Sistemi hizmeti gibi bir hizmet ya da Winlogon.exe veya Services.exe gibi yerel bir işlemdir.

Oturum Türü alanı istenen oturum açma türünü gösterir. En yaygın türler 2 (etkileşimli) ve 3'tür (ağ).

İşlem Bilgileri alanları, sistemdeki hangi hesabın ve işlemin oturum açmayı istediğini gösterir.

Ağ Bilgileri alanları, bir uzaktan oturum açma isteğinin kaynağını gösterir. İş İstasyonu Adı her zaman yoktur ve bazı durumlarda boş olabilir.

Kimlik Doğrulama Bilgileri alanları bu oturum açma isteğine özel ayrıntılı bilgiler sağlar.
	- Aktarılan Hizmetler, bu oturum açma isteğine katılan ara hizmetleri gösterir.
	- Paket Adı, NTLM protokolleri arasında hangi alt protokolün kullanıldığını gösterir.
	- Anahtar Uzunluğu, oluşturulan oturum anahtarının uzunluğunu gösterir. Oturum anahtarı istenmediyse bu 0 olur.","2024-10-22T21:09:09.000+0000",,"TARGET-PC",endpoint,61,"//_::_====-..=___.===_===___.\r\r:\rt_:tt---\rt_:tt-\rt","WinEventLog:Security","WinEventLog:Security",splunk,,"-",0x0,kali,,
"-",0xC000006A,0,,,,"target-PC.furkan.local",0xC000006D,4625,0,"S-1-0-0
S-1-0-0","Bilinmeyen kullanıcı adı veya yanlış parola.","-
